CRITICAL - 2021-07-23 07:01:28 --> syntax error, unexpected ''tempat_lahir'' (T_CONSTANT_ENCAPSED_STRING), expecting ']'
#0 C:\xampp\htdocs\klinikpratama\vendor\codeigniter4\framework\system\Autoloader\Autoloader.php(274): CodeIgniter\Autoloader\Autoloader->includeFile('C:\\xampp\\htdocs...')
#1 C:\xampp\htdocs\klinikpratama\vendor\codeigniter4\framework\system\Autoloader\Autoloader.php(228): CodeIgniter\Autoloader\Autoloader->loadInNamespace('App\\Controllers...')
#2 [internal function]: CodeIgniter\Autoloader\Autoloader->loadClass('App\\Controllers...')
#3 [internal function]: spl_autoload_call('App\\Controllers...')
#4 C:\xampp\htdocs\klinikpratama\vendor\codeigniter4\framework\system\CodeIgniter.php(892): class_exists('\\App\\Controller...', true)
#5 C:\xampp\htdocs\klinikpratama\vendor\codeigniter4\framework\system\CodeIgniter.php(416): CodeIgniter\CodeIgniter->startController()
#6 C:\xampp\htdocs\klinikpratama\vendor\codeigniter4\framework\system\CodeIgniter.php(332): CodeIgniter\CodeIgniter->handleRequest(NULL, Object(Config\Cache), false)
#7 C:\xampp\htdocs\klinikpratama\public\index.php(44): CodeIgniter\CodeIgniter->run()
#8 {main}
CRITICAL - 2021-07-23 07:11:53 --> syntax error, unexpected ''tgl_lahir'' (T_CONSTANT_ENCAPSED_STRING), expecting ']'
#0 C:\xampp\htdocs\klinikpratama\vendor\codeigniter4\framework\system\Autoloader\Autoloader.php(274): CodeIgniter\Autoloader\Autoloader->includeFile('C:\\xampp\\htdocs...')
#1 C:\xampp\htdocs\klinikpratama\vendor\codeigniter4\framework\system\Autoloader\Autoloader.php(228): CodeIgniter\Autoloader\Autoloader->loadInNamespace('App\\Controllers...')
#2 [internal function]: CodeIgniter\Autoloader\Autoloader->loadClass('App\\Controllers...')
#3 [internal function]: spl_autoload_call('App\\Controllers...')
#4 C:\xampp\htdocs\klinikpratama\vendor\codeigniter4\framework\system\CodeIgniter.php(892): class_exists('\\App\\Controller...', true)
#5 C:\xampp\htdocs\klinikpratama\vendor\codeigniter4\framework\system\CodeIgniter.php(416): CodeIgniter\CodeIgniter->startController()
#6 C:\xampp\htdocs\klinikpratama\vendor\codeigniter4\framework\system\CodeIgniter.php(332): CodeIgniter\CodeIgniter->handleRequest(NULL, Object(Config\Cache), false)
#7 C:\xampp\htdocs\klinikpratama\public\index.php(44): CodeIgniter\CodeIgniter->run()
#8 {main}
CRITICAL - 2021-07-23 07:15:50 --> syntax error, unexpected ''alamat'' (T_CONSTANT_ENCAPSED_STRING), expecting ']'
#0 C:\xampp\htdocs\klinikpratama\vendor\codeigniter4\framework\system\Autoloader\Autoloader.php(274): CodeIgniter\Autoloader\Autoloader->includeFile('C:\\xampp\\htdocs...')
#1 C:\xampp\htdocs\klinikpratama\vendor\codeigniter4\framework\system\Autoloader\Autoloader.php(228): CodeIgniter\Autoloader\Autoloader->loadInNamespace('App\\Controllers...')
#2 [internal function]: CodeIgniter\Autoloader\Autoloader->loadClass('App\\Controllers...')
#3 [internal function]: spl_autoload_call('App\\Controllers...')
#4 C:\xampp\htdocs\klinikpratama\vendor\codeigniter4\framework\system\CodeIgniter.php(892): class_exists('\\App\\Controller...', true)
#5 C:\xampp\htdocs\klinikpratama\vendor\codeigniter4\framework\system\CodeIgniter.php(416): CodeIgniter\CodeIgniter->startController()
#6 C:\xampp\htdocs\klinikpratama\vendor\codeigniter4\framework\system\CodeIgniter.php(332): CodeIgniter\CodeIgniter->handleRequest(NULL, Object(Config\Cache), false)
#7 C:\xampp\htdocs\klinikpratama\public\index.php(44): CodeIgniter\CodeIgniter->run()
#8 {main}
CRITICAL - 2021-07-23 08:26:56 --> syntax error, unexpected token "}"
#0 C:\xampp\htdocs\klinikpratama\vendor\codeigniter4\framework\system\Autoloader\Autoloader.php(274): CodeIgniter\Autoloader\Autoloader->includeFile('C:\\xampp\\htdocs...')
#1 C:\xampp\htdocs\klinikpratama\vendor\codeigniter4\framework\system\Autoloader\Autoloader.php(228): CodeIgniter\Autoloader\Autoloader->loadInNamespace('App\\Controllers...')
#2 [internal function]: CodeIgniter\Autoloader\Autoloader->loadClass('App\\Controllers...')
#3 C:\xampp\htdocs\klinikpratama\vendor\codeigniter4\framework\system\CodeIgniter.php(892): class_exists('\\App\\Controller...', true)
#4 C:\xampp\htdocs\klinikpratama\vendor\codeigniter4\framework\system\CodeIgniter.php(416): CodeIgniter\CodeIgniter->startController()
#5 C:\xampp\htdocs\klinikpratama\vendor\codeigniter4\framework\system\CodeIgniter.php(332): CodeIgniter\CodeIgniter->handleRequest(NULL, Object(Config\Cache), false)
#6 C:\xampp\htdocs\klinikpratama\public\index.php(44): CodeIgniter\CodeIgniter->run()
#7 {main}
CRITICAL - 2021-07-23 08:27:17 --> syntax error, unexpected token "}"
#0 C:\xampp\htdocs\klinikpratama\vendor\codeigniter4\framework\system\Autoloader\Autoloader.php(274): CodeIgniter\Autoloader\Autoloader->includeFile('C:\\xampp\\htdocs...')
#1 C:\xampp\htdocs\klinikpratama\vendor\codeigniter4\framework\system\Autoloader\Autoloader.php(228): CodeIgniter\Autoloader\Autoloader->loadInNamespace('App\\Controllers...')
#2 [internal function]: CodeIgniter\Autoloader\Autoloader->loadClass('App\\Controllers...')
#3 C:\xampp\htdocs\klinikpratama\vendor\codeigniter4\framework\system\CodeIgniter.php(892): class_exists('\\App\\Controller...', true)
#4 C:\xampp\htdocs\klinikpratama\vendor\codeigniter4\framework\system\CodeIgniter.php(416): CodeIgniter\CodeIgniter->startController()
#5 C:\xampp\htdocs\klinikpratama\vendor\codeigniter4\framework\system\CodeIgniter.php(332): CodeIgniter\CodeIgniter->handleRequest(NULL, Object(Config\Cache), false)
#6 C:\xampp\htdocs\klinikpratama\public\index.php(44): CodeIgniter\CodeIgniter->run()
#7 {main}
CRITICAL - 2021-07-23 09:20:30 --> syntax error, unexpected token "else", expecting "function" or "const"
#0 C:\xampp\htdocs\klinikpratama\vendor\codeigniter4\framework\system\Autoloader\Autoloader.php(274): CodeIgniter\Autoloader\Autoloader->includeFile('C:\\xampp\\htdocs...')
#1 C:\xampp\htdocs\klinikpratama\vendor\codeigniter4\framework\system\Autoloader\Autoloader.php(228): CodeIgniter\Autoloader\Autoloader->loadInNamespace('App\\Controllers...')
#2 [internal function]: CodeIgniter\Autoloader\Autoloader->loadClass('App\\Controllers...')
#3 C:\xampp\htdocs\klinikpratama\vendor\codeigniter4\framework\system\CodeIgniter.php(892): class_exists('\\App\\Controller...', true)
#4 C:\xampp\htdocs\klinikpratama\vendor\codeigniter4\framework\system\CodeIgniter.php(416): CodeIgniter\CodeIgniter->startController()
#5 C:\xampp\htdocs\klinikpratama\vendor\codeigniter4\framework\system\CodeIgniter.php(332): CodeIgniter\CodeIgniter->handleRequest(NULL, Object(Config\Cache), false)
#6 C:\xampp\htdocs\klinikpratama\public\index.php(44): CodeIgniter\CodeIgniter->run()
#7 {main}
