CRITICAL - 2022-02-22 06:50:28 --> Undefined variable $personil
#0 C:\xampp\htdocs\togel\app\Views\home\personil.php(20): CodeIgniter\Debug\Exceptions->errorHandler(2, 'Undefined varia...', 'C:\\xampp\\htdocs...', 20)
#1 C:\xampp\htdocs\togel\vendor\codeigniter4\framework\system\View\View.php(220): include('C:\\xampp\\htdocs...')
#2 C:\xampp\htdocs\togel\vendor\codeigniter4\framework\system\View\View.php(222): CodeIgniter\View\View->CodeIgniter\View\{closure}()
#3 C:\xampp\htdocs\togel\vendor\codeigniter4\framework\system\Common.php(1217): CodeIgniter\View\View->render('Home/personil.p...', Array, true)
#4 C:\xampp\htdocs\togel\app\Views\layout\v_content.php(3): view('Home/personil.p...')
#5 C:\xampp\htdocs\togel\vendor\codeigniter4\framework\system\View\View.php(220): include('C:\\xampp\\htdocs...')
#6 C:\xampp\htdocs\togel\vendor\codeigniter4\framework\system\View\View.php(222): CodeIgniter\View\View->CodeIgniter\View\{closure}()
#7 C:\xampp\htdocs\togel\vendor\codeigniter4\framework\system\Common.php(1217): CodeIgniter\View\View->render('layout/v_conten...', Array, true)
#8 C:\xampp\htdocs\togel\app\Views\layout\v_wrapper.php(7): view('layout/v_conten...')
#9 C:\xampp\htdocs\togel\vendor\codeigniter4\framework\system\View\View.php(220): include('C:\\xampp\\htdocs...')
#10 C:\xampp\htdocs\togel\vendor\codeigniter4\framework\system\View\View.php(222): CodeIgniter\View\View->CodeIgniter\View\{closure}()
#11 C:\xampp\htdocs\togel\vendor\codeigniter4\framework\system\Common.php(1217): CodeIgniter\View\View->render('layout/v_wrappe...', Array, true)
#12 C:\xampp\htdocs\togel\app\Controllers\Home.php(34): view('layout/v_wrappe...', Array)
#13 C:\xampp\htdocs\togel\vendor\codeigniter4\framework\system\CodeIgniter.php(935): App\Controllers\Home->personil()
#14 C:\xampp\htdocs\togel\vendor\codeigniter4\framework\system\CodeIgniter.php(431): CodeIgniter\CodeIgniter->runController(Object(App\Controllers\Home))
#15 C:\xampp\htdocs\togel\vendor\codeigniter4\framework\system\CodeIgniter.php(332): CodeIgniter\CodeIgniter->handleRequest(NULL, Object(Config\Cache), false)
#16 C:\xampp\htdocs\togel\public\index.php(44): CodeIgniter\CodeIgniter->run()
#17 {main}
CRITICAL - 2022-02-22 06:50:32 --> Undefined variable $personil
#0 C:\xampp\htdocs\togel\app\Views\home\personil.php(20): CodeIgniter\Debug\Exceptions->errorHandler(2, 'Undefined varia...', 'C:\\xampp\\htdocs...', 20)
#1 C:\xampp\htdocs\togel\vendor\codeigniter4\framework\system\View\View.php(220): include('C:\\xampp\\htdocs...')
#2 C:\xampp\htdocs\togel\vendor\codeigniter4\framework\system\View\View.php(222): CodeIgniter\View\View->CodeIgniter\View\{closure}()
#3 C:\xampp\htdocs\togel\vendor\codeigniter4\framework\system\Common.php(1217): CodeIgniter\View\View->render('Home/personil.p...', Array, true)
#4 C:\xampp\htdocs\togel\app\Views\layout\v_content.php(3): view('Home/personil.p...')
#5 C:\xampp\htdocs\togel\vendor\codeigniter4\framework\system\View\View.php(220): include('C:\\xampp\\htdocs...')
#6 C:\xampp\htdocs\togel\vendor\codeigniter4\framework\system\View\View.php(222): CodeIgniter\View\View->CodeIgniter\View\{closure}()
#7 C:\xampp\htdocs\togel\vendor\codeigniter4\framework\system\Common.php(1217): CodeIgniter\View\View->render('layout/v_conten...', Array, true)
#8 C:\xampp\htdocs\togel\app\Views\layout\v_wrapper.php(7): view('layout/v_conten...')
#9 C:\xampp\htdocs\togel\vendor\codeigniter4\framework\system\View\View.php(220): include('C:\\xampp\\htdocs...')
#10 C:\xampp\htdocs\togel\vendor\codeigniter4\framework\system\View\View.php(222): CodeIgniter\View\View->CodeIgniter\View\{closure}()
#11 C:\xampp\htdocs\togel\vendor\codeigniter4\framework\system\Common.php(1217): CodeIgniter\View\View->render('layout/v_wrappe...', Array, true)
#12 C:\xampp\htdocs\togel\app\Controllers\Home.php(34): view('layout/v_wrappe...', Array)
#13 C:\xampp\htdocs\togel\vendor\codeigniter4\framework\system\CodeIgniter.php(935): App\Controllers\Home->personil()
#14 C:\xampp\htdocs\togel\vendor\codeigniter4\framework\system\CodeIgniter.php(431): CodeIgniter\CodeIgniter->runController(Object(App\Controllers\Home))
#15 C:\xampp\htdocs\togel\vendor\codeigniter4\framework\system\CodeIgniter.php(332): CodeIgniter\CodeIgniter->handleRequest(NULL, Object(Config\Cache), false)
#16 C:\xampp\htdocs\togel\public\index.php(44): CodeIgniter\CodeIgniter->run()
#17 {main}
CRITICAL - 2022-02-22 06:50:54 --> Undefined variable $personil
#0 C:\xampp\htdocs\togel\app\Views\home\personil.php(20): CodeIgniter\Debug\Exceptions->errorHandler(2, 'Undefined varia...', 'C:\\xampp\\htdocs...', 20)
#1 C:\xampp\htdocs\togel\vendor\codeigniter4\framework\system\View\View.php(220): include('C:\\xampp\\htdocs...')
#2 C:\xampp\htdocs\togel\vendor\codeigniter4\framework\system\View\View.php(222): CodeIgniter\View\View->CodeIgniter\View\{closure}()
#3 C:\xampp\htdocs\togel\vendor\codeigniter4\framework\system\Common.php(1217): CodeIgniter\View\View->render('Home/personil.p...', Array, true)
#4 C:\xampp\htdocs\togel\app\Views\layout\v_content.php(3): view('Home/personil.p...')
#5 C:\xampp\htdocs\togel\vendor\codeigniter4\framework\system\View\View.php(220): include('C:\\xampp\\htdocs...')
#6 C:\xampp\htdocs\togel\vendor\codeigniter4\framework\system\View\View.php(222): CodeIgniter\View\View->CodeIgniter\View\{closure}()
#7 C:\xampp\htdocs\togel\vendor\codeigniter4\framework\system\Common.php(1217): CodeIgniter\View\View->render('layout/v_conten...', Array, true)
#8 C:\xampp\htdocs\togel\app\Views\layout\v_wrapper.php(7): view('layout/v_conten...')
#9 C:\xampp\htdocs\togel\vendor\codeigniter4\framework\system\View\View.php(220): include('C:\\xampp\\htdocs...')
#10 C:\xampp\htdocs\togel\vendor\codeigniter4\framework\system\View\View.php(222): CodeIgniter\View\View->CodeIgniter\View\{closure}()
#11 C:\xampp\htdocs\togel\vendor\codeigniter4\framework\system\Common.php(1217): CodeIgniter\View\View->render('layout/v_wrappe...', Array, true)
#12 C:\xampp\htdocs\togel\app\Controllers\Home.php(34): view('layout/v_wrappe...', Array)
#13 C:\xampp\htdocs\togel\vendor\codeigniter4\framework\system\CodeIgniter.php(935): App\Controllers\Home->personil()
#14 C:\xampp\htdocs\togel\vendor\codeigniter4\framework\system\CodeIgniter.php(431): CodeIgniter\CodeIgniter->runController(Object(App\Controllers\Home))
#15 C:\xampp\htdocs\togel\vendor\codeigniter4\framework\system\CodeIgniter.php(332): CodeIgniter\CodeIgniter->handleRequest(NULL, Object(Config\Cache), false)
#16 C:\xampp\htdocs\togel\public\index.php(44): CodeIgniter\CodeIgniter->run()
#17 {main}
CRITICAL - 2022-02-22 06:50:56 --> Undefined variable $personil
#0 C:\xampp\htdocs\togel\app\Views\home\personil.php(20): CodeIgniter\Debug\Exceptions->errorHandler(2, 'Undefined varia...', 'C:\\xampp\\htdocs...', 20)
#1 C:\xampp\htdocs\togel\vendor\codeigniter4\framework\system\View\View.php(220): include('C:\\xampp\\htdocs...')
#2 C:\xampp\htdocs\togel\vendor\codeigniter4\framework\system\View\View.php(222): CodeIgniter\View\View->CodeIgniter\View\{closure}()
#3 C:\xampp\htdocs\togel\vendor\codeigniter4\framework\system\Common.php(1217): CodeIgniter\View\View->render('Home/personil.p...', Array, true)
#4 C:\xampp\htdocs\togel\app\Views\layout\v_content.php(3): view('Home/personil.p...')
#5 C:\xampp\htdocs\togel\vendor\codeigniter4\framework\system\View\View.php(220): include('C:\\xampp\\htdocs...')
#6 C:\xampp\htdocs\togel\vendor\codeigniter4\framework\system\View\View.php(222): CodeIgniter\View\View->CodeIgniter\View\{closure}()
#7 C:\xampp\htdocs\togel\vendor\codeigniter4\framework\system\Common.php(1217): CodeIgniter\View\View->render('layout/v_conten...', Array, true)
#8 C:\xampp\htdocs\togel\app\Views\layout\v_wrapper.php(7): view('layout/v_conten...')
#9 C:\xampp\htdocs\togel\vendor\codeigniter4\framework\system\View\View.php(220): include('C:\\xampp\\htdocs...')
#10 C:\xampp\htdocs\togel\vendor\codeigniter4\framework\system\View\View.php(222): CodeIgniter\View\View->CodeIgniter\View\{closure}()
#11 C:\xampp\htdocs\togel\vendor\codeigniter4\framework\system\Common.php(1217): CodeIgniter\View\View->render('layout/v_wrappe...', Array, true)
#12 C:\xampp\htdocs\togel\app\Controllers\Home.php(34): view('layout/v_wrappe...', Array)
#13 C:\xampp\htdocs\togel\vendor\codeigniter4\framework\system\CodeIgniter.php(935): App\Controllers\Home->personil()
#14 C:\xampp\htdocs\togel\vendor\codeigniter4\framework\system\CodeIgniter.php(431): CodeIgniter\CodeIgniter->runController(Object(App\Controllers\Home))
#15 C:\xampp\htdocs\togel\vendor\codeigniter4\framework\system\CodeIgniter.php(332): CodeIgniter\CodeIgniter->handleRequest(NULL, Object(Config\Cache), false)
#16 C:\xampp\htdocs\togel\public\index.php(44): CodeIgniter\CodeIgniter->run()
#17 {main}
CRITICAL - 2022-02-22 06:50:56 --> Undefined variable $personil
#0 C:\xampp\htdocs\togel\app\Views\home\personil.php(20): CodeIgniter\Debug\Exceptions->errorHandler(2, 'Undefined varia...', 'C:\\xampp\\htdocs...', 20)
#1 C:\xampp\htdocs\togel\vendor\codeigniter4\framework\system\View\View.php(220): include('C:\\xampp\\htdocs...')
#2 C:\xampp\htdocs\togel\vendor\codeigniter4\framework\system\View\View.php(222): CodeIgniter\View\View->CodeIgniter\View\{closure}()
#3 C:\xampp\htdocs\togel\vendor\codeigniter4\framework\system\Common.php(1217): CodeIgniter\View\View->render('Home/personil.p...', Array, true)
#4 C:\xampp\htdocs\togel\app\Views\layout\v_content.php(3): view('Home/personil.p...')
#5 C:\xampp\htdocs\togel\vendor\codeigniter4\framework\system\View\View.php(220): include('C:\\xampp\\htdocs...')
#6 C:\xampp\htdocs\togel\vendor\codeigniter4\framework\system\View\View.php(222): CodeIgniter\View\View->CodeIgniter\View\{closure}()
#7 C:\xampp\htdocs\togel\vendor\codeigniter4\framework\system\Common.php(1217): CodeIgniter\View\View->render('layout/v_conten...', Array, true)
#8 C:\xampp\htdocs\togel\app\Views\layout\v_wrapper.php(7): view('layout/v_conten...')
#9 C:\xampp\htdocs\togel\vendor\codeigniter4\framework\system\View\View.php(220): include('C:\\xampp\\htdocs...')
#10 C:\xampp\htdocs\togel\vendor\codeigniter4\framework\system\View\View.php(222): CodeIgniter\View\View->CodeIgniter\View\{closure}()
#11 C:\xampp\htdocs\togel\vendor\codeigniter4\framework\system\Common.php(1217): CodeIgniter\View\View->render('layout/v_wrappe...', Array, true)
#12 C:\xampp\htdocs\togel\app\Controllers\Home.php(34): view('layout/v_wrappe...', Array)
#13 C:\xampp\htdocs\togel\vendor\codeigniter4\framework\system\CodeIgniter.php(935): App\Controllers\Home->personil()
#14 C:\xampp\htdocs\togel\vendor\codeigniter4\framework\system\CodeIgniter.php(431): CodeIgniter\CodeIgniter->runController(Object(App\Controllers\Home))
#15 C:\xampp\htdocs\togel\vendor\codeigniter4\framework\system\CodeIgniter.php(332): CodeIgniter\CodeIgniter->handleRequest(NULL, Object(Config\Cache), false)
#16 C:\xampp\htdocs\togel\public\index.php(44): CodeIgniter\CodeIgniter->run()
#17 {main}
CRITICAL - 2022-02-22 06:50:59 --> Undefined variable $personil
#0 C:\xampp\htdocs\togel\app\Views\home\personil.php(20): CodeIgniter\Debug\Exceptions->errorHandler(2, 'Undefined varia...', 'C:\\xampp\\htdocs...', 20)
#1 C:\xampp\htdocs\togel\vendor\codeigniter4\framework\system\View\View.php(220): include('C:\\xampp\\htdocs...')
#2 C:\xampp\htdocs\togel\vendor\codeigniter4\framework\system\View\View.php(222): CodeIgniter\View\View->CodeIgniter\View\{closure}()
#3 C:\xampp\htdocs\togel\vendor\codeigniter4\framework\system\Common.php(1217): CodeIgniter\View\View->render('Home/personil.p...', Array, true)
#4 C:\xampp\htdocs\togel\app\Views\layout\v_content.php(3): view('Home/personil.p...')
#5 C:\xampp\htdocs\togel\vendor\codeigniter4\framework\system\View\View.php(220): include('C:\\xampp\\htdocs...')
#6 C:\xampp\htdocs\togel\vendor\codeigniter4\framework\system\View\View.php(222): CodeIgniter\View\View->CodeIgniter\View\{closure}()
#7 C:\xampp\htdocs\togel\vendor\codeigniter4\framework\system\Common.php(1217): CodeIgniter\View\View->render('layout/v_conten...', Array, true)
#8 C:\xampp\htdocs\togel\app\Views\layout\v_wrapper.php(7): view('layout/v_conten...')
#9 C:\xampp\htdocs\togel\vendor\codeigniter4\framework\system\View\View.php(220): include('C:\\xampp\\htdocs...')
#10 C:\xampp\htdocs\togel\vendor\codeigniter4\framework\system\View\View.php(222): CodeIgniter\View\View->CodeIgniter\View\{closure}()
#11 C:\xampp\htdocs\togel\vendor\codeigniter4\framework\system\Common.php(1217): CodeIgniter\View\View->render('layout/v_wrappe...', Array, true)
#12 C:\xampp\htdocs\togel\app\Controllers\Home.php(34): view('layout/v_wrappe...', Array)
#13 C:\xampp\htdocs\togel\vendor\codeigniter4\framework\system\CodeIgniter.php(935): App\Controllers\Home->personil()
#14 C:\xampp\htdocs\togel\vendor\codeigniter4\framework\system\CodeIgniter.php(431): CodeIgniter\CodeIgniter->runController(Object(App\Controllers\Home))
#15 C:\xampp\htdocs\togel\vendor\codeigniter4\framework\system\CodeIgniter.php(332): CodeIgniter\CodeIgniter->handleRequest(NULL, Object(Config\Cache), false)
#16 C:\xampp\htdocs\togel\public\index.php(44): CodeIgniter\CodeIgniter->run()
#17 {main}
CRITICAL - 2022-02-22 06:51:01 --> Undefined variable $personil
#0 C:\xampp\htdocs\togel\app\Views\home\personil.php(20): CodeIgniter\Debug\Exceptions->errorHandler(2, 'Undefined varia...', 'C:\\xampp\\htdocs...', 20)
#1 C:\xampp\htdocs\togel\vendor\codeigniter4\framework\system\View\View.php(220): include('C:\\xampp\\htdocs...')
#2 C:\xampp\htdocs\togel\vendor\codeigniter4\framework\system\View\View.php(222): CodeIgniter\View\View->CodeIgniter\View\{closure}()
#3 C:\xampp\htdocs\togel\vendor\codeigniter4\framework\system\Common.php(1217): CodeIgniter\View\View->render('Home/personil.p...', Array, true)
#4 C:\xampp\htdocs\togel\app\Views\layout\v_content.php(3): view('Home/personil.p...')
#5 C:\xampp\htdocs\togel\vendor\codeigniter4\framework\system\View\View.php(220): include('C:\\xampp\\htdocs...')
#6 C:\xampp\htdocs\togel\vendor\codeigniter4\framework\system\View\View.php(222): CodeIgniter\View\View->CodeIgniter\View\{closure}()
#7 C:\xampp\htdocs\togel\vendor\codeigniter4\framework\system\Common.php(1217): CodeIgniter\View\View->render('layout/v_conten...', Array, true)
#8 C:\xampp\htdocs\togel\app\Views\layout\v_wrapper.php(7): view('layout/v_conten...')
#9 C:\xampp\htdocs\togel\vendor\codeigniter4\framework\system\View\View.php(220): include('C:\\xampp\\htdocs...')
#10 C:\xampp\htdocs\togel\vendor\codeigniter4\framework\system\View\View.php(222): CodeIgniter\View\View->CodeIgniter\View\{closure}()
#11 C:\xampp\htdocs\togel\vendor\codeigniter4\framework\system\Common.php(1217): CodeIgniter\View\View->render('layout/v_wrappe...', Array, true)
#12 C:\xampp\htdocs\togel\app\Controllers\Home.php(34): view('layout/v_wrappe...', Array)
#13 C:\xampp\htdocs\togel\vendor\codeigniter4\framework\system\CodeIgniter.php(935): App\Controllers\Home->personil()
#14 C:\xampp\htdocs\togel\vendor\codeigniter4\framework\system\CodeIgniter.php(431): CodeIgniter\CodeIgniter->runController(Object(App\Controllers\Home))
#15 C:\xampp\htdocs\togel\vendor\codeigniter4\framework\system\CodeIgniter.php(332): CodeIgniter\CodeIgniter->handleRequest(NULL, Object(Config\Cache), false)
#16 C:\xampp\htdocs\togel\public\index.php(44): CodeIgniter\CodeIgniter->run()
#17 {main}
CRITICAL - 2022-02-22 06:51:01 --> Undefined variable $personil
#0 C:\xampp\htdocs\togel\app\Views\home\personil.php(20): CodeIgniter\Debug\Exceptions->errorHandler(2, 'Undefined varia...', 'C:\\xampp\\htdocs...', 20)
#1 C:\xampp\htdocs\togel\vendor\codeigniter4\framework\system\View\View.php(220): include('C:\\xampp\\htdocs...')
#2 C:\xampp\htdocs\togel\vendor\codeigniter4\framework\system\View\View.php(222): CodeIgniter\View\View->CodeIgniter\View\{closure}()
#3 C:\xampp\htdocs\togel\vendor\codeigniter4\framework\system\Common.php(1217): CodeIgniter\View\View->render('Home/personil.p...', Array, true)
#4 C:\xampp\htdocs\togel\app\Views\layout\v_content.php(3): view('Home/personil.p...')
#5 C:\xampp\htdocs\togel\vendor\codeigniter4\framework\system\View\View.php(220): include('C:\\xampp\\htdocs...')
#6 C:\xampp\htdocs\togel\vendor\codeigniter4\framework\system\View\View.php(222): CodeIgniter\View\View->CodeIgniter\View\{closure}()
#7 C:\xampp\htdocs\togel\vendor\codeigniter4\framework\system\Common.php(1217): CodeIgniter\View\View->render('layout/v_conten...', Array, true)
#8 C:\xampp\htdocs\togel\app\Views\layout\v_wrapper.php(7): view('layout/v_conten...')
#9 C:\xampp\htdocs\togel\vendor\codeigniter4\framework\system\View\View.php(220): include('C:\\xampp\\htdocs...')
#10 C:\xampp\htdocs\togel\vendor\codeigniter4\framework\system\View\View.php(222): CodeIgniter\View\View->CodeIgniter\View\{closure}()
#11 C:\xampp\htdocs\togel\vendor\codeigniter4\framework\system\Common.php(1217): CodeIgniter\View\View->render('layout/v_wrappe...', Array, true)
#12 C:\xampp\htdocs\togel\app\Controllers\Home.php(34): view('layout/v_wrappe...', Array)
#13 C:\xampp\htdocs\togel\vendor\codeigniter4\framework\system\CodeIgniter.php(935): App\Controllers\Home->personil()
#14 C:\xampp\htdocs\togel\vendor\codeigniter4\framework\system\CodeIgniter.php(431): CodeIgniter\CodeIgniter->runController(Object(App\Controllers\Home))
#15 C:\xampp\htdocs\togel\vendor\codeigniter4\framework\system\CodeIgniter.php(332): CodeIgniter\CodeIgniter->handleRequest(NULL, Object(Config\Cache), false)
#16 C:\xampp\htdocs\togel\public\index.php(44): CodeIgniter\CodeIgniter->run()
#17 {main}
CRITICAL - 2022-02-22 06:51:01 --> Undefined variable $personil
#0 C:\xampp\htdocs\togel\app\Views\home\personil.php(20): CodeIgniter\Debug\Exceptions->errorHandler(2, 'Undefined varia...', 'C:\\xampp\\htdocs...', 20)
#1 C:\xampp\htdocs\togel\vendor\codeigniter4\framework\system\View\View.php(220): include('C:\\xampp\\htdocs...')
#2 C:\xampp\htdocs\togel\vendor\codeigniter4\framework\system\View\View.php(222): CodeIgniter\View\View->CodeIgniter\View\{closure}()
#3 C:\xampp\htdocs\togel\vendor\codeigniter4\framework\system\Common.php(1217): CodeIgniter\View\View->render('Home/personil.p...', Array, true)
#4 C:\xampp\htdocs\togel\app\Views\layout\v_content.php(3): view('Home/personil.p...')
#5 C:\xampp\htdocs\togel\vendor\codeigniter4\framework\system\View\View.php(220): include('C:\\xampp\\htdocs...')
#6 C:\xampp\htdocs\togel\vendor\codeigniter4\framework\system\View\View.php(222): CodeIgniter\View\View->CodeIgniter\View\{closure}()
#7 C:\xampp\htdocs\togel\vendor\codeigniter4\framework\system\Common.php(1217): CodeIgniter\View\View->render('layout/v_conten...', Array, true)
#8 C:\xampp\htdocs\togel\app\Views\layout\v_wrapper.php(7): view('layout/v_conten...')
#9 C:\xampp\htdocs\togel\vendor\codeigniter4\framework\system\View\View.php(220): include('C:\\xampp\\htdocs...')
#10 C:\xampp\htdocs\togel\vendor\codeigniter4\framework\system\View\View.php(222): CodeIgniter\View\View->CodeIgniter\View\{closure}()
#11 C:\xampp\htdocs\togel\vendor\codeigniter4\framework\system\Common.php(1217): CodeIgniter\View\View->render('layout/v_wrappe...', Array, true)
#12 C:\xampp\htdocs\togel\app\Controllers\Home.php(34): view('layout/v_wrappe...', Array)
#13 C:\xampp\htdocs\togel\vendor\codeigniter4\framework\system\CodeIgniter.php(935): App\Controllers\Home->personil()
#14 C:\xampp\htdocs\togel\vendor\codeigniter4\framework\system\CodeIgniter.php(431): CodeIgniter\CodeIgniter->runController(Object(App\Controllers\Home))
#15 C:\xampp\htdocs\togel\vendor\codeigniter4\framework\system\CodeIgniter.php(332): CodeIgniter\CodeIgniter->handleRequest(NULL, Object(Config\Cache), false)
#16 C:\xampp\htdocs\togel\public\index.php(44): CodeIgniter\CodeIgniter->run()
#17 {main}
CRITICAL - 2022-02-22 06:51:22 --> Undefined variable $personil
#0 C:\xampp\htdocs\togel\app\Views\home\personil.php(20): CodeIgniter\Debug\Exceptions->errorHandler(2, 'Undefined varia...', 'C:\\xampp\\htdocs...', 20)
#1 C:\xampp\htdocs\togel\vendor\codeigniter4\framework\system\View\View.php(220): include('C:\\xampp\\htdocs...')
#2 C:\xampp\htdocs\togel\vendor\codeigniter4\framework\system\View\View.php(222): CodeIgniter\View\View->CodeIgniter\View\{closure}()
#3 C:\xampp\htdocs\togel\vendor\codeigniter4\framework\system\Common.php(1217): CodeIgniter\View\View->render('Home/personil.p...', Array, true)
#4 C:\xampp\htdocs\togel\app\Views\layout\v_content.php(3): view('Home/personil.p...')
#5 C:\xampp\htdocs\togel\vendor\codeigniter4\framework\system\View\View.php(220): include('C:\\xampp\\htdocs...')
#6 C:\xampp\htdocs\togel\vendor\codeigniter4\framework\system\View\View.php(222): CodeIgniter\View\View->CodeIgniter\View\{closure}()
#7 C:\xampp\htdocs\togel\vendor\codeigniter4\framework\system\Common.php(1217): CodeIgniter\View\View->render('layout/v_conten...', Array, true)
#8 C:\xampp\htdocs\togel\app\Views\layout\v_wrapper.php(7): view('layout/v_conten...')
#9 C:\xampp\htdocs\togel\vendor\codeigniter4\framework\system\View\View.php(220): include('C:\\xampp\\htdocs...')
#10 C:\xampp\htdocs\togel\vendor\codeigniter4\framework\system\View\View.php(222): CodeIgniter\View\View->CodeIgniter\View\{closure}()
#11 C:\xampp\htdocs\togel\vendor\codeigniter4\framework\system\Common.php(1217): CodeIgniter\View\View->render('layout/v_wrappe...', Array, true)
#12 C:\xampp\htdocs\togel\app\Controllers\Home.php(34): view('layout/v_wrappe...', Array)
#13 C:\xampp\htdocs\togel\vendor\codeigniter4\framework\system\CodeIgniter.php(935): App\Controllers\Home->personil()
#14 C:\xampp\htdocs\togel\vendor\codeigniter4\framework\system\CodeIgniter.php(431): CodeIgniter\CodeIgniter->runController(Object(App\Controllers\Home))
#15 C:\xampp\htdocs\togel\vendor\codeigniter4\framework\system\CodeIgniter.php(332): CodeIgniter\CodeIgniter->handleRequest(NULL, Object(Config\Cache), false)
#16 C:\xampp\htdocs\togel\public\index.php(44): CodeIgniter\CodeIgniter->run()
#17 {main}
CRITICAL - 2022-02-22 06:51:27 --> Undefined variable $personil
#0 C:\xampp\htdocs\togel\app\Views\home\personil.php(20): CodeIgniter\Debug\Exceptions->errorHandler(2, 'Undefined varia...', 'C:\\xampp\\htdocs...', 20)
#1 C:\xampp\htdocs\togel\vendor\codeigniter4\framework\system\View\View.php(220): include('C:\\xampp\\htdocs...')
#2 C:\xampp\htdocs\togel\vendor\codeigniter4\framework\system\View\View.php(222): CodeIgniter\View\View->CodeIgniter\View\{closure}()
#3 C:\xampp\htdocs\togel\vendor\codeigniter4\framework\system\Common.php(1217): CodeIgniter\View\View->render('Home/personil.p...', Array, true)
#4 C:\xampp\htdocs\togel\app\Views\layout\v_content.php(3): view('Home/personil.p...')
#5 C:\xampp\htdocs\togel\vendor\codeigniter4\framework\system\View\View.php(220): include('C:\\xampp\\htdocs...')
#6 C:\xampp\htdocs\togel\vendor\codeigniter4\framework\system\View\View.php(222): CodeIgniter\View\View->CodeIgniter\View\{closure}()
#7 C:\xampp\htdocs\togel\vendor\codeigniter4\framework\system\Common.php(1217): CodeIgniter\View\View->render('layout/v_conten...', Array, true)
#8 C:\xampp\htdocs\togel\app\Views\layout\v_wrapper.php(7): view('layout/v_conten...')
#9 C:\xampp\htdocs\togel\vendor\codeigniter4\framework\system\View\View.php(220): include('C:\\xampp\\htdocs...')
#10 C:\xampp\htdocs\togel\vendor\codeigniter4\framework\system\View\View.php(222): CodeIgniter\View\View->CodeIgniter\View\{closure}()
#11 C:\xampp\htdocs\togel\vendor\codeigniter4\framework\system\Common.php(1217): CodeIgniter\View\View->render('layout/v_wrappe...', Array, true)
#12 C:\xampp\htdocs\togel\app\Controllers\Home.php(34): view('layout/v_wrappe...', Array)
#13 C:\xampp\htdocs\togel\vendor\codeigniter4\framework\system\CodeIgniter.php(935): App\Controllers\Home->personil()
#14 C:\xampp\htdocs\togel\vendor\codeigniter4\framework\system\CodeIgniter.php(431): CodeIgniter\CodeIgniter->runController(Object(App\Controllers\Home))
#15 C:\xampp\htdocs\togel\vendor\codeigniter4\framework\system\CodeIgniter.php(332): CodeIgniter\CodeIgniter->handleRequest(NULL, Object(Config\Cache), false)
#16 C:\xampp\htdocs\togel\public\index.php(44): CodeIgniter\CodeIgniter->run()
#17 {main}
CRITICAL - 2022-02-22 06:51:34 --> Undefined variable $data_personel
#0 C:\xampp\htdocs\togel\app\Views\home\personil.php(20): CodeIgniter\Debug\Exceptions->errorHandler(2, 'Undefined varia...', 'C:\\xampp\\htdocs...', 20)
#1 C:\xampp\htdocs\togel\vendor\codeigniter4\framework\system\View\View.php(220): include('C:\\xampp\\htdocs...')
#2 C:\xampp\htdocs\togel\vendor\codeigniter4\framework\system\View\View.php(222): CodeIgniter\View\View->CodeIgniter\View\{closure}()
#3 C:\xampp\htdocs\togel\vendor\codeigniter4\framework\system\Common.php(1217): CodeIgniter\View\View->render('Home/personil.p...', Array, true)
#4 C:\xampp\htdocs\togel\app\Views\layout\v_content.php(3): view('Home/personil.p...')
#5 C:\xampp\htdocs\togel\vendor\codeigniter4\framework\system\View\View.php(220): include('C:\\xampp\\htdocs...')
#6 C:\xampp\htdocs\togel\vendor\codeigniter4\framework\system\View\View.php(222): CodeIgniter\View\View->CodeIgniter\View\{closure}()
#7 C:\xampp\htdocs\togel\vendor\codeigniter4\framework\system\Common.php(1217): CodeIgniter\View\View->render('layout/v_conten...', Array, true)
#8 C:\xampp\htdocs\togel\app\Views\layout\v_wrapper.php(7): view('layout/v_conten...')
#9 C:\xampp\htdocs\togel\vendor\codeigniter4\framework\system\View\View.php(220): include('C:\\xampp\\htdocs...')
#10 C:\xampp\htdocs\togel\vendor\codeigniter4\framework\system\View\View.php(222): CodeIgniter\View\View->CodeIgniter\View\{closure}()
#11 C:\xampp\htdocs\togel\vendor\codeigniter4\framework\system\Common.php(1217): CodeIgniter\View\View->render('layout/v_wrappe...', Array, true)
#12 C:\xampp\htdocs\togel\app\Controllers\Home.php(34): view('layout/v_wrappe...', Array)
#13 C:\xampp\htdocs\togel\vendor\codeigniter4\framework\system\CodeIgniter.php(935): App\Controllers\Home->personil()
#14 C:\xampp\htdocs\togel\vendor\codeigniter4\framework\system\CodeIgniter.php(431): CodeIgniter\CodeIgniter->runController(Object(App\Controllers\Home))
#15 C:\xampp\htdocs\togel\vendor\codeigniter4\framework\system\CodeIgniter.php(332): CodeIgniter\CodeIgniter->handleRequest(NULL, Object(Config\Cache), false)
#16 C:\xampp\htdocs\togel\public\index.php(44): CodeIgniter\CodeIgniter->run()
#17 {main}
CRITICAL - 2022-02-22 06:51:44 --> Undefined variable $data_personel
#0 C:\xampp\htdocs\togel\app\Views\home\personil.php(26): CodeIgniter\Debug\Exceptions->errorHandler(2, 'Undefined varia...', 'C:\\xampp\\htdocs...', 26)
#1 C:\xampp\htdocs\togel\vendor\codeigniter4\framework\system\View\View.php(220): include('C:\\xampp\\htdocs...')
#2 C:\xampp\htdocs\togel\vendor\codeigniter4\framework\system\View\View.php(222): CodeIgniter\View\View->CodeIgniter\View\{closure}()
#3 C:\xampp\htdocs\togel\vendor\codeigniter4\framework\system\Common.php(1217): CodeIgniter\View\View->render('Home/personil.p...', Array, true)
#4 C:\xampp\htdocs\togel\app\Views\layout\v_content.php(3): view('Home/personil.p...')
#5 C:\xampp\htdocs\togel\vendor\codeigniter4\framework\system\View\View.php(220): include('C:\\xampp\\htdocs...')
#6 C:\xampp\htdocs\togel\vendor\codeigniter4\framework\system\View\View.php(222): CodeIgniter\View\View->CodeIgniter\View\{closure}()
#7 C:\xampp\htdocs\togel\vendor\codeigniter4\framework\system\Common.php(1217): CodeIgniter\View\View->render('layout/v_conten...', Array, true)
#8 C:\xampp\htdocs\togel\app\Views\layout\v_wrapper.php(7): view('layout/v_conten...')
#9 C:\xampp\htdocs\togel\vendor\codeigniter4\framework\system\View\View.php(220): include('C:\\xampp\\htdocs...')
#10 C:\xampp\htdocs\togel\vendor\codeigniter4\framework\system\View\View.php(222): CodeIgniter\View\View->CodeIgniter\View\{closure}()
#11 C:\xampp\htdocs\togel\vendor\codeigniter4\framework\system\Common.php(1217): CodeIgniter\View\View->render('layout/v_wrappe...', Array, true)
#12 C:\xampp\htdocs\togel\app\Controllers\Home.php(34): view('layout/v_wrappe...', Array)
#13 C:\xampp\htdocs\togel\vendor\codeigniter4\framework\system\CodeIgniter.php(935): App\Controllers\Home->personil()
#14 C:\xampp\htdocs\togel\vendor\codeigniter4\framework\system\CodeIgniter.php(431): CodeIgniter\CodeIgniter->runController(Object(App\Controllers\Home))
#15 C:\xampp\htdocs\togel\vendor\codeigniter4\framework\system\CodeIgniter.php(332): CodeIgniter\CodeIgniter->handleRequest(NULL, Object(Config\Cache), false)
#16 C:\xampp\htdocs\togel\public\index.php(44): CodeIgniter\CodeIgniter->run()
#17 {main}
CRITICAL - 2022-02-22 06:51:45 --> Undefined variable $data_personel
#0 C:\xampp\htdocs\togel\app\Views\home\personil.php(26): CodeIgniter\Debug\Exceptions->errorHandler(2, 'Undefined varia...', 'C:\\xampp\\htdocs...', 26)
#1 C:\xampp\htdocs\togel\vendor\codeigniter4\framework\system\View\View.php(220): include('C:\\xampp\\htdocs...')
#2 C:\xampp\htdocs\togel\vendor\codeigniter4\framework\system\View\View.php(222): CodeIgniter\View\View->CodeIgniter\View\{closure}()
#3 C:\xampp\htdocs\togel\vendor\codeigniter4\framework\system\Common.php(1217): CodeIgniter\View\View->render('Home/personil.p...', Array, true)
#4 C:\xampp\htdocs\togel\app\Views\layout\v_content.php(3): view('Home/personil.p...')
#5 C:\xampp\htdocs\togel\vendor\codeigniter4\framework\system\View\View.php(220): include('C:\\xampp\\htdocs...')
#6 C:\xampp\htdocs\togel\vendor\codeigniter4\framework\system\View\View.php(222): CodeIgniter\View\View->CodeIgniter\View\{closure}()
#7 C:\xampp\htdocs\togel\vendor\codeigniter4\framework\system\Common.php(1217): CodeIgniter\View\View->render('layout/v_conten...', Array, true)
#8 C:\xampp\htdocs\togel\app\Views\layout\v_wrapper.php(7): view('layout/v_conten...')
#9 C:\xampp\htdocs\togel\vendor\codeigniter4\framework\system\View\View.php(220): include('C:\\xampp\\htdocs...')
#10 C:\xampp\htdocs\togel\vendor\codeigniter4\framework\system\View\View.php(222): CodeIgniter\View\View->CodeIgniter\View\{closure}()
#11 C:\xampp\htdocs\togel\vendor\codeigniter4\framework\system\Common.php(1217): CodeIgniter\View\View->render('layout/v_wrappe...', Array, true)
#12 C:\xampp\htdocs\togel\app\Controllers\Home.php(34): view('layout/v_wrappe...', Array)
#13 C:\xampp\htdocs\togel\vendor\codeigniter4\framework\system\CodeIgniter.php(935): App\Controllers\Home->personil()
#14 C:\xampp\htdocs\togel\vendor\codeigniter4\framework\system\CodeIgniter.php(431): CodeIgniter\CodeIgniter->runController(Object(App\Controllers\Home))
#15 C:\xampp\htdocs\togel\vendor\codeigniter4\framework\system\CodeIgniter.php(332): CodeIgniter\CodeIgniter->handleRequest(NULL, Object(Config\Cache), false)
#16 C:\xampp\htdocs\togel\public\index.php(44): CodeIgniter\CodeIgniter->run()
#17 {main}
CRITICAL - 2022-02-22 06:51:45 --> Undefined variable $data_personel
#0 C:\xampp\htdocs\togel\app\Views\home\personil.php(26): CodeIgniter\Debug\Exceptions->errorHandler(2, 'Undefined varia...', 'C:\\xampp\\htdocs...', 26)
#1 C:\xampp\htdocs\togel\vendor\codeigniter4\framework\system\View\View.php(220): include('C:\\xampp\\htdocs...')
#2 C:\xampp\htdocs\togel\vendor\codeigniter4\framework\system\View\View.php(222): CodeIgniter\View\View->CodeIgniter\View\{closure}()
#3 C:\xampp\htdocs\togel\vendor\codeigniter4\framework\system\Common.php(1217): CodeIgniter\View\View->render('Home/personil.p...', Array, true)
#4 C:\xampp\htdocs\togel\app\Views\layout\v_content.php(3): view('Home/personil.p...')
#5 C:\xampp\htdocs\togel\vendor\codeigniter4\framework\system\View\View.php(220): include('C:\\xampp\\htdocs...')
#6 C:\xampp\htdocs\togel\vendor\codeigniter4\framework\system\View\View.php(222): CodeIgniter\View\View->CodeIgniter\View\{closure}()
#7 C:\xampp\htdocs\togel\vendor\codeigniter4\framework\system\Common.php(1217): CodeIgniter\View\View->render('layout/v_conten...', Array, true)
#8 C:\xampp\htdocs\togel\app\Views\layout\v_wrapper.php(7): view('layout/v_conten...')
#9 C:\xampp\htdocs\togel\vendor\codeigniter4\framework\system\View\View.php(220): include('C:\\xampp\\htdocs...')
#10 C:\xampp\htdocs\togel\vendor\codeigniter4\framework\system\View\View.php(222): CodeIgniter\View\View->CodeIgniter\View\{closure}()
#11 C:\xampp\htdocs\togel\vendor\codeigniter4\framework\system\Common.php(1217): CodeIgniter\View\View->render('layout/v_wrappe...', Array, true)
#12 C:\xampp\htdocs\togel\app\Controllers\Home.php(34): view('layout/v_wrappe...', Array)
#13 C:\xampp\htdocs\togel\vendor\codeigniter4\framework\system\CodeIgniter.php(935): App\Controllers\Home->personil()
#14 C:\xampp\htdocs\togel\vendor\codeigniter4\framework\system\CodeIgniter.php(431): CodeIgniter\CodeIgniter->runController(Object(App\Controllers\Home))
#15 C:\xampp\htdocs\togel\vendor\codeigniter4\framework\system\CodeIgniter.php(332): CodeIgniter\CodeIgniter->handleRequest(NULL, Object(Config\Cache), false)
#16 C:\xampp\htdocs\togel\public\index.php(44): CodeIgniter\CodeIgniter->run()
#17 {main}
CRITICAL - 2022-02-22 06:51:45 --> Undefined variable $data_personel
#0 C:\xampp\htdocs\togel\app\Views\home\personil.php(26): CodeIgniter\Debug\Exceptions->errorHandler(2, 'Undefined varia...', 'C:\\xampp\\htdocs...', 26)
#1 C:\xampp\htdocs\togel\vendor\codeigniter4\framework\system\View\View.php(220): include('C:\\xampp\\htdocs...')
#2 C:\xampp\htdocs\togel\vendor\codeigniter4\framework\system\View\View.php(222): CodeIgniter\View\View->CodeIgniter\View\{closure}()
#3 C:\xampp\htdocs\togel\vendor\codeigniter4\framework\system\Common.php(1217): CodeIgniter\View\View->render('Home/personil.p...', Array, true)
#4 C:\xampp\htdocs\togel\app\Views\layout\v_content.php(3): view('Home/personil.p...')
#5 C:\xampp\htdocs\togel\vendor\codeigniter4\framework\system\View\View.php(220): include('C:\\xampp\\htdocs...')
#6 C:\xampp\htdocs\togel\vendor\codeigniter4\framework\system\View\View.php(222): CodeIgniter\View\View->CodeIgniter\View\{closure}()
#7 C:\xampp\htdocs\togel\vendor\codeigniter4\framework\system\Common.php(1217): CodeIgniter\View\View->render('layout/v_conten...', Array, true)
#8 C:\xampp\htdocs\togel\app\Views\layout\v_wrapper.php(7): view('layout/v_conten...')
#9 C:\xampp\htdocs\togel\vendor\codeigniter4\framework\system\View\View.php(220): include('C:\\xampp\\htdocs...')
#10 C:\xampp\htdocs\togel\vendor\codeigniter4\framework\system\View\View.php(222): CodeIgniter\View\View->CodeIgniter\View\{closure}()
#11 C:\xampp\htdocs\togel\vendor\codeigniter4\framework\system\Common.php(1217): CodeIgniter\View\View->render('layout/v_wrappe...', Array, true)
#12 C:\xampp\htdocs\togel\app\Controllers\Home.php(34): view('layout/v_wrappe...', Array)
#13 C:\xampp\htdocs\togel\vendor\codeigniter4\framework\system\CodeIgniter.php(935): App\Controllers\Home->personil()
#14 C:\xampp\htdocs\togel\vendor\codeigniter4\framework\system\CodeIgniter.php(431): CodeIgniter\CodeIgniter->runController(Object(App\Controllers\Home))
#15 C:\xampp\htdocs\togel\vendor\codeigniter4\framework\system\CodeIgniter.php(332): CodeIgniter\CodeIgniter->handleRequest(NULL, Object(Config\Cache), false)
#16 C:\xampp\htdocs\togel\public\index.php(44): CodeIgniter\CodeIgniter->run()
#17 {main}
CRITICAL - 2022-02-22 06:51:52 --> Undefined variable $data_personel
#0 C:\xampp\htdocs\togel\app\Views\home\personil.php(26): CodeIgniter\Debug\Exceptions->errorHandler(2, 'Undefined varia...', 'C:\\xampp\\htdocs...', 26)
#1 C:\xampp\htdocs\togel\vendor\codeigniter4\framework\system\View\View.php(220): include('C:\\xampp\\htdocs...')
#2 C:\xampp\htdocs\togel\vendor\codeigniter4\framework\system\View\View.php(222): CodeIgniter\View\View->CodeIgniter\View\{closure}()
#3 C:\xampp\htdocs\togel\vendor\codeigniter4\framework\system\Common.php(1217): CodeIgniter\View\View->render('Home/personil.p...', Array, true)
#4 C:\xampp\htdocs\togel\app\Views\layout\v_content.php(3): view('Home/personil.p...')
#5 C:\xampp\htdocs\togel\vendor\codeigniter4\framework\system\View\View.php(220): include('C:\\xampp\\htdocs...')
#6 C:\xampp\htdocs\togel\vendor\codeigniter4\framework\system\View\View.php(222): CodeIgniter\View\View->CodeIgniter\View\{closure}()
#7 C:\xampp\htdocs\togel\vendor\codeigniter4\framework\system\Common.php(1217): CodeIgniter\View\View->render('layout/v_conten...', Array, true)
#8 C:\xampp\htdocs\togel\app\Views\layout\v_wrapper.php(7): view('layout/v_conten...')
#9 C:\xampp\htdocs\togel\vendor\codeigniter4\framework\system\View\View.php(220): include('C:\\xampp\\htdocs...')
#10 C:\xampp\htdocs\togel\vendor\codeigniter4\framework\system\View\View.php(222): CodeIgniter\View\View->CodeIgniter\View\{closure}()
#11 C:\xampp\htdocs\togel\vendor\codeigniter4\framework\system\Common.php(1217): CodeIgniter\View\View->render('layout/v_wrappe...', Array, true)
#12 C:\xampp\htdocs\togel\app\Controllers\Home.php(34): view('layout/v_wrappe...', Array)
#13 C:\xampp\htdocs\togel\vendor\codeigniter4\framework\system\CodeIgniter.php(935): App\Controllers\Home->personil()
#14 C:\xampp\htdocs\togel\vendor\codeigniter4\framework\system\CodeIgniter.php(431): CodeIgniter\CodeIgniter->runController(Object(App\Controllers\Home))
#15 C:\xampp\htdocs\togel\vendor\codeigniter4\framework\system\CodeIgniter.php(332): CodeIgniter\CodeIgniter->handleRequest(NULL, Object(Config\Cache), false)
#16 C:\xampp\htdocs\togel\public\index.php(44): CodeIgniter\CodeIgniter->run()
#17 {main}
CRITICAL - 2022-02-22 06:54:31 --> Undefined variable $personil
#0 C:\xampp\htdocs\togel\app\Views\home\personil.php(20): CodeIgniter\Debug\Exceptions->errorHandler(2, 'Undefined varia...', 'C:\\xampp\\htdocs...', 20)
#1 C:\xampp\htdocs\togel\vendor\codeigniter4\framework\system\View\View.php(220): include('C:\\xampp\\htdocs...')
#2 C:\xampp\htdocs\togel\vendor\codeigniter4\framework\system\View\View.php(222): CodeIgniter\View\View->CodeIgniter\View\{closure}()
#3 C:\xampp\htdocs\togel\vendor\codeigniter4\framework\system\Common.php(1217): CodeIgniter\View\View->render('Home/personil.p...', Array, true)
#4 C:\xampp\htdocs\togel\app\Views\layout\v_content.php(3): view('Home/personil.p...')
#5 C:\xampp\htdocs\togel\vendor\codeigniter4\framework\system\View\View.php(220): include('C:\\xampp\\htdocs...')
#6 C:\xampp\htdocs\togel\vendor\codeigniter4\framework\system\View\View.php(222): CodeIgniter\View\View->CodeIgniter\View\{closure}()
#7 C:\xampp\htdocs\togel\vendor\codeigniter4\framework\system\Common.php(1217): CodeIgniter\View\View->render('layout/v_conten...', Array, true)
#8 C:\xampp\htdocs\togel\app\Views\layout\v_wrapper.php(7): view('layout/v_conten...')
#9 C:\xampp\htdocs\togel\vendor\codeigniter4\framework\system\View\View.php(220): include('C:\\xampp\\htdocs...')
#10 C:\xampp\htdocs\togel\vendor\codeigniter4\framework\system\View\View.php(222): CodeIgniter\View\View->CodeIgniter\View\{closure}()
#11 C:\xampp\htdocs\togel\vendor\codeigniter4\framework\system\Common.php(1217): CodeIgniter\View\View->render('layout/v_wrappe...', Array, true)
#12 C:\xampp\htdocs\togel\app\Controllers\Home.php(34): view('layout/v_wrappe...', Array)
#13 C:\xampp\htdocs\togel\vendor\codeigniter4\framework\system\CodeIgniter.php(935): App\Controllers\Home->personil()
#14 C:\xampp\htdocs\togel\vendor\codeigniter4\framework\system\CodeIgniter.php(431): CodeIgniter\CodeIgniter->runController(Object(App\Controllers\Home))
#15 C:\xampp\htdocs\togel\vendor\codeigniter4\framework\system\CodeIgniter.php(332): CodeIgniter\CodeIgniter->handleRequest(NULL, Object(Config\Cache), false)
#16 C:\xampp\htdocs\togel\public\index.php(44): CodeIgniter\CodeIgniter->run()
#17 {main}
ERROR - 2022-02-22 07:15:57 --> mysqli_sql_exception: Column 'nama' cannot be null in C:\xampp\htdocs\togel\vendor\codeigniter4\framework\system\Database\MySQLi\Connection.php:314
Stack trace:
#0 C:\xampp\htdocs\togel\vendor\codeigniter4\framework\system\Database\MySQLi\Connection.php(314): mysqli->query('INSERT INTO `pe...')
#1 C:\xampp\htdocs\togel\vendor\codeigniter4\framework\system\Database\BaseConnection.php(715): CodeIgniter\Database\MySQLi\Connection->execute('INSERT INTO `pe...')
#2 C:\xampp\htdocs\togel\vendor\codeigniter4\framework\system\Database\BaseConnection.php(643): CodeIgniter\Database\BaseConnection->simpleQuery('INSERT INTO `pe...')
#3 C:\xampp\htdocs\togel\vendor\codeigniter4\framework\system\Database\BaseBuilder.php(2265): CodeIgniter\Database\BaseConnection->query('INSERT INTO `pe...', Array, false)
#4 C:\xampp\htdocs\togel\app\Models\personilModel.php(25): CodeIgniter\Database\BaseBuilder->insert(Array)
#5 C:\xampp\htdocs\togel\app\Controllers\Home.php(48): App\Models\personilModel->register_new_user(Array)
#6 C:\xampp\htdocs\togel\vendor\codeigniter4\framework\system\CodeIgniter.php(935): App\Controllers\Home->tambah_personil()
#7 C:\xampp\htdocs\togel\vendor\codeigniter4\framework\system\CodeIgniter.php(431): CodeIgniter\CodeIgniter->runController(Object(App\Controllers\Home))
#8 C:\xampp\htdocs\togel\vendor\codeigniter4\framework\system\CodeIgniter.php(332): CodeIgniter\CodeIgniter->handleRequest(NULL, Object(Config\Cache), false)
#9 C:\xampp\htdocs\togel\public\index.php(44): CodeIgniter\CodeIgniter->run()
#10 {main}
CRITICAL - 2022-02-22 07:15:57 --> Column 'nama' cannot be null
#0 C:\xampp\htdocs\togel\vendor\codeigniter4\framework\system\Database\MySQLi\Connection.php(314): mysqli->query('INSERT INTO `pe...')
#1 C:\xampp\htdocs\togel\vendor\codeigniter4\framework\system\Database\BaseConnection.php(715): CodeIgniter\Database\MySQLi\Connection->execute('INSERT INTO `pe...')
#2 C:\xampp\htdocs\togel\vendor\codeigniter4\framework\system\Database\BaseConnection.php(643): CodeIgniter\Database\BaseConnection->simpleQuery('INSERT INTO `pe...')
#3 C:\xampp\htdocs\togel\vendor\codeigniter4\framework\system\Database\BaseBuilder.php(2265): CodeIgniter\Database\BaseConnection->query('INSERT INTO `pe...', Array, false)
#4 C:\xampp\htdocs\togel\app\Models\personilModel.php(25): CodeIgniter\Database\BaseBuilder->insert(Array)
#5 C:\xampp\htdocs\togel\app\Controllers\Home.php(48): App\Models\personilModel->register_new_user(Array)
#6 C:\xampp\htdocs\togel\vendor\codeigniter4\framework\system\CodeIgniter.php(935): App\Controllers\Home->tambah_personil()
#7 C:\xampp\htdocs\togel\vendor\codeigniter4\framework\system\CodeIgniter.php(431): CodeIgniter\CodeIgniter->runController(Object(App\Controllers\Home))
#8 C:\xampp\htdocs\togel\vendor\codeigniter4\framework\system\CodeIgniter.php(332): CodeIgniter\CodeIgniter->handleRequest(NULL, Object(Config\Cache), false)
#9 C:\xampp\htdocs\togel\public\index.php(44): CodeIgniter\CodeIgniter->run()
#10 {main}
CRITICAL - 2022-02-22 07:28:10 --> Undefined variable $status
#0 C:\xampp\htdocs\togel\app\Views\home\personil.php(56): CodeIgniter\Debug\Exceptions->errorHandler(2, 'Undefined varia...', 'C:\\xampp\\htdocs...', 56)
#1 C:\xampp\htdocs\togel\vendor\codeigniter4\framework\system\View\View.php(220): include('C:\\xampp\\htdocs...')
#2 C:\xampp\htdocs\togel\vendor\codeigniter4\framework\system\View\View.php(222): CodeIgniter\View\View->CodeIgniter\View\{closure}()
#3 C:\xampp\htdocs\togel\vendor\codeigniter4\framework\system\Common.php(1217): CodeIgniter\View\View->render('Home/personil.p...', Array, true)
#4 C:\xampp\htdocs\togel\app\Views\layout\v_content.php(3): view('Home/personil.p...')
#5 C:\xampp\htdocs\togel\vendor\codeigniter4\framework\system\View\View.php(220): include('C:\\xampp\\htdocs...')
#6 C:\xampp\htdocs\togel\vendor\codeigniter4\framework\system\View\View.php(222): CodeIgniter\View\View->CodeIgniter\View\{closure}()
#7 C:\xampp\htdocs\togel\vendor\codeigniter4\framework\system\Common.php(1217): CodeIgniter\View\View->render('layout/v_conten...', Array, true)
#8 C:\xampp\htdocs\togel\app\Views\layout\v_wrapper.php(7): view('layout/v_conten...')
#9 C:\xampp\htdocs\togel\vendor\codeigniter4\framework\system\View\View.php(220): include('C:\\xampp\\htdocs...')
#10 C:\xampp\htdocs\togel\vendor\codeigniter4\framework\system\View\View.php(222): CodeIgniter\View\View->CodeIgniter\View\{closure}()
#11 C:\xampp\htdocs\togel\vendor\codeigniter4\framework\system\Common.php(1217): CodeIgniter\View\View->render('layout/v_wrappe...', Array, true)
#12 C:\xampp\htdocs\togel\app\Controllers\Home.php(34): view('layout/v_wrappe...', Array)
#13 C:\xampp\htdocs\togel\vendor\codeigniter4\framework\system\CodeIgniter.php(935): App\Controllers\Home->personil()
#14 C:\xampp\htdocs\togel\vendor\codeigniter4\framework\system\CodeIgniter.php(431): CodeIgniter\CodeIgniter->runController(Object(App\Controllers\Home))
#15 C:\xampp\htdocs\togel\vendor\codeigniter4\framework\system\CodeIgniter.php(332): CodeIgniter\CodeIgniter->handleRequest(NULL, Object(Config\Cache), false)
#16 C:\xampp\htdocs\togel\public\index.php(44): CodeIgniter\CodeIgniter->run()
#17 {main}
CRITICAL - 2022-02-22 07:30:25 --> Undefined variable $status
#0 C:\xampp\htdocs\togel\app\Views\home\personil.php(56): CodeIgniter\Debug\Exceptions->errorHandler(2, 'Undefined varia...', 'C:\\xampp\\htdocs...', 56)
#1 C:\xampp\htdocs\togel\vendor\codeigniter4\framework\system\View\View.php(220): include('C:\\xampp\\htdocs...')
#2 C:\xampp\htdocs\togel\vendor\codeigniter4\framework\system\View\View.php(222): CodeIgniter\View\View->CodeIgniter\View\{closure}()
#3 C:\xampp\htdocs\togel\vendor\codeigniter4\framework\system\Common.php(1217): CodeIgniter\View\View->render('Home/personil.p...', Array, true)
#4 C:\xampp\htdocs\togel\app\Views\layout\v_content.php(3): view('Home/personil.p...')
#5 C:\xampp\htdocs\togel\vendor\codeigniter4\framework\system\View\View.php(220): include('C:\\xampp\\htdocs...')
#6 C:\xampp\htdocs\togel\vendor\codeigniter4\framework\system\View\View.php(222): CodeIgniter\View\View->CodeIgniter\View\{closure}()
#7 C:\xampp\htdocs\togel\vendor\codeigniter4\framework\system\Common.php(1217): CodeIgniter\View\View->render('layout/v_conten...', Array, true)
#8 C:\xampp\htdocs\togel\app\Views\layout\v_wrapper.php(7): view('layout/v_conten...')
#9 C:\xampp\htdocs\togel\vendor\codeigniter4\framework\system\View\View.php(220): include('C:\\xampp\\htdocs...')
#10 C:\xampp\htdocs\togel\vendor\codeigniter4\framework\system\View\View.php(222): CodeIgniter\View\View->CodeIgniter\View\{closure}()
#11 C:\xampp\htdocs\togel\vendor\codeigniter4\framework\system\Common.php(1217): CodeIgniter\View\View->render('layout/v_wrappe...', Array, true)
#12 C:\xampp\htdocs\togel\app\Controllers\Home.php(34): view('layout/v_wrappe...', Array)
#13 C:\xampp\htdocs\togel\vendor\codeigniter4\framework\system\CodeIgniter.php(935): App\Controllers\Home->personil()
#14 C:\xampp\htdocs\togel\vendor\codeigniter4\framework\system\CodeIgniter.php(431): CodeIgniter\CodeIgniter->runController(Object(App\Controllers\Home))
#15 C:\xampp\htdocs\togel\vendor\codeigniter4\framework\system\CodeIgniter.php(332): CodeIgniter\CodeIgniter->handleRequest(NULL, Object(Config\Cache), false)
#16 C:\xampp\htdocs\togel\public\index.php(44): CodeIgniter\CodeIgniter->run()
#17 {main}
CRITICAL - 2022-02-22 07:38:35 --> Undefined variable $session
#0 C:\xampp\htdocs\togel\app\Controllers\Home.php(50): CodeIgniter\Debug\Exceptions->errorHandler(2, 'Undefined varia...', 'C:\\xampp\\htdocs...', 50)
#1 C:\xampp\htdocs\togel\vendor\codeigniter4\framework\system\CodeIgniter.php(935): App\Controllers\Home->tambah_personil()
#2 C:\xampp\htdocs\togel\vendor\codeigniter4\framework\system\CodeIgniter.php(431): CodeIgniter\CodeIgniter->runController(Object(App\Controllers\Home))
#3 C:\xampp\htdocs\togel\vendor\codeigniter4\framework\system\CodeIgniter.php(332): CodeIgniter\CodeIgniter->handleRequest(NULL, Object(Config\Cache), false)
#4 C:\xampp\htdocs\togel\public\index.php(44): CodeIgniter\CodeIgniter->run()
#5 {main}
CRITICAL - 2022-02-22 07:44:10 --> Undefined variable $personil
#0 C:\xampp\htdocs\togel\app\Views\home\personil.php(26): CodeIgniter\Debug\Exceptions->errorHandler(2, 'Undefined varia...', 'C:\\xampp\\htdocs...', 26)
#1 C:\xampp\htdocs\togel\vendor\codeigniter4\framework\system\View\View.php(220): include('C:\\xampp\\htdocs...')
#2 C:\xampp\htdocs\togel\vendor\codeigniter4\framework\system\View\View.php(222): CodeIgniter\View\View->CodeIgniter\View\{closure}()
#3 C:\xampp\htdocs\togel\vendor\codeigniter4\framework\system\Common.php(1217): CodeIgniter\View\View->render('Home/personil.p...', Array, true)
#4 C:\xampp\htdocs\togel\app\Views\layout\v_content.php(3): view('Home/personil.p...')
#5 C:\xampp\htdocs\togel\vendor\codeigniter4\framework\system\View\View.php(220): include('C:\\xampp\\htdocs...')
#6 C:\xampp\htdocs\togel\vendor\codeigniter4\framework\system\View\View.php(222): CodeIgniter\View\View->CodeIgniter\View\{closure}()
#7 C:\xampp\htdocs\togel\vendor\codeigniter4\framework\system\Common.php(1217): CodeIgniter\View\View->render('layout/v_conten...', Array, true)
#8 C:\xampp\htdocs\togel\app\Views\layout\v_wrapper.php(7): view('layout/v_conten...')
#9 C:\xampp\htdocs\togel\vendor\codeigniter4\framework\system\View\View.php(220): include('C:\\xampp\\htdocs...')
#10 C:\xampp\htdocs\togel\vendor\codeigniter4\framework\system\View\View.php(222): CodeIgniter\View\View->CodeIgniter\View\{closure}()
#11 C:\xampp\htdocs\togel\vendor\codeigniter4\framework\system\Common.php(1217): CodeIgniter\View\View->render('layout/v_wrappe...', Array, true)
#12 C:\xampp\htdocs\togel\app\Controllers\Home.php(39): view('layout/v_wrappe...', Array)
#13 C:\xampp\htdocs\togel\vendor\codeigniter4\framework\system\CodeIgniter.php(935): App\Controllers\Home->personil()
#14 C:\xampp\htdocs\togel\vendor\codeigniter4\framework\system\CodeIgniter.php(431): CodeIgniter\CodeIgniter->runController(Object(App\Controllers\Home))
#15 C:\xampp\htdocs\togel\vendor\codeigniter4\framework\system\CodeIgniter.php(332): CodeIgniter\CodeIgniter->handleRequest(NULL, Object(Config\Cache), false)
#16 C:\xampp\htdocs\togel\public\index.php(44): CodeIgniter\CodeIgniter->run()
#17 {main}
CRITICAL - 2022-02-22 07:45:11 --> Undefined array key "foto"
#0 C:\xampp\htdocs\togel\app\Views\home\personil.php(35): CodeIgniter\Debug\Exceptions->errorHandler(2, 'Undefined array...', 'C:\\xampp\\htdocs...', 35)
#1 C:\xampp\htdocs\togel\vendor\codeigniter4\framework\system\View\View.php(220): include('C:\\xampp\\htdocs...')
#2 C:\xampp\htdocs\togel\vendor\codeigniter4\framework\system\View\View.php(222): CodeIgniter\View\View->CodeIgniter\View\{closure}()
#3 C:\xampp\htdocs\togel\vendor\codeigniter4\framework\system\Common.php(1217): CodeIgniter\View\View->render('Home/personil.p...', Array, true)
#4 C:\xampp\htdocs\togel\app\Views\layout\v_content.php(3): view('Home/personil.p...')
#5 C:\xampp\htdocs\togel\vendor\codeigniter4\framework\system\View\View.php(220): include('C:\\xampp\\htdocs...')
#6 C:\xampp\htdocs\togel\vendor\codeigniter4\framework\system\View\View.php(222): CodeIgniter\View\View->CodeIgniter\View\{closure}()
#7 C:\xampp\htdocs\togel\vendor\codeigniter4\framework\system\Common.php(1217): CodeIgniter\View\View->render('layout/v_conten...', Array, true)
#8 C:\xampp\htdocs\togel\app\Views\layout\v_wrapper.php(7): view('layout/v_conten...')
#9 C:\xampp\htdocs\togel\vendor\codeigniter4\framework\system\View\View.php(220): include('C:\\xampp\\htdocs...')
#10 C:\xampp\htdocs\togel\vendor\codeigniter4\framework\system\View\View.php(222): CodeIgniter\View\View->CodeIgniter\View\{closure}()
#11 C:\xampp\htdocs\togel\vendor\codeigniter4\framework\system\Common.php(1217): CodeIgniter\View\View->render('layout/v_wrappe...', Array, true)
#12 C:\xampp\htdocs\togel\app\Controllers\Home.php(39): view('layout/v_wrappe...', Array)
#13 C:\xampp\htdocs\togel\vendor\codeigniter4\framework\system\CodeIgniter.php(935): App\Controllers\Home->personil()
#14 C:\xampp\htdocs\togel\vendor\codeigniter4\framework\system\CodeIgniter.php(431): CodeIgniter\CodeIgniter->runController(Object(App\Controllers\Home))
#15 C:\xampp\htdocs\togel\vendor\codeigniter4\framework\system\CodeIgniter.php(332): CodeIgniter\CodeIgniter->handleRequest(NULL, Object(Config\Cache), false)
#16 C:\xampp\htdocs\togel\public\index.php(44): CodeIgniter\CodeIgniter->run()
#17 {main}
CRITICAL - 2022-02-22 07:45:14 --> Undefined array key "foto"
#0 C:\xampp\htdocs\togel\app\Views\home\personil.php(35): CodeIgniter\Debug\Exceptions->errorHandler(2, 'Undefined array...', 'C:\\xampp\\htdocs...', 35)
#1 C:\xampp\htdocs\togel\vendor\codeigniter4\framework\system\View\View.php(220): include('C:\\xampp\\htdocs...')
#2 C:\xampp\htdocs\togel\vendor\codeigniter4\framework\system\View\View.php(222): CodeIgniter\View\View->CodeIgniter\View\{closure}()
#3 C:\xampp\htdocs\togel\vendor\codeigniter4\framework\system\Common.php(1217): CodeIgniter\View\View->render('Home/personil.p...', Array, true)
#4 C:\xampp\htdocs\togel\app\Views\layout\v_content.php(3): view('Home/personil.p...')
#5 C:\xampp\htdocs\togel\vendor\codeigniter4\framework\system\View\View.php(220): include('C:\\xampp\\htdocs...')
#6 C:\xampp\htdocs\togel\vendor\codeigniter4\framework\system\View\View.php(222): CodeIgniter\View\View->CodeIgniter\View\{closure}()
#7 C:\xampp\htdocs\togel\vendor\codeigniter4\framework\system\Common.php(1217): CodeIgniter\View\View->render('layout/v_conten...', Array, true)
#8 C:\xampp\htdocs\togel\app\Views\layout\v_wrapper.php(7): view('layout/v_conten...')
#9 C:\xampp\htdocs\togel\vendor\codeigniter4\framework\system\View\View.php(220): include('C:\\xampp\\htdocs...')
#10 C:\xampp\htdocs\togel\vendor\codeigniter4\framework\system\View\View.php(222): CodeIgniter\View\View->CodeIgniter\View\{closure}()
#11 C:\xampp\htdocs\togel\vendor\codeigniter4\framework\system\Common.php(1217): CodeIgniter\View\View->render('layout/v_wrappe...', Array, true)
#12 C:\xampp\htdocs\togel\app\Controllers\Home.php(39): view('layout/v_wrappe...', Array)
#13 C:\xampp\htdocs\togel\vendor\codeigniter4\framework\system\CodeIgniter.php(935): App\Controllers\Home->personil()
#14 C:\xampp\htdocs\togel\vendor\codeigniter4\framework\system\CodeIgniter.php(431): CodeIgniter\CodeIgniter->runController(Object(App\Controllers\Home))
#15 C:\xampp\htdocs\togel\vendor\codeigniter4\framework\system\CodeIgniter.php(332): CodeIgniter\CodeIgniter->handleRequest(NULL, Object(Config\Cache), false)
#16 C:\xampp\htdocs\togel\public\index.php(44): CodeIgniter\CodeIgniter->run()
#17 {main}
CRITICAL - 2022-02-22 07:46:29 --> Undefined array key "foto"
#0 C:\xampp\htdocs\togel\app\Views\home\personil.php(35): CodeIgniter\Debug\Exceptions->errorHandler(2, 'Undefined array...', 'C:\\xampp\\htdocs...', 35)
#1 C:\xampp\htdocs\togel\vendor\codeigniter4\framework\system\View\View.php(220): include('C:\\xampp\\htdocs...')
#2 C:\xampp\htdocs\togel\vendor\codeigniter4\framework\system\View\View.php(222): CodeIgniter\View\View->CodeIgniter\View\{closure}()
#3 C:\xampp\htdocs\togel\vendor\codeigniter4\framework\system\Common.php(1217): CodeIgniter\View\View->render('Home/personil.p...', Array, true)
#4 C:\xampp\htdocs\togel\app\Views\layout\v_content.php(3): view('Home/personil.p...')
#5 C:\xampp\htdocs\togel\vendor\codeigniter4\framework\system\View\View.php(220): include('C:\\xampp\\htdocs...')
#6 C:\xampp\htdocs\togel\vendor\codeigniter4\framework\system\View\View.php(222): CodeIgniter\View\View->CodeIgniter\View\{closure}()
#7 C:\xampp\htdocs\togel\vendor\codeigniter4\framework\system\Common.php(1217): CodeIgniter\View\View->render('layout/v_conten...', Array, true)
#8 C:\xampp\htdocs\togel\app\Views\layout\v_wrapper.php(7): view('layout/v_conten...')
#9 C:\xampp\htdocs\togel\vendor\codeigniter4\framework\system\View\View.php(220): include('C:\\xampp\\htdocs...')
#10 C:\xampp\htdocs\togel\vendor\codeigniter4\framework\system\View\View.php(222): CodeIgniter\View\View->CodeIgniter\View\{closure}()
#11 C:\xampp\htdocs\togel\vendor\codeigniter4\framework\system\Common.php(1217): CodeIgniter\View\View->render('layout/v_wrappe...', Array, true)
#12 C:\xampp\htdocs\togel\app\Controllers\Home.php(39): view('layout/v_wrappe...', Array)
#13 C:\xampp\htdocs\togel\vendor\codeigniter4\framework\system\CodeIgniter.php(935): App\Controllers\Home->personil()
#14 C:\xampp\htdocs\togel\vendor\codeigniter4\framework\system\CodeIgniter.php(431): CodeIgniter\CodeIgniter->runController(Object(App\Controllers\Home))
#15 C:\xampp\htdocs\togel\vendor\codeigniter4\framework\system\CodeIgniter.php(332): CodeIgniter\CodeIgniter->handleRequest(NULL, Object(Config\Cache), false)
#16 C:\xampp\htdocs\togel\public\index.php(44): CodeIgniter\CodeIgniter->run()
#17 {main}
CRITICAL - 2022-02-22 07:47:45 --> Undefined array key "foto"
#0 C:\xampp\htdocs\togel\app\Views\home\personil.php(35): CodeIgniter\Debug\Exceptions->errorHandler(2, 'Undefined array...', 'C:\\xampp\\htdocs...', 35)
#1 C:\xampp\htdocs\togel\vendor\codeigniter4\framework\system\View\View.php(220): include('C:\\xampp\\htdocs...')
#2 C:\xampp\htdocs\togel\vendor\codeigniter4\framework\system\View\View.php(222): CodeIgniter\View\View->CodeIgniter\View\{closure}()
#3 C:\xampp\htdocs\togel\vendor\codeigniter4\framework\system\Common.php(1217): CodeIgniter\View\View->render('Home/personil.p...', Array, true)
#4 C:\xampp\htdocs\togel\app\Views\layout\v_content.php(3): view('Home/personil.p...')
#5 C:\xampp\htdocs\togel\vendor\codeigniter4\framework\system\View\View.php(220): include('C:\\xampp\\htdocs...')
#6 C:\xampp\htdocs\togel\vendor\codeigniter4\framework\system\View\View.php(222): CodeIgniter\View\View->CodeIgniter\View\{closure}()
#7 C:\xampp\htdocs\togel\vendor\codeigniter4\framework\system\Common.php(1217): CodeIgniter\View\View->render('layout/v_conten...', Array, true)
#8 C:\xampp\htdocs\togel\app\Views\layout\v_wrapper.php(7): view('layout/v_conten...')
#9 C:\xampp\htdocs\togel\vendor\codeigniter4\framework\system\View\View.php(220): include('C:\\xampp\\htdocs...')
#10 C:\xampp\htdocs\togel\vendor\codeigniter4\framework\system\View\View.php(222): CodeIgniter\View\View->CodeIgniter\View\{closure}()
#11 C:\xampp\htdocs\togel\vendor\codeigniter4\framework\system\Common.php(1217): CodeIgniter\View\View->render('layout/v_wrappe...', Array, true)
#12 C:\xampp\htdocs\togel\app\Controllers\Home.php(39): view('layout/v_wrappe...', Array)
#13 C:\xampp\htdocs\togel\vendor\codeigniter4\framework\system\CodeIgniter.php(935): App\Controllers\Home->personil()
#14 C:\xampp\htdocs\togel\vendor\codeigniter4\framework\system\CodeIgniter.php(431): CodeIgniter\CodeIgniter->runController(Object(App\Controllers\Home))
#15 C:\xampp\htdocs\togel\vendor\codeigniter4\framework\system\CodeIgniter.php(332): CodeIgniter\CodeIgniter->handleRequest(NULL, Object(Config\Cache), false)
#16 C:\xampp\htdocs\togel\public\index.php(44): CodeIgniter\CodeIgniter->run()
#17 {main}
CRITICAL - 2022-02-22 07:48:27 --> Undefined array key "foto"
#0 C:\xampp\htdocs\togel\app\Views\home\personil.php(35): CodeIgniter\Debug\Exceptions->errorHandler(2, 'Undefined array...', 'C:\\xampp\\htdocs...', 35)
#1 C:\xampp\htdocs\togel\vendor\codeigniter4\framework\system\View\View.php(220): include('C:\\xampp\\htdocs...')
#2 C:\xampp\htdocs\togel\vendor\codeigniter4\framework\system\View\View.php(222): CodeIgniter\View\View->CodeIgniter\View\{closure}()
#3 C:\xampp\htdocs\togel\vendor\codeigniter4\framework\system\Common.php(1217): CodeIgniter\View\View->render('Home/personil.p...', Array, true)
#4 C:\xampp\htdocs\togel\app\Views\layout\v_content.php(3): view('Home/personil.p...')
#5 C:\xampp\htdocs\togel\vendor\codeigniter4\framework\system\View\View.php(220): include('C:\\xampp\\htdocs...')
#6 C:\xampp\htdocs\togel\vendor\codeigniter4\framework\system\View\View.php(222): CodeIgniter\View\View->CodeIgniter\View\{closure}()
#7 C:\xampp\htdocs\togel\vendor\codeigniter4\framework\system\Common.php(1217): CodeIgniter\View\View->render('layout/v_conten...', Array, true)
#8 C:\xampp\htdocs\togel\app\Views\layout\v_wrapper.php(7): view('layout/v_conten...')
#9 C:\xampp\htdocs\togel\vendor\codeigniter4\framework\system\View\View.php(220): include('C:\\xampp\\htdocs...')
#10 C:\xampp\htdocs\togel\vendor\codeigniter4\framework\system\View\View.php(222): CodeIgniter\View\View->CodeIgniter\View\{closure}()
#11 C:\xampp\htdocs\togel\vendor\codeigniter4\framework\system\Common.php(1217): CodeIgniter\View\View->render('layout/v_wrappe...', Array, true)
#12 C:\xampp\htdocs\togel\app\Controllers\Home.php(39): view('layout/v_wrappe...', Array)
#13 C:\xampp\htdocs\togel\vendor\codeigniter4\framework\system\CodeIgniter.php(935): App\Controllers\Home->personil()
#14 C:\xampp\htdocs\togel\vendor\codeigniter4\framework\system\CodeIgniter.php(431): CodeIgniter\CodeIgniter->runController(Object(App\Controllers\Home))
#15 C:\xampp\htdocs\togel\vendor\codeigniter4\framework\system\CodeIgniter.php(332): CodeIgniter\CodeIgniter->handleRequest(NULL, Object(Config\Cache), false)
#16 C:\xampp\htdocs\togel\public\index.php(44): CodeIgniter\CodeIgniter->run()
#17 {main}
CRITICAL - 2022-02-22 07:49:06 --> Undefined variable $row
#0 C:\xampp\htdocs\togel\app\Views\home\personil.php(26): CodeIgniter\Debug\Exceptions->errorHandler(2, 'Undefined varia...', 'C:\\xampp\\htdocs...', 26)
#1 C:\xampp\htdocs\togel\vendor\codeigniter4\framework\system\View\View.php(220): include('C:\\xampp\\htdocs...')
#2 C:\xampp\htdocs\togel\vendor\codeigniter4\framework\system\View\View.php(222): CodeIgniter\View\View->CodeIgniter\View\{closure}()
#3 C:\xampp\htdocs\togel\vendor\codeigniter4\framework\system\Common.php(1217): CodeIgniter\View\View->render('Home/personil.p...', Array, true)
#4 C:\xampp\htdocs\togel\app\Views\layout\v_content.php(3): view('Home/personil.p...')
#5 C:\xampp\htdocs\togel\vendor\codeigniter4\framework\system\View\View.php(220): include('C:\\xampp\\htdocs...')
#6 C:\xampp\htdocs\togel\vendor\codeigniter4\framework\system\View\View.php(222): CodeIgniter\View\View->CodeIgniter\View\{closure}()
#7 C:\xampp\htdocs\togel\vendor\codeigniter4\framework\system\Common.php(1217): CodeIgniter\View\View->render('layout/v_conten...', Array, true)
#8 C:\xampp\htdocs\togel\app\Views\layout\v_wrapper.php(7): view('layout/v_conten...')
#9 C:\xampp\htdocs\togel\vendor\codeigniter4\framework\system\View\View.php(220): include('C:\\xampp\\htdocs...')
#10 C:\xampp\htdocs\togel\vendor\codeigniter4\framework\system\View\View.php(222): CodeIgniter\View\View->CodeIgniter\View\{closure}()
#11 C:\xampp\htdocs\togel\vendor\codeigniter4\framework\system\Common.php(1217): CodeIgniter\View\View->render('layout/v_wrappe...', Array, true)
#12 C:\xampp\htdocs\togel\app\Controllers\Home.php(39): view('layout/v_wrappe...', Array)
#13 C:\xampp\htdocs\togel\vendor\codeigniter4\framework\system\CodeIgniter.php(935): App\Controllers\Home->personil()
#14 C:\xampp\htdocs\togel\vendor\codeigniter4\framework\system\CodeIgniter.php(431): CodeIgniter\CodeIgniter->runController(Object(App\Controllers\Home))
#15 C:\xampp\htdocs\togel\vendor\codeigniter4\framework\system\CodeIgniter.php(332): CodeIgniter\CodeIgniter->handleRequest(NULL, Object(Config\Cache), false)
#16 C:\xampp\htdocs\togel\public\index.php(44): CodeIgniter\CodeIgniter->run()
#17 {main}
CRITICAL - 2022-02-22 07:56:34 --> Undefined array key "status_akun"
#0 C:\xampp\htdocs\togel\app\Controllers\Login.php(40): CodeIgniter\Debug\Exceptions->errorHandler(2, 'Undefined array...', 'C:\\xampp\\htdocs...', 40)
#1 C:\xampp\htdocs\togel\vendor\codeigniter4\framework\system\CodeIgniter.php(935): App\Controllers\Login->auth()
#2 C:\xampp\htdocs\togel\vendor\codeigniter4\framework\system\CodeIgniter.php(431): CodeIgniter\CodeIgniter->runController(Object(App\Controllers\Login))
#3 C:\xampp\htdocs\togel\vendor\codeigniter4\framework\system\CodeIgniter.php(332): CodeIgniter\CodeIgniter->handleRequest(NULL, Object(Config\Cache), false)
#4 C:\xampp\htdocs\togel\public\index.php(44): CodeIgniter\CodeIgniter->run()
#5 {main}
CRITICAL - 2022-02-22 08:16:21 --> Undefined variable $hari_ini
#0 C:\xampp\htdocs\togel\app\Views\home\beranda.php(8): CodeIgniter\Debug\Exceptions->errorHandler(2, 'Undefined varia...', 'C:\\xampp\\htdocs...', 8)
#1 C:\xampp\htdocs\togel\vendor\codeigniter4\framework\system\View\View.php(220): include('C:\\xampp\\htdocs...')
#2 C:\xampp\htdocs\togel\vendor\codeigniter4\framework\system\View\View.php(222): CodeIgniter\View\View->CodeIgniter\View\{closure}()
#3 C:\xampp\htdocs\togel\vendor\codeigniter4\framework\system\Common.php(1217): CodeIgniter\View\View->render('Home/beranda.ph...', Array, true)
#4 C:\xampp\htdocs\togel\app\Views\layout\v_content.php(3): view('Home/beranda.ph...')
#5 C:\xampp\htdocs\togel\vendor\codeigniter4\framework\system\View\View.php(220): include('C:\\xampp\\htdocs...')
#6 C:\xampp\htdocs\togel\vendor\codeigniter4\framework\system\View\View.php(222): CodeIgniter\View\View->CodeIgniter\View\{closure}()
#7 C:\xampp\htdocs\togel\vendor\codeigniter4\framework\system\Common.php(1217): CodeIgniter\View\View->render('layout/v_conten...', Array, true)
#8 C:\xampp\htdocs\togel\app\Views\layout\v_wrapper.php(7): view('layout/v_conten...')
#9 C:\xampp\htdocs\togel\vendor\codeigniter4\framework\system\View\View.php(220): include('C:\\xampp\\htdocs...')
#10 C:\xampp\htdocs\togel\vendor\codeigniter4\framework\system\View\View.php(222): CodeIgniter\View\View->CodeIgniter\View\{closure}()
#11 C:\xampp\htdocs\togel\vendor\codeigniter4\framework\system\Common.php(1217): CodeIgniter\View\View->render('layout/v_wrappe...', Array, true)
#12 C:\xampp\htdocs\togel\app\Controllers\Home.php(21): view('layout/v_wrappe...', Array)
#13 C:\xampp\htdocs\togel\vendor\codeigniter4\framework\system\CodeIgniter.php(935): App\Controllers\Home->index()
#14 C:\xampp\htdocs\togel\vendor\codeigniter4\framework\system\CodeIgniter.php(431): CodeIgniter\CodeIgniter->runController(Object(App\Controllers\Home))
#15 C:\xampp\htdocs\togel\vendor\codeigniter4\framework\system\CodeIgniter.php(332): CodeIgniter\CodeIgniter->handleRequest(NULL, Object(Config\Cache), false)
#16 C:\xampp\htdocs\togel\public\index.php(44): CodeIgniter\CodeIgniter->run()
#17 {main}
CRITICAL - 2022-02-22 08:16:30 --> Undefined variable $hari_ini
#0 C:\xampp\htdocs\togel\app\Views\home\beranda.php(8): CodeIgniter\Debug\Exceptions->errorHandler(2, 'Undefined varia...', 'C:\\xampp\\htdocs...', 8)
#1 C:\xampp\htdocs\togel\vendor\codeigniter4\framework\system\View\View.php(220): include('C:\\xampp\\htdocs...')
#2 C:\xampp\htdocs\togel\vendor\codeigniter4\framework\system\View\View.php(222): CodeIgniter\View\View->CodeIgniter\View\{closure}()
#3 C:\xampp\htdocs\togel\vendor\codeigniter4\framework\system\Common.php(1217): CodeIgniter\View\View->render('Home/beranda.ph...', Array, true)
#4 C:\xampp\htdocs\togel\app\Views\layout\v_content.php(3): view('Home/beranda.ph...')
#5 C:\xampp\htdocs\togel\vendor\codeigniter4\framework\system\View\View.php(220): include('C:\\xampp\\htdocs...')
#6 C:\xampp\htdocs\togel\vendor\codeigniter4\framework\system\View\View.php(222): CodeIgniter\View\View->CodeIgniter\View\{closure}()
#7 C:\xampp\htdocs\togel\vendor\codeigniter4\framework\system\Common.php(1217): CodeIgniter\View\View->render('layout/v_conten...', Array, true)
#8 C:\xampp\htdocs\togel\app\Views\layout\v_wrapper.php(7): view('layout/v_conten...')
#9 C:\xampp\htdocs\togel\vendor\codeigniter4\framework\system\View\View.php(220): include('C:\\xampp\\htdocs...')
#10 C:\xampp\htdocs\togel\vendor\codeigniter4\framework\system\View\View.php(222): CodeIgniter\View\View->CodeIgniter\View\{closure}()
#11 C:\xampp\htdocs\togel\vendor\codeigniter4\framework\system\Common.php(1217): CodeIgniter\View\View->render('layout/v_wrappe...', Array, true)
#12 C:\xampp\htdocs\togel\app\Controllers\Home.php(21): view('layout/v_wrappe...', Array)
#13 C:\xampp\htdocs\togel\vendor\codeigniter4\framework\system\CodeIgniter.php(935): App\Controllers\Home->index()
#14 C:\xampp\htdocs\togel\vendor\codeigniter4\framework\system\CodeIgniter.php(431): CodeIgniter\CodeIgniter->runController(Object(App\Controllers\Home))
#15 C:\xampp\htdocs\togel\vendor\codeigniter4\framework\system\CodeIgniter.php(332): CodeIgniter\CodeIgniter->handleRequest(NULL, Object(Config\Cache), false)
#16 C:\xampp\htdocs\togel\public\index.php(44): CodeIgniter\CodeIgniter->run()
#17 {main}
CRITICAL - 2022-02-22 08:16:32 --> Undefined variable $hari_ini
#0 C:\xampp\htdocs\togel\app\Views\home\beranda.php(8): CodeIgniter\Debug\Exceptions->errorHandler(2, 'Undefined varia...', 'C:\\xampp\\htdocs...', 8)
#1 C:\xampp\htdocs\togel\vendor\codeigniter4\framework\system\View\View.php(220): include('C:\\xampp\\htdocs...')
#2 C:\xampp\htdocs\togel\vendor\codeigniter4\framework\system\View\View.php(222): CodeIgniter\View\View->CodeIgniter\View\{closure}()
#3 C:\xampp\htdocs\togel\vendor\codeigniter4\framework\system\Common.php(1217): CodeIgniter\View\View->render('Home/beranda.ph...', Array, true)
#4 C:\xampp\htdocs\togel\app\Views\layout\v_content.php(3): view('Home/beranda.ph...')
#5 C:\xampp\htdocs\togel\vendor\codeigniter4\framework\system\View\View.php(220): include('C:\\xampp\\htdocs...')
#6 C:\xampp\htdocs\togel\vendor\codeigniter4\framework\system\View\View.php(222): CodeIgniter\View\View->CodeIgniter\View\{closure}()
#7 C:\xampp\htdocs\togel\vendor\codeigniter4\framework\system\Common.php(1217): CodeIgniter\View\View->render('layout/v_conten...', Array, true)
#8 C:\xampp\htdocs\togel\app\Views\layout\v_wrapper.php(7): view('layout/v_conten...')
#9 C:\xampp\htdocs\togel\vendor\codeigniter4\framework\system\View\View.php(220): include('C:\\xampp\\htdocs...')
#10 C:\xampp\htdocs\togel\vendor\codeigniter4\framework\system\View\View.php(222): CodeIgniter\View\View->CodeIgniter\View\{closure}()
#11 C:\xampp\htdocs\togel\vendor\codeigniter4\framework\system\Common.php(1217): CodeIgniter\View\View->render('layout/v_wrappe...', Array, true)
#12 C:\xampp\htdocs\togel\app\Controllers\Home.php(21): view('layout/v_wrappe...', Array)
#13 C:\xampp\htdocs\togel\vendor\codeigniter4\framework\system\CodeIgniter.php(935): App\Controllers\Home->index()
#14 C:\xampp\htdocs\togel\vendor\codeigniter4\framework\system\CodeIgniter.php(431): CodeIgniter\CodeIgniter->runController(Object(App\Controllers\Home))
#15 C:\xampp\htdocs\togel\vendor\codeigniter4\framework\system\CodeIgniter.php(332): CodeIgniter\CodeIgniter->handleRequest(NULL, Object(Config\Cache), false)
#16 C:\xampp\htdocs\togel\public\index.php(44): CodeIgniter\CodeIgniter->run()
#17 {main}
CRITICAL - 2022-02-22 08:16:34 --> Undefined variable $hari_ini
#0 C:\xampp\htdocs\togel\app\Views\home\beranda.php(8): CodeIgniter\Debug\Exceptions->errorHandler(2, 'Undefined varia...', 'C:\\xampp\\htdocs...', 8)
#1 C:\xampp\htdocs\togel\vendor\codeigniter4\framework\system\View\View.php(220): include('C:\\xampp\\htdocs...')
#2 C:\xampp\htdocs\togel\vendor\codeigniter4\framework\system\View\View.php(222): CodeIgniter\View\View->CodeIgniter\View\{closure}()
#3 C:\xampp\htdocs\togel\vendor\codeigniter4\framework\system\Common.php(1217): CodeIgniter\View\View->render('Home/beranda.ph...', Array, true)
#4 C:\xampp\htdocs\togel\app\Views\layout\v_content.php(3): view('Home/beranda.ph...')
#5 C:\xampp\htdocs\togel\vendor\codeigniter4\framework\system\View\View.php(220): include('C:\\xampp\\htdocs...')
#6 C:\xampp\htdocs\togel\vendor\codeigniter4\framework\system\View\View.php(222): CodeIgniter\View\View->CodeIgniter\View\{closure}()
#7 C:\xampp\htdocs\togel\vendor\codeigniter4\framework\system\Common.php(1217): CodeIgniter\View\View->render('layout/v_conten...', Array, true)
#8 C:\xampp\htdocs\togel\app\Views\layout\v_wrapper.php(7): view('layout/v_conten...')
#9 C:\xampp\htdocs\togel\vendor\codeigniter4\framework\system\View\View.php(220): include('C:\\xampp\\htdocs...')
#10 C:\xampp\htdocs\togel\vendor\codeigniter4\framework\system\View\View.php(222): CodeIgniter\View\View->CodeIgniter\View\{closure}()
#11 C:\xampp\htdocs\togel\vendor\codeigniter4\framework\system\Common.php(1217): CodeIgniter\View\View->render('layout/v_wrappe...', Array, true)
#12 C:\xampp\htdocs\togel\app\Controllers\Home.php(21): view('layout/v_wrappe...', Array)
#13 C:\xampp\htdocs\togel\vendor\codeigniter4\framework\system\CodeIgniter.php(935): App\Controllers\Home->index()
#14 C:\xampp\htdocs\togel\vendor\codeigniter4\framework\system\CodeIgniter.php(431): CodeIgniter\CodeIgniter->runController(Object(App\Controllers\Home))
#15 C:\xampp\htdocs\togel\vendor\codeigniter4\framework\system\CodeIgniter.php(332): CodeIgniter\CodeIgniter->handleRequest(NULL, Object(Config\Cache), false)
#16 C:\xampp\htdocs\togel\public\index.php(44): CodeIgniter\CodeIgniter->run()
#17 {main}
CRITICAL - 2022-02-22 08:17:44 --> Undefined variable $hari_ini
#0 C:\xampp\htdocs\togel\app\Views\home\beranda.php(9): CodeIgniter\Debug\Exceptions->errorHandler(2, 'Undefined varia...', 'C:\\xampp\\htdocs...', 9)
#1 C:\xampp\htdocs\togel\vendor\codeigniter4\framework\system\View\View.php(220): include('C:\\xampp\\htdocs...')
#2 C:\xampp\htdocs\togel\vendor\codeigniter4\framework\system\View\View.php(222): CodeIgniter\View\View->CodeIgniter\View\{closure}()
#3 C:\xampp\htdocs\togel\vendor\codeigniter4\framework\system\Common.php(1217): CodeIgniter\View\View->render('Home/beranda.ph...', Array, true)
#4 C:\xampp\htdocs\togel\app\Views\layout\v_content.php(3): view('Home/beranda.ph...')
#5 C:\xampp\htdocs\togel\vendor\codeigniter4\framework\system\View\View.php(220): include('C:\\xampp\\htdocs...')
#6 C:\xampp\htdocs\togel\vendor\codeigniter4\framework\system\View\View.php(222): CodeIgniter\View\View->CodeIgniter\View\{closure}()
#7 C:\xampp\htdocs\togel\vendor\codeigniter4\framework\system\Common.php(1217): CodeIgniter\View\View->render('layout/v_conten...', Array, true)
#8 C:\xampp\htdocs\togel\app\Views\layout\v_wrapper.php(7): view('layout/v_conten...')
#9 C:\xampp\htdocs\togel\vendor\codeigniter4\framework\system\View\View.php(220): include('C:\\xampp\\htdocs...')
#10 C:\xampp\htdocs\togel\vendor\codeigniter4\framework\system\View\View.php(222): CodeIgniter\View\View->CodeIgniter\View\{closure}()
#11 C:\xampp\htdocs\togel\vendor\codeigniter4\framework\system\Common.php(1217): CodeIgniter\View\View->render('layout/v_wrappe...', Array, true)
#12 C:\xampp\htdocs\togel\app\Controllers\Home.php(21): view('layout/v_wrappe...', Array)
#13 C:\xampp\htdocs\togel\vendor\codeigniter4\framework\system\CodeIgniter.php(935): App\Controllers\Home->index()
#14 C:\xampp\htdocs\togel\vendor\codeigniter4\framework\system\CodeIgniter.php(431): CodeIgniter\CodeIgniter->runController(Object(App\Controllers\Home))
#15 C:\xampp\htdocs\togel\vendor\codeigniter4\framework\system\CodeIgniter.php(332): CodeIgniter\CodeIgniter->handleRequest(NULL, Object(Config\Cache), false)
#16 C:\xampp\htdocs\togel\public\index.php(44): CodeIgniter\CodeIgniter->run()
#17 {main}
CRITICAL - 2022-02-22 08:17:54 --> Undefined variable $hari_ini
#0 C:\xampp\htdocs\togel\app\Views\home\beranda.php(9): CodeIgniter\Debug\Exceptions->errorHandler(2, 'Undefined varia...', 'C:\\xampp\\htdocs...', 9)
#1 C:\xampp\htdocs\togel\vendor\codeigniter4\framework\system\View\View.php(220): include('C:\\xampp\\htdocs...')
#2 C:\xampp\htdocs\togel\vendor\codeigniter4\framework\system\View\View.php(222): CodeIgniter\View\View->CodeIgniter\View\{closure}()
#3 C:\xampp\htdocs\togel\vendor\codeigniter4\framework\system\Common.php(1217): CodeIgniter\View\View->render('Home/beranda.ph...', Array, true)
#4 C:\xampp\htdocs\togel\app\Views\layout\v_content.php(3): view('Home/beranda.ph...')
#5 C:\xampp\htdocs\togel\vendor\codeigniter4\framework\system\View\View.php(220): include('C:\\xampp\\htdocs...')
#6 C:\xampp\htdocs\togel\vendor\codeigniter4\framework\system\View\View.php(222): CodeIgniter\View\View->CodeIgniter\View\{closure}()
#7 C:\xampp\htdocs\togel\vendor\codeigniter4\framework\system\Common.php(1217): CodeIgniter\View\View->render('layout/v_conten...', Array, true)
#8 C:\xampp\htdocs\togel\app\Views\layout\v_wrapper.php(7): view('layout/v_conten...')
#9 C:\xampp\htdocs\togel\vendor\codeigniter4\framework\system\View\View.php(220): include('C:\\xampp\\htdocs...')
#10 C:\xampp\htdocs\togel\vendor\codeigniter4\framework\system\View\View.php(222): CodeIgniter\View\View->CodeIgniter\View\{closure}()
#11 C:\xampp\htdocs\togel\vendor\codeigniter4\framework\system\Common.php(1217): CodeIgniter\View\View->render('layout/v_wrappe...', Array, true)
#12 C:\xampp\htdocs\togel\app\Controllers\Home.php(21): view('layout/v_wrappe...', Array)
#13 C:\xampp\htdocs\togel\vendor\codeigniter4\framework\system\CodeIgniter.php(935): App\Controllers\Home->index()
#14 C:\xampp\htdocs\togel\vendor\codeigniter4\framework\system\CodeIgniter.php(431): CodeIgniter\CodeIgniter->runController(Object(App\Controllers\Home))
#15 C:\xampp\htdocs\togel\vendor\codeigniter4\framework\system\CodeIgniter.php(332): CodeIgniter\CodeIgniter->handleRequest(NULL, Object(Config\Cache), false)
#16 C:\xampp\htdocs\togel\public\index.php(44): CodeIgniter\CodeIgniter->run()
#17 {main}
CRITICAL - 2022-02-22 08:18:36 --> Undefined variable $hari_ini
#0 C:\xampp\htdocs\togel\app\Views\home\beranda.php(9): CodeIgniter\Debug\Exceptions->errorHandler(2, 'Undefined varia...', 'C:\\xampp\\htdocs...', 9)
#1 C:\xampp\htdocs\togel\vendor\codeigniter4\framework\system\View\View.php(220): include('C:\\xampp\\htdocs...')
#2 C:\xampp\htdocs\togel\vendor\codeigniter4\framework\system\View\View.php(222): CodeIgniter\View\View->CodeIgniter\View\{closure}()
#3 C:\xampp\htdocs\togel\vendor\codeigniter4\framework\system\Common.php(1217): CodeIgniter\View\View->render('Home/beranda.ph...', Array, true)
#4 C:\xampp\htdocs\togel\app\Views\layout\v_content.php(3): view('Home/beranda.ph...')
#5 C:\xampp\htdocs\togel\vendor\codeigniter4\framework\system\View\View.php(220): include('C:\\xampp\\htdocs...')
#6 C:\xampp\htdocs\togel\vendor\codeigniter4\framework\system\View\View.php(222): CodeIgniter\View\View->CodeIgniter\View\{closure}()
#7 C:\xampp\htdocs\togel\vendor\codeigniter4\framework\system\Common.php(1217): CodeIgniter\View\View->render('layout/v_conten...', Array, true)
#8 C:\xampp\htdocs\togel\app\Views\layout\v_wrapper.php(7): view('layout/v_conten...')
#9 C:\xampp\htdocs\togel\vendor\codeigniter4\framework\system\View\View.php(220): include('C:\\xampp\\htdocs...')
#10 C:\xampp\htdocs\togel\vendor\codeigniter4\framework\system\View\View.php(222): CodeIgniter\View\View->CodeIgniter\View\{closure}()
#11 C:\xampp\htdocs\togel\vendor\codeigniter4\framework\system\Common.php(1217): CodeIgniter\View\View->render('layout/v_wrappe...', Array, true)
#12 C:\xampp\htdocs\togel\app\Controllers\Home.php(21): view('layout/v_wrappe...', Array)
#13 C:\xampp\htdocs\togel\vendor\codeigniter4\framework\system\CodeIgniter.php(935): App\Controllers\Home->index()
#14 C:\xampp\htdocs\togel\vendor\codeigniter4\framework\system\CodeIgniter.php(431): CodeIgniter\CodeIgniter->runController(Object(App\Controllers\Home))
#15 C:\xampp\htdocs\togel\vendor\codeigniter4\framework\system\CodeIgniter.php(332): CodeIgniter\CodeIgniter->handleRequest(NULL, Object(Config\Cache), false)
#16 C:\xampp\htdocs\togel\public\index.php(44): CodeIgniter\CodeIgniter->run()
#17 {main}
CRITICAL - 2022-02-22 08:18:49 --> Undefined variable $hari_ini
#0 C:\xampp\htdocs\togel\app\Views\home\beranda.php(9): CodeIgniter\Debug\Exceptions->errorHandler(2, 'Undefined varia...', 'C:\\xampp\\htdocs...', 9)
#1 C:\xampp\htdocs\togel\vendor\codeigniter4\framework\system\View\View.php(220): include('C:\\xampp\\htdocs...')
#2 C:\xampp\htdocs\togel\vendor\codeigniter4\framework\system\View\View.php(222): CodeIgniter\View\View->CodeIgniter\View\{closure}()
#3 C:\xampp\htdocs\togel\vendor\codeigniter4\framework\system\Common.php(1217): CodeIgniter\View\View->render('Home/beranda.ph...', Array, true)
#4 C:\xampp\htdocs\togel\app\Views\layout\v_content.php(3): view('Home/beranda.ph...')
#5 C:\xampp\htdocs\togel\vendor\codeigniter4\framework\system\View\View.php(220): include('C:\\xampp\\htdocs...')
#6 C:\xampp\htdocs\togel\vendor\codeigniter4\framework\system\View\View.php(222): CodeIgniter\View\View->CodeIgniter\View\{closure}()
#7 C:\xampp\htdocs\togel\vendor\codeigniter4\framework\system\Common.php(1217): CodeIgniter\View\View->render('layout/v_conten...', Array, true)
#8 C:\xampp\htdocs\togel\app\Views\layout\v_wrapper.php(7): view('layout/v_conten...')
#9 C:\xampp\htdocs\togel\vendor\codeigniter4\framework\system\View\View.php(220): include('C:\\xampp\\htdocs...')
#10 C:\xampp\htdocs\togel\vendor\codeigniter4\framework\system\View\View.php(222): CodeIgniter\View\View->CodeIgniter\View\{closure}()
#11 C:\xampp\htdocs\togel\vendor\codeigniter4\framework\system\Common.php(1217): CodeIgniter\View\View->render('layout/v_wrappe...', Array, true)
#12 C:\xampp\htdocs\togel\app\Controllers\Home.php(21): view('layout/v_wrappe...', Array)
#13 C:\xampp\htdocs\togel\vendor\codeigniter4\framework\system\CodeIgniter.php(935): App\Controllers\Home->index()
#14 C:\xampp\htdocs\togel\vendor\codeigniter4\framework\system\CodeIgniter.php(431): CodeIgniter\CodeIgniter->runController(Object(App\Controllers\Home))
#15 C:\xampp\htdocs\togel\vendor\codeigniter4\framework\system\CodeIgniter.php(332): CodeIgniter\CodeIgniter->handleRequest(NULL, Object(Config\Cache), false)
#16 C:\xampp\htdocs\togel\public\index.php(44): CodeIgniter\CodeIgniter->run()
#17 {main}
CRITICAL - 2022-02-22 08:18:49 --> Undefined variable $hari_ini
#0 C:\xampp\htdocs\togel\app\Views\home\beranda.php(9): CodeIgniter\Debug\Exceptions->errorHandler(2, 'Undefined varia...', 'C:\\xampp\\htdocs...', 9)
#1 C:\xampp\htdocs\togel\vendor\codeigniter4\framework\system\View\View.php(220): include('C:\\xampp\\htdocs...')
#2 C:\xampp\htdocs\togel\vendor\codeigniter4\framework\system\View\View.php(222): CodeIgniter\View\View->CodeIgniter\View\{closure}()
#3 C:\xampp\htdocs\togel\vendor\codeigniter4\framework\system\Common.php(1217): CodeIgniter\View\View->render('Home/beranda.ph...', Array, true)
#4 C:\xampp\htdocs\togel\app\Views\layout\v_content.php(3): view('Home/beranda.ph...')
#5 C:\xampp\htdocs\togel\vendor\codeigniter4\framework\system\View\View.php(220): include('C:\\xampp\\htdocs...')
#6 C:\xampp\htdocs\togel\vendor\codeigniter4\framework\system\View\View.php(222): CodeIgniter\View\View->CodeIgniter\View\{closure}()
#7 C:\xampp\htdocs\togel\vendor\codeigniter4\framework\system\Common.php(1217): CodeIgniter\View\View->render('layout/v_conten...', Array, true)
#8 C:\xampp\htdocs\togel\app\Views\layout\v_wrapper.php(7): view('layout/v_conten...')
#9 C:\xampp\htdocs\togel\vendor\codeigniter4\framework\system\View\View.php(220): include('C:\\xampp\\htdocs...')
#10 C:\xampp\htdocs\togel\vendor\codeigniter4\framework\system\View\View.php(222): CodeIgniter\View\View->CodeIgniter\View\{closure}()
#11 C:\xampp\htdocs\togel\vendor\codeigniter4\framework\system\Common.php(1217): CodeIgniter\View\View->render('layout/v_wrappe...', Array, true)
#12 C:\xampp\htdocs\togel\app\Controllers\Home.php(21): view('layout/v_wrappe...', Array)
#13 C:\xampp\htdocs\togel\vendor\codeigniter4\framework\system\CodeIgniter.php(935): App\Controllers\Home->index()
#14 C:\xampp\htdocs\togel\vendor\codeigniter4\framework\system\CodeIgniter.php(431): CodeIgniter\CodeIgniter->runController(Object(App\Controllers\Home))
#15 C:\xampp\htdocs\togel\vendor\codeigniter4\framework\system\CodeIgniter.php(332): CodeIgniter\CodeIgniter->handleRequest(NULL, Object(Config\Cache), false)
#16 C:\xampp\htdocs\togel\public\index.php(44): CodeIgniter\CodeIgniter->run()
#17 {main}
CRITICAL - 2022-02-22 08:18:51 --> Undefined variable $hari_ini
#0 C:\xampp\htdocs\togel\app\Views\home\beranda.php(9): CodeIgniter\Debug\Exceptions->errorHandler(2, 'Undefined varia...', 'C:\\xampp\\htdocs...', 9)
#1 C:\xampp\htdocs\togel\vendor\codeigniter4\framework\system\View\View.php(220): include('C:\\xampp\\htdocs...')
#2 C:\xampp\htdocs\togel\vendor\codeigniter4\framework\system\View\View.php(222): CodeIgniter\View\View->CodeIgniter\View\{closure}()
#3 C:\xampp\htdocs\togel\vendor\codeigniter4\framework\system\Common.php(1217): CodeIgniter\View\View->render('Home/beranda.ph...', Array, true)
#4 C:\xampp\htdocs\togel\app\Views\layout\v_content.php(3): view('Home/beranda.ph...')
#5 C:\xampp\htdocs\togel\vendor\codeigniter4\framework\system\View\View.php(220): include('C:\\xampp\\htdocs...')
#6 C:\xampp\htdocs\togel\vendor\codeigniter4\framework\system\View\View.php(222): CodeIgniter\View\View->CodeIgniter\View\{closure}()
#7 C:\xampp\htdocs\togel\vendor\codeigniter4\framework\system\Common.php(1217): CodeIgniter\View\View->render('layout/v_conten...', Array, true)
#8 C:\xampp\htdocs\togel\app\Views\layout\v_wrapper.php(7): view('layout/v_conten...')
#9 C:\xampp\htdocs\togel\vendor\codeigniter4\framework\system\View\View.php(220): include('C:\\xampp\\htdocs...')
#10 C:\xampp\htdocs\togel\vendor\codeigniter4\framework\system\View\View.php(222): CodeIgniter\View\View->CodeIgniter\View\{closure}()
#11 C:\xampp\htdocs\togel\vendor\codeigniter4\framework\system\Common.php(1217): CodeIgniter\View\View->render('layout/v_wrappe...', Array, true)
#12 C:\xampp\htdocs\togel\app\Controllers\Home.php(21): view('layout/v_wrappe...', Array)
#13 C:\xampp\htdocs\togel\vendor\codeigniter4\framework\system\CodeIgniter.php(935): App\Controllers\Home->index()
#14 C:\xampp\htdocs\togel\vendor\codeigniter4\framework\system\CodeIgniter.php(431): CodeIgniter\CodeIgniter->runController(Object(App\Controllers\Home))
#15 C:\xampp\htdocs\togel\vendor\codeigniter4\framework\system\CodeIgniter.php(332): CodeIgniter\CodeIgniter->handleRequest(NULL, Object(Config\Cache), false)
#16 C:\xampp\htdocs\togel\public\index.php(44): CodeIgniter\CodeIgniter->run()
#17 {main}
CRITICAL - 2022-02-22 08:20:34 --> Class "Time" not found
#0 C:\xampp\htdocs\togel\vendor\codeigniter4\framework\system\View\View.php(220): include()
#1 C:\xampp\htdocs\togel\vendor\codeigniter4\framework\system\View\View.php(222): CodeIgniter\View\View->CodeIgniter\View\{closure}()
#2 C:\xampp\htdocs\togel\vendor\codeigniter4\framework\system\Common.php(1217): CodeIgniter\View\View->render('Home/beranda.ph...', Array, true)
#3 C:\xampp\htdocs\togel\app\Views\layout\v_content.php(3): view('Home/beranda.ph...')
#4 C:\xampp\htdocs\togel\vendor\codeigniter4\framework\system\View\View.php(220): include('C:\\xampp\\htdocs...')
#5 C:\xampp\htdocs\togel\vendor\codeigniter4\framework\system\View\View.php(222): CodeIgniter\View\View->CodeIgniter\View\{closure}()
#6 C:\xampp\htdocs\togel\vendor\codeigniter4\framework\system\Common.php(1217): CodeIgniter\View\View->render('layout/v_conten...', Array, true)
#7 C:\xampp\htdocs\togel\app\Views\layout\v_wrapper.php(7): view('layout/v_conten...')
#8 C:\xampp\htdocs\togel\vendor\codeigniter4\framework\system\View\View.php(220): include('C:\\xampp\\htdocs...')
#9 C:\xampp\htdocs\togel\vendor\codeigniter4\framework\system\View\View.php(222): CodeIgniter\View\View->CodeIgniter\View\{closure}()
#10 C:\xampp\htdocs\togel\vendor\codeigniter4\framework\system\Common.php(1217): CodeIgniter\View\View->render('layout/v_wrappe...', Array, true)
#11 C:\xampp\htdocs\togel\app\Controllers\Home.php(21): view('layout/v_wrappe...', Array)
#12 C:\xampp\htdocs\togel\vendor\codeigniter4\framework\system\CodeIgniter.php(935): App\Controllers\Home->index()
#13 C:\xampp\htdocs\togel\vendor\codeigniter4\framework\system\CodeIgniter.php(431): CodeIgniter\CodeIgniter->runController(Object(App\Controllers\Home))
#14 C:\xampp\htdocs\togel\vendor\codeigniter4\framework\system\CodeIgniter.php(332): CodeIgniter\CodeIgniter->handleRequest(NULL, Object(Config\Cache), false)
#15 C:\xampp\htdocs\togel\public\index.php(44): CodeIgniter\CodeIgniter->run()
#16 {main}
CRITICAL - 2022-02-22 08:21:06 --> Class "Time" not found
#0 C:\xampp\htdocs\togel\vendor\codeigniter4\framework\system\View\View.php(220): include()
#1 C:\xampp\htdocs\togel\vendor\codeigniter4\framework\system\View\View.php(222): CodeIgniter\View\View->CodeIgniter\View\{closure}()
#2 C:\xampp\htdocs\togel\vendor\codeigniter4\framework\system\Common.php(1217): CodeIgniter\View\View->render('Home/beranda.ph...', Array, true)
#3 C:\xampp\htdocs\togel\app\Views\layout\v_content.php(3): view('Home/beranda.ph...')
#4 C:\xampp\htdocs\togel\vendor\codeigniter4\framework\system\View\View.php(220): include('C:\\xampp\\htdocs...')
#5 C:\xampp\htdocs\togel\vendor\codeigniter4\framework\system\View\View.php(222): CodeIgniter\View\View->CodeIgniter\View\{closure}()
#6 C:\xampp\htdocs\togel\vendor\codeigniter4\framework\system\Common.php(1217): CodeIgniter\View\View->render('layout/v_conten...', Array, true)
#7 C:\xampp\htdocs\togel\app\Views\layout\v_wrapper.php(7): view('layout/v_conten...')
#8 C:\xampp\htdocs\togel\vendor\codeigniter4\framework\system\View\View.php(220): include('C:\\xampp\\htdocs...')
#9 C:\xampp\htdocs\togel\vendor\codeigniter4\framework\system\View\View.php(222): CodeIgniter\View\View->CodeIgniter\View\{closure}()
#10 C:\xampp\htdocs\togel\vendor\codeigniter4\framework\system\Common.php(1217): CodeIgniter\View\View->render('layout/v_wrappe...', Array, true)
#11 C:\xampp\htdocs\togel\app\Controllers\Home.php(21): view('layout/v_wrappe...', Array)
#12 C:\xampp\htdocs\togel\vendor\codeigniter4\framework\system\CodeIgniter.php(935): App\Controllers\Home->index()
#13 C:\xampp\htdocs\togel\vendor\codeigniter4\framework\system\CodeIgniter.php(431): CodeIgniter\CodeIgniter->runController(Object(App\Controllers\Home))
#14 C:\xampp\htdocs\togel\vendor\codeigniter4\framework\system\CodeIgniter.php(332): CodeIgniter\CodeIgniter->handleRequest(NULL, Object(Config\Cache), false)
#15 C:\xampp\htdocs\togel\public\index.php(44): CodeIgniter\CodeIgniter->run()
#16 {main}
CRITICAL - 2022-02-22 08:26:13 --> Class "App\Controllers\Time" not found
#0 C:\xampp\htdocs\togel\vendor\codeigniter4\framework\system\CodeIgniter.php(935): App\Controllers\Home->index()
#1 C:\xampp\htdocs\togel\vendor\codeigniter4\framework\system\CodeIgniter.php(431): CodeIgniter\CodeIgniter->runController(Object(App\Controllers\Home))
#2 C:\xampp\htdocs\togel\vendor\codeigniter4\framework\system\CodeIgniter.php(332): CodeIgniter\CodeIgniter->handleRequest(NULL, Object(Config\Cache), false)
#3 C:\xampp\htdocs\togel\public\index.php(44): CodeIgniter\CodeIgniter->run()
#4 {main}
CRITICAL - 2022-02-22 08:33:50 --> Class "Time" not found
#0 C:\xampp\htdocs\togel\vendor\codeigniter4\framework\system\View\View.php(220): include()
#1 C:\xampp\htdocs\togel\vendor\codeigniter4\framework\system\View\View.php(222): CodeIgniter\View\View->CodeIgniter\View\{closure}()
#2 C:\xampp\htdocs\togel\vendor\codeigniter4\framework\system\Common.php(1217): CodeIgniter\View\View->render('Home/beranda.ph...', Array, true)
#3 C:\xampp\htdocs\togel\app\Views\layout\v_content.php(3): view('Home/beranda.ph...')
#4 C:\xampp\htdocs\togel\vendor\codeigniter4\framework\system\View\View.php(220): include('C:\\xampp\\htdocs...')
#5 C:\xampp\htdocs\togel\vendor\codeigniter4\framework\system\View\View.php(222): CodeIgniter\View\View->CodeIgniter\View\{closure}()
#6 C:\xampp\htdocs\togel\vendor\codeigniter4\framework\system\Common.php(1217): CodeIgniter\View\View->render('layout/v_conten...', Array, true)
#7 C:\xampp\htdocs\togel\app\Views\layout\v_wrapper.php(7): view('layout/v_conten...')
#8 C:\xampp\htdocs\togel\vendor\codeigniter4\framework\system\View\View.php(220): include('C:\\xampp\\htdocs...')
#9 C:\xampp\htdocs\togel\vendor\codeigniter4\framework\system\View\View.php(222): CodeIgniter\View\View->CodeIgniter\View\{closure}()
#10 C:\xampp\htdocs\togel\vendor\codeigniter4\framework\system\Common.php(1217): CodeIgniter\View\View->render('layout/v_wrappe...', Array, true)
#11 C:\xampp\htdocs\togel\app\Controllers\Home.php(25): view('layout/v_wrappe...', Array)
#12 C:\xampp\htdocs\togel\vendor\codeigniter4\framework\system\CodeIgniter.php(935): App\Controllers\Home->index()
#13 C:\xampp\htdocs\togel\vendor\codeigniter4\framework\system\CodeIgniter.php(431): CodeIgniter\CodeIgniter->runController(Object(App\Controllers\Home))
#14 C:\xampp\htdocs\togel\vendor\codeigniter4\framework\system\CodeIgniter.php(332): CodeIgniter\CodeIgniter->handleRequest(NULL, Object(Config\Cache), false)
#15 C:\xampp\htdocs\togel\public\index.php(44): CodeIgniter\CodeIgniter->run()
#16 {main}
CRITICAL - 2022-02-22 08:36:42 --> Class "App\Controllers\DateTime" not found
#0 C:\xampp\htdocs\togel\vendor\codeigniter4\framework\system\CodeIgniter.php(935): App\Controllers\Home->index()
#1 C:\xampp\htdocs\togel\vendor\codeigniter4\framework\system\CodeIgniter.php(431): CodeIgniter\CodeIgniter->runController(Object(App\Controllers\Home))
#2 C:\xampp\htdocs\togel\vendor\codeigniter4\framework\system\CodeIgniter.php(332): CodeIgniter\CodeIgniter->handleRequest(NULL, Object(Config\Cache), false)
#3 C:\xampp\htdocs\togel\public\index.php(44): CodeIgniter\CodeIgniter->run()
#4 {main}
