CRITICAL - 2022-02-27 01:19:44 --> Unclosed '[' on line 67 does not match ')'
#0 C:\xampp\htdocs\togel\vendor\codeigniter4\framework\system\Autoloader\Autoloader.php(274): CodeIgniter\Autoloader\Autoloader->includeFile('C:\\xampp\\htdocs...')
#1 C:\xampp\htdocs\togel\vendor\codeigniter4\framework\system\Autoloader\Autoloader.php(228): CodeIgniter\Autoloader\Autoloader->loadInNamespace('App\\Controllers...')
#2 [internal function]: CodeIgniter\Autoloader\Autoloader->loadClass('App\\Controllers...')
#3 C:\xampp\htdocs\togel\vendor\codeigniter4\framework\system\CodeIgniter.php(892): class_exists('\\App\\Controller...', true)
#4 C:\xampp\htdocs\togel\vendor\codeigniter4\framework\system\CodeIgniter.php(416): CodeIgniter\CodeIgniter->startController()
#5 C:\xampp\htdocs\togel\vendor\codeigniter4\framework\system\CodeIgniter.php(332): CodeIgniter\CodeIgniter->handleRequest(NULL, Object(Config\Cache), false)
#6 C:\xampp\htdocs\togel\public\index.php(44): CodeIgniter\CodeIgniter->run()
#7 {main}
CRITICAL - 2022-02-27 01:20:21 --> Unclosed '[' on line 67 does not match ')'
#0 C:\xampp\htdocs\togel\vendor\codeigniter4\framework\system\Autoloader\Autoloader.php(274): CodeIgniter\Autoloader\Autoloader->includeFile('C:\\xampp\\htdocs...')
#1 C:\xampp\htdocs\togel\vendor\codeigniter4\framework\system\Autoloader\Autoloader.php(228): CodeIgniter\Autoloader\Autoloader->loadInNamespace('App\\Controllers...')
#2 [internal function]: CodeIgniter\Autoloader\Autoloader->loadClass('App\\Controllers...')
#3 C:\xampp\htdocs\togel\vendor\codeigniter4\framework\system\CodeIgniter.php(892): class_exists('\\App\\Controller...', true)
#4 C:\xampp\htdocs\togel\vendor\codeigniter4\framework\system\CodeIgniter.php(416): CodeIgniter\CodeIgniter->startController()
#5 C:\xampp\htdocs\togel\vendor\codeigniter4\framework\system\CodeIgniter.php(332): CodeIgniter\CodeIgniter->handleRequest(NULL, Object(Config\Cache), false)
#6 C:\xampp\htdocs\togel\public\index.php(44): CodeIgniter\CodeIgniter->run()
#7 {main}
ERROR - 2022-02-27 04:13:58 --> Error connecting to the database: Call to undefined function CodeIgniter\Database\MySQLi\mysqli_init()
CRITICAL - 2022-02-27 04:13:58 --> Unable to connect to the database.
#0 C:\xampp\htdocs\togel\vendor\codeigniter4\framework\system\Database\BaseConnection.php(620): CodeIgniter\Database\BaseConnection->initialize()
#1 C:\xampp\htdocs\togel\vendor\codeigniter4\framework\system\Database\BaseBuilder.php(1866): CodeIgniter\Database\BaseConnection->query('SELECT `nomor_t...', Array, false)
#2 C:\xampp\htdocs\togel\app\Controllers\Home.php(27): CodeIgniter\Database\BaseBuilder->get()
#3 C:\xampp\htdocs\togel\vendor\codeigniter4\framework\system\CodeIgniter.php(935): App\Controllers\Home->index()
#4 C:\xampp\htdocs\togel\vendor\codeigniter4\framework\system\CodeIgniter.php(431): CodeIgniter\CodeIgniter->runController(Object(App\Controllers\Home))
#5 C:\xampp\htdocs\togel\vendor\codeigniter4\framework\system\CodeIgniter.php(332): CodeIgniter\CodeIgniter->handleRequest(NULL, Object(Config\Cache), false)
#6 C:\xampp\htdocs\togel\public\index.php(44): CodeIgniter\CodeIgniter->run()
#7 {main}
ERROR - 2022-02-27 04:14:26 --> Error connecting to the database: Call to undefined function CodeIgniter\Database\MySQLi\mysqli_init()
CRITICAL - 2022-02-27 04:14:26 --> Unable to connect to the database.
#0 C:\xampp\htdocs\togel\vendor\codeigniter4\framework\system\Database\BaseConnection.php(620): CodeIgniter\Database\BaseConnection->initialize()
#1 C:\xampp\htdocs\togel\vendor\codeigniter4\framework\system\Database\BaseBuilder.php(1866): CodeIgniter\Database\BaseConnection->query('SELECT `nomor_t...', Array, false)
#2 C:\xampp\htdocs\togel\app\Controllers\Home.php(27): CodeIgniter\Database\BaseBuilder->get()
#3 C:\xampp\htdocs\togel\vendor\codeigniter4\framework\system\CodeIgniter.php(935): App\Controllers\Home->index()
#4 C:\xampp\htdocs\togel\vendor\codeigniter4\framework\system\CodeIgniter.php(431): CodeIgniter\CodeIgniter->runController(Object(App\Controllers\Home))
#5 C:\xampp\htdocs\togel\vendor\codeigniter4\framework\system\CodeIgniter.php(332): CodeIgniter\CodeIgniter->handleRequest(NULL, Object(Config\Cache), false)
#6 C:\xampp\htdocs\togel\public\index.php(44): CodeIgniter\CodeIgniter->run()
#7 {main}
ERROR - 2022-02-27 05:40:18 --> mysqli_sql_exception: Unknown column 'nomor_data' in 'field list' in C:\xampp\htdocs\togel\vendor\codeigniter4\framework\system\Database\MySQLi\Connection.php:314
Stack trace:
#0 C:\xampp\htdocs\togel\vendor\codeigniter4\framework\system\Database\MySQLi\Connection.php(314): mysqli->query('SELECT `nomor_d...')
#1 C:\xampp\htdocs\togel\vendor\codeigniter4\framework\system\Database\BaseConnection.php(715): CodeIgniter\Database\MySQLi\Connection->execute('SELECT `nomor_d...')
#2 C:\xampp\htdocs\togel\vendor\codeigniter4\framework\system\Database\BaseConnection.php(643): CodeIgniter\Database\BaseConnection->simpleQuery('SELECT `nomor_d...')
#3 C:\xampp\htdocs\togel\vendor\codeigniter4\framework\system\Database\BaseBuilder.php(1866): CodeIgniter\Database\BaseConnection->query('SELECT `nomor_d...', Array, false)
#4 C:\xampp\htdocs\togel\app\Controllers\Home.php(27): CodeIgniter\Database\BaseBuilder->get()
#5 C:\xampp\htdocs\togel\vendor\codeigniter4\framework\system\CodeIgniter.php(935): App\Controllers\Home->index()
#6 C:\xampp\htdocs\togel\vendor\codeigniter4\framework\system\CodeIgniter.php(431): CodeIgniter\CodeIgniter->runController(Object(App\Controllers\Home))
#7 C:\xampp\htdocs\togel\vendor\codeigniter4\framework\system\CodeIgniter.php(332): CodeIgniter\CodeIgniter->handleRequest(NULL, Object(Config\Cache), false)
#8 C:\xampp\htdocs\togel\public\index.php(44): CodeIgniter\CodeIgniter->run()
#9 {main}
CRITICAL - 2022-02-27 05:40:18 --> Unknown column 'nomor_data' in 'field list'
#0 C:\xampp\htdocs\togel\vendor\codeigniter4\framework\system\Database\MySQLi\Connection.php(314): mysqli->query('SELECT `nomor_d...')
#1 C:\xampp\htdocs\togel\vendor\codeigniter4\framework\system\Database\BaseConnection.php(715): CodeIgniter\Database\MySQLi\Connection->execute('SELECT `nomor_d...')
#2 C:\xampp\htdocs\togel\vendor\codeigniter4\framework\system\Database\BaseConnection.php(643): CodeIgniter\Database\BaseConnection->simpleQuery('SELECT `nomor_d...')
#3 C:\xampp\htdocs\togel\vendor\codeigniter4\framework\system\Database\BaseBuilder.php(1866): CodeIgniter\Database\BaseConnection->query('SELECT `nomor_d...', Array, false)
#4 C:\xampp\htdocs\togel\app\Controllers\Home.php(27): CodeIgniter\Database\BaseBuilder->get()
#5 C:\xampp\htdocs\togel\vendor\codeigniter4\framework\system\CodeIgniter.php(935): App\Controllers\Home->index()
#6 C:\xampp\htdocs\togel\vendor\codeigniter4\framework\system\CodeIgniter.php(431): CodeIgniter\CodeIgniter->runController(Object(App\Controllers\Home))
#7 C:\xampp\htdocs\togel\vendor\codeigniter4\framework\system\CodeIgniter.php(332): CodeIgniter\CodeIgniter->handleRequest(NULL, Object(Config\Cache), false)
#8 C:\xampp\htdocs\togel\public\index.php(44): CodeIgniter\CodeIgniter->run()
#9 {main}
CRITICAL - 2022-02-27 14:56:32 --> Call to undefined function CodeIgniter\locale_set_default()
#0 C:\xampp\htdocs\togel\vendor\codeigniter4\framework\system\bootstrap.php(158): CodeIgniter\CodeIgniter->initialize()
#1 C:\xampp\htdocs\togel\public\index.php(35): require('C:\\xampp\\htdocs...')
#2 {main}
CRITICAL - 2022-02-27 14:56:39 --> Call to undefined function CodeIgniter\locale_set_default()
#0 C:\xampp\htdocs\togel\vendor\codeigniter4\framework\system\bootstrap.php(158): CodeIgniter\CodeIgniter->initialize()
#1 C:\xampp\htdocs\togel\public\index.php(35): require('C:\\xampp\\htdocs...')
#2 {main}
CRITICAL - 2022-02-27 19:23:08 --> Undefined variable: 
#0 C:\xampp\htdocs\togel\app\Views\home\beranda.php(96): CodeIgniter\Debug\Exceptions->errorHandler(8, 'Undefined varia...', 'C:\\xampp\\htdocs...', 96, Array)
#1 C:\xampp\htdocs\togel\vendor\codeigniter4\framework\system\View\View.php(220): include('C:\\xampp\\htdocs...')
#2 C:\xampp\htdocs\togel\vendor\codeigniter4\framework\system\View\View.php(222): CodeIgniter\View\View->CodeIgniter\View\{closure}()
#3 C:\xampp\htdocs\togel\vendor\codeigniter4\framework\system\Common.php(1217): CodeIgniter\View\View->render('home/beranda.ph...', Array, true)
#4 C:\xampp\htdocs\togel\app\Views\layout\v_content.php(3): view('home/beranda.ph...')
#5 C:\xampp\htdocs\togel\vendor\codeigniter4\framework\system\View\View.php(220): include('C:\\xampp\\htdocs...')
#6 C:\xampp\htdocs\togel\vendor\codeigniter4\framework\system\View\View.php(222): CodeIgniter\View\View->CodeIgniter\View\{closure}()
#7 C:\xampp\htdocs\togel\vendor\codeigniter4\framework\system\Common.php(1217): CodeIgniter\View\View->render('layout/v_conten...', Array, true)
#8 C:\xampp\htdocs\togel\app\Views\layout\v_wrapper.php(7): view('layout/v_conten...')
#9 C:\xampp\htdocs\togel\vendor\codeigniter4\framework\system\View\View.php(220): include('C:\\xampp\\htdocs...')
#10 C:\xampp\htdocs\togel\vendor\codeigniter4\framework\system\View\View.php(222): CodeIgniter\View\View->CodeIgniter\View\{closure}()
#11 C:\xampp\htdocs\togel\vendor\codeigniter4\framework\system\Common.php(1217): CodeIgniter\View\View->render('layout/v_wrappe...', Array, true)
#12 C:\xampp\htdocs\togel\app\Controllers\Home.php(53): view('layout/v_wrappe...', Array)
#13 C:\xampp\htdocs\togel\vendor\codeigniter4\framework\system\CodeIgniter.php(935): App\Controllers\Home->index()
#14 C:\xampp\htdocs\togel\vendor\codeigniter4\framework\system\CodeIgniter.php(431): CodeIgniter\CodeIgniter->runController(Object(App\Controllers\Home))
#15 C:\xampp\htdocs\togel\vendor\codeigniter4\framework\system\CodeIgniter.php(332): CodeIgniter\CodeIgniter->handleRequest(NULL, Object(Config\Cache), false)
#16 C:\xampp\htdocs\togel\public\index.php(44): CodeIgniter\CodeIgniter->run()
#17 {main}
CRITICAL - 2022-02-27 19:23:31 --> Undefined variable: SD
#0 C:\xampp\htdocs\togel\app\Views\home\beranda.php(95): CodeIgniter\Debug\Exceptions->errorHandler(8, 'Undefined varia...', 'C:\\xampp\\htdocs...', 95, Array)
#1 C:\xampp\htdocs\togel\vendor\codeigniter4\framework\system\View\View.php(220): include('C:\\xampp\\htdocs...')
#2 C:\xampp\htdocs\togel\vendor\codeigniter4\framework\system\View\View.php(222): CodeIgniter\View\View->CodeIgniter\View\{closure}()
#3 C:\xampp\htdocs\togel\vendor\codeigniter4\framework\system\Common.php(1217): CodeIgniter\View\View->render('home/beranda.ph...', Array, true)
#4 C:\xampp\htdocs\togel\app\Views\layout\v_content.php(3): view('home/beranda.ph...')
#5 C:\xampp\htdocs\togel\vendor\codeigniter4\framework\system\View\View.php(220): include('C:\\xampp\\htdocs...')
#6 C:\xampp\htdocs\togel\vendor\codeigniter4\framework\system\View\View.php(222): CodeIgniter\View\View->CodeIgniter\View\{closure}()
#7 C:\xampp\htdocs\togel\vendor\codeigniter4\framework\system\Common.php(1217): CodeIgniter\View\View->render('layout/v_conten...', Array, true)
#8 C:\xampp\htdocs\togel\app\Views\layout\v_wrapper.php(7): view('layout/v_conten...')
#9 C:\xampp\htdocs\togel\vendor\codeigniter4\framework\system\View\View.php(220): include('C:\\xampp\\htdocs...')
#10 C:\xampp\htdocs\togel\vendor\codeigniter4\framework\system\View\View.php(222): CodeIgniter\View\View->CodeIgniter\View\{closure}()
#11 C:\xampp\htdocs\togel\vendor\codeigniter4\framework\system\Common.php(1217): CodeIgniter\View\View->render('layout/v_wrappe...', Array, true)
#12 C:\xampp\htdocs\togel\app\Controllers\Home.php(53): view('layout/v_wrappe...', Array)
#13 C:\xampp\htdocs\togel\vendor\codeigniter4\framework\system\CodeIgniter.php(935): App\Controllers\Home->index()
#14 C:\xampp\htdocs\togel\vendor\codeigniter4\framework\system\CodeIgniter.php(431): CodeIgniter\CodeIgniter->runController(Object(App\Controllers\Home))
#15 C:\xampp\htdocs\togel\vendor\codeigniter4\framework\system\CodeIgniter.php(332): CodeIgniter\CodeIgniter->handleRequest(NULL, Object(Config\Cache), false)
#16 C:\xampp\htdocs\togel\public\index.php(44): CodeIgniter\CodeIgniter->run()
#17 {main}
CRITICAL - 2022-02-27 19:23:57 --> Undefined variable: SD
#0 C:\xampp\htdocs\togel\app\Views\home\beranda.php(96): CodeIgniter\Debug\Exceptions->errorHandler(8, 'Undefined varia...', 'C:\\xampp\\htdocs...', 96, Array)
#1 C:\xampp\htdocs\togel\vendor\codeigniter4\framework\system\View\View.php(220): include('C:\\xampp\\htdocs...')
#2 C:\xampp\htdocs\togel\vendor\codeigniter4\framework\system\View\View.php(222): CodeIgniter\View\View->CodeIgniter\View\{closure}()
#3 C:\xampp\htdocs\togel\vendor\codeigniter4\framework\system\Common.php(1217): CodeIgniter\View\View->render('home/beranda.ph...', Array, true)
#4 C:\xampp\htdocs\togel\app\Views\layout\v_content.php(3): view('home/beranda.ph...')
#5 C:\xampp\htdocs\togel\vendor\codeigniter4\framework\system\View\View.php(220): include('C:\\xampp\\htdocs...')
#6 C:\xampp\htdocs\togel\vendor\codeigniter4\framework\system\View\View.php(222): CodeIgniter\View\View->CodeIgniter\View\{closure}()
#7 C:\xampp\htdocs\togel\vendor\codeigniter4\framework\system\Common.php(1217): CodeIgniter\View\View->render('layout/v_conten...', Array, true)
#8 C:\xampp\htdocs\togel\app\Views\layout\v_wrapper.php(7): view('layout/v_conten...')
#9 C:\xampp\htdocs\togel\vendor\codeigniter4\framework\system\View\View.php(220): include('C:\\xampp\\htdocs...')
#10 C:\xampp\htdocs\togel\vendor\codeigniter4\framework\system\View\View.php(222): CodeIgniter\View\View->CodeIgniter\View\{closure}()
#11 C:\xampp\htdocs\togel\vendor\codeigniter4\framework\system\Common.php(1217): CodeIgniter\View\View->render('layout/v_wrappe...', Array, true)
#12 C:\xampp\htdocs\togel\app\Controllers\Home.php(53): view('layout/v_wrappe...', Array)
#13 C:\xampp\htdocs\togel\vendor\codeigniter4\framework\system\CodeIgniter.php(935): App\Controllers\Home->index()
#14 C:\xampp\htdocs\togel\vendor\codeigniter4\framework\system\CodeIgniter.php(431): CodeIgniter\CodeIgniter->runController(Object(App\Controllers\Home))
#15 C:\xampp\htdocs\togel\vendor\codeigniter4\framework\system\CodeIgniter.php(332): CodeIgniter\CodeIgniter->handleRequest(NULL, Object(Config\Cache), false)
#16 C:\xampp\htdocs\togel\public\index.php(44): CodeIgniter\CodeIgniter->run()
#17 {main}
CRITICAL - 2022-02-27 19:23:58 --> Undefined variable: 
#0 C:\xampp\htdocs\togel\app\Views\home\beranda.php(96): CodeIgniter\Debug\Exceptions->errorHandler(8, 'Undefined varia...', 'C:\\xampp\\htdocs...', 96, Array)
#1 C:\xampp\htdocs\togel\vendor\codeigniter4\framework\system\View\View.php(220): include('C:\\xampp\\htdocs...')
#2 C:\xampp\htdocs\togel\vendor\codeigniter4\framework\system\View\View.php(222): CodeIgniter\View\View->CodeIgniter\View\{closure}()
#3 C:\xampp\htdocs\togel\vendor\codeigniter4\framework\system\Common.php(1217): CodeIgniter\View\View->render('home/beranda.ph...', Array, true)
#4 C:\xampp\htdocs\togel\app\Views\layout\v_content.php(3): view('home/beranda.ph...')
#5 C:\xampp\htdocs\togel\vendor\codeigniter4\framework\system\View\View.php(220): include('C:\\xampp\\htdocs...')
#6 C:\xampp\htdocs\togel\vendor\codeigniter4\framework\system\View\View.php(222): CodeIgniter\View\View->CodeIgniter\View\{closure}()
#7 C:\xampp\htdocs\togel\vendor\codeigniter4\framework\system\Common.php(1217): CodeIgniter\View\View->render('layout/v_conten...', Array, true)
#8 C:\xampp\htdocs\togel\app\Views\layout\v_wrapper.php(7): view('layout/v_conten...')
#9 C:\xampp\htdocs\togel\vendor\codeigniter4\framework\system\View\View.php(220): include('C:\\xampp\\htdocs...')
#10 C:\xampp\htdocs\togel\vendor\codeigniter4\framework\system\View\View.php(222): CodeIgniter\View\View->CodeIgniter\View\{closure}()
#11 C:\xampp\htdocs\togel\vendor\codeigniter4\framework\system\Common.php(1217): CodeIgniter\View\View->render('layout/v_wrappe...', Array, true)
#12 C:\xampp\htdocs\togel\app\Controllers\Home.php(53): view('layout/v_wrappe...', Array)
#13 C:\xampp\htdocs\togel\vendor\codeigniter4\framework\system\CodeIgniter.php(935): App\Controllers\Home->index()
#14 C:\xampp\htdocs\togel\vendor\codeigniter4\framework\system\CodeIgniter.php(431): CodeIgniter\CodeIgniter->runController(Object(App\Controllers\Home))
#15 C:\xampp\htdocs\togel\vendor\codeigniter4\framework\system\CodeIgniter.php(332): CodeIgniter\CodeIgniter->handleRequest(NULL, Object(Config\Cache), false)
#16 C:\xampp\htdocs\togel\public\index.php(44): CodeIgniter\CodeIgniter->run()
#17 {main}
CRITICAL - 2022-02-27 19:24:01 --> Undefined variable: 
#0 C:\xampp\htdocs\togel\app\Views\home\beranda.php(96): CodeIgniter\Debug\Exceptions->errorHandler(8, 'Undefined varia...', 'C:\\xampp\\htdocs...', 96, Array)
#1 C:\xampp\htdocs\togel\vendor\codeigniter4\framework\system\View\View.php(220): include('C:\\xampp\\htdocs...')
#2 C:\xampp\htdocs\togel\vendor\codeigniter4\framework\system\View\View.php(222): CodeIgniter\View\View->CodeIgniter\View\{closure}()
#3 C:\xampp\htdocs\togel\vendor\codeigniter4\framework\system\Common.php(1217): CodeIgniter\View\View->render('home/beranda.ph...', Array, true)
#4 C:\xampp\htdocs\togel\app\Views\layout\v_content.php(3): view('home/beranda.ph...')
#5 C:\xampp\htdocs\togel\vendor\codeigniter4\framework\system\View\View.php(220): include('C:\\xampp\\htdocs...')
#6 C:\xampp\htdocs\togel\vendor\codeigniter4\framework\system\View\View.php(222): CodeIgniter\View\View->CodeIgniter\View\{closure}()
#7 C:\xampp\htdocs\togel\vendor\codeigniter4\framework\system\Common.php(1217): CodeIgniter\View\View->render('layout/v_conten...', Array, true)
#8 C:\xampp\htdocs\togel\app\Views\layout\v_wrapper.php(7): view('layout/v_conten...')
#9 C:\xampp\htdocs\togel\vendor\codeigniter4\framework\system\View\View.php(220): include('C:\\xampp\\htdocs...')
#10 C:\xampp\htdocs\togel\vendor\codeigniter4\framework\system\View\View.php(222): CodeIgniter\View\View->CodeIgniter\View\{closure}()
#11 C:\xampp\htdocs\togel\vendor\codeigniter4\framework\system\Common.php(1217): CodeIgniter\View\View->render('layout/v_wrappe...', Array, true)
#12 C:\xampp\htdocs\togel\app\Controllers\Home.php(53): view('layout/v_wrappe...', Array)
#13 C:\xampp\htdocs\togel\vendor\codeigniter4\framework\system\CodeIgniter.php(935): App\Controllers\Home->index()
#14 C:\xampp\htdocs\togel\vendor\codeigniter4\framework\system\CodeIgniter.php(431): CodeIgniter\CodeIgniter->runController(Object(App\Controllers\Home))
#15 C:\xampp\htdocs\togel\vendor\codeigniter4\framework\system\CodeIgniter.php(332): CodeIgniter\CodeIgniter->handleRequest(NULL, Object(Config\Cache), false)
#16 C:\xampp\htdocs\togel\public\index.php(44): CodeIgniter\CodeIgniter->run()
#17 {main}
CRITICAL - 2022-02-27 19:25:33 --> Undefined variable: pasaran_filter
#0 C:\xampp\htdocs\togel\app\Views\home\beranda.php(96): CodeIgniter\Debug\Exceptions->errorHandler(8, 'Undefined varia...', 'C:\\xampp\\htdocs...', 96, Array)
#1 C:\xampp\htdocs\togel\vendor\codeigniter4\framework\system\View\View.php(220): include('C:\\xampp\\htdocs...')
#2 C:\xampp\htdocs\togel\vendor\codeigniter4\framework\system\View\View.php(222): CodeIgniter\View\View->CodeIgniter\View\{closure}()
#3 C:\xampp\htdocs\togel\vendor\codeigniter4\framework\system\Common.php(1217): CodeIgniter\View\View->render('home/beranda.ph...', Array, true)
#4 C:\xampp\htdocs\togel\app\Views\layout\v_content.php(3): view('home/beranda.ph...')
#5 C:\xampp\htdocs\togel\vendor\codeigniter4\framework\system\View\View.php(220): include('C:\\xampp\\htdocs...')
#6 C:\xampp\htdocs\togel\vendor\codeigniter4\framework\system\View\View.php(222): CodeIgniter\View\View->CodeIgniter\View\{closure}()
#7 C:\xampp\htdocs\togel\vendor\codeigniter4\framework\system\Common.php(1217): CodeIgniter\View\View->render('layout/v_conten...', Array, true)
#8 C:\xampp\htdocs\togel\app\Views\layout\v_wrapper.php(7): view('layout/v_conten...')
#9 C:\xampp\htdocs\togel\vendor\codeigniter4\framework\system\View\View.php(220): include('C:\\xampp\\htdocs...')
#10 C:\xampp\htdocs\togel\vendor\codeigniter4\framework\system\View\View.php(222): CodeIgniter\View\View->CodeIgniter\View\{closure}()
#11 C:\xampp\htdocs\togel\vendor\codeigniter4\framework\system\Common.php(1217): CodeIgniter\View\View->render('layout/v_wrappe...', Array, true)
#12 C:\xampp\htdocs\togel\app\Controllers\Home.php(53): view('layout/v_wrappe...', Array)
#13 C:\xampp\htdocs\togel\vendor\codeigniter4\framework\system\CodeIgniter.php(935): App\Controllers\Home->index()
#14 C:\xampp\htdocs\togel\vendor\codeigniter4\framework\system\CodeIgniter.php(431): CodeIgniter\CodeIgniter->runController(Object(App\Controllers\Home))
#15 C:\xampp\htdocs\togel\vendor\codeigniter4\framework\system\CodeIgniter.php(332): CodeIgniter\CodeIgniter->handleRequest(NULL, Object(Config\Cache), false)
#16 C:\xampp\htdocs\togel\public\index.php(44): CodeIgniter\CodeIgniter->run()
#17 {main}
CRITICAL - 2022-02-27 19:31:10 --> Call to undefined function App\Controllers\penyebut()
#0 C:\xampp\htdocs\togel\app\Controllers\Home.php(30): App\Controllers\Home->penyebut(285000)
#1 C:\xampp\htdocs\togel\vendor\codeigniter4\framework\system\CodeIgniter.php(935): App\Controllers\Home->index()
#2 C:\xampp\htdocs\togel\vendor\codeigniter4\framework\system\CodeIgniter.php(431): CodeIgniter\CodeIgniter->runController(Object(App\Controllers\Home))
#3 C:\xampp\htdocs\togel\vendor\codeigniter4\framework\system\CodeIgniter.php(332): CodeIgniter\CodeIgniter->handleRequest(NULL, Object(Config\Cache), false)
#4 C:\xampp\htdocs\togel\public\index.php(44): CodeIgniter\CodeIgniter->run()
#5 {main}
CRITICAL - 2022-02-27 19:31:41 --> Call to undefined function App\Controllers\penyebut()
#0 C:\xampp\htdocs\togel\app\Controllers\Home.php(30): App\Controllers\Home->terbilang('285000')
#1 C:\xampp\htdocs\togel\vendor\codeigniter4\framework\system\CodeIgniter.php(935): App\Controllers\Home->index()
#2 C:\xampp\htdocs\togel\vendor\codeigniter4\framework\system\CodeIgniter.php(431): CodeIgniter\CodeIgniter->runController(Object(App\Controllers\Home))
#3 C:\xampp\htdocs\togel\vendor\codeigniter4\framework\system\CodeIgniter.php(332): CodeIgniter\CodeIgniter->handleRequest(NULL, Object(Config\Cache), false)
#4 C:\xampp\htdocs\togel\public\index.php(44): CodeIgniter\CodeIgniter->run()
#5 {main}
CRITICAL - 2022-02-27 19:32:56 --> Call to undefined function App\Controllers\penyebut()
#0 C:\xampp\htdocs\togel\app\Controllers\Home.php(30): App\Controllers\Home->terbilang('285000')
#1 C:\xampp\htdocs\togel\vendor\codeigniter4\framework\system\CodeIgniter.php(935): App\Controllers\Home->index()
#2 C:\xampp\htdocs\togel\vendor\codeigniter4\framework\system\CodeIgniter.php(431): CodeIgniter\CodeIgniter->runController(Object(App\Controllers\Home))
#3 C:\xampp\htdocs\togel\vendor\codeigniter4\framework\system\CodeIgniter.php(332): CodeIgniter\CodeIgniter->handleRequest(NULL, Object(Config\Cache), false)
#4 C:\xampp\htdocs\togel\public\index.php(44): CodeIgniter\CodeIgniter->run()
#5 {main}
CRITICAL - 2022-02-27 19:33:32 --> Call to undefined function App\Controllers\penyebut()
#0 C:\xampp\htdocs\togel\app\Controllers\Home.php(294): App\Controllers\Home->penyebut(285000)
#1 C:\xampp\htdocs\togel\app\Controllers\Home.php(30): App\Controllers\Home->terbilang('285000')
#2 C:\xampp\htdocs\togel\vendor\codeigniter4\framework\system\CodeIgniter.php(935): App\Controllers\Home->index()
#3 C:\xampp\htdocs\togel\vendor\codeigniter4\framework\system\CodeIgniter.php(431): CodeIgniter\CodeIgniter->runController(Object(App\Controllers\Home))
#4 C:\xampp\htdocs\togel\vendor\codeigniter4\framework\system\CodeIgniter.php(332): CodeIgniter\CodeIgniter->handleRequest(NULL, Object(Config\Cache), false)
#5 C:\xampp\htdocs\togel\public\index.php(44): CodeIgniter\CodeIgniter->run()
#6 {main}
CRITICAL - 2022-02-27 19:43:40 --> Can't use method return value in write context
#0 [internal function]: CodeIgniter\Debug\Exceptions->shutdownHandler()
#1 {main}
CRITICAL - 2022-02-27 20:36:45 --> Can't use method return value in write context
#0 [internal function]: CodeIgniter\Debug\Exceptions->shutdownHandler()
#1 {main}
CRITICAL - 2022-02-27 20:38:52 --> syntax error, unexpected end of file, expecting function (T_FUNCTION) or const (T_CONST)
#0 C:\xampp\htdocs\togel\vendor\codeigniter4\framework\system\Autoloader\Autoloader.php(274): CodeIgniter\Autoloader\Autoloader->includeFile('C:\\xampp\\htdocs...')
#1 C:\xampp\htdocs\togel\vendor\codeigniter4\framework\system\Autoloader\Autoloader.php(228): CodeIgniter\Autoloader\Autoloader->loadInNamespace('App\\Filters\\Aut...')
#2 [internal function]: CodeIgniter\Autoloader\Autoloader->loadClass('App\\Filters\\Aut...')
#3 C:\xampp\htdocs\togel\vendor\codeigniter4\framework\system\Filters\Filters.php(172): spl_autoload_call('App\\Filters\\Aut...')
#4 C:\xampp\htdocs\togel\vendor\codeigniter4\framework\system\CodeIgniter.php(449): CodeIgniter\Filters\Filters->run('Login/logout', 'after')
#5 C:\xampp\htdocs\togel\vendor\codeigniter4\framework\system\CodeIgniter.php(332): CodeIgniter\CodeIgniter->handleRequest(NULL, Object(Config\Cache), false)
#6 C:\xampp\htdocs\togel\public\index.php(44): CodeIgniter\CodeIgniter->run()
#7 {main}
CRITICAL - 2022-02-27 20:38:59 --> syntax error, unexpected ';', expecting ')'
#0 C:\xampp\htdocs\togel\vendor\codeigniter4\framework\system\Autoloader\Autoloader.php(274): CodeIgniter\Autoloader\Autoloader->includeFile('C:\\xampp\\htdocs...')
#1 C:\xampp\htdocs\togel\vendor\codeigniter4\framework\system\Autoloader\Autoloader.php(228): CodeIgniter\Autoloader\Autoloader->loadInNamespace('App\\Filters\\Aut...')
#2 [internal function]: CodeIgniter\Autoloader\Autoloader->loadClass('App\\Filters\\Aut...')
#3 C:\xampp\htdocs\togel\vendor\codeigniter4\framework\system\Filters\Filters.php(172): spl_autoload_call('App\\Filters\\Aut...')
#4 C:\xampp\htdocs\togel\vendor\codeigniter4\framework\system\CodeIgniter.php(449): CodeIgniter\Filters\Filters->run('Login/logout', 'after')
#5 C:\xampp\htdocs\togel\vendor\codeigniter4\framework\system\CodeIgniter.php(332): CodeIgniter\CodeIgniter->handleRequest(NULL, Object(Config\Cache), false)
#6 C:\xampp\htdocs\togel\public\index.php(44): CodeIgniter\CodeIgniter->run()
#7 {main}
