CRITICAL - 2022-03-06 05:39:09 --> Class 'App\Controllers\keuanganModel' not found
#0 C:\xampp\htdocs\togel\vendor\codeigniter4\framework\system\CodeIgniter.php(935): App\Controllers\Grafik->index()
#1 C:\xampp\htdocs\togel\vendor\codeigniter4\framework\system\CodeIgniter.php(431): CodeIgniter\CodeIgniter->runController(Object(App\Controllers\Grafik))
#2 C:\xampp\htdocs\togel\vendor\codeigniter4\framework\system\CodeIgniter.php(332): CodeIgniter\CodeIgniter->handleRequest(NULL, Object(Config\Cache), false)
#3 C:\xampp\htdocs\togel\public\index.php(44): CodeIgniter\CodeIgniter->run()
#4 {main}
CRITICAL - 2022-03-06 06:46:24 --> Undefined variable: tahun_sekarang
#0 C:\xampp\htdocs\togel\app\Controllers\Grafik.php(21): CodeIgniter\Debug\Exceptions->errorHandler(8, 'Undefined varia...', 'C:\\xampp\\htdocs...', 21, Array)
#1 C:\xampp\htdocs\togel\vendor\codeigniter4\framework\system\CodeIgniter.php(935): App\Controllers\Grafik->index()
#2 C:\xampp\htdocs\togel\vendor\codeigniter4\framework\system\CodeIgniter.php(431): CodeIgniter\CodeIgniter->runController(Object(App\Controllers\Grafik))
#3 C:\xampp\htdocs\togel\vendor\codeigniter4\framework\system\CodeIgniter.php(332): CodeIgniter\CodeIgniter->handleRequest(NULL, Object(Config\Cache), false)
#4 C:\xampp\htdocs\togel\public\index.php(44): CodeIgniter\CodeIgniter->run()
#5 {main}
CRITICAL - 2022-03-06 06:54:20 --> syntax error, unexpected ';', expecting ']'
#0 C:\xampp\htdocs\togel\vendor\codeigniter4\framework\system\Router\Router.php(170): CodeIgniter\Router\Router->autoRoute('Grafik')
#1 C:\xampp\htdocs\togel\vendor\codeigniter4\framework\system\CodeIgniter.php(815): CodeIgniter\Router\Router->handle('Grafik')
#2 C:\xampp\htdocs\togel\vendor\codeigniter4\framework\system\CodeIgniter.php(384): CodeIgniter\CodeIgniter->tryToRouteIt(Object(CodeIgniter\Router\RouteCollection))
#3 C:\xampp\htdocs\togel\vendor\codeigniter4\framework\system\CodeIgniter.php(332): CodeIgniter\CodeIgniter->handleRequest(NULL, Object(Config\Cache), false)
#4 C:\xampp\htdocs\togel\public\index.php(44): CodeIgniter\CodeIgniter->run()
#5 {main}
CRITICAL - 2022-03-06 06:57:25 --> syntax error, unexpected '->' (T_OBJECT_OPERATOR)
#0 C:\xampp\htdocs\togel\vendor\codeigniter4\framework\system\Router\Router.php(170): CodeIgniter\Router\Router->autoRoute('Grafik')
#1 C:\xampp\htdocs\togel\vendor\codeigniter4\framework\system\CodeIgniter.php(815): CodeIgniter\Router\Router->handle('Grafik')
#2 C:\xampp\htdocs\togel\vendor\codeigniter4\framework\system\CodeIgniter.php(384): CodeIgniter\CodeIgniter->tryToRouteIt(Object(CodeIgniter\Router\RouteCollection))
#3 C:\xampp\htdocs\togel\vendor\codeigniter4\framework\system\CodeIgniter.php(332): CodeIgniter\CodeIgniter->handleRequest(NULL, Object(Config\Cache), false)
#4 C:\xampp\htdocs\togel\public\index.php(44): CodeIgniter\CodeIgniter->run()
#5 {main}
ERROR - 2022-03-06 07:02:54 --> mysqli_sql_exception: You have an error in your SQL syntax; check the manual that corresponds to your MariaDB server version for the right syntax to use near '`=` = '2022-03-01 00:00:00'
AND `pasaran` = 'SD'' at line 3 in C:\xampp\htdocs\togel\vendor\codeigniter4\framework\system\Database\MySQLi\Connection.php:314
Stack trace:
#0 C:\xampp\htdocs\togel\vendor\codeigniter4\framework\system\Database\MySQLi\Connection.php(314): mysqli->query('SELECT *\nFROM `...')
#1 C:\xampp\htdocs\togel\vendor\codeigniter4\framework\system\Database\BaseConnection.php(715): CodeIgniter\Database\MySQLi\Connection->execute('SELECT *\nFROM `...')
#2 C:\xampp\htdocs\togel\vendor\codeigniter4\framework\system\Database\BaseConnection.php(643): CodeIgniter\Database\BaseConnection->simpleQuery('SELECT *\nFROM `...')
#3 C:\xampp\htdocs\togel\vendor\codeigniter4\framework\system\Database\BaseBuilder.php(1866): CodeIgniter\Database\BaseConnection->query('SELECT *\nFROM `...', Array, false)
#4 C:\xampp\htdocs\togel\vendor\codeigniter4\framework\system\Model.php(836): CodeIgniter\Database\BaseBuilder->get()
#5 C:\xampp\htdocs\togel\app\Controllers\Grafik.php(23): CodeIgniter\Model->__call('get', Array)
#6 C:\xampp\htdocs\togel\vendor\codeigniter4\framework\system\CodeIgniter.php(935): App\Controllers\Grafik->index()
#7 C:\xampp\htdocs\togel\vendor\codeigniter4\framework\system\CodeIgniter.php(431): CodeIgniter\CodeIgniter->runController(Object(App\Controllers\Grafik))
#8 C:\xampp\htdocs\togel\vendor\codeigniter4\framework\system\CodeIgniter.php(332): CodeIgniter\CodeIgniter->handleRequest(NULL, Object(Config\Cache), false)
#9 C:\xampp\htdocs\togel\public\index.php(44): CodeIgniter\CodeIgniter->run()
#10 {main}
CRITICAL - 2022-03-06 07:02:54 --> You have an error in your SQL syntax; check the manual that corresponds to your MariaDB server version for the right syntax to use near '`=` = '2022-03-01 00:00:00'
AND `pasaran` = 'SD'' at line 3
#0 C:\xampp\htdocs\togel\vendor\codeigniter4\framework\system\Database\MySQLi\Connection.php(314): mysqli->query('SELECT *\nFROM `...')
#1 C:\xampp\htdocs\togel\vendor\codeigniter4\framework\system\Database\BaseConnection.php(715): CodeIgniter\Database\MySQLi\Connection->execute('SELECT *\nFROM `...')
#2 C:\xampp\htdocs\togel\vendor\codeigniter4\framework\system\Database\BaseConnection.php(643): CodeIgniter\Database\BaseConnection->simpleQuery('SELECT *\nFROM `...')
#3 C:\xampp\htdocs\togel\vendor\codeigniter4\framework\system\Database\BaseBuilder.php(1866): CodeIgniter\Database\BaseConnection->query('SELECT *\nFROM `...', Array, false)
#4 C:\xampp\htdocs\togel\vendor\codeigniter4\framework\system\Model.php(836): CodeIgniter\Database\BaseBuilder->get()
#5 C:\xampp\htdocs\togel\app\Controllers\Grafik.php(23): CodeIgniter\Model->__call('get', Array)
#6 C:\xampp\htdocs\togel\vendor\codeigniter4\framework\system\CodeIgniter.php(935): App\Controllers\Grafik->index()
#7 C:\xampp\htdocs\togel\vendor\codeigniter4\framework\system\CodeIgniter.php(431): CodeIgniter\CodeIgniter->runController(Object(App\Controllers\Grafik))
#8 C:\xampp\htdocs\togel\vendor\codeigniter4\framework\system\CodeIgniter.php(332): CodeIgniter\CodeIgniter->handleRequest(NULL, Object(Config\Cache), false)
#9 C:\xampp\htdocs\togel\public\index.php(44): CodeIgniter\CodeIgniter->run()
#10 {main}
ERROR - 2022-03-06 07:03:05 --> mysqli_sql_exception: You have an error in your SQL syntax; check the manual that corresponds to your MariaDB server version for the right syntax to use near '`:tanggal` = =:
AND `pasaran` = 'SD'' at line 3 in C:\xampp\htdocs\togel\vendor\codeigniter4\framework\system\Database\MySQLi\Connection.php:314
Stack trace:
#0 C:\xampp\htdocs\togel\vendor\codeigniter4\framework\system\Database\MySQLi\Connection.php(314): mysqli->query('SELECT *\nFROM `...')
#1 C:\xampp\htdocs\togel\vendor\codeigniter4\framework\system\Database\BaseConnection.php(715): CodeIgniter\Database\MySQLi\Connection->execute('SELECT *\nFROM `...')
#2 C:\xampp\htdocs\togel\vendor\codeigniter4\framework\system\Database\BaseConnection.php(643): CodeIgniter\Database\BaseConnection->simpleQuery('SELECT *\nFROM `...')
#3 C:\xampp\htdocs\togel\vendor\codeigniter4\framework\system\Database\BaseBuilder.php(1866): CodeIgniter\Database\BaseConnection->query('SELECT *\nFROM `...', Array, false)
#4 C:\xampp\htdocs\togel\vendor\codeigniter4\framework\system\Model.php(836): CodeIgniter\Database\BaseBuilder->get()
#5 C:\xampp\htdocs\togel\app\Controllers\Grafik.php(23): CodeIgniter\Model->__call('get', Array)
#6 C:\xampp\htdocs\togel\vendor\codeigniter4\framework\system\CodeIgniter.php(935): App\Controllers\Grafik->index()
#7 C:\xampp\htdocs\togel\vendor\codeigniter4\framework\system\CodeIgniter.php(431): CodeIgniter\CodeIgniter->runController(Object(App\Controllers\Grafik))
#8 C:\xampp\htdocs\togel\vendor\codeigniter4\framework\system\CodeIgniter.php(332): CodeIgniter\CodeIgniter->handleRequest(NULL, Object(Config\Cache), false)
#9 C:\xampp\htdocs\togel\public\index.php(44): CodeIgniter\CodeIgniter->run()
#10 {main}
CRITICAL - 2022-03-06 07:03:05 --> You have an error in your SQL syntax; check the manual that corresponds to your MariaDB server version for the right syntax to use near '`:tanggal` = =:
AND `pasaran` = 'SD'' at line 3
#0 C:\xampp\htdocs\togel\vendor\codeigniter4\framework\system\Database\MySQLi\Connection.php(314): mysqli->query('SELECT *\nFROM `...')
#1 C:\xampp\htdocs\togel\vendor\codeigniter4\framework\system\Database\BaseConnection.php(715): CodeIgniter\Database\MySQLi\Connection->execute('SELECT *\nFROM `...')
#2 C:\xampp\htdocs\togel\vendor\codeigniter4\framework\system\Database\BaseConnection.php(643): CodeIgniter\Database\BaseConnection->simpleQuery('SELECT *\nFROM `...')
#3 C:\xampp\htdocs\togel\vendor\codeigniter4\framework\system\Database\BaseBuilder.php(1866): CodeIgniter\Database\BaseConnection->query('SELECT *\nFROM `...', Array, false)
#4 C:\xampp\htdocs\togel\vendor\codeigniter4\framework\system\Model.php(836): CodeIgniter\Database\BaseBuilder->get()
#5 C:\xampp\htdocs\togel\app\Controllers\Grafik.php(23): CodeIgniter\Model->__call('get', Array)
#6 C:\xampp\htdocs\togel\vendor\codeigniter4\framework\system\CodeIgniter.php(935): App\Controllers\Grafik->index()
#7 C:\xampp\htdocs\togel\vendor\codeigniter4\framework\system\CodeIgniter.php(431): CodeIgniter\CodeIgniter->runController(Object(App\Controllers\Grafik))
#8 C:\xampp\htdocs\togel\vendor\codeigniter4\framework\system\CodeIgniter.php(332): CodeIgniter\CodeIgniter->handleRequest(NULL, Object(Config\Cache), false)
#9 C:\xampp\htdocs\togel\public\index.php(44): CodeIgniter\CodeIgniter->run()
#10 {main}
ERROR - 2022-03-06 07:06:18 --> mysqli_sql_exception: You have an error in your SQL syntax; check the manual that corresponds to your MariaDB server version for the right syntax to use near '> '2022-03-03 00:00:00'
AND `pasaran` = 'SD'' at line 3 in C:\xampp\htdocs\togel\vendor\codeigniter4\framework\system\Database\MySQLi\Connection.php:314
Stack trace:
#0 C:\xampp\htdocs\togel\vendor\codeigniter4\framework\system\Database\MySQLi\Connection.php(314): mysqli->query('SELECT *\nFROM `...')
#1 C:\xampp\htdocs\togel\vendor\codeigniter4\framework\system\Database\BaseConnection.php(715): CodeIgniter\Database\MySQLi\Connection->execute('SELECT *\nFROM `...')
#2 C:\xampp\htdocs\togel\vendor\codeigniter4\framework\system\Database\BaseConnection.php(643): CodeIgniter\Database\BaseConnection->simpleQuery('SELECT *\nFROM `...')
#3 C:\xampp\htdocs\togel\vendor\codeigniter4\framework\system\Database\BaseBuilder.php(1866): CodeIgniter\Database\BaseConnection->query('SELECT *\nFROM `...', Array, false)
#4 C:\xampp\htdocs\togel\vendor\codeigniter4\framework\system\Model.php(836): CodeIgniter\Database\BaseBuilder->get()
#5 C:\xampp\htdocs\togel\app\Controllers\Grafik.php(25): CodeIgniter\Model->__call('get', Array)
#6 C:\xampp\htdocs\togel\vendor\codeigniter4\framework\system\CodeIgniter.php(935): App\Controllers\Grafik->index()
#7 C:\xampp\htdocs\togel\vendor\codeigniter4\framework\system\CodeIgniter.php(431): CodeIgniter\CodeIgniter->runController(Object(App\Controllers\Grafik))
#8 C:\xampp\htdocs\togel\vendor\codeigniter4\framework\system\CodeIgniter.php(332): CodeIgniter\CodeIgniter->handleRequest(NULL, Object(Config\Cache), false)
#9 C:\xampp\htdocs\togel\public\index.php(44): CodeIgniter\CodeIgniter->run()
#10 {main}
CRITICAL - 2022-03-06 07:06:18 --> You have an error in your SQL syntax; check the manual that corresponds to your MariaDB server version for the right syntax to use near '> '2022-03-03 00:00:00'
AND `pasaran` = 'SD'' at line 3
#0 C:\xampp\htdocs\togel\vendor\codeigniter4\framework\system\Database\MySQLi\Connection.php(314): mysqli->query('SELECT *\nFROM `...')
#1 C:\xampp\htdocs\togel\vendor\codeigniter4\framework\system\Database\BaseConnection.php(715): CodeIgniter\Database\MySQLi\Connection->execute('SELECT *\nFROM `...')
#2 C:\xampp\htdocs\togel\vendor\codeigniter4\framework\system\Database\BaseConnection.php(643): CodeIgniter\Database\BaseConnection->simpleQuery('SELECT *\nFROM `...')
#3 C:\xampp\htdocs\togel\vendor\codeigniter4\framework\system\Database\BaseBuilder.php(1866): CodeIgniter\Database\BaseConnection->query('SELECT *\nFROM `...', Array, false)
#4 C:\xampp\htdocs\togel\vendor\codeigniter4\framework\system\Model.php(836): CodeIgniter\Database\BaseBuilder->get()
#5 C:\xampp\htdocs\togel\app\Controllers\Grafik.php(25): CodeIgniter\Model->__call('get', Array)
#6 C:\xampp\htdocs\togel\vendor\codeigniter4\framework\system\CodeIgniter.php(935): App\Controllers\Grafik->index()
#7 C:\xampp\htdocs\togel\vendor\codeigniter4\framework\system\CodeIgniter.php(431): CodeIgniter\CodeIgniter->runController(Object(App\Controllers\Grafik))
#8 C:\xampp\htdocs\togel\vendor\codeigniter4\framework\system\CodeIgniter.php(332): CodeIgniter\CodeIgniter->handleRequest(NULL, Object(Config\Cache), false)
#9 C:\xampp\htdocs\togel\public\index.php(44): CodeIgniter\CodeIgniter->run()
#10 {main}
CRITICAL - 2022-03-06 07:08:44 --> Call to undefined method CodeIgniter\Database\MySQLi\Result::where()
#0 C:\xampp\htdocs\togel\vendor\codeigniter4\framework\system\CodeIgniter.php(935): App\Controllers\Grafik->index()
#1 C:\xampp\htdocs\togel\vendor\codeigniter4\framework\system\CodeIgniter.php(431): CodeIgniter\CodeIgniter->runController(Object(App\Controllers\Grafik))
#2 C:\xampp\htdocs\togel\vendor\codeigniter4\framework\system\CodeIgniter.php(332): CodeIgniter\CodeIgniter->handleRequest(NULL, Object(Config\Cache), false)
#3 C:\xampp\htdocs\togel\public\index.php(44): CodeIgniter\CodeIgniter->run()
#4 {main}
CRITICAL - 2022-03-06 07:18:50 --> syntax error, unexpected 'foreach' (T_FOREACH), expecting ']'
#0 C:\xampp\htdocs\togel\vendor\codeigniter4\framework\system\Router\Router.php(170): CodeIgniter\Router\Router->autoRoute('Grafik')
#1 C:\xampp\htdocs\togel\vendor\codeigniter4\framework\system\CodeIgniter.php(815): CodeIgniter\Router\Router->handle('Grafik')
#2 C:\xampp\htdocs\togel\vendor\codeigniter4\framework\system\CodeIgniter.php(384): CodeIgniter\CodeIgniter->tryToRouteIt(Object(CodeIgniter\Router\RouteCollection))
#3 C:\xampp\htdocs\togel\vendor\codeigniter4\framework\system\CodeIgniter.php(332): CodeIgniter\CodeIgniter->handleRequest(NULL, Object(Config\Cache), false)
#4 C:\xampp\htdocs\togel\public\index.php(44): CodeIgniter\CodeIgniter->run()
#5 {main}
CRITICAL - 2022-03-06 07:19:14 --> Undefined variable: row_satu
#0 C:\xampp\htdocs\togel\app\Controllers\Grafik.php(34): CodeIgniter\Debug\Exceptions->errorHandler(8, 'Undefined varia...', 'C:\\xampp\\htdocs...', 34, Array)
#1 C:\xampp\htdocs\togel\vendor\codeigniter4\framework\system\CodeIgniter.php(935): App\Controllers\Grafik->index()
#2 C:\xampp\htdocs\togel\vendor\codeigniter4\framework\system\CodeIgniter.php(431): CodeIgniter\CodeIgniter->runController(Object(App\Controllers\Grafik))
#3 C:\xampp\htdocs\togel\vendor\codeigniter4\framework\system\CodeIgniter.php(332): CodeIgniter\CodeIgniter->handleRequest(NULL, Object(Config\Cache), false)
#4 C:\xampp\htdocs\togel\public\index.php(44): CodeIgniter\CodeIgniter->run()
#5 {main}
CRITICAL - 2022-03-06 07:20:09 --> Undefined variable: row_satu
#0 C:\xampp\htdocs\togel\app\Controllers\Grafik.php(33): CodeIgniter\Debug\Exceptions->errorHandler(8, 'Undefined varia...', 'C:\\xampp\\htdocs...', 33, Array)
#1 C:\xampp\htdocs\togel\vendor\codeigniter4\framework\system\CodeIgniter.php(935): App\Controllers\Grafik->index()
#2 C:\xampp\htdocs\togel\vendor\codeigniter4\framework\system\CodeIgniter.php(431): CodeIgniter\CodeIgniter->runController(Object(App\Controllers\Grafik))
#3 C:\xampp\htdocs\togel\vendor\codeigniter4\framework\system\CodeIgniter.php(332): CodeIgniter\CodeIgniter->handleRequest(NULL, Object(Config\Cache), false)
#4 C:\xampp\htdocs\togel\public\index.php(44): CodeIgniter\CodeIgniter->run()
#5 {main}
CRITICAL - 2022-03-06 07:20:33 --> Undefined variable: row_satu
#0 C:\xampp\htdocs\togel\app\Controllers\Grafik.php(33): CodeIgniter\Debug\Exceptions->errorHandler(8, 'Undefined varia...', 'C:\\xampp\\htdocs...', 33, Array)
#1 C:\xampp\htdocs\togel\vendor\codeigniter4\framework\system\CodeIgniter.php(935): App\Controllers\Grafik->index()
#2 C:\xampp\htdocs\togel\vendor\codeigniter4\framework\system\CodeIgniter.php(431): CodeIgniter\CodeIgniter->runController(Object(App\Controllers\Grafik))
#3 C:\xampp\htdocs\togel\vendor\codeigniter4\framework\system\CodeIgniter.php(332): CodeIgniter\CodeIgniter->handleRequest(NULL, Object(Config\Cache), false)
#4 C:\xampp\htdocs\togel\public\index.php(44): CodeIgniter\CodeIgniter->run()
#5 {main}
CRITICAL - 2022-03-06 07:20:49 --> Undefined variable: total
#0 C:\xampp\htdocs\togel\app\Controllers\Grafik.php(33): CodeIgniter\Debug\Exceptions->errorHandler(8, 'Undefined varia...', 'C:\\xampp\\htdocs...', 33, Array)
#1 C:\xampp\htdocs\togel\vendor\codeigniter4\framework\system\CodeIgniter.php(935): App\Controllers\Grafik->index()
#2 C:\xampp\htdocs\togel\vendor\codeigniter4\framework\system\CodeIgniter.php(431): CodeIgniter\CodeIgniter->runController(Object(App\Controllers\Grafik))
#3 C:\xampp\htdocs\togel\vendor\codeigniter4\framework\system\CodeIgniter.php(332): CodeIgniter\CodeIgniter->handleRequest(NULL, Object(Config\Cache), false)
#4 C:\xampp\htdocs\togel\public\index.php(44): CodeIgniter\CodeIgniter->run()
#5 {main}
CRITICAL - 2022-03-06 07:21:06 --> Undefined variable: total
#0 C:\xampp\htdocs\togel\app\Controllers\Grafik.php(33): CodeIgniter\Debug\Exceptions->errorHandler(8, 'Undefined varia...', 'C:\\xampp\\htdocs...', 33, Array)
#1 C:\xampp\htdocs\togel\vendor\codeigniter4\framework\system\CodeIgniter.php(935): App\Controllers\Grafik->index()
#2 C:\xampp\htdocs\togel\vendor\codeigniter4\framework\system\CodeIgniter.php(431): CodeIgniter\CodeIgniter->runController(Object(App\Controllers\Grafik))
#3 C:\xampp\htdocs\togel\vendor\codeigniter4\framework\system\CodeIgniter.php(332): CodeIgniter\CodeIgniter->handleRequest(NULL, Object(Config\Cache), false)
#4 C:\xampp\htdocs\togel\public\index.php(44): CodeIgniter\CodeIgniter->run()
#5 {main}
CRITICAL - 2022-03-06 07:21:32 --> Undefined offset: 0
#0 C:\xampp\htdocs\togel\app\Controllers\Grafik.php(31): CodeIgniter\Debug\Exceptions->errorHandler(8, 'Undefined offse...', 'C:\\xampp\\htdocs...', 31, Array)
#1 C:\xampp\htdocs\togel\vendor\codeigniter4\framework\system\CodeIgniter.php(935): App\Controllers\Grafik->index()
#2 C:\xampp\htdocs\togel\vendor\codeigniter4\framework\system\CodeIgniter.php(431): CodeIgniter\CodeIgniter->runController(Object(App\Controllers\Grafik))
#3 C:\xampp\htdocs\togel\vendor\codeigniter4\framework\system\CodeIgniter.php(332): CodeIgniter\CodeIgniter->handleRequest(NULL, Object(Config\Cache), false)
#4 C:\xampp\htdocs\togel\public\index.php(44): CodeIgniter\CodeIgniter->run()
#5 {main}
CRITICAL - 2022-03-06 07:22:15 --> Undefined offset: 2
#0 C:\xampp\htdocs\togel\app\Controllers\Grafik.php(31): CodeIgniter\Debug\Exceptions->errorHandler(8, 'Undefined offse...', 'C:\\xampp\\htdocs...', 31, Array)
#1 C:\xampp\htdocs\togel\vendor\codeigniter4\framework\system\CodeIgniter.php(935): App\Controllers\Grafik->index()
#2 C:\xampp\htdocs\togel\vendor\codeigniter4\framework\system\CodeIgniter.php(431): CodeIgniter\CodeIgniter->runController(Object(App\Controllers\Grafik))
#3 C:\xampp\htdocs\togel\vendor\codeigniter4\framework\system\CodeIgniter.php(332): CodeIgniter\CodeIgniter->handleRequest(NULL, Object(Config\Cache), false)
#4 C:\xampp\htdocs\togel\public\index.php(44): CodeIgniter\CodeIgniter->run()
#5 {main}
CRITICAL - 2022-03-06 07:24:11 --> Undefined index: total
#0 C:\xampp\htdocs\togel\app\Controllers\Grafik.php(31): CodeIgniter\Debug\Exceptions->errorHandler(8, 'Undefined index...', 'C:\\xampp\\htdocs...', 31, Array)
#1 C:\xampp\htdocs\togel\vendor\codeigniter4\framework\system\CodeIgniter.php(935): App\Controllers\Grafik->index()
#2 C:\xampp\htdocs\togel\vendor\codeigniter4\framework\system\CodeIgniter.php(431): CodeIgniter\CodeIgniter->runController(Object(App\Controllers\Grafik))
#3 C:\xampp\htdocs\togel\vendor\codeigniter4\framework\system\CodeIgniter.php(332): CodeIgniter\CodeIgniter->handleRequest(NULL, Object(Config\Cache), false)
#4 C:\xampp\htdocs\togel\public\index.php(44): CodeIgniter\CodeIgniter->run()
#5 {main}
CRITICAL - 2022-03-06 07:24:52 --> Cannot use object of type stdClass as array
#0 C:\xampp\htdocs\togel\vendor\codeigniter4\framework\system\CodeIgniter.php(935): App\Controllers\Grafik->index()
#1 C:\xampp\htdocs\togel\vendor\codeigniter4\framework\system\CodeIgniter.php(431): CodeIgniter\CodeIgniter->runController(Object(App\Controllers\Grafik))
#2 C:\xampp\htdocs\togel\vendor\codeigniter4\framework\system\CodeIgniter.php(332): CodeIgniter\CodeIgniter->handleRequest(NULL, Object(Config\Cache), false)
#3 C:\xampp\htdocs\togel\public\index.php(44): CodeIgniter\CodeIgniter->run()
#4 {main}
CRITICAL - 2022-03-06 07:25:17 --> Trying to get property 'total' of non-object
#0 C:\xampp\htdocs\togel\app\Controllers\Grafik.php(31): CodeIgniter\Debug\Exceptions->errorHandler(8, 'Trying to get p...', 'C:\\xampp\\htdocs...', 31, Array)
#1 C:\xampp\htdocs\togel\vendor\codeigniter4\framework\system\CodeIgniter.php(935): App\Controllers\Grafik->index()
#2 C:\xampp\htdocs\togel\vendor\codeigniter4\framework\system\CodeIgniter.php(431): CodeIgniter\CodeIgniter->runController(Object(App\Controllers\Grafik))
#3 C:\xampp\htdocs\togel\vendor\codeigniter4\framework\system\CodeIgniter.php(332): CodeIgniter\CodeIgniter->handleRequest(NULL, Object(Config\Cache), false)
#4 C:\xampp\htdocs\togel\public\index.php(44): CodeIgniter\CodeIgniter->run()
#5 {main}
CRITICAL - 2022-03-06 07:25:58 --> Cannot use object of type stdClass as array
#0 C:\xampp\htdocs\togel\vendor\codeigniter4\framework\system\CodeIgniter.php(935): App\Controllers\Grafik->index()
#1 C:\xampp\htdocs\togel\vendor\codeigniter4\framework\system\CodeIgniter.php(431): CodeIgniter\CodeIgniter->runController(Object(App\Controllers\Grafik))
#2 C:\xampp\htdocs\togel\vendor\codeigniter4\framework\system\CodeIgniter.php(332): CodeIgniter\CodeIgniter->handleRequest(NULL, Object(Config\Cache), false)
#3 C:\xampp\htdocs\togel\public\index.php(44): CodeIgniter\CodeIgniter->run()
#4 {main}
CRITICAL - 2022-03-06 07:28:16 --> syntax error, unexpected 'else' (T_ELSE)
#0 C:\xampp\htdocs\togel\vendor\codeigniter4\framework\system\Router\Router.php(170): CodeIgniter\Router\Router->autoRoute('Grafik')
#1 C:\xampp\htdocs\togel\vendor\codeigniter4\framework\system\CodeIgniter.php(815): CodeIgniter\Router\Router->handle('Grafik')
#2 C:\xampp\htdocs\togel\vendor\codeigniter4\framework\system\CodeIgniter.php(384): CodeIgniter\CodeIgniter->tryToRouteIt(Object(CodeIgniter\Router\RouteCollection))
#3 C:\xampp\htdocs\togel\vendor\codeigniter4\framework\system\CodeIgniter.php(332): CodeIgniter\CodeIgniter->handleRequest(NULL, Object(Config\Cache), false)
#4 C:\xampp\htdocs\togel\public\index.php(44): CodeIgniter\CodeIgniter->run()
#5 {main}
CRITICAL - 2022-03-06 07:30:03 --> syntax error, unexpected ','
#0 C:\xampp\htdocs\togel\vendor\codeigniter4\framework\system\Router\Router.php(170): CodeIgniter\Router\Router->autoRoute('Grafik')
#1 C:\xampp\htdocs\togel\vendor\codeigniter4\framework\system\CodeIgniter.php(815): CodeIgniter\Router\Router->handle('Grafik')
#2 C:\xampp\htdocs\togel\vendor\codeigniter4\framework\system\CodeIgniter.php(384): CodeIgniter\CodeIgniter->tryToRouteIt(Object(CodeIgniter\Router\RouteCollection))
#3 C:\xampp\htdocs\togel\vendor\codeigniter4\framework\system\CodeIgniter.php(332): CodeIgniter\CodeIgniter->handleRequest(NULL, Object(Config\Cache), false)
#4 C:\xampp\htdocs\togel\public\index.php(44): CodeIgniter\CodeIgniter->run()
#5 {main}
CRITICAL - 2022-03-06 07:30:18 --> Undefined variable: total
#0 C:\xampp\htdocs\togel\app\Controllers\Grafik.php(38): CodeIgniter\Debug\Exceptions->errorHandler(8, 'Undefined varia...', 'C:\\xampp\\htdocs...', 38, Array)
#1 C:\xampp\htdocs\togel\vendor\codeigniter4\framework\system\CodeIgniter.php(935): App\Controllers\Grafik->index()
#2 C:\xampp\htdocs\togel\vendor\codeigniter4\framework\system\CodeIgniter.php(431): CodeIgniter\CodeIgniter->runController(Object(App\Controllers\Grafik))
#3 C:\xampp\htdocs\togel\vendor\codeigniter4\framework\system\CodeIgniter.php(332): CodeIgniter\CodeIgniter->handleRequest(NULL, Object(Config\Cache), false)
#4 C:\xampp\htdocs\togel\public\index.php(44): CodeIgniter\CodeIgniter->run()
#5 {main}
CRITICAL - 2022-03-06 07:31:22 --> Undefined variable: total
#0 C:\xampp\htdocs\togel\app\Controllers\Grafik.php(38): CodeIgniter\Debug\Exceptions->errorHandler(8, 'Undefined varia...', 'C:\\xampp\\htdocs...', 38, Array)
#1 C:\xampp\htdocs\togel\vendor\codeigniter4\framework\system\CodeIgniter.php(935): App\Controllers\Grafik->index()
#2 C:\xampp\htdocs\togel\vendor\codeigniter4\framework\system\CodeIgniter.php(431): CodeIgniter\CodeIgniter->runController(Object(App\Controllers\Grafik))
#3 C:\xampp\htdocs\togel\vendor\codeigniter4\framework\system\CodeIgniter.php(332): CodeIgniter\CodeIgniter->handleRequest(NULL, Object(Config\Cache), false)
#4 C:\xampp\htdocs\togel\public\index.php(44): CodeIgniter\CodeIgniter->run()
#5 {main}
CRITICAL - 2022-03-06 07:37:28 --> implode(): Argument must be an array
#0 [internal function]: CodeIgniter\Debug\Exceptions->errorHandler(2, 'implode(): Argu...', 'C:\\xampp\\htdocs...', 41, Array)
#1 C:\xampp\htdocs\togel\app\Controllers\Grafik.php(41): implode('.')
#2 C:\xampp\htdocs\togel\vendor\codeigniter4\framework\system\CodeIgniter.php(935): App\Controllers\Grafik->index()
#3 C:\xampp\htdocs\togel\vendor\codeigniter4\framework\system\CodeIgniter.php(431): CodeIgniter\CodeIgniter->runController(Object(App\Controllers\Grafik))
#4 C:\xampp\htdocs\togel\vendor\codeigniter4\framework\system\CodeIgniter.php(332): CodeIgniter\CodeIgniter->handleRequest(NULL, Object(Config\Cache), false)
#5 C:\xampp\htdocs\togel\public\index.php(44): CodeIgniter\CodeIgniter->run()
#6 {main}
CRITICAL - 2022-03-06 07:39:00 --> implode(): Invalid arguments passed
#0 [internal function]: CodeIgniter\Debug\Exceptions->errorHandler(2, 'implode(): Inva...', 'C:\\xampp\\htdocs...', 41, Array)
#1 C:\xampp\htdocs\togel\app\Controllers\Grafik.php(41): implode('.', ' -6.165.600')
#2 C:\xampp\htdocs\togel\vendor\codeigniter4\framework\system\CodeIgniter.php(935): App\Controllers\Grafik->index()
#3 C:\xampp\htdocs\togel\vendor\codeigniter4\framework\system\CodeIgniter.php(431): CodeIgniter\CodeIgniter->runController(Object(App\Controllers\Grafik))
#4 C:\xampp\htdocs\togel\vendor\codeigniter4\framework\system\CodeIgniter.php(332): CodeIgniter\CodeIgniter->handleRequest(NULL, Object(Config\Cache), false)
#5 C:\xampp\htdocs\togel\public\index.php(44): CodeIgniter\CodeIgniter->run()
#6 {main}
CRITICAL - 2022-03-06 07:57:16 --> Trying to get property 'total' of non-object
#0 C:\xampp\htdocs\togel\app\Controllers\Grafik.php(51): CodeIgniter\Debug\Exceptions->errorHandler(8, 'Trying to get p...', 'C:\\xampp\\htdocs...', 51, Array)
#1 C:\xampp\htdocs\togel\vendor\codeigniter4\framework\system\CodeIgniter.php(935): App\Controllers\Grafik->index()
#2 C:\xampp\htdocs\togel\vendor\codeigniter4\framework\system\CodeIgniter.php(431): CodeIgniter\CodeIgniter->runController(Object(App\Controllers\Grafik))
#3 C:\xampp\htdocs\togel\vendor\codeigniter4\framework\system\CodeIgniter.php(332): CodeIgniter\CodeIgniter->handleRequest(NULL, Object(Config\Cache), false)
#4 C:\xampp\htdocs\togel\public\index.php(44): CodeIgniter\CodeIgniter->run()
#5 {main}
CRITICAL - 2022-03-06 07:59:11 --> Trying to get property 'total' of non-object
#0 C:\xampp\htdocs\togel\app\Controllers\Grafik.php(51): CodeIgniter\Debug\Exceptions->errorHandler(8, 'Trying to get p...', 'C:\\xampp\\htdocs...', 51, Array)
#1 C:\xampp\htdocs\togel\vendor\codeigniter4\framework\system\CodeIgniter.php(935): App\Controllers\Grafik->index()
#2 C:\xampp\htdocs\togel\vendor\codeigniter4\framework\system\CodeIgniter.php(431): CodeIgniter\CodeIgniter->runController(Object(App\Controllers\Grafik))
#3 C:\xampp\htdocs\togel\vendor\codeigniter4\framework\system\CodeIgniter.php(332): CodeIgniter\CodeIgniter->handleRequest(NULL, Object(Config\Cache), false)
#4 C:\xampp\htdocs\togel\public\index.php(44): CodeIgniter\CodeIgniter->run()
#5 {main}
CRITICAL - 2022-03-06 07:59:25 --> Trying to get property 'total' of non-object
#0 C:\xampp\htdocs\togel\app\Controllers\Grafik.php(51): CodeIgniter\Debug\Exceptions->errorHandler(8, 'Trying to get p...', 'C:\\xampp\\htdocs...', 51, Array)
#1 C:\xampp\htdocs\togel\vendor\codeigniter4\framework\system\CodeIgniter.php(935): App\Controllers\Grafik->index()
#2 C:\xampp\htdocs\togel\vendor\codeigniter4\framework\system\CodeIgniter.php(431): CodeIgniter\CodeIgniter->runController(Object(App\Controllers\Grafik))
#3 C:\xampp\htdocs\togel\vendor\codeigniter4\framework\system\CodeIgniter.php(332): CodeIgniter\CodeIgniter->handleRequest(NULL, Object(Config\Cache), false)
#4 C:\xampp\htdocs\togel\public\index.php(44): CodeIgniter\CodeIgniter->run()
#5 {main}
CRITICAL - 2022-03-06 07:59:43 --> Trying to get property 'total' of non-object
#0 C:\xampp\htdocs\togel\app\Controllers\Grafik.php(51): CodeIgniter\Debug\Exceptions->errorHandler(8, 'Trying to get p...', 'C:\\xampp\\htdocs...', 51, Array)
#1 C:\xampp\htdocs\togel\vendor\codeigniter4\framework\system\CodeIgniter.php(935): App\Controllers\Grafik->index()
#2 C:\xampp\htdocs\togel\vendor\codeigniter4\framework\system\CodeIgniter.php(431): CodeIgniter\CodeIgniter->runController(Object(App\Controllers\Grafik))
#3 C:\xampp\htdocs\togel\vendor\codeigniter4\framework\system\CodeIgniter.php(332): CodeIgniter\CodeIgniter->handleRequest(NULL, Object(Config\Cache), false)
#4 C:\xampp\htdocs\togel\public\index.php(44): CodeIgniter\CodeIgniter->run()
#5 {main}
CRITICAL - 2022-03-06 08:00:35 --> Trying to get property 'total' of non-object
#0 C:\xampp\htdocs\togel\app\Controllers\Grafik.php(51): CodeIgniter\Debug\Exceptions->errorHandler(8, 'Trying to get p...', 'C:\\xampp\\htdocs...', 51, Array)
#1 C:\xampp\htdocs\togel\vendor\codeigniter4\framework\system\CodeIgniter.php(935): App\Controllers\Grafik->index()
#2 C:\xampp\htdocs\togel\vendor\codeigniter4\framework\system\CodeIgniter.php(431): CodeIgniter\CodeIgniter->runController(Object(App\Controllers\Grafik))
#3 C:\xampp\htdocs\togel\vendor\codeigniter4\framework\system\CodeIgniter.php(332): CodeIgniter\CodeIgniter->handleRequest(NULL, Object(Config\Cache), false)
#4 C:\xampp\htdocs\togel\public\index.php(44): CodeIgniter\CodeIgniter->run()
#5 {main}
CRITICAL - 2022-03-06 08:02:58 --> Undefined variable: tanggal_tiga
#0 C:\xampp\htdocs\togel\app\Views\home\grafik_keuntungan.php(64): CodeIgniter\Debug\Exceptions->errorHandler(8, 'Undefined varia...', 'C:\\xampp\\htdocs...', 64, Array)
#1 C:\xampp\htdocs\togel\vendor\codeigniter4\framework\system\View\View.php(220): include('C:\\xampp\\htdocs...')
#2 C:\xampp\htdocs\togel\vendor\codeigniter4\framework\system\View\View.php(222): CodeIgniter\View\View->CodeIgniter\View\{closure}()
#3 C:\xampp\htdocs\togel\vendor\codeigniter4\framework\system\Common.php(1217): CodeIgniter\View\View->render('home/grafik_keu...', Array, true)
#4 C:\xampp\htdocs\togel\app\Views\layout\v_content.php(3): view('home/grafik_keu...')
#5 C:\xampp\htdocs\togel\vendor\codeigniter4\framework\system\View\View.php(220): include('C:\\xampp\\htdocs...')
#6 C:\xampp\htdocs\togel\vendor\codeigniter4\framework\system\View\View.php(222): CodeIgniter\View\View->CodeIgniter\View\{closure}()
#7 C:\xampp\htdocs\togel\vendor\codeigniter4\framework\system\Common.php(1217): CodeIgniter\View\View->render('layout/v_conten...', Array, true)
#8 C:\xampp\htdocs\togel\app\Views\layout\v_wrapper.php(7): view('layout/v_conten...')
#9 C:\xampp\htdocs\togel\vendor\codeigniter4\framework\system\View\View.php(220): include('C:\\xampp\\htdocs...')
#10 C:\xampp\htdocs\togel\vendor\codeigniter4\framework\system\View\View.php(222): CodeIgniter\View\View->CodeIgniter\View\{closure}()
#11 C:\xampp\htdocs\togel\vendor\codeigniter4\framework\system\Common.php(1217): CodeIgniter\View\View->render('layout/v_wrappe...', Array, true)
#12 C:\xampp\htdocs\togel\app\Controllers\Grafik.php(69): view('layout/v_wrappe...', Array)
#13 C:\xampp\htdocs\togel\vendor\codeigniter4\framework\system\CodeIgniter.php(935): App\Controllers\Grafik->index()
#14 C:\xampp\htdocs\togel\vendor\codeigniter4\framework\system\CodeIgniter.php(431): CodeIgniter\CodeIgniter->runController(Object(App\Controllers\Grafik))
#15 C:\xampp\htdocs\togel\vendor\codeigniter4\framework\system\CodeIgniter.php(332): CodeIgniter\CodeIgniter->handleRequest(NULL, Object(Config\Cache), false)
#16 C:\xampp\htdocs\togel\public\index.php(44): CodeIgniter\CodeIgniter->run()
#17 {main}
CRITICAL - 2022-03-06 08:03:12 --> Undefined variable: tanggal_tiga
#0 C:\xampp\htdocs\togel\app\Views\home\grafik_keuntungan.php(64): CodeIgniter\Debug\Exceptions->errorHandler(8, 'Undefined varia...', 'C:\\xampp\\htdocs...', 64, Array)
#1 C:\xampp\htdocs\togel\vendor\codeigniter4\framework\system\View\View.php(220): include('C:\\xampp\\htdocs...')
#2 C:\xampp\htdocs\togel\vendor\codeigniter4\framework\system\View\View.php(222): CodeIgniter\View\View->CodeIgniter\View\{closure}()
#3 C:\xampp\htdocs\togel\vendor\codeigniter4\framework\system\Common.php(1217): CodeIgniter\View\View->render('home/grafik_keu...', Array, true)
#4 C:\xampp\htdocs\togel\app\Views\layout\v_content.php(3): view('home/grafik_keu...')
#5 C:\xampp\htdocs\togel\vendor\codeigniter4\framework\system\View\View.php(220): include('C:\\xampp\\htdocs...')
#6 C:\xampp\htdocs\togel\vendor\codeigniter4\framework\system\View\View.php(222): CodeIgniter\View\View->CodeIgniter\View\{closure}()
#7 C:\xampp\htdocs\togel\vendor\codeigniter4\framework\system\Common.php(1217): CodeIgniter\View\View->render('layout/v_conten...', Array, true)
#8 C:\xampp\htdocs\togel\app\Views\layout\v_wrapper.php(7): view('layout/v_conten...')
#9 C:\xampp\htdocs\togel\vendor\codeigniter4\framework\system\View\View.php(220): include('C:\\xampp\\htdocs...')
#10 C:\xampp\htdocs\togel\vendor\codeigniter4\framework\system\View\View.php(222): CodeIgniter\View\View->CodeIgniter\View\{closure}()
#11 C:\xampp\htdocs\togel\vendor\codeigniter4\framework\system\Common.php(1217): CodeIgniter\View\View->render('layout/v_wrappe...', Array, true)
#12 C:\xampp\htdocs\togel\app\Controllers\Grafik.php(69): view('layout/v_wrappe...', Array)
#13 C:\xampp\htdocs\togel\vendor\codeigniter4\framework\system\CodeIgniter.php(935): App\Controllers\Grafik->index()
#14 C:\xampp\htdocs\togel\vendor\codeigniter4\framework\system\CodeIgniter.php(431): CodeIgniter\CodeIgniter->runController(Object(App\Controllers\Grafik))
#15 C:\xampp\htdocs\togel\vendor\codeigniter4\framework\system\CodeIgniter.php(332): CodeIgniter\CodeIgniter->handleRequest(NULL, Object(Config\Cache), false)
#16 C:\xampp\htdocs\togel\public\index.php(44): CodeIgniter\CodeIgniter->run()
#17 {main}
CRITICAL - 2022-03-06 08:07:45 --> Undefined variable: empat_sd
#0 C:\xampp\htdocs\togel\app\Controllers\Grafik.php(58): CodeIgniter\Debug\Exceptions->errorHandler(8, 'Undefined varia...', 'C:\\xampp\\htdocs...', 58, Array)
#1 C:\xampp\htdocs\togel\vendor\codeigniter4\framework\system\CodeIgniter.php(935): App\Controllers\Grafik->index()
#2 C:\xampp\htdocs\togel\vendor\codeigniter4\framework\system\CodeIgniter.php(431): CodeIgniter\CodeIgniter->runController(Object(App\Controllers\Grafik))
#3 C:\xampp\htdocs\togel\vendor\codeigniter4\framework\system\CodeIgniter.php(332): CodeIgniter\CodeIgniter->handleRequest(NULL, Object(Config\Cache), false)
#4 C:\xampp\htdocs\togel\public\index.php(44): CodeIgniter\CodeIgniter->run()
#5 {main}
