CRITICAL - 2021-07-25 00:55:34 --> syntax error, unexpected 'if' (T_IF)
#0 C:\xampp\htdocs\klinikpratama\vendor\codeigniter4\framework\system\Autoloader\Autoloader.php(274): CodeIgniter\Autoloader\Autoloader->includeFile('C:\\xampp\\htdocs...')
#1 C:\xampp\htdocs\klinikpratama\vendor\codeigniter4\framework\system\Autoloader\Autoloader.php(228): CodeIgniter\Autoloader\Autoloader->loadInNamespace('App\\Controllers...')
#2 [internal function]: CodeIgniter\Autoloader\Autoloader->loadClass('App\\Controllers...')
#3 [internal function]: spl_autoload_call('App\\Controllers...')
#4 C:\xampp\htdocs\klinikpratama\vendor\codeigniter4\framework\system\CodeIgniter.php(892): class_exists('\\App\\Controller...', true)
#5 C:\xampp\htdocs\klinikpratama\vendor\codeigniter4\framework\system\CodeIgniter.php(416): CodeIgniter\CodeIgniter->startController()
#6 C:\xampp\htdocs\klinikpratama\vendor\codeigniter4\framework\system\CodeIgniter.php(332): CodeIgniter\CodeIgniter->handleRequest(NULL, Object(Config\Cache), false)
#7 C:\xampp\htdocs\klinikpratama\public\index.php(44): CodeIgniter\CodeIgniter->run()
#8 {main}
CRITICAL - 2021-07-25 00:56:09 --> syntax error, unexpected 'if' (T_IF)
#0 C:\xampp\htdocs\klinikpratama\vendor\codeigniter4\framework\system\Autoloader\Autoloader.php(274): CodeIgniter\Autoloader\Autoloader->includeFile('C:\\xampp\\htdocs...')
#1 C:\xampp\htdocs\klinikpratama\vendor\codeigniter4\framework\system\Autoloader\Autoloader.php(228): CodeIgniter\Autoloader\Autoloader->loadInNamespace('App\\Controllers...')
#2 [internal function]: CodeIgniter\Autoloader\Autoloader->loadClass('App\\Controllers...')
#3 [internal function]: spl_autoload_call('App\\Controllers...')
#4 C:\xampp\htdocs\klinikpratama\vendor\codeigniter4\framework\system\CodeIgniter.php(892): class_exists('\\App\\Controller...', true)
#5 C:\xampp\htdocs\klinikpratama\vendor\codeigniter4\framework\system\CodeIgniter.php(416): CodeIgniter\CodeIgniter->startController()
#6 C:\xampp\htdocs\klinikpratama\vendor\codeigniter4\framework\system\CodeIgniter.php(332): CodeIgniter\CodeIgniter->handleRequest(NULL, Object(Config\Cache), false)
#7 C:\xampp\htdocs\klinikpratama\public\index.php(44): CodeIgniter\CodeIgniter->run()
#8 {main}
CRITICAL - 2021-07-25 00:57:10 --> syntax error, unexpected ','
#0 C:\xampp\htdocs\klinikpratama\vendor\codeigniter4\framework\system\Autoloader\Autoloader.php(274): CodeIgniter\Autoloader\Autoloader->includeFile('C:\\xampp\\htdocs...')
#1 C:\xampp\htdocs\klinikpratama\vendor\codeigniter4\framework\system\Autoloader\Autoloader.php(228): CodeIgniter\Autoloader\Autoloader->loadInNamespace('App\\Controllers...')
#2 [internal function]: CodeIgniter\Autoloader\Autoloader->loadClass('App\\Controllers...')
#3 [internal function]: spl_autoload_call('App\\Controllers...')
#4 C:\xampp\htdocs\klinikpratama\vendor\codeigniter4\framework\system\CodeIgniter.php(892): class_exists('\\App\\Controller...', true)
#5 C:\xampp\htdocs\klinikpratama\vendor\codeigniter4\framework\system\CodeIgniter.php(416): CodeIgniter\CodeIgniter->startController()
#6 C:\xampp\htdocs\klinikpratama\vendor\codeigniter4\framework\system\CodeIgniter.php(332): CodeIgniter\CodeIgniter->handleRequest(NULL, Object(Config\Cache), false)
#7 C:\xampp\htdocs\klinikpratama\public\index.php(44): CodeIgniter\CodeIgniter->run()
#8 {main}
CRITICAL - 2021-07-25 00:57:30 --> syntax error, unexpected '}', expecting ';'
#0 C:\xampp\htdocs\klinikpratama\vendor\codeigniter4\framework\system\Autoloader\Autoloader.php(274): CodeIgniter\Autoloader\Autoloader->includeFile('C:\\xampp\\htdocs...')
#1 C:\xampp\htdocs\klinikpratama\vendor\codeigniter4\framework\system\Autoloader\Autoloader.php(228): CodeIgniter\Autoloader\Autoloader->loadInNamespace('App\\Controllers...')
#2 [internal function]: CodeIgniter\Autoloader\Autoloader->loadClass('App\\Controllers...')
#3 [internal function]: spl_autoload_call('App\\Controllers...')
#4 C:\xampp\htdocs\klinikpratama\vendor\codeigniter4\framework\system\CodeIgniter.php(892): class_exists('\\App\\Controller...', true)
#5 C:\xampp\htdocs\klinikpratama\vendor\codeigniter4\framework\system\CodeIgniter.php(416): CodeIgniter\CodeIgniter->startController()
#6 C:\xampp\htdocs\klinikpratama\vendor\codeigniter4\framework\system\CodeIgniter.php(332): CodeIgniter\CodeIgniter->handleRequest(NULL, Object(Config\Cache), false)
#7 C:\xampp\htdocs\klinikpratama\public\index.php(44): CodeIgniter\CodeIgniter->run()
#8 {main}
ERROR - 2021-07-25 00:58:38 --> mysqli_sql_exception: Unknown column 'jk' in 'field list' in C:\xampp\htdocs\klinikpratama\vendor\codeigniter4\framework\system\Database\MySQLi\Connection.php:314
Stack trace:
#0 C:\xampp\htdocs\klinikpratama\vendor\codeigniter4\framework\system\Database\MySQLi\Connection.php(314): mysqli->query('UPDATE `registe...')
#1 C:\xampp\htdocs\klinikpratama\vendor\codeigniter4\framework\system\Database\BaseConnection.php(715): CodeIgniter\Database\MySQLi\Connection->execute('UPDATE `registe...')
#2 C:\xampp\htdocs\klinikpratama\vendor\codeigniter4\framework\system\Database\BaseConnection.php(643): CodeIgniter\Database\BaseConnection->simpleQuery('UPDATE `registe...')
#3 C:\xampp\htdocs\klinikpratama\vendor\codeigniter4\framework\system\Database\BaseBuilder.php(2472): CodeIgniter\Database\BaseConnection->query('UPDATE `registe...', Array, false)
#4 C:\xampp\htdocs\klinikpratama\app\Models\registeruserModel.php(31): CodeIgniter\Database\BaseBuilder->update(Array)
#5 C:\xampp\htdocs\klinikpratama\app\Controllers\Home.php(140): App\Models\registeruserModel->update_biodata_user('527106290594000...', Array)
#6 C:\xampp\htdocs\klinikpratama\vendor\codeigniter4\framework\system\CodeIgniter.php(935): App\Controllers\Home->biodata()
#7 C:\xampp\htdocs\klinikpratama\vendor\codeigniter4\framework\system\CodeIgniter.php(431): CodeIgniter\CodeIgniter->runController(Object(App\Controllers\Home))
#8 C:\xampp\htdocs\klinikpratama\vendor\codeigniter4\framework\system\CodeIgniter.php(332): CodeIgniter\CodeIgniter->handleRequest(NULL, Object(Config\Cache), false)
#9 C:\xampp\htdocs\klinikpratama\public\index.php(44): CodeIgniter\CodeIgniter->run()
#10 {main}
CRITICAL - 2021-07-25 00:58:38 --> Unknown column 'jk' in 'field list'
#0 C:\xampp\htdocs\klinikpratama\vendor\codeigniter4\framework\system\Database\MySQLi\Connection.php(314): mysqli->query('UPDATE `registe...')
#1 C:\xampp\htdocs\klinikpratama\vendor\codeigniter4\framework\system\Database\BaseConnection.php(715): CodeIgniter\Database\MySQLi\Connection->execute('UPDATE `registe...')
#2 C:\xampp\htdocs\klinikpratama\vendor\codeigniter4\framework\system\Database\BaseConnection.php(643): CodeIgniter\Database\BaseConnection->simpleQuery('UPDATE `registe...')
#3 C:\xampp\htdocs\klinikpratama\vendor\codeigniter4\framework\system\Database\BaseBuilder.php(2472): CodeIgniter\Database\BaseConnection->query('UPDATE `registe...', Array, false)
#4 C:\xampp\htdocs\klinikpratama\app\Models\registeruserModel.php(31): CodeIgniter\Database\BaseBuilder->update(Array)
#5 C:\xampp\htdocs\klinikpratama\app\Controllers\Home.php(140): App\Models\registeruserModel->update_biodata_user('527106290594000...', Array)
#6 C:\xampp\htdocs\klinikpratama\vendor\codeigniter4\framework\system\CodeIgniter.php(935): App\Controllers\Home->biodata()
#7 C:\xampp\htdocs\klinikpratama\vendor\codeigniter4\framework\system\CodeIgniter.php(431): CodeIgniter\CodeIgniter->runController(Object(App\Controllers\Home))
#8 C:\xampp\htdocs\klinikpratama\vendor\codeigniter4\framework\system\CodeIgniter.php(332): CodeIgniter\CodeIgniter->handleRequest(NULL, Object(Config\Cache), false)
#9 C:\xampp\htdocs\klinikpratama\public\index.php(44): CodeIgniter\CodeIgniter->run()
#10 {main}
CRITICAL - 2021-07-25 01:03:44 --> Trying to get property 'status_akun' of non-object
#0 C:\xampp\htdocs\klinikpratama\app\Views\home\biodata.php(207): CodeIgniter\Debug\Exceptions->errorHandler(8, 'Trying to get p...', 'C:\\xampp\\htdocs...', 207, Array)
#1 C:\xampp\htdocs\klinikpratama\vendor\codeigniter4\framework\system\View\View.php(220): include('C:\\xampp\\htdocs...')
#2 C:\xampp\htdocs\klinikpratama\vendor\codeigniter4\framework\system\View\View.php(222): CodeIgniter\View\View->CodeIgniter\View\{closure}()
#3 C:\xampp\htdocs\klinikpratama\vendor\codeigniter4\framework\system\Common.php(1217): CodeIgniter\View\View->render('home/biodata.ph...', Array, true)
#4 C:\xampp\htdocs\klinikpratama\app\Views\layout\v_content.php(3): view('home/biodata.ph...')
#5 C:\xampp\htdocs\klinikpratama\vendor\codeigniter4\framework\system\View\View.php(220): include('C:\\xampp\\htdocs...')
#6 C:\xampp\htdocs\klinikpratama\vendor\codeigniter4\framework\system\View\View.php(222): CodeIgniter\View\View->CodeIgniter\View\{closure}()
#7 C:\xampp\htdocs\klinikpratama\vendor\codeigniter4\framework\system\Common.php(1217): CodeIgniter\View\View->render('layout/v_conten...', Array, true)
#8 C:\xampp\htdocs\klinikpratama\app\Views\layout\v_wrapper.php(7): view('layout/v_conten...')
#9 C:\xampp\htdocs\klinikpratama\vendor\codeigniter4\framework\system\View\View.php(220): include('C:\\xampp\\htdocs...')
#10 C:\xampp\htdocs\klinikpratama\vendor\codeigniter4\framework\system\View\View.php(222): CodeIgniter\View\View->CodeIgniter\View\{closure}()
#11 C:\xampp\htdocs\klinikpratama\vendor\codeigniter4\framework\system\Common.php(1217): CodeIgniter\View\View->render('layout/v_wrappe...', Array, true)
#12 C:\xampp\htdocs\klinikpratama\app\Controllers\Home.php(28): view('layout/v_wrappe...', Array)
#13 C:\xampp\htdocs\klinikpratama\vendor\codeigniter4\framework\system\CodeIgniter.php(935): App\Controllers\Home->index()
#14 C:\xampp\htdocs\klinikpratama\vendor\codeigniter4\framework\system\CodeIgniter.php(431): CodeIgniter\CodeIgniter->runController(Object(App\Controllers\Home))
#15 C:\xampp\htdocs\klinikpratama\vendor\codeigniter4\framework\system\CodeIgniter.php(332): CodeIgniter\CodeIgniter->handleRequest(NULL, Object(Config\Cache), false)
#16 C:\xampp\htdocs\klinikpratama\public\index.php(44): CodeIgniter\CodeIgniter->run()
#17 {main}
CRITICAL - 2021-07-25 01:13:11 --> Undefined variable: session
#0 C:\xampp\htdocs\klinikpratama\app\Controllers\Home.php(38): CodeIgniter\Debug\Exceptions->errorHandler(8, 'Undefined varia...', 'C:\\xampp\\htdocs...', 38, Array)
#1 C:\xampp\htdocs\klinikpratama\vendor\codeigniter4\framework\system\CodeIgniter.php(935): App\Controllers\Home->Beranda()
#2 C:\xampp\htdocs\klinikpratama\vendor\codeigniter4\framework\system\CodeIgniter.php(431): CodeIgniter\CodeIgniter->runController(Object(App\Controllers\Home))
#3 C:\xampp\htdocs\klinikpratama\vendor\codeigniter4\framework\system\CodeIgniter.php(332): CodeIgniter\CodeIgniter->handleRequest(NULL, Object(Config\Cache), false)
#4 C:\xampp\htdocs\klinikpratama\public\index.php(44): CodeIgniter\CodeIgniter->run()
#5 {main}
CRITICAL - 2021-07-25 01:15:17 --> Undefined variable: validation
#0 C:\xampp\htdocs\klinikpratama\app\Views\home\biodata.php(21): CodeIgniter\Debug\Exceptions->errorHandler(8, 'Undefined varia...', 'C:\\xampp\\htdocs...', 21, Array)
#1 C:\xampp\htdocs\klinikpratama\vendor\codeigniter4\framework\system\View\View.php(220): include('C:\\xampp\\htdocs...')
#2 C:\xampp\htdocs\klinikpratama\vendor\codeigniter4\framework\system\View\View.php(222): CodeIgniter\View\View->CodeIgniter\View\{closure}()
#3 C:\xampp\htdocs\klinikpratama\vendor\codeigniter4\framework\system\Common.php(1217): CodeIgniter\View\View->render('home/biodata.ph...', Array, true)
#4 C:\xampp\htdocs\klinikpratama\app\Views\layout\v_content.php(3): view('home/biodata.ph...')
#5 C:\xampp\htdocs\klinikpratama\vendor\codeigniter4\framework\system\View\View.php(220): include('C:\\xampp\\htdocs...')
#6 C:\xampp\htdocs\klinikpratama\vendor\codeigniter4\framework\system\View\View.php(222): CodeIgniter\View\View->CodeIgniter\View\{closure}()
#7 C:\xampp\htdocs\klinikpratama\vendor\codeigniter4\framework\system\Common.php(1217): CodeIgniter\View\View->render('layout/v_conten...', Array, true)
#8 C:\xampp\htdocs\klinikpratama\app\Views\layout\v_wrapper.php(7): view('layout/v_conten...')
#9 C:\xampp\htdocs\klinikpratama\vendor\codeigniter4\framework\system\View\View.php(220): include('C:\\xampp\\htdocs...')
#10 C:\xampp\htdocs\klinikpratama\vendor\codeigniter4\framework\system\View\View.php(222): CodeIgniter\View\View->CodeIgniter\View\{closure}()
#11 C:\xampp\htdocs\klinikpratama\vendor\codeigniter4\framework\system\Common.php(1217): CodeIgniter\View\View->render('layout/v_wrappe...', Array, true)
#12 C:\xampp\htdocs\klinikpratama\app\Controllers\Home.php(60): view('layout/v_wrappe...', Array)
#13 C:\xampp\htdocs\klinikpratama\vendor\codeigniter4\framework\system\CodeIgniter.php(935): App\Controllers\Home->data_vaksin()
#14 C:\xampp\htdocs\klinikpratama\vendor\codeigniter4\framework\system\CodeIgniter.php(431): CodeIgniter\CodeIgniter->runController(Object(App\Controllers\Home))
#15 C:\xampp\htdocs\klinikpratama\vendor\codeigniter4\framework\system\CodeIgniter.php(332): CodeIgniter\CodeIgniter->handleRequest(NULL, Object(Config\Cache), false)
#16 C:\xampp\htdocs\klinikpratama\public\index.php(44): CodeIgniter\CodeIgniter->run()
#17 {main}
CRITICAL - 2021-07-25 01:15:25 --> Undefined variable: validation
#0 C:\xampp\htdocs\klinikpratama\app\Views\home\biodata.php(21): CodeIgniter\Debug\Exceptions->errorHandler(8, 'Undefined varia...', 'C:\\xampp\\htdocs...', 21, Array)
#1 C:\xampp\htdocs\klinikpratama\vendor\codeigniter4\framework\system\View\View.php(220): include('C:\\xampp\\htdocs...')
#2 C:\xampp\htdocs\klinikpratama\vendor\codeigniter4\framework\system\View\View.php(222): CodeIgniter\View\View->CodeIgniter\View\{closure}()
#3 C:\xampp\htdocs\klinikpratama\vendor\codeigniter4\framework\system\Common.php(1217): CodeIgniter\View\View->render('home/biodata.ph...', Array, true)
#4 C:\xampp\htdocs\klinikpratama\app\Views\layout\v_content.php(3): view('home/biodata.ph...')
#5 C:\xampp\htdocs\klinikpratama\vendor\codeigniter4\framework\system\View\View.php(220): include('C:\\xampp\\htdocs...')
#6 C:\xampp\htdocs\klinikpratama\vendor\codeigniter4\framework\system\View\View.php(222): CodeIgniter\View\View->CodeIgniter\View\{closure}()
#7 C:\xampp\htdocs\klinikpratama\vendor\codeigniter4\framework\system\Common.php(1217): CodeIgniter\View\View->render('layout/v_conten...', Array, true)
#8 C:\xampp\htdocs\klinikpratama\app\Views\layout\v_wrapper.php(7): view('layout/v_conten...')
#9 C:\xampp\htdocs\klinikpratama\vendor\codeigniter4\framework\system\View\View.php(220): include('C:\\xampp\\htdocs...')
#10 C:\xampp\htdocs\klinikpratama\vendor\codeigniter4\framework\system\View\View.php(222): CodeIgniter\View\View->CodeIgniter\View\{closure}()
#11 C:\xampp\htdocs\klinikpratama\vendor\codeigniter4\framework\system\Common.php(1217): CodeIgniter\View\View->render('layout/v_wrappe...', Array, true)
#12 C:\xampp\htdocs\klinikpratama\app\Controllers\Home.php(60): view('layout/v_wrappe...', Array)
#13 C:\xampp\htdocs\klinikpratama\vendor\codeigniter4\framework\system\CodeIgniter.php(935): App\Controllers\Home->data_vaksin()
#14 C:\xampp\htdocs\klinikpratama\vendor\codeigniter4\framework\system\CodeIgniter.php(431): CodeIgniter\CodeIgniter->runController(Object(App\Controllers\Home))
#15 C:\xampp\htdocs\klinikpratama\vendor\codeigniter4\framework\system\CodeIgniter.php(332): CodeIgniter\CodeIgniter->handleRequest(NULL, Object(Config\Cache), false)
#16 C:\xampp\htdocs\klinikpratama\public\index.php(44): CodeIgniter\CodeIgniter->run()
#17 {main}
CRITICAL - 2021-07-25 01:16:41 --> Undefined variable: validation
#0 C:\xampp\htdocs\klinikpratama\app\Views\home\biodata.php(21): CodeIgniter\Debug\Exceptions->errorHandler(8, 'Undefined varia...', 'C:\\xampp\\htdocs...', 21, Array)
#1 C:\xampp\htdocs\klinikpratama\vendor\codeigniter4\framework\system\View\View.php(220): include('C:\\xampp\\htdocs...')
#2 C:\xampp\htdocs\klinikpratama\vendor\codeigniter4\framework\system\View\View.php(222): CodeIgniter\View\View->CodeIgniter\View\{closure}()
#3 C:\xampp\htdocs\klinikpratama\vendor\codeigniter4\framework\system\Common.php(1217): CodeIgniter\View\View->render('home/biodata.ph...', Array, true)
#4 C:\xampp\htdocs\klinikpratama\app\Views\layout\v_content.php(3): view('home/biodata.ph...')
#5 C:\xampp\htdocs\klinikpratama\vendor\codeigniter4\framework\system\View\View.php(220): include('C:\\xampp\\htdocs...')
#6 C:\xampp\htdocs\klinikpratama\vendor\codeigniter4\framework\system\View\View.php(222): CodeIgniter\View\View->CodeIgniter\View\{closure}()
#7 C:\xampp\htdocs\klinikpratama\vendor\codeigniter4\framework\system\Common.php(1217): CodeIgniter\View\View->render('layout/v_conten...', Array, true)
#8 C:\xampp\htdocs\klinikpratama\app\Views\layout\v_wrapper.php(7): view('layout/v_conten...')
#9 C:\xampp\htdocs\klinikpratama\vendor\codeigniter4\framework\system\View\View.php(220): include('C:\\xampp\\htdocs...')
#10 C:\xampp\htdocs\klinikpratama\vendor\codeigniter4\framework\system\View\View.php(222): CodeIgniter\View\View->CodeIgniter\View\{closure}()
#11 C:\xampp\htdocs\klinikpratama\vendor\codeigniter4\framework\system\Common.php(1217): CodeIgniter\View\View->render('layout/v_wrappe...', Array, true)
#12 C:\xampp\htdocs\klinikpratama\app\Controllers\Home.php(60): view('layout/v_wrappe...', Array)
#13 C:\xampp\htdocs\klinikpratama\vendor\codeigniter4\framework\system\CodeIgniter.php(935): App\Controllers\Home->data_vaksin()
#14 C:\xampp\htdocs\klinikpratama\vendor\codeigniter4\framework\system\CodeIgniter.php(431): CodeIgniter\CodeIgniter->runController(Object(App\Controllers\Home))
#15 C:\xampp\htdocs\klinikpratama\vendor\codeigniter4\framework\system\CodeIgniter.php(332): CodeIgniter\CodeIgniter->handleRequest(NULL, Object(Config\Cache), false)
#16 C:\xampp\htdocs\klinikpratama\public\index.php(44): CodeIgniter\CodeIgniter->run()
#17 {main}
CRITICAL - 2021-07-25 02:16:26 --> Undefined variable: session
#0 C:\xampp\htdocs\klinikpratama\app\Controllers\Home.php(141): CodeIgniter\Debug\Exceptions->errorHandler(8, 'Undefined varia...', 'C:\\xampp\\htdocs...', 141, Array)
#1 C:\xampp\htdocs\klinikpratama\vendor\codeigniter4\framework\system\CodeIgniter.php(935): App\Controllers\Home->biodata()
#2 C:\xampp\htdocs\klinikpratama\vendor\codeigniter4\framework\system\CodeIgniter.php(431): CodeIgniter\CodeIgniter->runController(Object(App\Controllers\Home))
#3 C:\xampp\htdocs\klinikpratama\vendor\codeigniter4\framework\system\CodeIgniter.php(332): CodeIgniter\CodeIgniter->handleRequest(NULL, Object(Config\Cache), false)
#4 C:\xampp\htdocs\klinikpratama\public\index.php(44): CodeIgniter\CodeIgniter->run()
#5 {main}
CRITICAL - 2021-07-25 03:00:45 --> syntax error, unexpected ';', expecting ')'
#0 C:\xampp\htdocs\klinikpratama\vendor\codeigniter4\framework\system\View\View.php(222): CodeIgniter\View\View->CodeIgniter\View\{closure}()
#1 C:\xampp\htdocs\klinikpratama\vendor\codeigniter4\framework\system\Common.php(1217): CodeIgniter\View\View->render('Home/biodata.ph...', Array, true)
#2 C:\xampp\htdocs\klinikpratama\app\Views\layout\v_content.php(3): view('Home/biodata.ph...')
#3 C:\xampp\htdocs\klinikpratama\vendor\codeigniter4\framework\system\View\View.php(220): include('C:\\xampp\\htdocs...')
#4 C:\xampp\htdocs\klinikpratama\vendor\codeigniter4\framework\system\View\View.php(222): CodeIgniter\View\View->CodeIgniter\View\{closure}()
#5 C:\xampp\htdocs\klinikpratama\vendor\codeigniter4\framework\system\Common.php(1217): CodeIgniter\View\View->render('layout/v_conten...', Array, true)
#6 C:\xampp\htdocs\klinikpratama\app\Views\layout\v_wrapper.php(7): view('layout/v_conten...')
#7 C:\xampp\htdocs\klinikpratama\vendor\codeigniter4\framework\system\View\View.php(220): include('C:\\xampp\\htdocs...')
#8 C:\xampp\htdocs\klinikpratama\vendor\codeigniter4\framework\system\View\View.php(222): CodeIgniter\View\View->CodeIgniter\View\{closure}()
#9 C:\xampp\htdocs\klinikpratama\vendor\codeigniter4\framework\system\Common.php(1217): CodeIgniter\View\View->render('layout/v_wrappe...', Array, true)
#10 C:\xampp\htdocs\klinikpratama\app\Controllers\Home.php(26): view('layout/v_wrappe...', Array)
#11 C:\xampp\htdocs\klinikpratama\vendor\codeigniter4\framework\system\CodeIgniter.php(935): App\Controllers\Home->index()
#12 C:\xampp\htdocs\klinikpratama\vendor\codeigniter4\framework\system\CodeIgniter.php(431): CodeIgniter\CodeIgniter->runController(Object(App\Controllers\Home))
#13 C:\xampp\htdocs\klinikpratama\vendor\codeigniter4\framework\system\CodeIgniter.php(332): CodeIgniter\CodeIgniter->handleRequest(NULL, Object(Config\Cache), false)
#14 C:\xampp\htdocs\klinikpratama\public\index.php(44): CodeIgniter\CodeIgniter->run()
#15 {main}
CRITICAL - 2021-07-25 03:00:57 --> syntax error, unexpected ';', expecting ')'
#0 C:\xampp\htdocs\klinikpratama\vendor\codeigniter4\framework\system\View\View.php(222): CodeIgniter\View\View->CodeIgniter\View\{closure}()
#1 C:\xampp\htdocs\klinikpratama\vendor\codeigniter4\framework\system\Common.php(1217): CodeIgniter\View\View->render('Home/biodata.ph...', Array, true)
#2 C:\xampp\htdocs\klinikpratama\app\Views\layout\v_content.php(3): view('Home/biodata.ph...')
#3 C:\xampp\htdocs\klinikpratama\vendor\codeigniter4\framework\system\View\View.php(220): include('C:\\xampp\\htdocs...')
#4 C:\xampp\htdocs\klinikpratama\vendor\codeigniter4\framework\system\View\View.php(222): CodeIgniter\View\View->CodeIgniter\View\{closure}()
#5 C:\xampp\htdocs\klinikpratama\vendor\codeigniter4\framework\system\Common.php(1217): CodeIgniter\View\View->render('layout/v_conten...', Array, true)
#6 C:\xampp\htdocs\klinikpratama\app\Views\layout\v_wrapper.php(7): view('layout/v_conten...')
#7 C:\xampp\htdocs\klinikpratama\vendor\codeigniter4\framework\system\View\View.php(220): include('C:\\xampp\\htdocs...')
#8 C:\xampp\htdocs\klinikpratama\vendor\codeigniter4\framework\system\View\View.php(222): CodeIgniter\View\View->CodeIgniter\View\{closure}()
#9 C:\xampp\htdocs\klinikpratama\vendor\codeigniter4\framework\system\Common.php(1217): CodeIgniter\View\View->render('layout/v_wrappe...', Array, true)
#10 C:\xampp\htdocs\klinikpratama\app\Controllers\Home.php(26): view('layout/v_wrappe...', Array)
#11 C:\xampp\htdocs\klinikpratama\vendor\codeigniter4\framework\system\CodeIgniter.php(935): App\Controllers\Home->index()
#12 C:\xampp\htdocs\klinikpratama\vendor\codeigniter4\framework\system\CodeIgniter.php(431): CodeIgniter\CodeIgniter->runController(Object(App\Controllers\Home))
#13 C:\xampp\htdocs\klinikpratama\vendor\codeigniter4\framework\system\CodeIgniter.php(332): CodeIgniter\CodeIgniter->handleRequest(NULL, Object(Config\Cache), false)
#14 C:\xampp\htdocs\klinikpratama\public\index.php(44): CodeIgniter\CodeIgniter->run()
#15 {main}
CRITICAL - 2021-07-25 06:51:42 --> password_hash() expects at least 2 parameters, 1 given
#0 [internal function]: CodeIgniter\Debug\Exceptions->errorHandler(2, 'password_hash()...', 'C:\\xampp\\htdocs...', 122, Array)
#1 C:\xampp\htdocs\klinikpratama\app\Views\home\edit_biodata.php(122): password_hash(NULL)
#2 C:\xampp\htdocs\klinikpratama\vendor\codeigniter4\framework\system\View\View.php(220): include('C:\\xampp\\htdocs...')
#3 C:\xampp\htdocs\klinikpratama\vendor\codeigniter4\framework\system\View\View.php(222): CodeIgniter\View\View->CodeIgniter\View\{closure}()
#4 C:\xampp\htdocs\klinikpratama\vendor\codeigniter4\framework\system\Common.php(1217): CodeIgniter\View\View->render('Home/edit_bioda...', Array, true)
#5 C:\xampp\htdocs\klinikpratama\app\Views\layout\v_content.php(3): view('Home/edit_bioda...')
#6 C:\xampp\htdocs\klinikpratama\vendor\codeigniter4\framework\system\View\View.php(220): include('C:\\xampp\\htdocs...')
#7 C:\xampp\htdocs\klinikpratama\vendor\codeigniter4\framework\system\View\View.php(222): CodeIgniter\View\View->CodeIgniter\View\{closure}()
#8 C:\xampp\htdocs\klinikpratama\vendor\codeigniter4\framework\system\Common.php(1217): CodeIgniter\View\View->render('layout/v_conten...', Array, true)
#9 C:\xampp\htdocs\klinikpratama\app\Views\layout\v_wrapper.php(7): view('layout/v_conten...')
#10 C:\xampp\htdocs\klinikpratama\vendor\codeigniter4\framework\system\View\View.php(220): include('C:\\xampp\\htdocs...')
#11 C:\xampp\htdocs\klinikpratama\vendor\codeigniter4\framework\system\View\View.php(222): CodeIgniter\View\View->CodeIgniter\View\{closure}()
#12 C:\xampp\htdocs\klinikpratama\vendor\codeigniter4\framework\system\Common.php(1217): CodeIgniter\View\View->render('layout/v_wrappe...', Array, true)
#13 C:\xampp\htdocs\klinikpratama\app\Controllers\Home.php(64): view('layout/v_wrappe...', Array)
#14 C:\xampp\htdocs\klinikpratama\vendor\codeigniter4\framework\system\CodeIgniter.php(935): App\Controllers\Home->edit_biodata()
#15 C:\xampp\htdocs\klinikpratama\vendor\codeigniter4\framework\system\CodeIgniter.php(431): CodeIgniter\CodeIgniter->runController(Object(App\Controllers\Home))
#16 C:\xampp\htdocs\klinikpratama\vendor\codeigniter4\framework\system\CodeIgniter.php(332): CodeIgniter\CodeIgniter->handleRequest(NULL, Object(Config\Cache), false)
#17 C:\xampp\htdocs\klinikpratama\public\index.php(44): CodeIgniter\CodeIgniter->run()
#18 {main}
CRITICAL - 2021-07-25 06:52:05 --> Call to undefined function PASSWORD_BCRYPT()
#0 C:\xampp\htdocs\klinikpratama\vendor\codeigniter4\framework\system\View\View.php(220): include()
#1 C:\xampp\htdocs\klinikpratama\vendor\codeigniter4\framework\system\View\View.php(222): CodeIgniter\View\View->CodeIgniter\View\{closure}()
#2 C:\xampp\htdocs\klinikpratama\vendor\codeigniter4\framework\system\Common.php(1217): CodeIgniter\View\View->render('Home/edit_bioda...', Array, true)
#3 C:\xampp\htdocs\klinikpratama\app\Views\layout\v_content.php(3): view('Home/edit_bioda...')
#4 C:\xampp\htdocs\klinikpratama\vendor\codeigniter4\framework\system\View\View.php(220): include('C:\\xampp\\htdocs...')
#5 C:\xampp\htdocs\klinikpratama\vendor\codeigniter4\framework\system\View\View.php(222): CodeIgniter\View\View->CodeIgniter\View\{closure}()
#6 C:\xampp\htdocs\klinikpratama\vendor\codeigniter4\framework\system\Common.php(1217): CodeIgniter\View\View->render('layout/v_conten...', Array, true)
#7 C:\xampp\htdocs\klinikpratama\app\Views\layout\v_wrapper.php(7): view('layout/v_conten...')
#8 C:\xampp\htdocs\klinikpratama\vendor\codeigniter4\framework\system\View\View.php(220): include('C:\\xampp\\htdocs...')
#9 C:\xampp\htdocs\klinikpratama\vendor\codeigniter4\framework\system\View\View.php(222): CodeIgniter\View\View->CodeIgniter\View\{closure}()
#10 C:\xampp\htdocs\klinikpratama\vendor\codeigniter4\framework\system\Common.php(1217): CodeIgniter\View\View->render('layout/v_wrappe...', Array, true)
#11 C:\xampp\htdocs\klinikpratama\app\Controllers\Home.php(64): view('layout/v_wrappe...', Array)
#12 C:\xampp\htdocs\klinikpratama\vendor\codeigniter4\framework\system\CodeIgniter.php(935): App\Controllers\Home->edit_biodata()
#13 C:\xampp\htdocs\klinikpratama\vendor\codeigniter4\framework\system\CodeIgniter.php(431): CodeIgniter\CodeIgniter->runController(Object(App\Controllers\Home))
#14 C:\xampp\htdocs\klinikpratama\vendor\codeigniter4\framework\system\CodeIgniter.php(332): CodeIgniter\CodeIgniter->handleRequest(NULL, Object(Config\Cache), false)
#15 C:\xampp\htdocs\klinikpratama\public\index.php(44): CodeIgniter\CodeIgniter->run()
#16 {main}
CRITICAL - 2021-07-25 06:52:47 --> password_verify() expects exactly 2 parameters, 1 given
#0 [internal function]: CodeIgniter\Debug\Exceptions->errorHandler(2, 'password_verify...', 'C:\\xampp\\htdocs...', 122, Array)
#1 C:\xampp\htdocs\klinikpratama\app\Views\home\edit_biodata.php(122): password_verify(NULL)
#2 C:\xampp\htdocs\klinikpratama\vendor\codeigniter4\framework\system\View\View.php(220): include('C:\\xampp\\htdocs...')
#3 C:\xampp\htdocs\klinikpratama\vendor\codeigniter4\framework\system\View\View.php(222): CodeIgniter\View\View->CodeIgniter\View\{closure}()
#4 C:\xampp\htdocs\klinikpratama\vendor\codeigniter4\framework\system\Common.php(1217): CodeIgniter\View\View->render('Home/edit_bioda...', Array, true)
#5 C:\xampp\htdocs\klinikpratama\app\Views\layout\v_content.php(3): view('Home/edit_bioda...')
#6 C:\xampp\htdocs\klinikpratama\vendor\codeigniter4\framework\system\View\View.php(220): include('C:\\xampp\\htdocs...')
#7 C:\xampp\htdocs\klinikpratama\vendor\codeigniter4\framework\system\View\View.php(222): CodeIgniter\View\View->CodeIgniter\View\{closure}()
#8 C:\xampp\htdocs\klinikpratama\vendor\codeigniter4\framework\system\Common.php(1217): CodeIgniter\View\View->render('layout/v_conten...', Array, true)
#9 C:\xampp\htdocs\klinikpratama\app\Views\layout\v_wrapper.php(7): view('layout/v_conten...')
#10 C:\xampp\htdocs\klinikpratama\vendor\codeigniter4\framework\system\View\View.php(220): include('C:\\xampp\\htdocs...')
#11 C:\xampp\htdocs\klinikpratama\vendor\codeigniter4\framework\system\View\View.php(222): CodeIgniter\View\View->CodeIgniter\View\{closure}()
#12 C:\xampp\htdocs\klinikpratama\vendor\codeigniter4\framework\system\Common.php(1217): CodeIgniter\View\View->render('layout/v_wrappe...', Array, true)
#13 C:\xampp\htdocs\klinikpratama\app\Controllers\Home.php(64): view('layout/v_wrappe...', Array)
#14 C:\xampp\htdocs\klinikpratama\vendor\codeigniter4\framework\system\CodeIgniter.php(935): App\Controllers\Home->edit_biodata()
#15 C:\xampp\htdocs\klinikpratama\vendor\codeigniter4\framework\system\CodeIgniter.php(431): CodeIgniter\CodeIgniter->runController(Object(App\Controllers\Home))
#16 C:\xampp\htdocs\klinikpratama\vendor\codeigniter4\framework\system\CodeIgniter.php(332): CodeIgniter\CodeIgniter->handleRequest(NULL, Object(Config\Cache), false)
#17 C:\xampp\htdocs\klinikpratama\public\index.php(44): CodeIgniter\CodeIgniter->run()
#18 {main}
CRITICAL - 2021-07-25 06:52:57 --> password_verify() expects exactly 2 parameters, 1 given
#0 [internal function]: CodeIgniter\Debug\Exceptions->errorHandler(2, 'password_verify...', 'C:\\xampp\\htdocs...', 122, Array)
#1 C:\xampp\htdocs\klinikpratama\app\Views\home\edit_biodata.php(122): password_verify(NULL)
#2 C:\xampp\htdocs\klinikpratama\vendor\codeigniter4\framework\system\View\View.php(220): include('C:\\xampp\\htdocs...')
#3 C:\xampp\htdocs\klinikpratama\vendor\codeigniter4\framework\system\View\View.php(222): CodeIgniter\View\View->CodeIgniter\View\{closure}()
#4 C:\xampp\htdocs\klinikpratama\vendor\codeigniter4\framework\system\Common.php(1217): CodeIgniter\View\View->render('Home/edit_bioda...', Array, true)
#5 C:\xampp\htdocs\klinikpratama\app\Views\layout\v_content.php(3): view('Home/edit_bioda...')
#6 C:\xampp\htdocs\klinikpratama\vendor\codeigniter4\framework\system\View\View.php(220): include('C:\\xampp\\htdocs...')
#7 C:\xampp\htdocs\klinikpratama\vendor\codeigniter4\framework\system\View\View.php(222): CodeIgniter\View\View->CodeIgniter\View\{closure}()
#8 C:\xampp\htdocs\klinikpratama\vendor\codeigniter4\framework\system\Common.php(1217): CodeIgniter\View\View->render('layout/v_conten...', Array, true)
#9 C:\xampp\htdocs\klinikpratama\app\Views\layout\v_wrapper.php(7): view('layout/v_conten...')
#10 C:\xampp\htdocs\klinikpratama\vendor\codeigniter4\framework\system\View\View.php(220): include('C:\\xampp\\htdocs...')
#11 C:\xampp\htdocs\klinikpratama\vendor\codeigniter4\framework\system\View\View.php(222): CodeIgniter\View\View->CodeIgniter\View\{closure}()
#12 C:\xampp\htdocs\klinikpratama\vendor\codeigniter4\framework\system\Common.php(1217): CodeIgniter\View\View->render('layout/v_wrappe...', Array, true)
#13 C:\xampp\htdocs\klinikpratama\app\Controllers\Home.php(64): view('layout/v_wrappe...', Array)
#14 C:\xampp\htdocs\klinikpratama\vendor\codeigniter4\framework\system\CodeIgniter.php(935): App\Controllers\Home->edit_biodata()
#15 C:\xampp\htdocs\klinikpratama\vendor\codeigniter4\framework\system\CodeIgniter.php(431): CodeIgniter\CodeIgniter->runController(Object(App\Controllers\Home))
#16 C:\xampp\htdocs\klinikpratama\vendor\codeigniter4\framework\system\CodeIgniter.php(332): CodeIgniter\CodeIgniter->handleRequest(NULL, Object(Config\Cache), false)
#17 C:\xampp\htdocs\klinikpratama\public\index.php(44): CodeIgniter\CodeIgniter->run()
#18 {main}
CRITICAL - 2021-07-25 06:53:31 --> password_verify() expects exactly 2 parameters, 1 given
#0 [internal function]: CodeIgniter\Debug\Exceptions->errorHandler(2, 'password_verify...', 'C:\\xampp\\htdocs...', 122, Array)
#1 C:\xampp\htdocs\klinikpratama\app\Views\home\edit_biodata.php(122): password_verify(NULL)
#2 C:\xampp\htdocs\klinikpratama\vendor\codeigniter4\framework\system\View\View.php(220): include('C:\\xampp\\htdocs...')
#3 C:\xampp\htdocs\klinikpratama\vendor\codeigniter4\framework\system\View\View.php(222): CodeIgniter\View\View->CodeIgniter\View\{closure}()
#4 C:\xampp\htdocs\klinikpratama\vendor\codeigniter4\framework\system\Common.php(1217): CodeIgniter\View\View->render('Home/edit_bioda...', Array, true)
#5 C:\xampp\htdocs\klinikpratama\app\Views\layout\v_content.php(3): view('Home/edit_bioda...')
#6 C:\xampp\htdocs\klinikpratama\vendor\codeigniter4\framework\system\View\View.php(220): include('C:\\xampp\\htdocs...')
#7 C:\xampp\htdocs\klinikpratama\vendor\codeigniter4\framework\system\View\View.php(222): CodeIgniter\View\View->CodeIgniter\View\{closure}()
#8 C:\xampp\htdocs\klinikpratama\vendor\codeigniter4\framework\system\Common.php(1217): CodeIgniter\View\View->render('layout/v_conten...', Array, true)
#9 C:\xampp\htdocs\klinikpratama\app\Views\layout\v_wrapper.php(7): view('layout/v_conten...')
#10 C:\xampp\htdocs\klinikpratama\vendor\codeigniter4\framework\system\View\View.php(220): include('C:\\xampp\\htdocs...')
#11 C:\xampp\htdocs\klinikpratama\vendor\codeigniter4\framework\system\View\View.php(222): CodeIgniter\View\View->CodeIgniter\View\{closure}()
#12 C:\xampp\htdocs\klinikpratama\vendor\codeigniter4\framework\system\Common.php(1217): CodeIgniter\View\View->render('layout/v_wrappe...', Array, true)
#13 C:\xampp\htdocs\klinikpratama\app\Controllers\Home.php(64): view('layout/v_wrappe...', Array)
#14 C:\xampp\htdocs\klinikpratama\vendor\codeigniter4\framework\system\CodeIgniter.php(935): App\Controllers\Home->edit_biodata()
#15 C:\xampp\htdocs\klinikpratama\vendor\codeigniter4\framework\system\CodeIgniter.php(431): CodeIgniter\CodeIgniter->runController(Object(App\Controllers\Home))
#16 C:\xampp\htdocs\klinikpratama\vendor\codeigniter4\framework\system\CodeIgniter.php(332): CodeIgniter\CodeIgniter->handleRequest(NULL, Object(Config\Cache), false)
#17 C:\xampp\htdocs\klinikpratama\public\index.php(44): CodeIgniter\CodeIgniter->run()
#18 {main}
CRITICAL - 2021-07-25 06:53:47 --> password_verify() expects exactly 2 parameters, 1 given
#0 [internal function]: CodeIgniter\Debug\Exceptions->errorHandler(2, 'password_verify...', 'C:\\xampp\\htdocs...', 122, Array)
#1 C:\xampp\htdocs\klinikpratama\app\Views\home\edit_biodata.php(122): password_verify('$2y$10$aEmv4Aes...')
#2 C:\xampp\htdocs\klinikpratama\vendor\codeigniter4\framework\system\View\View.php(220): include('C:\\xampp\\htdocs...')
#3 C:\xampp\htdocs\klinikpratama\vendor\codeigniter4\framework\system\View\View.php(222): CodeIgniter\View\View->CodeIgniter\View\{closure}()
#4 C:\xampp\htdocs\klinikpratama\vendor\codeigniter4\framework\system\Common.php(1217): CodeIgniter\View\View->render('Home/edit_bioda...', Array, true)
#5 C:\xampp\htdocs\klinikpratama\app\Views\layout\v_content.php(3): view('Home/edit_bioda...')
#6 C:\xampp\htdocs\klinikpratama\vendor\codeigniter4\framework\system\View\View.php(220): include('C:\\xampp\\htdocs...')
#7 C:\xampp\htdocs\klinikpratama\vendor\codeigniter4\framework\system\View\View.php(222): CodeIgniter\View\View->CodeIgniter\View\{closure}()
#8 C:\xampp\htdocs\klinikpratama\vendor\codeigniter4\framework\system\Common.php(1217): CodeIgniter\View\View->render('layout/v_conten...', Array, true)
#9 C:\xampp\htdocs\klinikpratama\app\Views\layout\v_wrapper.php(7): view('layout/v_conten...')
#10 C:\xampp\htdocs\klinikpratama\vendor\codeigniter4\framework\system\View\View.php(220): include('C:\\xampp\\htdocs...')
#11 C:\xampp\htdocs\klinikpratama\vendor\codeigniter4\framework\system\View\View.php(222): CodeIgniter\View\View->CodeIgniter\View\{closure}()
#12 C:\xampp\htdocs\klinikpratama\vendor\codeigniter4\framework\system\Common.php(1217): CodeIgniter\View\View->render('layout/v_wrappe...', Array, true)
#13 C:\xampp\htdocs\klinikpratama\app\Controllers\Home.php(64): view('layout/v_wrappe...', Array)
#14 C:\xampp\htdocs\klinikpratama\vendor\codeigniter4\framework\system\CodeIgniter.php(935): App\Controllers\Home->edit_biodata()
#15 C:\xampp\htdocs\klinikpratama\vendor\codeigniter4\framework\system\CodeIgniter.php(431): CodeIgniter\CodeIgniter->runController(Object(App\Controllers\Home))
#16 C:\xampp\htdocs\klinikpratama\vendor\codeigniter4\framework\system\CodeIgniter.php(332): CodeIgniter\CodeIgniter->handleRequest(NULL, Object(Config\Cache), false)
#17 C:\xampp\htdocs\klinikpratama\public\index.php(44): CodeIgniter\CodeIgniter->run()
#18 {main}
CRITICAL - 2021-07-25 06:54:40 --> password_verify() expects exactly 2 parameters, 1 given
#0 [internal function]: CodeIgniter\Debug\Exceptions->errorHandler(2, 'password_verify...', 'C:\\xampp\\htdocs...', 122, Array)
#1 C:\xampp\htdocs\klinikpratama\app\Views\home\edit_biodata.php(122): password_verify('$2y$10$aEmv4Aes...')
#2 C:\xampp\htdocs\klinikpratama\vendor\codeigniter4\framework\system\View\View.php(220): include('C:\\xampp\\htdocs...')
#3 C:\xampp\htdocs\klinikpratama\vendor\codeigniter4\framework\system\View\View.php(222): CodeIgniter\View\View->CodeIgniter\View\{closure}()
#4 C:\xampp\htdocs\klinikpratama\vendor\codeigniter4\framework\system\Common.php(1217): CodeIgniter\View\View->render('Home/edit_bioda...', Array, true)
#5 C:\xampp\htdocs\klinikpratama\app\Views\layout\v_content.php(3): view('Home/edit_bioda...')
#6 C:\xampp\htdocs\klinikpratama\vendor\codeigniter4\framework\system\View\View.php(220): include('C:\\xampp\\htdocs...')
#7 C:\xampp\htdocs\klinikpratama\vendor\codeigniter4\framework\system\View\View.php(222): CodeIgniter\View\View->CodeIgniter\View\{closure}()
#8 C:\xampp\htdocs\klinikpratama\vendor\codeigniter4\framework\system\Common.php(1217): CodeIgniter\View\View->render('layout/v_conten...', Array, true)
#9 C:\xampp\htdocs\klinikpratama\app\Views\layout\v_wrapper.php(7): view('layout/v_conten...')
#10 C:\xampp\htdocs\klinikpratama\vendor\codeigniter4\framework\system\View\View.php(220): include('C:\\xampp\\htdocs...')
#11 C:\xampp\htdocs\klinikpratama\vendor\codeigniter4\framework\system\View\View.php(222): CodeIgniter\View\View->CodeIgniter\View\{closure}()
#12 C:\xampp\htdocs\klinikpratama\vendor\codeigniter4\framework\system\Common.php(1217): CodeIgniter\View\View->render('layout/v_wrappe...', Array, true)
#13 C:\xampp\htdocs\klinikpratama\app\Controllers\Home.php(64): view('layout/v_wrappe...', Array)
#14 C:\xampp\htdocs\klinikpratama\vendor\codeigniter4\framework\system\CodeIgniter.php(935): App\Controllers\Home->edit_biodata()
#15 C:\xampp\htdocs\klinikpratama\vendor\codeigniter4\framework\system\CodeIgniter.php(431): CodeIgniter\CodeIgniter->runController(Object(App\Controllers\Home))
#16 C:\xampp\htdocs\klinikpratama\vendor\codeigniter4\framework\system\CodeIgniter.php(332): CodeIgniter\CodeIgniter->handleRequest(NULL, Object(Config\Cache), false)
#17 C:\xampp\htdocs\klinikpratama\public\index.php(44): CodeIgniter\CodeIgniter->run()
#18 {main}
CRITICAL - 2021-07-25 06:59:47 --> syntax error, unexpected '?>'
#0 C:\xampp\htdocs\klinikpratama\vendor\codeigniter4\framework\system\View\View.php(222): CodeIgniter\View\View->CodeIgniter\View\{closure}()
#1 C:\xampp\htdocs\klinikpratama\vendor\codeigniter4\framework\system\Common.php(1217): CodeIgniter\View\View->render('Home/edit_bioda...', Array, true)
#2 C:\xampp\htdocs\klinikpratama\app\Views\layout\v_content.php(3): view('Home/edit_bioda...')
#3 C:\xampp\htdocs\klinikpratama\vendor\codeigniter4\framework\system\View\View.php(220): include('C:\\xampp\\htdocs...')
#4 C:\xampp\htdocs\klinikpratama\vendor\codeigniter4\framework\system\View\View.php(222): CodeIgniter\View\View->CodeIgniter\View\{closure}()
#5 C:\xampp\htdocs\klinikpratama\vendor\codeigniter4\framework\system\Common.php(1217): CodeIgniter\View\View->render('layout/v_conten...', Array, true)
#6 C:\xampp\htdocs\klinikpratama\app\Views\layout\v_wrapper.php(7): view('layout/v_conten...')
#7 C:\xampp\htdocs\klinikpratama\vendor\codeigniter4\framework\system\View\View.php(220): include('C:\\xampp\\htdocs...')
#8 C:\xampp\htdocs\klinikpratama\vendor\codeigniter4\framework\system\View\View.php(222): CodeIgniter\View\View->CodeIgniter\View\{closure}()
#9 C:\xampp\htdocs\klinikpratama\vendor\codeigniter4\framework\system\Common.php(1217): CodeIgniter\View\View->render('layout/v_wrappe...', Array, true)
#10 C:\xampp\htdocs\klinikpratama\app\Controllers\Home.php(64): view('layout/v_wrappe...', Array)
#11 C:\xampp\htdocs\klinikpratama\vendor\codeigniter4\framework\system\CodeIgniter.php(935): App\Controllers\Home->edit_biodata()
#12 C:\xampp\htdocs\klinikpratama\vendor\codeigniter4\framework\system\CodeIgniter.php(431): CodeIgniter\CodeIgniter->runController(Object(App\Controllers\Home))
#13 C:\xampp\htdocs\klinikpratama\vendor\codeigniter4\framework\system\CodeIgniter.php(332): CodeIgniter\CodeIgniter->handleRequest(NULL, Object(Config\Cache), false)
#14 C:\xampp\htdocs\klinikpratama\public\index.php(44): CodeIgniter\CodeIgniter->run()
#15 {main}
CRITICAL - 2021-07-25 07:00:21 --> Encrypter needs a starter key.
#0 C:\xampp\htdocs\klinikpratama\vendor\codeigniter4\framework\system\Encryption\Encryption.php(143): CodeIgniter\Encryption\Exceptions\EncryptionException::forNeedsStarterKey()
#1 C:\xampp\htdocs\klinikpratama\vendor\codeigniter4\framework\system\Config\Services.php(225): CodeIgniter\Encryption\Encryption->initialize(Object(Config\Encryption))
#2 C:\xampp\htdocs\klinikpratama\vendor\codeigniter4\framework\system\Config\BaseService.php(171): CodeIgniter\Config\Services::encrypter()
#3 C:\xampp\htdocs\klinikpratama\app\Views\home\edit_biodata.php(1): CodeIgniter\Config\BaseService::__callStatic('encrypter', Array)
#4 C:\xampp\htdocs\klinikpratama\vendor\codeigniter4\framework\system\View\View.php(220): include('C:\\xampp\\htdocs...')
#5 C:\xampp\htdocs\klinikpratama\vendor\codeigniter4\framework\system\View\View.php(222): CodeIgniter\View\View->CodeIgniter\View\{closure}()
#6 C:\xampp\htdocs\klinikpratama\vendor\codeigniter4\framework\system\Common.php(1217): CodeIgniter\View\View->render('Home/edit_bioda...', Array, true)
#7 C:\xampp\htdocs\klinikpratama\app\Views\layout\v_content.php(3): view('Home/edit_bioda...')
#8 C:\xampp\htdocs\klinikpratama\vendor\codeigniter4\framework\system\View\View.php(220): include('C:\\xampp\\htdocs...')
#9 C:\xampp\htdocs\klinikpratama\vendor\codeigniter4\framework\system\View\View.php(222): CodeIgniter\View\View->CodeIgniter\View\{closure}()
#10 C:\xampp\htdocs\klinikpratama\vendor\codeigniter4\framework\system\Common.php(1217): CodeIgniter\View\View->render('layout/v_conten...', Array, true)
#11 C:\xampp\htdocs\klinikpratama\app\Views\layout\v_wrapper.php(7): view('layout/v_conten...')
#12 C:\xampp\htdocs\klinikpratama\vendor\codeigniter4\framework\system\View\View.php(220): include('C:\\xampp\\htdocs...')
#13 C:\xampp\htdocs\klinikpratama\vendor\codeigniter4\framework\system\View\View.php(222): CodeIgniter\View\View->CodeIgniter\View\{closure}()
#14 C:\xampp\htdocs\klinikpratama\vendor\codeigniter4\framework\system\Common.php(1217): CodeIgniter\View\View->render('layout/v_wrappe...', Array, true)
#15 C:\xampp\htdocs\klinikpratama\app\Controllers\Home.php(64): view('layout/v_wrappe...', Array)
#16 C:\xampp\htdocs\klinikpratama\vendor\codeigniter4\framework\system\CodeIgniter.php(935): App\Controllers\Home->edit_biodata()
#17 C:\xampp\htdocs\klinikpratama\vendor\codeigniter4\framework\system\CodeIgniter.php(431): CodeIgniter\CodeIgniter->runController(Object(App\Controllers\Home))
#18 C:\xampp\htdocs\klinikpratama\vendor\codeigniter4\framework\system\CodeIgniter.php(332): CodeIgniter\CodeIgniter->handleRequest(NULL, Object(Config\Cache), false)
#19 C:\xampp\htdocs\klinikpratama\public\index.php(44): CodeIgniter\CodeIgniter->run()
#20 {main}
CRITICAL - 2021-07-25 07:00:27 --> Encrypter needs a starter key.
#0 C:\xampp\htdocs\klinikpratama\vendor\codeigniter4\framework\system\Encryption\Encryption.php(143): CodeIgniter\Encryption\Exceptions\EncryptionException::forNeedsStarterKey()
#1 C:\xampp\htdocs\klinikpratama\vendor\codeigniter4\framework\system\Config\Services.php(225): CodeIgniter\Encryption\Encryption->initialize(Object(Config\Encryption))
#2 C:\xampp\htdocs\klinikpratama\vendor\codeigniter4\framework\system\Config\BaseService.php(171): CodeIgniter\Config\Services::encrypter()
#3 C:\xampp\htdocs\klinikpratama\app\Views\home\edit_biodata.php(1): CodeIgniter\Config\BaseService::__callStatic('encrypter', Array)
#4 C:\xampp\htdocs\klinikpratama\vendor\codeigniter4\framework\system\View\View.php(220): include('C:\\xampp\\htdocs...')
#5 C:\xampp\htdocs\klinikpratama\vendor\codeigniter4\framework\system\View\View.php(222): CodeIgniter\View\View->CodeIgniter\View\{closure}()
#6 C:\xampp\htdocs\klinikpratama\vendor\codeigniter4\framework\system\Common.php(1217): CodeIgniter\View\View->render('Home/edit_bioda...', Array, true)
#7 C:\xampp\htdocs\klinikpratama\app\Views\layout\v_content.php(3): view('Home/edit_bioda...')
#8 C:\xampp\htdocs\klinikpratama\vendor\codeigniter4\framework\system\View\View.php(220): include('C:\\xampp\\htdocs...')
#9 C:\xampp\htdocs\klinikpratama\vendor\codeigniter4\framework\system\View\View.php(222): CodeIgniter\View\View->CodeIgniter\View\{closure}()
#10 C:\xampp\htdocs\klinikpratama\vendor\codeigniter4\framework\system\Common.php(1217): CodeIgniter\View\View->render('layout/v_conten...', Array, true)
#11 C:\xampp\htdocs\klinikpratama\app\Views\layout\v_wrapper.php(7): view('layout/v_conten...')
#12 C:\xampp\htdocs\klinikpratama\vendor\codeigniter4\framework\system\View\View.php(220): include('C:\\xampp\\htdocs...')
#13 C:\xampp\htdocs\klinikpratama\vendor\codeigniter4\framework\system\View\View.php(222): CodeIgniter\View\View->CodeIgniter\View\{closure}()
#14 C:\xampp\htdocs\klinikpratama\vendor\codeigniter4\framework\system\Common.php(1217): CodeIgniter\View\View->render('layout/v_wrappe...', Array, true)
#15 C:\xampp\htdocs\klinikpratama\app\Controllers\Home.php(64): view('layout/v_wrappe...', Array)
#16 C:\xampp\htdocs\klinikpratama\vendor\codeigniter4\framework\system\CodeIgniter.php(935): App\Controllers\Home->edit_biodata()
#17 C:\xampp\htdocs\klinikpratama\vendor\codeigniter4\framework\system\CodeIgniter.php(431): CodeIgniter\CodeIgniter->runController(Object(App\Controllers\Home))
#18 C:\xampp\htdocs\klinikpratama\vendor\codeigniter4\framework\system\CodeIgniter.php(332): CodeIgniter\CodeIgniter->handleRequest(NULL, Object(Config\Cache), false)
#19 C:\xampp\htdocs\klinikpratama\public\index.php(44): CodeIgniter\CodeIgniter->run()
#20 {main}
CRITICAL - 2021-07-25 07:02:19 --> Encrypter needs a starter key.
#0 C:\xampp\htdocs\klinikpratama\vendor\codeigniter4\framework\system\Encryption\Encryption.php(143): CodeIgniter\Encryption\Exceptions\EncryptionException::forNeedsStarterKey()
#1 C:\xampp\htdocs\klinikpratama\vendor\codeigniter4\framework\system\Config\Services.php(225): CodeIgniter\Encryption\Encryption->initialize(Object(Config\Encryption))
#2 C:\xampp\htdocs\klinikpratama\vendor\codeigniter4\framework\system\Config\BaseService.php(171): CodeIgniter\Config\Services::encrypter()
#3 C:\xampp\htdocs\klinikpratama\app\Controllers\Home.php(63): CodeIgniter\Config\BaseService::__callStatic('encrypter', Array)
#4 C:\xampp\htdocs\klinikpratama\vendor\codeigniter4\framework\system\CodeIgniter.php(935): App\Controllers\Home->edit_biodata()
#5 C:\xampp\htdocs\klinikpratama\vendor\codeigniter4\framework\system\CodeIgniter.php(431): CodeIgniter\CodeIgniter->runController(Object(App\Controllers\Home))
#6 C:\xampp\htdocs\klinikpratama\vendor\codeigniter4\framework\system\CodeIgniter.php(332): CodeIgniter\CodeIgniter->handleRequest(NULL, Object(Config\Cache), false)
#7 C:\xampp\htdocs\klinikpratama\public\index.php(44): CodeIgniter\CodeIgniter->run()
#8 {main}
ERROR - 2021-07-25 08:23:11 --> mysqli_sql_exception: Unknown column 'logged_in' in 'field list' in C:\xampp\htdocs\klinikpratama\vendor\codeigniter4\framework\system\Database\MySQLi\Connection.php:314
Stack trace:
#0 C:\xampp\htdocs\klinikpratama\vendor\codeigniter4\framework\system\Database\MySQLi\Connection.php(314): mysqli->query('UPDATE `registe...')
#1 C:\xampp\htdocs\klinikpratama\vendor\codeigniter4\framework\system\Database\BaseConnection.php(715): CodeIgniter\Database\MySQLi\Connection->execute('UPDATE `registe...')
#2 C:\xampp\htdocs\klinikpratama\vendor\codeigniter4\framework\system\Database\BaseConnection.php(643): CodeIgniter\Database\BaseConnection->simpleQuery('UPDATE `registe...')
#3 C:\xampp\htdocs\klinikpratama\vendor\codeigniter4\framework\system\Database\BaseBuilder.php(2472): CodeIgniter\Database\BaseConnection->query('UPDATE `registe...', Array, false)
#4 C:\xampp\htdocs\klinikpratama\app\Models\registeruserModel.php(31): CodeIgniter\Database\BaseBuilder->update(Array)
#5 C:\xampp\htdocs\klinikpratama\app\Controllers\Home.php(175): App\Models\registeruserModel->update_biodata_user('527106290594000...', Array)
#6 C:\xampp\htdocs\klinikpratama\vendor\codeigniter4\framework\system\CodeIgniter.php(935): App\Controllers\Home->biodata()
#7 C:\xampp\htdocs\klinikpratama\vendor\codeigniter4\framework\system\CodeIgniter.php(431): CodeIgniter\CodeIgniter->runController(Object(App\Controllers\Home))
#8 C:\xampp\htdocs\klinikpratama\vendor\codeigniter4\framework\system\CodeIgniter.php(332): CodeIgniter\CodeIgniter->handleRequest(NULL, Object(Config\Cache), false)
#9 C:\xampp\htdocs\klinikpratama\public\index.php(44): CodeIgniter\CodeIgniter->run()
#10 {main}
CRITICAL - 2021-07-25 08:23:11 --> Unknown column 'logged_in' in 'field list'
#0 C:\xampp\htdocs\klinikpratama\vendor\codeigniter4\framework\system\Database\MySQLi\Connection.php(314): mysqli->query('UPDATE `registe...')
#1 C:\xampp\htdocs\klinikpratama\vendor\codeigniter4\framework\system\Database\BaseConnection.php(715): CodeIgniter\Database\MySQLi\Connection->execute('UPDATE `registe...')
#2 C:\xampp\htdocs\klinikpratama\vendor\codeigniter4\framework\system\Database\BaseConnection.php(643): CodeIgniter\Database\BaseConnection->simpleQuery('UPDATE `registe...')
#3 C:\xampp\htdocs\klinikpratama\vendor\codeigniter4\framework\system\Database\BaseBuilder.php(2472): CodeIgniter\Database\BaseConnection->query('UPDATE `registe...', Array, false)
#4 C:\xampp\htdocs\klinikpratama\app\Models\registeruserModel.php(31): CodeIgniter\Database\BaseBuilder->update(Array)
#5 C:\xampp\htdocs\klinikpratama\app\Controllers\Home.php(175): App\Models\registeruserModel->update_biodata_user('527106290594000...', Array)
#6 C:\xampp\htdocs\klinikpratama\vendor\codeigniter4\framework\system\CodeIgniter.php(935): App\Controllers\Home->biodata()
#7 C:\xampp\htdocs\klinikpratama\vendor\codeigniter4\framework\system\CodeIgniter.php(431): CodeIgniter\CodeIgniter->runController(Object(App\Controllers\Home))
#8 C:\xampp\htdocs\klinikpratama\vendor\codeigniter4\framework\system\CodeIgniter.php(332): CodeIgniter\CodeIgniter->handleRequest(NULL, Object(Config\Cache), false)
#9 C:\xampp\htdocs\klinikpratama\public\index.php(44): CodeIgniter\CodeIgniter->run()
#10 {main}
