CRITICAL - 2021-07-17 13:30:49 --> Call to undefined function CodeIgniter\locale_set_default()
#0 C:\xampp\htdocs\klinikpratama\vendor\codeigniter4\framework\system\bootstrap.php(158): CodeIgniter\CodeIgniter->initialize()
#1 C:\xampp\htdocs\klinikpratama\public\index.php(35): require('C:\\xampp\\htdocs...')
#2 {main}
CRITICAL - 2021-07-17 13:30:58 --> Call to undefined function CodeIgniter\locale_set_default()
#0 C:\xampp\htdocs\klinikpratama\vendor\codeigniter4\framework\system\bootstrap.php(158): CodeIgniter\CodeIgniter->initialize()
#1 C:\xampp\htdocs\klinikpratama\public\index.php(35): require('C:\\xampp\\htdocs...')
#2 {main}
CRITICAL - 2021-07-17 13:31:39 --> Call to undefined function CodeIgniter\locale_set_default()
#0 C:\xampp\htdocs\klinikpratama\vendor\codeigniter4\framework\system\bootstrap.php(158): CodeIgniter\CodeIgniter->initialize()
#1 C:\xampp\htdocs\klinikpratama\public\index.php(35): require('C:\\xampp\\htdocs...')
#2 {main}
CRITICAL - 2021-07-17 13:31:41 --> Call to undefined function CodeIgniter\locale_set_default()
#0 C:\xampp\htdocs\klinikpratama\vendor\codeigniter4\framework\system\bootstrap.php(158): CodeIgniter\CodeIgniter->initialize()
#1 C:\xampp\htdocs\klinikpratama\public\index.php(35): require('C:\\xampp\\htdocs...')
#2 {main}
CRITICAL - 2021-07-17 13:31:41 --> Call to undefined function CodeIgniter\locale_set_default()
#0 C:\xampp\htdocs\klinikpratama\vendor\codeigniter4\framework\system\bootstrap.php(158): CodeIgniter\CodeIgniter->initialize()
#1 C:\xampp\htdocs\klinikpratama\public\index.php(35): require('C:\\xampp\\htdocs...')
#2 {main}
CRITICAL - 2021-07-17 13:31:51 --> Call to undefined function CodeIgniter\locale_set_default()
#0 C:\xampp\htdocs\klinikpratama\vendor\codeigniter4\framework\system\bootstrap.php(158): CodeIgniter\CodeIgniter->initialize()
#1 C:\xampp\htdocs\klinikpratama\public\index.php(35): require('C:\\xampp\\htdocs...')
#2 {main}
CRITICAL - 2021-07-17 13:32:13 --> Call to undefined function CodeIgniter\locale_set_default()
#0 C:\xampp\htdocs\klinikpratama\vendor\codeigniter4\framework\system\bootstrap.php(158): CodeIgniter\CodeIgniter->initialize()
#1 C:\xampp\htdocs\klinikpratama\public\index.php(35): require('C:\\xampp\\htdocs...')
#2 {main}
CRITICAL - 2021-07-17 13:39:36 --> Call to undefined function CodeIgniter\locale_set_default()
#0 C:\xampp\htdocs\klinikpratama\vendor\codeigniter4\framework\system\bootstrap.php(158): CodeIgniter\CodeIgniter->initialize()
#1 C:\xampp\htdocs\klinikpratama\public\index.php(35): require('C:\\xampp\\htdocs...')
#2 {main}
CRITICAL - 2021-07-17 13:39:49 --> Call to undefined function CodeIgniter\locale_set_default()
#0 C:\xampp\htdocs\klinikpratama\vendor\codeigniter4\framework\system\bootstrap.php(158): CodeIgniter\CodeIgniter->initialize()
#1 C:\xampp\htdocs\klinikpratama\public\index.php(35): require('C:\\xampp\\htdocs...')
#2 {main}
CRITICAL - 2021-07-17 13:39:51 --> Call to undefined function CodeIgniter\locale_set_default()
#0 C:\xampp\htdocs\klinikpratama\vendor\codeigniter4\framework\system\bootstrap.php(158): CodeIgniter\CodeIgniter->initialize()
#1 C:\xampp\htdocs\klinikpratama\public\index.php(35): require('C:\\xampp\\htdocs...')
#2 {main}
CRITICAL - 2021-07-17 13:40:07 --> Call to undefined function CodeIgniter\locale_set_default()
#0 C:\xampp\htdocs\klinikpratama\vendor\codeigniter4\framework\system\bootstrap.php(158): CodeIgniter\CodeIgniter->initialize()
#1 C:\xampp\htdocs\klinikpratama\public\index.php(35): require('C:\\xampp\\htdocs...')
#2 {main}
CRITICAL - 2021-07-17 13:40:59 --> Call to undefined function CodeIgniter\locale_set_default()
#0 C:\xampp\htdocs\klinikpratama\vendor\codeigniter4\framework\system\bootstrap.php(158): CodeIgniter\CodeIgniter->initialize()
#1 C:\xampp\htdocs\klinikpratama\public\index.php(35): require('C:\\xampp\\htdocs...')
#2 {main}
CRITICAL - 2021-07-17 13:41:02 --> Call to undefined function CodeIgniter\locale_set_default()
#0 C:\xampp\htdocs\klinikpratama\vendor\codeigniter4\framework\system\bootstrap.php(158): CodeIgniter\CodeIgniter->initialize()
#1 C:\xampp\htdocs\klinikpratama\public\index.php(35): require('C:\\xampp\\htdocs...')
#2 {main}
CRITICAL - 2021-07-17 23:45:25 --> Unclosed '{' on line 6
#0 C:\xampp\htdocs\klinikpratama\vendor\codeigniter4\framework\system\Autoloader\Autoloader.php(274): CodeIgniter\Autoloader\Autoloader->includeFile('C:\\xampp\\htdocs...')
#1 C:\xampp\htdocs\klinikpratama\vendor\codeigniter4\framework\system\Autoloader\Autoloader.php(228): CodeIgniter\Autoloader\Autoloader->loadInNamespace('App\\Controllers...')
#2 [internal function]: CodeIgniter\Autoloader\Autoloader->loadClass('App\\Controllers...')
#3 C:\xampp\htdocs\klinikpratama\vendor\codeigniter4\framework\system\CodeIgniter.php(892): class_exists('\\App\\Controller...', true)
#4 C:\xampp\htdocs\klinikpratama\vendor\codeigniter4\framework\system\CodeIgniter.php(416): CodeIgniter\CodeIgniter->startController()
#5 C:\xampp\htdocs\klinikpratama\vendor\codeigniter4\framework\system\CodeIgniter.php(332): CodeIgniter\CodeIgniter->handleRequest(NULL, Object(Config\Cache), false)
#6 C:\xampp\htdocs\klinikpratama\public\index.php(44): CodeIgniter\CodeIgniter->run()
#7 {main}
CRITICAL - 2021-07-17 23:48:48 --> Unclosed '{' on line 6
#0 C:\xampp\htdocs\klinikpratama\vendor\codeigniter4\framework\system\Autoloader\Autoloader.php(274): CodeIgniter\Autoloader\Autoloader->includeFile('C:\\xampp\\htdocs...')
#1 C:\xampp\htdocs\klinikpratama\vendor\codeigniter4\framework\system\Autoloader\Autoloader.php(228): CodeIgniter\Autoloader\Autoloader->loadInNamespace('App\\Controllers...')
#2 [internal function]: CodeIgniter\Autoloader\Autoloader->loadClass('App\\Controllers...')
#3 C:\xampp\htdocs\klinikpratama\vendor\codeigniter4\framework\system\CodeIgniter.php(892): class_exists('\\App\\Controller...', true)
#4 C:\xampp\htdocs\klinikpratama\vendor\codeigniter4\framework\system\CodeIgniter.php(416): CodeIgniter\CodeIgniter->startController()
#5 C:\xampp\htdocs\klinikpratama\vendor\codeigniter4\framework\system\CodeIgniter.php(332): CodeIgniter\CodeIgniter->handleRequest(NULL, Object(Config\Cache), false)
#6 C:\xampp\htdocs\klinikpratama\public\index.php(44): CodeIgniter\CodeIgniter->run()
#7 {main}
ERROR - 2021-07-17 23:59:39 --> mysqli_sql_exception: Unknown column 'email' in 'where clause' in C:\xampp\htdocs\klinikpratama\vendor\codeigniter4\framework\system\Database\MySQLi\Connection.php:314
Stack trace:
#0 C:\xampp\htdocs\klinikpratama\vendor\codeigniter4\framework\system\Database\MySQLi\Connection.php(314): mysqli->query('SELECT 1\nFROM `...')
#1 C:\xampp\htdocs\klinikpratama\vendor\codeigniter4\framework\system\Database\BaseConnection.php(715): CodeIgniter\Database\MySQLi\Connection->execute('SELECT 1\nFROM `...')
#2 C:\xampp\htdocs\klinikpratama\vendor\codeigniter4\framework\system\Database\BaseConnection.php(643): CodeIgniter\Database\BaseConnection->simpleQuery('SELECT 1\nFROM `...')
#3 C:\xampp\htdocs\klinikpratama\vendor\codeigniter4\framework\system\Database\BaseBuilder.php(1866): CodeIgniter\Database\BaseConnection->query('SELECT 1\nFROM `...', Array, false)
#4 C:\xampp\htdocs\klinikpratama\vendor\codeigniter4\framework\system\Validation\Rules.php(212): CodeIgniter\Database\BaseBuilder->get()
#5 C:\xampp\htdocs\klinikpratama\vendor\codeigniter4\framework\system\Validation\Validation.php(306): CodeIgniter\Validation\Rules->is_unique('arthasandita29@...', 'email', Array, NULL)
#6 C:\xampp\htdocs\klinikpratama\vendor\codeigniter4\framework\system\Validation\Validation.php(164): CodeIgniter\Validation\Validation->processRules('email', 'email', 'arthasandita29@...', Array, Array)
#7 C:\xampp\htdocs\klinikpratama\vendor\codeigniter4\framework\system\Controller.php(181): CodeIgniter\Validation\Validation->run()
#8 C:\xampp\htdocs\klinikpratama\app\Controllers\Login.php(27): CodeIgniter\Controller->validate(Array)
#9 C:\xampp\htdocs\klinikpratama\vendor\codeigniter4\framework\system\CodeIgniter.php(935): App\Controllers\Login->registrasi()
#10 C:\xampp\htdocs\klinikpratama\vendor\codeigniter4\framework\system\CodeIgniter.php(431): CodeIgniter\CodeIgniter->runController(Object(App\Controllers\Login))
#11 C:\xampp\htdocs\klinikpratama\vendor\codeigniter4\framework\system\CodeIgniter.php(332): CodeIgniter\CodeIgniter->handleRequest(NULL, Object(Config\Cache), false)
#12 C:\xampp\htdocs\klinikpratama\public\index.php(44): CodeIgniter\CodeIgniter->run()
#13 {main}
CRITICAL - 2021-07-17 23:59:39 --> Unknown column 'email' in 'where clause'
#0 C:\xampp\htdocs\klinikpratama\vendor\codeigniter4\framework\system\Database\MySQLi\Connection.php(314): mysqli->query('SELECT 1\nFROM `...')
#1 C:\xampp\htdocs\klinikpratama\vendor\codeigniter4\framework\system\Database\BaseConnection.php(715): CodeIgniter\Database\MySQLi\Connection->execute('SELECT 1\nFROM `...')
#2 C:\xampp\htdocs\klinikpratama\vendor\codeigniter4\framework\system\Database\BaseConnection.php(643): CodeIgniter\Database\BaseConnection->simpleQuery('SELECT 1\nFROM `...')
#3 C:\xampp\htdocs\klinikpratama\vendor\codeigniter4\framework\system\Database\BaseBuilder.php(1866): CodeIgniter\Database\BaseConnection->query('SELECT 1\nFROM `...', Array, false)
#4 C:\xampp\htdocs\klinikpratama\vendor\codeigniter4\framework\system\Validation\Rules.php(212): CodeIgniter\Database\BaseBuilder->get()
#5 C:\xampp\htdocs\klinikpratama\vendor\codeigniter4\framework\system\Validation\Validation.php(306): CodeIgniter\Validation\Rules->is_unique('arthasandita29@...', 'email', Array, NULL)
#6 C:\xampp\htdocs\klinikpratama\vendor\codeigniter4\framework\system\Validation\Validation.php(164): CodeIgniter\Validation\Validation->processRules('email', 'email', 'arthasandita29@...', Array, Array)
#7 C:\xampp\htdocs\klinikpratama\vendor\codeigniter4\framework\system\Controller.php(181): CodeIgniter\Validation\Validation->run()
#8 C:\xampp\htdocs\klinikpratama\app\Controllers\Login.php(27): CodeIgniter\Controller->validate(Array)
#9 C:\xampp\htdocs\klinikpratama\vendor\codeigniter4\framework\system\CodeIgniter.php(935): App\Controllers\Login->registrasi()
#10 C:\xampp\htdocs\klinikpratama\vendor\codeigniter4\framework\system\CodeIgniter.php(431): CodeIgniter\CodeIgniter->runController(Object(App\Controllers\Login))
#11 C:\xampp\htdocs\klinikpratama\vendor\codeigniter4\framework\system\CodeIgniter.php(332): CodeIgniter\CodeIgniter->handleRequest(NULL, Object(Config\Cache), false)
#12 C:\xampp\htdocs\klinikpratama\public\index.php(44): CodeIgniter\CodeIgniter->run()
#13 {main}
