CRITICAL - 2022-03-01 03:45:44 --> array_map(): Expected parameter 2 to be an array, string given
#0 [internal function]: CodeIgniter\Debug\Exceptions->errorHandler(2, 'array_map(): Ex...', 'C:\\xampp\\htdocs...', 99, Array)
#1 C:\xampp\htdocs\togel\app\validation\CekNomor.php(99): array_map(Array, '45*89#80000#33')
#2 C:\xampp\htdocs\togel\app\validation\CekNomor.php(16): App\validation\CekNomor->cek_tidak_ada_tambah_4_angka('45*89#80000#33')
#3 C:\xampp\htdocs\togel\vendor\codeigniter4\framework\system\Validation\Validation.php(306): App\validation\CekNomor->CekDigit('45*89#80000#33', 'data_angka', Array, NULL)
#4 C:\xampp\htdocs\togel\vendor\codeigniter4\framework\system\Validation\Validation.php(164): CodeIgniter\Validation\Validation->processRules('data_angka', 'data_angka', '45*89#80000#33', Array, Array)
#5 C:\xampp\htdocs\togel\vendor\codeigniter4\framework\system\Controller.php(181): CodeIgniter\Validation\Validation->run()
#6 C:\xampp\htdocs\togel\app\Controllers\Rekapan.php(57): CodeIgniter\Controller->validate(Array)
#7 C:\xampp\htdocs\togel\vendor\codeigniter4\framework\system\CodeIgniter.php(935): App\Controllers\Rekapan->rekap_data()
#8 C:\xampp\htdocs\togel\vendor\codeigniter4\framework\system\CodeIgniter.php(431): CodeIgniter\CodeIgniter->runController(Object(App\Controllers\Rekapan))
#9 C:\xampp\htdocs\togel\vendor\codeigniter4\framework\system\CodeIgniter.php(332): CodeIgniter\CodeIgniter->handleRequest(NULL, Object(Config\Cache), false)
#10 C:\xampp\htdocs\togel\public\index.php(44): CodeIgniter\CodeIgniter->run()
#11 {main}
CRITICAL - 2022-03-01 04:40:41 --> Call to undefined method CodeIgniter\View\View::tanggal()
#0 C:\xampp\htdocs\togel\vendor\codeigniter4\framework\system\View\View.php(220): include()
#1 C:\xampp\htdocs\togel\vendor\codeigniter4\framework\system\View\View.php(222): CodeIgniter\View\View->CodeIgniter\View\{closure}()
#2 C:\xampp\htdocs\togel\vendor\codeigniter4\framework\system\Common.php(1217): CodeIgniter\View\View->render('home/rekapan_no...', Array, true)
#3 C:\xampp\htdocs\togel\app\Views\layout\v_content.php(3): view('home/rekapan_no...')
#4 C:\xampp\htdocs\togel\vendor\codeigniter4\framework\system\View\View.php(220): include('C:\\xampp\\htdocs...')
#5 C:\xampp\htdocs\togel\vendor\codeigniter4\framework\system\View\View.php(222): CodeIgniter\View\View->CodeIgniter\View\{closure}()
#6 C:\xampp\htdocs\togel\vendor\codeigniter4\framework\system\Common.php(1217): CodeIgniter\View\View->render('layout/v_conten...', Array, true)
#7 C:\xampp\htdocs\togel\app\Views\layout\v_wrapper.php(7): view('layout/v_conten...')
#8 C:\xampp\htdocs\togel\vendor\codeigniter4\framework\system\View\View.php(220): include('C:\\xampp\\htdocs...')
#9 C:\xampp\htdocs\togel\vendor\codeigniter4\framework\system\View\View.php(222): CodeIgniter\View\View->CodeIgniter\View\{closure}()
#10 C:\xampp\htdocs\togel\vendor\codeigniter4\framework\system\Common.php(1217): CodeIgniter\View\View->render('layout/v_wrappe...', Array, true)
#11 C:\xampp\htdocs\togel\app\Controllers\Rekapan.php(48): view('layout/v_wrappe...', Array)
#12 C:\xampp\htdocs\togel\vendor\codeigniter4\framework\system\CodeIgniter.php(935): App\Controllers\Rekapan->index()
#13 C:\xampp\htdocs\togel\vendor\codeigniter4\framework\system\CodeIgniter.php(431): CodeIgniter\CodeIgniter->runController(Object(App\Controllers\Rekapan))
#14 C:\xampp\htdocs\togel\vendor\codeigniter4\framework\system\CodeIgniter.php(332): CodeIgniter\CodeIgniter->handleRequest(NULL, Object(Config\Cache), false)
#15 C:\xampp\htdocs\togel\public\index.php(44): CodeIgniter\CodeIgniter->run()
#16 {main}
CRITICAL - 2022-03-01 04:40:52 --> Call to undefined method CodeIgniter\View\View::tanggal_indo()
#0 C:\xampp\htdocs\togel\vendor\codeigniter4\framework\system\View\View.php(220): include()
#1 C:\xampp\htdocs\togel\vendor\codeigniter4\framework\system\View\View.php(222): CodeIgniter\View\View->CodeIgniter\View\{closure}()
#2 C:\xampp\htdocs\togel\vendor\codeigniter4\framework\system\Common.php(1217): CodeIgniter\View\View->render('home/rekapan_no...', Array, true)
#3 C:\xampp\htdocs\togel\app\Views\layout\v_content.php(3): view('home/rekapan_no...')
#4 C:\xampp\htdocs\togel\vendor\codeigniter4\framework\system\View\View.php(220): include('C:\\xampp\\htdocs...')
#5 C:\xampp\htdocs\togel\vendor\codeigniter4\framework\system\View\View.php(222): CodeIgniter\View\View->CodeIgniter\View\{closure}()
#6 C:\xampp\htdocs\togel\vendor\codeigniter4\framework\system\Common.php(1217): CodeIgniter\View\View->render('layout/v_conten...', Array, true)
#7 C:\xampp\htdocs\togel\app\Views\layout\v_wrapper.php(7): view('layout/v_conten...')
#8 C:\xampp\htdocs\togel\vendor\codeigniter4\framework\system\View\View.php(220): include('C:\\xampp\\htdocs...')
#9 C:\xampp\htdocs\togel\vendor\codeigniter4\framework\system\View\View.php(222): CodeIgniter\View\View->CodeIgniter\View\{closure}()
#10 C:\xampp\htdocs\togel\vendor\codeigniter4\framework\system\Common.php(1217): CodeIgniter\View\View->render('layout/v_wrappe...', Array, true)
#11 C:\xampp\htdocs\togel\app\Controllers\Rekapan.php(48): view('layout/v_wrappe...', Array)
#12 C:\xampp\htdocs\togel\vendor\codeigniter4\framework\system\CodeIgniter.php(935): App\Controllers\Rekapan->index()
#13 C:\xampp\htdocs\togel\vendor\codeigniter4\framework\system\CodeIgniter.php(431): CodeIgniter\CodeIgniter->runController(Object(App\Controllers\Rekapan))
#14 C:\xampp\htdocs\togel\vendor\codeigniter4\framework\system\CodeIgniter.php(332): CodeIgniter\CodeIgniter->handleRequest(NULL, Object(Config\Cache), false)
#15 C:\xampp\htdocs\togel\public\index.php(44): CodeIgniter\CodeIgniter->run()
#16 {main}
CRITICAL - 2022-03-01 04:41:18 --> Call to undefined method CodeIgniter\View\View::tanggal_indo()
#0 C:\xampp\htdocs\togel\vendor\codeigniter4\framework\system\View\View.php(220): include()
#1 C:\xampp\htdocs\togel\vendor\codeigniter4\framework\system\View\View.php(222): CodeIgniter\View\View->CodeIgniter\View\{closure}()
#2 C:\xampp\htdocs\togel\vendor\codeigniter4\framework\system\Common.php(1217): CodeIgniter\View\View->render('home/rekapan_no...', Array, true)
#3 C:\xampp\htdocs\togel\app\Views\layout\v_content.php(3): view('home/rekapan_no...')
#4 C:\xampp\htdocs\togel\vendor\codeigniter4\framework\system\View\View.php(220): include('C:\\xampp\\htdocs...')
#5 C:\xampp\htdocs\togel\vendor\codeigniter4\framework\system\View\View.php(222): CodeIgniter\View\View->CodeIgniter\View\{closure}()
#6 C:\xampp\htdocs\togel\vendor\codeigniter4\framework\system\Common.php(1217): CodeIgniter\View\View->render('layout/v_conten...', Array, true)
#7 C:\xampp\htdocs\togel\app\Views\layout\v_wrapper.php(7): view('layout/v_conten...')
#8 C:\xampp\htdocs\togel\vendor\codeigniter4\framework\system\View\View.php(220): include('C:\\xampp\\htdocs...')
#9 C:\xampp\htdocs\togel\vendor\codeigniter4\framework\system\View\View.php(222): CodeIgniter\View\View->CodeIgniter\View\{closure}()
#10 C:\xampp\htdocs\togel\vendor\codeigniter4\framework\system\Common.php(1217): CodeIgniter\View\View->render('layout/v_wrappe...', Array, true)
#11 C:\xampp\htdocs\togel\app\Controllers\Rekapan.php(48): view('layout/v_wrappe...', Array)
#12 C:\xampp\htdocs\togel\vendor\codeigniter4\framework\system\CodeIgniter.php(935): App\Controllers\Rekapan->index()
#13 C:\xampp\htdocs\togel\vendor\codeigniter4\framework\system\CodeIgniter.php(431): CodeIgniter\CodeIgniter->runController(Object(App\Controllers\Rekapan))
#14 C:\xampp\htdocs\togel\vendor\codeigniter4\framework\system\CodeIgniter.php(332): CodeIgniter\CodeIgniter->handleRequest(NULL, Object(Config\Cache), false)
#15 C:\xampp\htdocs\togel\public\index.php(44): CodeIgniter\CodeIgniter->run()
#16 {main}
CRITICAL - 2022-03-01 04:41:25 --> Call to undefined method CodeIgniter\View\View::tanggal_indo()
#0 C:\xampp\htdocs\togel\vendor\codeigniter4\framework\system\View\View.php(220): include()
#1 C:\xampp\htdocs\togel\vendor\codeigniter4\framework\system\View\View.php(222): CodeIgniter\View\View->CodeIgniter\View\{closure}()
#2 C:\xampp\htdocs\togel\vendor\codeigniter4\framework\system\Common.php(1217): CodeIgniter\View\View->render('home/rekapan_no...', Array, true)
#3 C:\xampp\htdocs\togel\app\Views\layout\v_content.php(3): view('home/rekapan_no...')
#4 C:\xampp\htdocs\togel\vendor\codeigniter4\framework\system\View\View.php(220): include('C:\\xampp\\htdocs...')
#5 C:\xampp\htdocs\togel\vendor\codeigniter4\framework\system\View\View.php(222): CodeIgniter\View\View->CodeIgniter\View\{closure}()
#6 C:\xampp\htdocs\togel\vendor\codeigniter4\framework\system\Common.php(1217): CodeIgniter\View\View->render('layout/v_conten...', Array, true)
#7 C:\xampp\htdocs\togel\app\Views\layout\v_wrapper.php(7): view('layout/v_conten...')
#8 C:\xampp\htdocs\togel\vendor\codeigniter4\framework\system\View\View.php(220): include('C:\\xampp\\htdocs...')
#9 C:\xampp\htdocs\togel\vendor\codeigniter4\framework\system\View\View.php(222): CodeIgniter\View\View->CodeIgniter\View\{closure}()
#10 C:\xampp\htdocs\togel\vendor\codeigniter4\framework\system\Common.php(1217): CodeIgniter\View\View->render('layout/v_wrappe...', Array, true)
#11 C:\xampp\htdocs\togel\app\Controllers\Rekapan.php(48): view('layout/v_wrappe...', Array)
#12 C:\xampp\htdocs\togel\vendor\codeigniter4\framework\system\CodeIgniter.php(935): App\Controllers\Rekapan->index()
#13 C:\xampp\htdocs\togel\vendor\codeigniter4\framework\system\CodeIgniter.php(431): CodeIgniter\CodeIgniter->runController(Object(App\Controllers\Rekapan))
#14 C:\xampp\htdocs\togel\vendor\codeigniter4\framework\system\CodeIgniter.php(332): CodeIgniter\CodeIgniter->handleRequest(NULL, Object(Config\Cache), false)
#15 C:\xampp\htdocs\togel\public\index.php(44): CodeIgniter\CodeIgniter->run()
#16 {main}
CRITICAL - 2022-03-01 04:44:51 --> Call to undefined method CodeIgniter\View\View::tanggal_indo()
#0 C:\xampp\htdocs\togel\vendor\codeigniter4\framework\system\View\View.php(220): include()
#1 C:\xampp\htdocs\togel\vendor\codeigniter4\framework\system\View\View.php(222): CodeIgniter\View\View->CodeIgniter\View\{closure}()
#2 C:\xampp\htdocs\togel\vendor\codeigniter4\framework\system\Common.php(1217): CodeIgniter\View\View->render('home/rekapan_no...', Array, true)
#3 C:\xampp\htdocs\togel\app\Views\layout\v_content.php(3): view('home/rekapan_no...')
#4 C:\xampp\htdocs\togel\vendor\codeigniter4\framework\system\View\View.php(220): include('C:\\xampp\\htdocs...')
#5 C:\xampp\htdocs\togel\vendor\codeigniter4\framework\system\View\View.php(222): CodeIgniter\View\View->CodeIgniter\View\{closure}()
#6 C:\xampp\htdocs\togel\vendor\codeigniter4\framework\system\Common.php(1217): CodeIgniter\View\View->render('layout/v_conten...', Array, true)
#7 C:\xampp\htdocs\togel\app\Views\layout\v_wrapper.php(7): view('layout/v_conten...')
#8 C:\xampp\htdocs\togel\vendor\codeigniter4\framework\system\View\View.php(220): include('C:\\xampp\\htdocs...')
#9 C:\xampp\htdocs\togel\vendor\codeigniter4\framework\system\View\View.php(222): CodeIgniter\View\View->CodeIgniter\View\{closure}()
#10 C:\xampp\htdocs\togel\vendor\codeigniter4\framework\system\Common.php(1217): CodeIgniter\View\View->render('layout/v_wrappe...', Array, true)
#11 C:\xampp\htdocs\togel\app\Controllers\Rekapan.php(48): view('layout/v_wrappe...', Array)
#12 C:\xampp\htdocs\togel\vendor\codeigniter4\framework\system\CodeIgniter.php(935): App\Controllers\Rekapan->index()
#13 C:\xampp\htdocs\togel\vendor\codeigniter4\framework\system\CodeIgniter.php(431): CodeIgniter\CodeIgniter->runController(Object(App\Controllers\Rekapan))
#14 C:\xampp\htdocs\togel\vendor\codeigniter4\framework\system\CodeIgniter.php(332): CodeIgniter\CodeIgniter->handleRequest(NULL, Object(Config\Cache), false)
#15 C:\xampp\htdocs\togel\public\index.php(44): CodeIgniter\CodeIgniter->run()
#16 {main}
CRITICAL - 2022-03-01 04:45:07 --> Call to undefined method CodeIgniter\View\View::tanggal_indo()
#0 C:\xampp\htdocs\togel\vendor\codeigniter4\framework\system\View\View.php(220): include()
#1 C:\xampp\htdocs\togel\vendor\codeigniter4\framework\system\View\View.php(222): CodeIgniter\View\View->CodeIgniter\View\{closure}()
#2 C:\xampp\htdocs\togel\vendor\codeigniter4\framework\system\Common.php(1217): CodeIgniter\View\View->render('home/rekapan_no...', Array, true)
#3 C:\xampp\htdocs\togel\app\Views\layout\v_content.php(3): view('home/rekapan_no...')
#4 C:\xampp\htdocs\togel\vendor\codeigniter4\framework\system\View\View.php(220): include('C:\\xampp\\htdocs...')
#5 C:\xampp\htdocs\togel\vendor\codeigniter4\framework\system\View\View.php(222): CodeIgniter\View\View->CodeIgniter\View\{closure}()
#6 C:\xampp\htdocs\togel\vendor\codeigniter4\framework\system\Common.php(1217): CodeIgniter\View\View->render('layout/v_conten...', Array, true)
#7 C:\xampp\htdocs\togel\app\Views\layout\v_wrapper.php(7): view('layout/v_conten...')
#8 C:\xampp\htdocs\togel\vendor\codeigniter4\framework\system\View\View.php(220): include('C:\\xampp\\htdocs...')
#9 C:\xampp\htdocs\togel\vendor\codeigniter4\framework\system\View\View.php(222): CodeIgniter\View\View->CodeIgniter\View\{closure}()
#10 C:\xampp\htdocs\togel\vendor\codeigniter4\framework\system\Common.php(1217): CodeIgniter\View\View->render('layout/v_wrappe...', Array, true)
#11 C:\xampp\htdocs\togel\app\Controllers\Rekapan.php(48): view('layout/v_wrappe...', Array)
#12 C:\xampp\htdocs\togel\vendor\codeigniter4\framework\system\CodeIgniter.php(935): App\Controllers\Rekapan->index()
#13 C:\xampp\htdocs\togel\vendor\codeigniter4\framework\system\CodeIgniter.php(431): CodeIgniter\CodeIgniter->runController(Object(App\Controllers\Rekapan))
#14 C:\xampp\htdocs\togel\vendor\codeigniter4\framework\system\CodeIgniter.php(332): CodeIgniter\CodeIgniter->handleRequest(NULL, Object(Config\Cache), false)
#15 C:\xampp\htdocs\togel\public\index.php(44): CodeIgniter\CodeIgniter->run()
#16 {main}
CRITICAL - 2022-03-01 04:45:33 --> Undefined index: tgl_pembelian
#0 C:\xampp\htdocs\togel\app\Views\home\rekapan_nomor.php(44): CodeIgniter\Debug\Exceptions->errorHandler(8, 'Undefined index...', 'C:\\xampp\\htdocs...', 44, Array)
#1 C:\xampp\htdocs\togel\vendor\codeigniter4\framework\system\View\View.php(220): include('C:\\xampp\\htdocs...')
#2 C:\xampp\htdocs\togel\vendor\codeigniter4\framework\system\View\View.php(222): CodeIgniter\View\View->CodeIgniter\View\{closure}()
#3 C:\xampp\htdocs\togel\vendor\codeigniter4\framework\system\Common.php(1217): CodeIgniter\View\View->render('home/rekapan_no...', Array, true)
#4 C:\xampp\htdocs\togel\app\Views\layout\v_content.php(3): view('home/rekapan_no...')
#5 C:\xampp\htdocs\togel\vendor\codeigniter4\framework\system\View\View.php(220): include('C:\\xampp\\htdocs...')
#6 C:\xampp\htdocs\togel\vendor\codeigniter4\framework\system\View\View.php(222): CodeIgniter\View\View->CodeIgniter\View\{closure}()
#7 C:\xampp\htdocs\togel\vendor\codeigniter4\framework\system\Common.php(1217): CodeIgniter\View\View->render('layout/v_conten...', Array, true)
#8 C:\xampp\htdocs\togel\app\Views\layout\v_wrapper.php(7): view('layout/v_conten...')
#9 C:\xampp\htdocs\togel\vendor\codeigniter4\framework\system\View\View.php(220): include('C:\\xampp\\htdocs...')
#10 C:\xampp\htdocs\togel\vendor\codeigniter4\framework\system\View\View.php(222): CodeIgniter\View\View->CodeIgniter\View\{closure}()
#11 C:\xampp\htdocs\togel\vendor\codeigniter4\framework\system\Common.php(1217): CodeIgniter\View\View->render('layout/v_wrappe...', Array, true)
#12 C:\xampp\htdocs\togel\app\Controllers\Rekapan.php(48): view('layout/v_wrappe...', Array)
#13 C:\xampp\htdocs\togel\vendor\codeigniter4\framework\system\CodeIgniter.php(935): App\Controllers\Rekapan->index()
#14 C:\xampp\htdocs\togel\vendor\codeigniter4\framework\system\CodeIgniter.php(431): CodeIgniter\CodeIgniter->runController(Object(App\Controllers\Rekapan))
#15 C:\xampp\htdocs\togel\vendor\codeigniter4\framework\system\CodeIgniter.php(332): CodeIgniter\CodeIgniter->handleRequest(NULL, Object(Config\Cache), false)
#16 C:\xampp\htdocs\togel\public\index.php(44): CodeIgniter\CodeIgniter->run()
#17 {main}
CRITICAL - 2022-03-01 04:45:37 --> Undefined index: tgl_pembelian
#0 C:\xampp\htdocs\togel\app\Views\home\rekapan_nomor.php(44): CodeIgniter\Debug\Exceptions->errorHandler(8, 'Undefined index...', 'C:\\xampp\\htdocs...', 44, Array)
#1 C:\xampp\htdocs\togel\vendor\codeigniter4\framework\system\View\View.php(220): include('C:\\xampp\\htdocs...')
#2 C:\xampp\htdocs\togel\vendor\codeigniter4\framework\system\View\View.php(222): CodeIgniter\View\View->CodeIgniter\View\{closure}()
#3 C:\xampp\htdocs\togel\vendor\codeigniter4\framework\system\Common.php(1217): CodeIgniter\View\View->render('home/rekapan_no...', Array, true)
#4 C:\xampp\htdocs\togel\app\Views\layout\v_content.php(3): view('home/rekapan_no...')
#5 C:\xampp\htdocs\togel\vendor\codeigniter4\framework\system\View\View.php(220): include('C:\\xampp\\htdocs...')
#6 C:\xampp\htdocs\togel\vendor\codeigniter4\framework\system\View\View.php(222): CodeIgniter\View\View->CodeIgniter\View\{closure}()
#7 C:\xampp\htdocs\togel\vendor\codeigniter4\framework\system\Common.php(1217): CodeIgniter\View\View->render('layout/v_conten...', Array, true)
#8 C:\xampp\htdocs\togel\app\Views\layout\v_wrapper.php(7): view('layout/v_conten...')
#9 C:\xampp\htdocs\togel\vendor\codeigniter4\framework\system\View\View.php(220): include('C:\\xampp\\htdocs...')
#10 C:\xampp\htdocs\togel\vendor\codeigniter4\framework\system\View\View.php(222): CodeIgniter\View\View->CodeIgniter\View\{closure}()
#11 C:\xampp\htdocs\togel\vendor\codeigniter4\framework\system\Common.php(1217): CodeIgniter\View\View->render('layout/v_wrappe...', Array, true)
#12 C:\xampp\htdocs\togel\app\Controllers\Rekapan.php(48): view('layout/v_wrappe...', Array)
#13 C:\xampp\htdocs\togel\vendor\codeigniter4\framework\system\CodeIgniter.php(935): App\Controllers\Rekapan->index()
#14 C:\xampp\htdocs\togel\vendor\codeigniter4\framework\system\CodeIgniter.php(431): CodeIgniter\CodeIgniter->runController(Object(App\Controllers\Rekapan))
#15 C:\xampp\htdocs\togel\vendor\codeigniter4\framework\system\CodeIgniter.php(332): CodeIgniter\CodeIgniter->handleRequest(NULL, Object(Config\Cache), false)
#16 C:\xampp\htdocs\togel\public\index.php(44): CodeIgniter\CodeIgniter->run()
#17 {main}
CRITICAL - 2022-03-01 05:16:33 --> syntax error, unexpected '->' (T_OBJECT_OPERATOR), expecting identifier (T_STRING) or variable (T_VARIABLE) or '{' or '$'
#0 C:\xampp\htdocs\togel\vendor\codeigniter4\framework\system\Router\Router.php(170): CodeIgniter\Router\Router->autoRoute('Rekapan')
#1 C:\xampp\htdocs\togel\vendor\codeigniter4\framework\system\CodeIgniter.php(815): CodeIgniter\Router\Router->handle('Rekapan')
#2 C:\xampp\htdocs\togel\vendor\codeigniter4\framework\system\CodeIgniter.php(384): CodeIgniter\CodeIgniter->tryToRouteIt(Object(CodeIgniter\Router\RouteCollection))
#3 C:\xampp\htdocs\togel\vendor\codeigniter4\framework\system\CodeIgniter.php(332): CodeIgniter\CodeIgniter->handleRequest(NULL, Object(Config\Cache), false)
#4 C:\xampp\htdocs\togel\public\index.php(44): CodeIgniter\CodeIgniter->run()
#5 {main}
CRITICAL - 2022-03-01 05:16:42 --> Call to undefined method CodeIgniter\Database\MySQLi\Builder::getRow()
#0 C:\xampp\htdocs\togel\vendor\codeigniter4\framework\system\CodeIgniter.php(935): App\Controllers\Rekapan->index()
#1 C:\xampp\htdocs\togel\vendor\codeigniter4\framework\system\CodeIgniter.php(431): CodeIgniter\CodeIgniter->runController(Object(App\Controllers\Rekapan))
#2 C:\xampp\htdocs\togel\vendor\codeigniter4\framework\system\CodeIgniter.php(332): CodeIgniter\CodeIgniter->handleRequest(NULL, Object(Config\Cache), false)
#3 C:\xampp\htdocs\togel\public\index.php(44): CodeIgniter\CodeIgniter->run()
#4 {main}
CRITICAL - 2022-03-01 05:17:24 --> Call to undefined method CodeIgniter\Database\MySQLi\Builder::getRow()
#0 C:\xampp\htdocs\togel\vendor\codeigniter4\framework\system\CodeIgniter.php(935): App\Controllers\Rekapan->index()
#1 C:\xampp\htdocs\togel\vendor\codeigniter4\framework\system\CodeIgniter.php(431): CodeIgniter\CodeIgniter->runController(Object(App\Controllers\Rekapan))
#2 C:\xampp\htdocs\togel\vendor\codeigniter4\framework\system\CodeIgniter.php(332): CodeIgniter\CodeIgniter->handleRequest(NULL, Object(Config\Cache), false)
#3 C:\xampp\htdocs\togel\public\index.php(44): CodeIgniter\CodeIgniter->run()
#4 {main}
CRITICAL - 2022-03-01 05:18:51 --> Call to undefined method CodeIgniter\Database\MySQLi\Builder::query()
#0 C:\xampp\htdocs\togel\vendor\codeigniter4\framework\system\CodeIgniter.php(935): App\Controllers\Rekapan->index()
#1 C:\xampp\htdocs\togel\vendor\codeigniter4\framework\system\CodeIgniter.php(431): CodeIgniter\CodeIgniter->runController(Object(App\Controllers\Rekapan))
#2 C:\xampp\htdocs\togel\vendor\codeigniter4\framework\system\CodeIgniter.php(332): CodeIgniter\CodeIgniter->handleRequest(NULL, Object(Config\Cache), false)
#3 C:\xampp\htdocs\togel\public\index.php(44): CodeIgniter\CodeIgniter->run()
#4 {main}
ERROR - 2022-03-01 05:20:06 --> mysqli_sql_exception: You have an error in your SQL syntax; check the manual that corresponds to your MariaDB server version for the right syntax to use near '-1' at line 1 in C:\xampp\htdocs\togel\vendor\codeigniter4\framework\system\Database\MySQLi\Connection.php:314
Stack trace:
#0 C:\xampp\htdocs\togel\vendor\codeigniter4\framework\system\Database\MySQLi\Connection.php(314): mysqli->query('SELECT * FROM d...')
#1 C:\xampp\htdocs\togel\vendor\codeigniter4\framework\system\Database\BaseConnection.php(715): CodeIgniter\Database\MySQLi\Connection->execute('SELECT * FROM d...')
#2 C:\xampp\htdocs\togel\vendor\codeigniter4\framework\system\Database\BaseConnection.php(643): CodeIgniter\Database\BaseConnection->simpleQuery('SELECT * FROM d...')
#3 C:\xampp\htdocs\togel\app\Controllers\Rekapan.php(23): CodeIgniter\Database\BaseConnection->query('SELECT * FROM d...')
#4 C:\xampp\htdocs\togel\vendor\codeigniter4\framework\system\CodeIgniter.php(935): App\Controllers\Rekapan->index()
#5 C:\xampp\htdocs\togel\vendor\codeigniter4\framework\system\CodeIgniter.php(431): CodeIgniter\CodeIgniter->runController(Object(App\Controllers\Rekapan))
#6 C:\xampp\htdocs\togel\vendor\codeigniter4\framework\system\CodeIgniter.php(332): CodeIgniter\CodeIgniter->handleRequest(NULL, Object(Config\Cache), false)
#7 C:\xampp\htdocs\togel\public\index.php(44): CodeIgniter\CodeIgniter->run()
#8 {main}
CRITICAL - 2022-03-01 05:20:06 --> You have an error in your SQL syntax; check the manual that corresponds to your MariaDB server version for the right syntax to use near '-1' at line 1
#0 C:\xampp\htdocs\togel\vendor\codeigniter4\framework\system\Database\MySQLi\Connection.php(314): mysqli->query('SELECT * FROM d...')
#1 C:\xampp\htdocs\togel\vendor\codeigniter4\framework\system\Database\BaseConnection.php(715): CodeIgniter\Database\MySQLi\Connection->execute('SELECT * FROM d...')
#2 C:\xampp\htdocs\togel\vendor\codeigniter4\framework\system\Database\BaseConnection.php(643): CodeIgniter\Database\BaseConnection->simpleQuery('SELECT * FROM d...')
#3 C:\xampp\htdocs\togel\app\Controllers\Rekapan.php(23): CodeIgniter\Database\BaseConnection->query('SELECT * FROM d...')
#4 C:\xampp\htdocs\togel\vendor\codeigniter4\framework\system\CodeIgniter.php(935): App\Controllers\Rekapan->index()
#5 C:\xampp\htdocs\togel\vendor\codeigniter4\framework\system\CodeIgniter.php(431): CodeIgniter\CodeIgniter->runController(Object(App\Controllers\Rekapan))
#6 C:\xampp\htdocs\togel\vendor\codeigniter4\framework\system\CodeIgniter.php(332): CodeIgniter\CodeIgniter->handleRequest(NULL, Object(Config\Cache), false)
#7 C:\xampp\htdocs\togel\public\index.php(44): CodeIgniter\CodeIgniter->run()
#8 {main}
CRITICAL - 2022-03-01 05:22:48 --> Class 'id_hapus' not found
#0 [internal function]: CodeIgniter\Debug\Exceptions->shutdownHandler()
#1 {main}
ERROR - 2022-03-01 05:31:57 --> mysqli_sql_exception: You have an error in your SQL syntax; check the manual that corresponds to your MariaDB server version for the right syntax to use near '-1' at line 1 in C:\xampp\htdocs\togel\vendor\codeigniter4\framework\system\Database\MySQLi\Connection.php:314
Stack trace:
#0 C:\xampp\htdocs\togel\vendor\codeigniter4\framework\system\Database\MySQLi\Connection.php(314): mysqli->query('SELECT * FROM u...')
#1 C:\xampp\htdocs\togel\vendor\codeigniter4\framework\system\Database\BaseConnection.php(715): CodeIgniter\Database\MySQLi\Connection->execute('SELECT * FROM u...')
#2 C:\xampp\htdocs\togel\vendor\codeigniter4\framework\system\Database\BaseConnection.php(643): CodeIgniter\Database\BaseConnection->simpleQuery('SELECT * FROM u...')
#3 C:\xampp\htdocs\togel\app\Controllers\Rekapan.php(23): CodeIgniter\Database\BaseConnection->query('SELECT * FROM u...')
#4 C:\xampp\htdocs\togel\vendor\codeigniter4\framework\system\CodeIgniter.php(935): App\Controllers\Rekapan->index()
#5 C:\xampp\htdocs\togel\vendor\codeigniter4\framework\system\CodeIgniter.php(431): CodeIgniter\CodeIgniter->runController(Object(App\Controllers\Rekapan))
#6 C:\xampp\htdocs\togel\vendor\codeigniter4\framework\system\CodeIgniter.php(332): CodeIgniter\CodeIgniter->handleRequest(NULL, Object(Config\Cache), false)
#7 C:\xampp\htdocs\togel\public\index.php(44): CodeIgniter\CodeIgniter->run()
#8 {main}
CRITICAL - 2022-03-01 05:31:57 --> You have an error in your SQL syntax; check the manual that corresponds to your MariaDB server version for the right syntax to use near '-1' at line 1
#0 C:\xampp\htdocs\togel\vendor\codeigniter4\framework\system\Database\MySQLi\Connection.php(314): mysqli->query('SELECT * FROM u...')
#1 C:\xampp\htdocs\togel\vendor\codeigniter4\framework\system\Database\BaseConnection.php(715): CodeIgniter\Database\MySQLi\Connection->execute('SELECT * FROM u...')
#2 C:\xampp\htdocs\togel\vendor\codeigniter4\framework\system\Database\BaseConnection.php(643): CodeIgniter\Database\BaseConnection->simpleQuery('SELECT * FROM u...')
#3 C:\xampp\htdocs\togel\app\Controllers\Rekapan.php(23): CodeIgniter\Database\BaseConnection->query('SELECT * FROM u...')
#4 C:\xampp\htdocs\togel\vendor\codeigniter4\framework\system\CodeIgniter.php(935): App\Controllers\Rekapan->index()
#5 C:\xampp\htdocs\togel\vendor\codeigniter4\framework\system\CodeIgniter.php(431): CodeIgniter\CodeIgniter->runController(Object(App\Controllers\Rekapan))
#6 C:\xampp\htdocs\togel\vendor\codeigniter4\framework\system\CodeIgniter.php(332): CodeIgniter\CodeIgniter->handleRequest(NULL, Object(Config\Cache), false)
#7 C:\xampp\htdocs\togel\public\index.php(44): CodeIgniter\CodeIgniter->run()
#8 {main}
CRITICAL - 2022-03-01 05:32:13 --> Call to undefined method CodeIgniter\Database\MySQLi\Connection::getLastRow()
#0 C:\xampp\htdocs\togel\vendor\codeigniter4\framework\system\CodeIgniter.php(935): App\Controllers\Rekapan->index()
#1 C:\xampp\htdocs\togel\vendor\codeigniter4\framework\system\CodeIgniter.php(431): CodeIgniter\CodeIgniter->runController(Object(App\Controllers\Rekapan))
#2 C:\xampp\htdocs\togel\vendor\codeigniter4\framework\system\CodeIgniter.php(332): CodeIgniter\CodeIgniter->handleRequest(NULL, Object(Config\Cache), false)
#3 C:\xampp\htdocs\togel\public\index.php(44): CodeIgniter\CodeIgniter->run()
#4 {main}
CRITICAL - 2022-03-01 05:32:22 --> syntax error, unexpected 'dd' (T_STRING)
#0 C:\xampp\htdocs\togel\vendor\codeigniter4\framework\system\Router\Router.php(170): CodeIgniter\Router\Router->autoRoute('Rekapan')
#1 C:\xampp\htdocs\togel\vendor\codeigniter4\framework\system\CodeIgniter.php(815): CodeIgniter\Router\Router->handle('Rekapan')
#2 C:\xampp\htdocs\togel\vendor\codeigniter4\framework\system\CodeIgniter.php(384): CodeIgniter\CodeIgniter->tryToRouteIt(Object(CodeIgniter\Router\RouteCollection))
#3 C:\xampp\htdocs\togel\vendor\codeigniter4\framework\system\CodeIgniter.php(332): CodeIgniter\CodeIgniter->handleRequest(NULL, Object(Config\Cache), false)
#4 C:\xampp\htdocs\togel\public\index.php(44): CodeIgniter\CodeIgniter->run()
#5 {main}
ERROR - 2022-03-01 05:32:34 --> mysqli_sql_exception: You have an error in your SQL syntax; check the manual that corresponds to your MariaDB server version for the right syntax to use near '-1' at line 1 in C:\xampp\htdocs\togel\vendor\codeigniter4\framework\system\Database\MySQLi\Connection.php:314
Stack trace:
#0 C:\xampp\htdocs\togel\vendor\codeigniter4\framework\system\Database\MySQLi\Connection.php(314): mysqli->query('SELECT * FROM u...')
#1 C:\xampp\htdocs\togel\vendor\codeigniter4\framework\system\Database\BaseConnection.php(715): CodeIgniter\Database\MySQLi\Connection->execute('SELECT * FROM u...')
#2 C:\xampp\htdocs\togel\vendor\codeigniter4\framework\system\Database\BaseConnection.php(643): CodeIgniter\Database\BaseConnection->simpleQuery('SELECT * FROM u...')
#3 C:\xampp\htdocs\togel\app\Controllers\Rekapan.php(23): CodeIgniter\Database\BaseConnection->query('SELECT * FROM u...')
#4 C:\xampp\htdocs\togel\vendor\codeigniter4\framework\system\CodeIgniter.php(935): App\Controllers\Rekapan->index()
#5 C:\xampp\htdocs\togel\vendor\codeigniter4\framework\system\CodeIgniter.php(431): CodeIgniter\CodeIgniter->runController(Object(App\Controllers\Rekapan))
#6 C:\xampp\htdocs\togel\vendor\codeigniter4\framework\system\CodeIgniter.php(332): CodeIgniter\CodeIgniter->handleRequest(NULL, Object(Config\Cache), false)
#7 C:\xampp\htdocs\togel\public\index.php(44): CodeIgniter\CodeIgniter->run()
#8 {main}
CRITICAL - 2022-03-01 05:32:34 --> You have an error in your SQL syntax; check the manual that corresponds to your MariaDB server version for the right syntax to use near '-1' at line 1
#0 C:\xampp\htdocs\togel\vendor\codeigniter4\framework\system\Database\MySQLi\Connection.php(314): mysqli->query('SELECT * FROM u...')
#1 C:\xampp\htdocs\togel\vendor\codeigniter4\framework\system\Database\BaseConnection.php(715): CodeIgniter\Database\MySQLi\Connection->execute('SELECT * FROM u...')
#2 C:\xampp\htdocs\togel\vendor\codeigniter4\framework\system\Database\BaseConnection.php(643): CodeIgniter\Database\BaseConnection->simpleQuery('SELECT * FROM u...')
#3 C:\xampp\htdocs\togel\app\Controllers\Rekapan.php(23): CodeIgniter\Database\BaseConnection->query('SELECT * FROM u...')
#4 C:\xampp\htdocs\togel\vendor\codeigniter4\framework\system\CodeIgniter.php(935): App\Controllers\Rekapan->index()
#5 C:\xampp\htdocs\togel\vendor\codeigniter4\framework\system\CodeIgniter.php(431): CodeIgniter\CodeIgniter->runController(Object(App\Controllers\Rekapan))
#6 C:\xampp\htdocs\togel\vendor\codeigniter4\framework\system\CodeIgniter.php(332): CodeIgniter\CodeIgniter->handleRequest(NULL, Object(Config\Cache), false)
#7 C:\xampp\htdocs\togel\public\index.php(44): CodeIgniter\CodeIgniter->run()
#8 {main}
ERROR - 2022-03-01 05:32:41 --> mysqli_sql_exception: Table 'togel.users' doesn't exist in C:\xampp\htdocs\togel\vendor\codeigniter4\framework\system\Database\MySQLi\Connection.php:314
Stack trace:
#0 C:\xampp\htdocs\togel\vendor\codeigniter4\framework\system\Database\MySQLi\Connection.php(314): mysqli->query('SELECT * FROM u...')
#1 C:\xampp\htdocs\togel\vendor\codeigniter4\framework\system\Database\BaseConnection.php(715): CodeIgniter\Database\MySQLi\Connection->execute('SELECT * FROM u...')
#2 C:\xampp\htdocs\togel\vendor\codeigniter4\framework\system\Database\BaseConnection.php(643): CodeIgniter\Database\BaseConnection->simpleQuery('SELECT * FROM u...')
#3 C:\xampp\htdocs\togel\app\Controllers\Rekapan.php(23): CodeIgniter\Database\BaseConnection->query('SELECT * FROM u...')
#4 C:\xampp\htdocs\togel\vendor\codeigniter4\framework\system\CodeIgniter.php(935): App\Controllers\Rekapan->index()
#5 C:\xampp\htdocs\togel\vendor\codeigniter4\framework\system\CodeIgniter.php(431): CodeIgniter\CodeIgniter->runController(Object(App\Controllers\Rekapan))
#6 C:\xampp\htdocs\togel\vendor\codeigniter4\framework\system\CodeIgniter.php(332): CodeIgniter\CodeIgniter->handleRequest(NULL, Object(Config\Cache), false)
#7 C:\xampp\htdocs\togel\public\index.php(44): CodeIgniter\CodeIgniter->run()
#8 {main}
CRITICAL - 2022-03-01 05:32:41 --> Table 'togel.users' doesn't exist
#0 C:\xampp\htdocs\togel\vendor\codeigniter4\framework\system\Database\MySQLi\Connection.php(314): mysqli->query('SELECT * FROM u...')
#1 C:\xampp\htdocs\togel\vendor\codeigniter4\framework\system\Database\BaseConnection.php(715): CodeIgniter\Database\MySQLi\Connection->execute('SELECT * FROM u...')
#2 C:\xampp\htdocs\togel\vendor\codeigniter4\framework\system\Database\BaseConnection.php(643): CodeIgniter\Database\BaseConnection->simpleQuery('SELECT * FROM u...')
#3 C:\xampp\htdocs\togel\app\Controllers\Rekapan.php(23): CodeIgniter\Database\BaseConnection->query('SELECT * FROM u...')
#4 C:\xampp\htdocs\togel\vendor\codeigniter4\framework\system\CodeIgniter.php(935): App\Controllers\Rekapan->index()
#5 C:\xampp\htdocs\togel\vendor\codeigniter4\framework\system\CodeIgniter.php(431): CodeIgniter\CodeIgniter->runController(Object(App\Controllers\Rekapan))
#6 C:\xampp\htdocs\togel\vendor\codeigniter4\framework\system\CodeIgniter.php(332): CodeIgniter\CodeIgniter->handleRequest(NULL, Object(Config\Cache), false)
#7 C:\xampp\htdocs\togel\public\index.php(44): CodeIgniter\CodeIgniter->run()
#8 {main}
ERROR - 2022-03-01 05:32:49 --> mysqli_sql_exception: Table 'togel.data_nomor' doesn't exist in C:\xampp\htdocs\togel\vendor\codeigniter4\framework\system\Database\MySQLi\Connection.php:314
Stack trace:
#0 C:\xampp\htdocs\togel\vendor\codeigniter4\framework\system\Database\MySQLi\Connection.php(314): mysqli->query('SELECT * FROM d...')
#1 C:\xampp\htdocs\togel\vendor\codeigniter4\framework\system\Database\BaseConnection.php(715): CodeIgniter\Database\MySQLi\Connection->execute('SELECT * FROM d...')
#2 C:\xampp\htdocs\togel\vendor\codeigniter4\framework\system\Database\BaseConnection.php(643): CodeIgniter\Database\BaseConnection->simpleQuery('SELECT * FROM d...')
#3 C:\xampp\htdocs\togel\app\Controllers\Rekapan.php(23): CodeIgniter\Database\BaseConnection->query('SELECT * FROM d...')
#4 C:\xampp\htdocs\togel\vendor\codeigniter4\framework\system\CodeIgniter.php(935): App\Controllers\Rekapan->index()
#5 C:\xampp\htdocs\togel\vendor\codeigniter4\framework\system\CodeIgniter.php(431): CodeIgniter\CodeIgniter->runController(Object(App\Controllers\Rekapan))
#6 C:\xampp\htdocs\togel\vendor\codeigniter4\framework\system\CodeIgniter.php(332): CodeIgniter\CodeIgniter->handleRequest(NULL, Object(Config\Cache), false)
#7 C:\xampp\htdocs\togel\public\index.php(44): CodeIgniter\CodeIgniter->run()
#8 {main}
CRITICAL - 2022-03-01 05:32:49 --> Table 'togel.data_nomor' doesn't exist
#0 C:\xampp\htdocs\togel\vendor\codeigniter4\framework\system\Database\MySQLi\Connection.php(314): mysqli->query('SELECT * FROM d...')
#1 C:\xampp\htdocs\togel\vendor\codeigniter4\framework\system\Database\BaseConnection.php(715): CodeIgniter\Database\MySQLi\Connection->execute('SELECT * FROM d...')
#2 C:\xampp\htdocs\togel\vendor\codeigniter4\framework\system\Database\BaseConnection.php(643): CodeIgniter\Database\BaseConnection->simpleQuery('SELECT * FROM d...')
#3 C:\xampp\htdocs\togel\app\Controllers\Rekapan.php(23): CodeIgniter\Database\BaseConnection->query('SELECT * FROM d...')
#4 C:\xampp\htdocs\togel\vendor\codeigniter4\framework\system\CodeIgniter.php(935): App\Controllers\Rekapan->index()
#5 C:\xampp\htdocs\togel\vendor\codeigniter4\framework\system\CodeIgniter.php(431): CodeIgniter\CodeIgniter->runController(Object(App\Controllers\Rekapan))
#6 C:\xampp\htdocs\togel\vendor\codeigniter4\framework\system\CodeIgniter.php(332): CodeIgniter\CodeIgniter->handleRequest(NULL, Object(Config\Cache), false)
#7 C:\xampp\htdocs\togel\public\index.php(44): CodeIgniter\CodeIgniter->run()
#8 {main}
CRITICAL - 2022-03-01 05:34:36 --> Cannot use object of type stdClass as array
#0 C:\xampp\htdocs\togel\vendor\codeigniter4\framework\system\CodeIgniter.php(935): App\Controllers\Rekapan->index()
#1 C:\xampp\htdocs\togel\vendor\codeigniter4\framework\system\CodeIgniter.php(431): CodeIgniter\CodeIgniter->runController(Object(App\Controllers\Rekapan))
#2 C:\xampp\htdocs\togel\vendor\codeigniter4\framework\system\CodeIgniter.php(332): CodeIgniter\CodeIgniter->handleRequest(NULL, Object(Config\Cache), false)
#3 C:\xampp\htdocs\togel\public\index.php(44): CodeIgniter\CodeIgniter->run()
#4 {main}
CRITICAL - 2022-03-01 05:37:41 --> Undefined variable: db
#0 C:\xampp\htdocs\togel\app\Controllers\Home.php(26): CodeIgniter\Debug\Exceptions->errorHandler(8, 'Undefined varia...', 'C:\\xampp\\htdocs...', 26, Array)
#1 C:\xampp\htdocs\togel\vendor\codeigniter4\framework\system\CodeIgniter.php(935): App\Controllers\Home->index()
#2 C:\xampp\htdocs\togel\vendor\codeigniter4\framework\system\CodeIgniter.php(431): CodeIgniter\CodeIgniter->runController(Object(App\Controllers\Home))
#3 C:\xampp\htdocs\togel\vendor\codeigniter4\framework\system\CodeIgniter.php(332): CodeIgniter\CodeIgniter->handleRequest(NULL, Object(Config\Cache), false)
#4 C:\xampp\htdocs\togel\public\index.php(44): CodeIgniter\CodeIgniter->run()
#5 {main}
CRITICAL - 2022-03-01 05:38:01 --> Object of class stdClass could not be converted to string
#0 C:\xampp\htdocs\togel\vendor\codeigniter4\framework\system\View\View.php(220): include()
#1 C:\xampp\htdocs\togel\vendor\codeigniter4\framework\system\View\View.php(222): CodeIgniter\View\View->CodeIgniter\View\{closure}()
#2 C:\xampp\htdocs\togel\vendor\codeigniter4\framework\system\Common.php(1217): CodeIgniter\View\View->render('home/beranda.ph...', Array, true)
#3 C:\xampp\htdocs\togel\app\Views\layout\v_content.php(3): view('home/beranda.ph...')
#4 C:\xampp\htdocs\togel\vendor\codeigniter4\framework\system\View\View.php(220): include('C:\\xampp\\htdocs...')
#5 C:\xampp\htdocs\togel\vendor\codeigniter4\framework\system\View\View.php(222): CodeIgniter\View\View->CodeIgniter\View\{closure}()
#6 C:\xampp\htdocs\togel\vendor\codeigniter4\framework\system\Common.php(1217): CodeIgniter\View\View->render('layout/v_conten...', Array, true)
#7 C:\xampp\htdocs\togel\app\Views\layout\v_wrapper.php(7): view('layout/v_conten...')
#8 C:\xampp\htdocs\togel\vendor\codeigniter4\framework\system\View\View.php(220): include('C:\\xampp\\htdocs...')
#9 C:\xampp\htdocs\togel\vendor\codeigniter4\framework\system\View\View.php(222): CodeIgniter\View\View->CodeIgniter\View\{closure}()
#10 C:\xampp\htdocs\togel\vendor\codeigniter4\framework\system\Common.php(1217): CodeIgniter\View\View->render('layout/v_wrappe...', Array, true)
#11 C:\xampp\htdocs\togel\app\Controllers\Home.php(36): view('layout/v_wrappe...', Array)
#12 C:\xampp\htdocs\togel\vendor\codeigniter4\framework\system\CodeIgniter.php(935): App\Controllers\Home->index()
#13 C:\xampp\htdocs\togel\vendor\codeigniter4\framework\system\CodeIgniter.php(431): CodeIgniter\CodeIgniter->runController(Object(App\Controllers\Home))
#14 C:\xampp\htdocs\togel\vendor\codeigniter4\framework\system\CodeIgniter.php(332): CodeIgniter\CodeIgniter->handleRequest(NULL, Object(Config\Cache), false)
#15 C:\xampp\htdocs\togel\public\index.php(44): CodeIgniter\CodeIgniter->run()
#16 {main}
CRITICAL - 2022-03-01 05:38:32 --> Object of class stdClass could not be converted to string
#0 C:\xampp\htdocs\togel\vendor\codeigniter4\framework\system\View\View.php(220): include()
#1 C:\xampp\htdocs\togel\vendor\codeigniter4\framework\system\View\View.php(222): CodeIgniter\View\View->CodeIgniter\View\{closure}()
#2 C:\xampp\htdocs\togel\vendor\codeigniter4\framework\system\Common.php(1217): CodeIgniter\View\View->render('home/beranda.ph...', Array, true)
#3 C:\xampp\htdocs\togel\app\Views\layout\v_content.php(3): view('home/beranda.ph...')
#4 C:\xampp\htdocs\togel\vendor\codeigniter4\framework\system\View\View.php(220): include('C:\\xampp\\htdocs...')
#5 C:\xampp\htdocs\togel\vendor\codeigniter4\framework\system\View\View.php(222): CodeIgniter\View\View->CodeIgniter\View\{closure}()
#6 C:\xampp\htdocs\togel\vendor\codeigniter4\framework\system\Common.php(1217): CodeIgniter\View\View->render('layout/v_conten...', Array, true)
#7 C:\xampp\htdocs\togel\app\Views\layout\v_wrapper.php(7): view('layout/v_conten...')
#8 C:\xampp\htdocs\togel\vendor\codeigniter4\framework\system\View\View.php(220): include('C:\\xampp\\htdocs...')
#9 C:\xampp\htdocs\togel\vendor\codeigniter4\framework\system\View\View.php(222): CodeIgniter\View\View->CodeIgniter\View\{closure}()
#10 C:\xampp\htdocs\togel\vendor\codeigniter4\framework\system\Common.php(1217): CodeIgniter\View\View->render('layout/v_wrappe...', Array, true)
#11 C:\xampp\htdocs\togel\app\Controllers\Home.php(36): view('layout/v_wrappe...', Array)
#12 C:\xampp\htdocs\togel\vendor\codeigniter4\framework\system\CodeIgniter.php(935): App\Controllers\Home->index()
#13 C:\xampp\htdocs\togel\vendor\codeigniter4\framework\system\CodeIgniter.php(431): CodeIgniter\CodeIgniter->runController(Object(App\Controllers\Home))
#14 C:\xampp\htdocs\togel\vendor\codeigniter4\framework\system\CodeIgniter.php(332): CodeIgniter\CodeIgniter->handleRequest(NULL, Object(Config\Cache), false)
#15 C:\xampp\htdocs\togel\public\index.php(44): CodeIgniter\CodeIgniter->run()
#16 {main}
CRITICAL - 2022-03-01 05:39:33 --> Object of class stdClass could not be converted to string
#0 C:\xampp\htdocs\togel\vendor\codeigniter4\framework\system\View\View.php(220): include()
#1 C:\xampp\htdocs\togel\vendor\codeigniter4\framework\system\View\View.php(222): CodeIgniter\View\View->CodeIgniter\View\{closure}()
#2 C:\xampp\htdocs\togel\vendor\codeigniter4\framework\system\Common.php(1217): CodeIgniter\View\View->render('home/beranda.ph...', Array, true)
#3 C:\xampp\htdocs\togel\app\Views\layout\v_content.php(3): view('home/beranda.ph...')
#4 C:\xampp\htdocs\togel\vendor\codeigniter4\framework\system\View\View.php(220): include('C:\\xampp\\htdocs...')
#5 C:\xampp\htdocs\togel\vendor\codeigniter4\framework\system\View\View.php(222): CodeIgniter\View\View->CodeIgniter\View\{closure}()
#6 C:\xampp\htdocs\togel\vendor\codeigniter4\framework\system\Common.php(1217): CodeIgniter\View\View->render('layout/v_conten...', Array, true)
#7 C:\xampp\htdocs\togel\app\Views\layout\v_wrapper.php(7): view('layout/v_conten...')
#8 C:\xampp\htdocs\togel\vendor\codeigniter4\framework\system\View\View.php(220): include('C:\\xampp\\htdocs...')
#9 C:\xampp\htdocs\togel\vendor\codeigniter4\framework\system\View\View.php(222): CodeIgniter\View\View->CodeIgniter\View\{closure}()
#10 C:\xampp\htdocs\togel\vendor\codeigniter4\framework\system\Common.php(1217): CodeIgniter\View\View->render('layout/v_wrappe...', Array, true)
#11 C:\xampp\htdocs\togel\app\Controllers\Home.php(36): view('layout/v_wrappe...', Array)
#12 C:\xampp\htdocs\togel\vendor\codeigniter4\framework\system\CodeIgniter.php(935): App\Controllers\Home->index()
#13 C:\xampp\htdocs\togel\vendor\codeigniter4\framework\system\CodeIgniter.php(431): CodeIgniter\CodeIgniter->runController(Object(App\Controllers\Home))
#14 C:\xampp\htdocs\togel\vendor\codeigniter4\framework\system\CodeIgniter.php(332): CodeIgniter\CodeIgniter->handleRequest(NULL, Object(Config\Cache), false)
#15 C:\xampp\htdocs\togel\public\index.php(44): CodeIgniter\CodeIgniter->run()
#16 {main}
CRITICAL - 2022-03-01 05:41:41 --> Undefined offset: 4
#0 C:\xampp\htdocs\togel\app\Controllers\Rekapan.php(86): CodeIgniter\Debug\Exceptions->errorHandler(8, 'Undefined offse...', 'C:\\xampp\\htdocs...', 86, Array)
#1 C:\xampp\htdocs\togel\vendor\codeigniter4\framework\system\CodeIgniter.php(935): App\Controllers\Rekapan->rekap_data()
#2 C:\xampp\htdocs\togel\vendor\codeigniter4\framework\system\CodeIgniter.php(431): CodeIgniter\CodeIgniter->runController(Object(App\Controllers\Rekapan))
#3 C:\xampp\htdocs\togel\vendor\codeigniter4\framework\system\CodeIgniter.php(332): CodeIgniter\CodeIgniter->handleRequest(NULL, Object(Config\Cache), false)
#4 C:\xampp\htdocs\togel\public\index.php(44): CodeIgniter\CodeIgniter->run()
#5 {main}
CRITICAL - 2022-03-01 05:43:35 --> Undefined offset: 4
#0 C:\xampp\htdocs\togel\app\Controllers\Rekapan.php(86): CodeIgniter\Debug\Exceptions->errorHandler(8, 'Undefined offse...', 'C:\\xampp\\htdocs...', 86, Array)
#1 C:\xampp\htdocs\togel\vendor\codeigniter4\framework\system\CodeIgniter.php(935): App\Controllers\Rekapan->rekap_data()
#2 C:\xampp\htdocs\togel\vendor\codeigniter4\framework\system\CodeIgniter.php(431): CodeIgniter\CodeIgniter->runController(Object(App\Controllers\Rekapan))
#3 C:\xampp\htdocs\togel\vendor\codeigniter4\framework\system\CodeIgniter.php(332): CodeIgniter\CodeIgniter->handleRequest(NULL, Object(Config\Cache), false)
#4 C:\xampp\htdocs\togel\public\index.php(44): CodeIgniter\CodeIgniter->run()
#5 {main}
CRITICAL - 2022-03-01 05:43:59 --> Undefined offset: 4
#0 C:\xampp\htdocs\togel\app\Controllers\Rekapan.php(86): CodeIgniter\Debug\Exceptions->errorHandler(8, 'Undefined offse...', 'C:\\xampp\\htdocs...', 86, Array)
#1 C:\xampp\htdocs\togel\vendor\codeigniter4\framework\system\CodeIgniter.php(935): App\Controllers\Rekapan->rekap_data()
#2 C:\xampp\htdocs\togel\vendor\codeigniter4\framework\system\CodeIgniter.php(431): CodeIgniter\CodeIgniter->runController(Object(App\Controllers\Rekapan))
#3 C:\xampp\htdocs\togel\vendor\codeigniter4\framework\system\CodeIgniter.php(332): CodeIgniter\CodeIgniter->handleRequest(NULL, Object(Config\Cache), false)
#4 C:\xampp\htdocs\togel\public\index.php(44): CodeIgniter\CodeIgniter->run()
#5 {main}
CRITICAL - 2022-03-01 05:50:22 --> Class '-1' not found
#0 [internal function]: CodeIgniter\Debug\Exceptions->shutdownHandler()
#1 {main}
CRITICAL - 2022-03-01 06:23:33 --> Argument 1 passed to CodeIgniter\Database\BaseBuilder::insertBatch() must be of the type array or null, string given, called in C:\xampp\htdocs\togel\app\Models\dataModel.php on line 30
#0 C:\xampp\htdocs\togel\app\Models\dataModel.php(30): CodeIgniter\Database\BaseBuilder->insertBatch('3')
#1 C:\xampp\htdocs\togel\app\Controllers\Rekapan.php(116): App\Models\dataModel->hapusNomordata('3')
#2 C:\xampp\htdocs\togel\vendor\codeigniter4\framework\system\CodeIgniter.php(935): App\Controllers\Rekapan->hapus_data_terakhir()
#3 C:\xampp\htdocs\togel\vendor\codeigniter4\framework\system\CodeIgniter.php(431): CodeIgniter\CodeIgniter->runController(Object(App\Controllers\Rekapan))
#4 C:\xampp\htdocs\togel\vendor\codeigniter4\framework\system\CodeIgniter.php(332): CodeIgniter\CodeIgniter->handleRequest(NULL, Object(Config\Cache), false)
#5 C:\xampp\htdocs\togel\public\index.php(44): CodeIgniter\CodeIgniter->run()
#6 {main}
CRITICAL - 2022-03-01 06:32:09 --> Undefined variable: per_nomor
#0 C:\xampp\htdocs\togel\app\Controllers\Rekapan.php(150): CodeIgniter\Debug\Exceptions->errorHandler(8, 'Undefined varia...', 'C:\\xampp\\htdocs...', 150, Array)
#1 C:\xampp\htdocs\togel\app\Controllers\Rekapan.php(78): App\Controllers\Rekapan->rumus_pembelian_banyak('25#5000000+89#8...', '2022-03-01', 'SD', '3')
#2 C:\xampp\htdocs\togel\vendor\codeigniter4\framework\system\CodeIgniter.php(935): App\Controllers\Rekapan->rekap_data()
#3 C:\xampp\htdocs\togel\vendor\codeigniter4\framework\system\CodeIgniter.php(431): CodeIgniter\CodeIgniter->runController(Object(App\Controllers\Rekapan))
#4 C:\xampp\htdocs\togel\vendor\codeigniter4\framework\system\CodeIgniter.php(332): CodeIgniter\CodeIgniter->handleRequest(NULL, Object(Config\Cache), false)
#5 C:\xampp\htdocs\togel\public\index.php(44): CodeIgniter\CodeIgniter->run()
#6 {main}
CRITICAL - 2022-03-01 06:33:32 --> Trying to get property 'id_hapus' of non-object
#0 C:\xampp\htdocs\togel\app\Controllers\Rekapan.php(23): CodeIgniter\Debug\Exceptions->errorHandler(8, 'Trying to get p...', 'C:\\xampp\\htdocs...', 23, Array)
#1 C:\xampp\htdocs\togel\vendor\codeigniter4\framework\system\CodeIgniter.php(935): App\Controllers\Rekapan->index()
#2 C:\xampp\htdocs\togel\vendor\codeigniter4\framework\system\CodeIgniter.php(431): CodeIgniter\CodeIgniter->runController(Object(App\Controllers\Rekapan))
#3 C:\xampp\htdocs\togel\vendor\codeigniter4\framework\system\CodeIgniter.php(332): CodeIgniter\CodeIgniter->handleRequest(NULL, Object(Config\Cache), false)
#4 C:\xampp\htdocs\togel\public\index.php(44): CodeIgniter\CodeIgniter->run()
#5 {main}
CRITICAL - 2022-03-01 06:33:48 --> Trying to get property 'id_hapus' of non-object
#0 C:\xampp\htdocs\togel\app\Controllers\Rekapan.php(23): CodeIgniter\Debug\Exceptions->errorHandler(8, 'Trying to get p...', 'C:\\xampp\\htdocs...', 23, Array)
#1 C:\xampp\htdocs\togel\vendor\codeigniter4\framework\system\CodeIgniter.php(935): App\Controllers\Rekapan->index()
#2 C:\xampp\htdocs\togel\vendor\codeigniter4\framework\system\CodeIgniter.php(431): CodeIgniter\CodeIgniter->runController(Object(App\Controllers\Rekapan))
#3 C:\xampp\htdocs\togel\vendor\codeigniter4\framework\system\CodeIgniter.php(332): CodeIgniter\CodeIgniter->handleRequest(NULL, Object(Config\Cache), false)
#4 C:\xampp\htdocs\togel\public\index.php(44): CodeIgniter\CodeIgniter->run()
#5 {main}
CRITICAL - 2022-03-01 06:33:50 --> Trying to get property 'id_hapus' of non-object
#0 C:\xampp\htdocs\togel\app\Controllers\Rekapan.php(23): CodeIgniter\Debug\Exceptions->errorHandler(8, 'Trying to get p...', 'C:\\xampp\\htdocs...', 23, Array)
#1 C:\xampp\htdocs\togel\vendor\codeigniter4\framework\system\CodeIgniter.php(935): App\Controllers\Rekapan->index()
#2 C:\xampp\htdocs\togel\vendor\codeigniter4\framework\system\CodeIgniter.php(431): CodeIgniter\CodeIgniter->runController(Object(App\Controllers\Rekapan))
#3 C:\xampp\htdocs\togel\vendor\codeigniter4\framework\system\CodeIgniter.php(332): CodeIgniter\CodeIgniter->handleRequest(NULL, Object(Config\Cache), false)
#4 C:\xampp\htdocs\togel\public\index.php(44): CodeIgniter\CodeIgniter->run()
#5 {main}
CRITICAL - 2022-03-01 06:33:51 --> Trying to get property 'id_hapus' of non-object
#0 C:\xampp\htdocs\togel\app\Controllers\Rekapan.php(23): CodeIgniter\Debug\Exceptions->errorHandler(8, 'Trying to get p...', 'C:\\xampp\\htdocs...', 23, Array)
#1 C:\xampp\htdocs\togel\vendor\codeigniter4\framework\system\CodeIgniter.php(935): App\Controllers\Rekapan->index()
#2 C:\xampp\htdocs\togel\vendor\codeigniter4\framework\system\CodeIgniter.php(431): CodeIgniter\CodeIgniter->runController(Object(App\Controllers\Rekapan))
#3 C:\xampp\htdocs\togel\vendor\codeigniter4\framework\system\CodeIgniter.php(332): CodeIgniter\CodeIgniter->handleRequest(NULL, Object(Config\Cache), false)
#4 C:\xampp\htdocs\togel\public\index.php(44): CodeIgniter\CodeIgniter->run()
#5 {main}
CRITICAL - 2022-03-01 06:33:54 --> Trying to get property 'id_hapus' of non-object
#0 C:\xampp\htdocs\togel\app\Controllers\Home.php(27): CodeIgniter\Debug\Exceptions->errorHandler(8, 'Trying to get p...', 'C:\\xampp\\htdocs...', 27, Array)
#1 C:\xampp\htdocs\togel\vendor\codeigniter4\framework\system\CodeIgniter.php(935): App\Controllers\Home->index()
#2 C:\xampp\htdocs\togel\vendor\codeigniter4\framework\system\CodeIgniter.php(431): CodeIgniter\CodeIgniter->runController(Object(App\Controllers\Home))
#3 C:\xampp\htdocs\togel\vendor\codeigniter4\framework\system\CodeIgniter.php(332): CodeIgniter\CodeIgniter->handleRequest(NULL, Object(Config\Cache), false)
#4 C:\xampp\htdocs\togel\public\index.php(44): CodeIgniter\CodeIgniter->run()
#5 {main}
CRITICAL - 2022-03-01 06:36:53 --> Creating default object from empty value
#0 C:\xampp\htdocs\togel\app\Controllers\Home.php(27): CodeIgniter\Debug\Exceptions->errorHandler(2, 'Creating defaul...', 'C:\\xampp\\htdocs...', 27, Array)
#1 C:\xampp\htdocs\togel\vendor\codeigniter4\framework\system\CodeIgniter.php(935): App\Controllers\Home->index()
#2 C:\xampp\htdocs\togel\vendor\codeigniter4\framework\system\CodeIgniter.php(431): CodeIgniter\CodeIgniter->runController(Object(App\Controllers\Home))
#3 C:\xampp\htdocs\togel\vendor\codeigniter4\framework\system\CodeIgniter.php(332): CodeIgniter\CodeIgniter->handleRequest(NULL, Object(Config\Cache), false)
#4 C:\xampp\htdocs\togel\public\index.php(44): CodeIgniter\CodeIgniter->run()
#5 {main}
CRITICAL - 2022-03-01 06:38:02 --> Trying to get property 'id_hapus' of non-object
#0 C:\xampp\htdocs\togel\app\Controllers\Home.php(27): CodeIgniter\Debug\Exceptions->errorHandler(8, 'Trying to get p...', 'C:\\xampp\\htdocs...', 27, Array)
#1 C:\xampp\htdocs\togel\vendor\codeigniter4\framework\system\CodeIgniter.php(935): App\Controllers\Home->index()
#2 C:\xampp\htdocs\togel\vendor\codeigniter4\framework\system\CodeIgniter.php(431): CodeIgniter\CodeIgniter->runController(Object(App\Controllers\Home))
#3 C:\xampp\htdocs\togel\vendor\codeigniter4\framework\system\CodeIgniter.php(332): CodeIgniter\CodeIgniter->handleRequest(NULL, Object(Config\Cache), false)
#4 C:\xampp\htdocs\togel\public\index.php(44): CodeIgniter\CodeIgniter->run()
#5 {main}
CRITICAL - 2022-03-01 06:38:19 --> Trying to get property 'id_hapus' of non-object
#0 C:\xampp\htdocs\togel\app\Controllers\Home.php(27): CodeIgniter\Debug\Exceptions->errorHandler(8, 'Trying to get p...', 'C:\\xampp\\htdocs...', 27, Array)
#1 C:\xampp\htdocs\togel\vendor\codeigniter4\framework\system\CodeIgniter.php(935): App\Controllers\Home->index()
#2 C:\xampp\htdocs\togel\vendor\codeigniter4\framework\system\CodeIgniter.php(431): CodeIgniter\CodeIgniter->runController(Object(App\Controllers\Home))
#3 C:\xampp\htdocs\togel\vendor\codeigniter4\framework\system\CodeIgniter.php(332): CodeIgniter\CodeIgniter->handleRequest(NULL, Object(Config\Cache), false)
#4 C:\xampp\htdocs\togel\public\index.php(44): CodeIgniter\CodeIgniter->run()
#5 {main}
CRITICAL - 2022-03-01 06:41:25 --> Trying to get property 'id_hapus' of non-object
#0 C:\xampp\htdocs\togel\app\Controllers\Home.php(27): CodeIgniter\Debug\Exceptions->errorHandler(8, 'Trying to get p...', 'C:\\xampp\\htdocs...', 27, Array)
#1 C:\xampp\htdocs\togel\vendor\codeigniter4\framework\system\CodeIgniter.php(935): App\Controllers\Home->index()
#2 C:\xampp\htdocs\togel\vendor\codeigniter4\framework\system\CodeIgniter.php(431): CodeIgniter\CodeIgniter->runController(Object(App\Controllers\Home))
#3 C:\xampp\htdocs\togel\vendor\codeigniter4\framework\system\CodeIgniter.php(332): CodeIgniter\CodeIgniter->handleRequest(NULL, Object(Config\Cache), false)
#4 C:\xampp\htdocs\togel\public\index.php(44): CodeIgniter\CodeIgniter->run()
#5 {main}
CRITICAL - 2022-03-01 06:47:04 --> Trying to get property 'id_hapus' of non-object
#0 C:\xampp\htdocs\togel\app\Controllers\Rekapan.php(23): CodeIgniter\Debug\Exceptions->errorHandler(8, 'Trying to get p...', 'C:\\xampp\\htdocs...', 23, Array)
#1 C:\xampp\htdocs\togel\vendor\codeigniter4\framework\system\CodeIgniter.php(935): App\Controllers\Rekapan->index()
#2 C:\xampp\htdocs\togel\vendor\codeigniter4\framework\system\CodeIgniter.php(431): CodeIgniter\CodeIgniter->runController(Object(App\Controllers\Rekapan))
#3 C:\xampp\htdocs\togel\vendor\codeigniter4\framework\system\CodeIgniter.php(332): CodeIgniter\CodeIgniter->handleRequest(NULL, Object(Config\Cache), false)
#4 C:\xampp\htdocs\togel\public\index.php(44): CodeIgniter\CodeIgniter->run()
#5 {main}
CRITICAL - 2022-03-01 06:52:10 --> Call to undefined function is_numberic()
#0 C:\xampp\htdocs\togel\vendor\codeigniter4\framework\system\View\View.php(220): include()
#1 C:\xampp\htdocs\togel\vendor\codeigniter4\framework\system\View\View.php(222): CodeIgniter\View\View->CodeIgniter\View\{closure}()
#2 C:\xampp\htdocs\togel\vendor\codeigniter4\framework\system\Common.php(1217): CodeIgniter\View\View->render('home/rekapan_no...', Array, true)
#3 C:\xampp\htdocs\togel\app\Views\layout\v_content.php(3): view('home/rekapan_no...')
#4 C:\xampp\htdocs\togel\vendor\codeigniter4\framework\system\View\View.php(220): include('C:\\xampp\\htdocs...')
#5 C:\xampp\htdocs\togel\vendor\codeigniter4\framework\system\View\View.php(222): CodeIgniter\View\View->CodeIgniter\View\{closure}()
#6 C:\xampp\htdocs\togel\vendor\codeigniter4\framework\system\Common.php(1217): CodeIgniter\View\View->render('layout/v_conten...', Array, true)
#7 C:\xampp\htdocs\togel\app\Views\layout\v_wrapper.php(7): view('layout/v_conten...')
#8 C:\xampp\htdocs\togel\vendor\codeigniter4\framework\system\View\View.php(220): include('C:\\xampp\\htdocs...')
#9 C:\xampp\htdocs\togel\vendor\codeigniter4\framework\system\View\View.php(222): CodeIgniter\View\View->CodeIgniter\View\{closure}()
#10 C:\xampp\htdocs\togel\vendor\codeigniter4\framework\system\Common.php(1217): CodeIgniter\View\View->render('layout/v_wrappe...', Array, true)
#11 C:\xampp\htdocs\togel\app\Controllers\Rekapan.php(58): view('layout/v_wrappe...', Array)
#12 C:\xampp\htdocs\togel\vendor\codeigniter4\framework\system\CodeIgniter.php(935): App\Controllers\Rekapan->index()
#13 C:\xampp\htdocs\togel\vendor\codeigniter4\framework\system\CodeIgniter.php(431): CodeIgniter\CodeIgniter->runController(Object(App\Controllers\Rekapan))
#14 C:\xampp\htdocs\togel\vendor\codeigniter4\framework\system\CodeIgniter.php(332): CodeIgniter\CodeIgniter->handleRequest(NULL, Object(Config\Cache), false)
#15 C:\xampp\htdocs\togel\public\index.php(44): CodeIgniter\CodeIgniter->run()
#16 {main}
CRITICAL - 2022-03-01 06:52:53 --> syntax error, unexpected ')'
#0 C:\xampp\htdocs\togel\vendor\codeigniter4\framework\system\View\View.php(222): CodeIgniter\View\View->CodeIgniter\View\{closure}()
#1 C:\xampp\htdocs\togel\vendor\codeigniter4\framework\system\Common.php(1217): CodeIgniter\View\View->render('home/rekapan_no...', Array, true)
#2 C:\xampp\htdocs\togel\app\Views\layout\v_content.php(3): view('home/rekapan_no...')
#3 C:\xampp\htdocs\togel\vendor\codeigniter4\framework\system\View\View.php(220): include('C:\\xampp\\htdocs...')
#4 C:\xampp\htdocs\togel\vendor\codeigniter4\framework\system\View\View.php(222): CodeIgniter\View\View->CodeIgniter\View\{closure}()
#5 C:\xampp\htdocs\togel\vendor\codeigniter4\framework\system\Common.php(1217): CodeIgniter\View\View->render('layout/v_conten...', Array, true)
#6 C:\xampp\htdocs\togel\app\Views\layout\v_wrapper.php(7): view('layout/v_conten...')
#7 C:\xampp\htdocs\togel\vendor\codeigniter4\framework\system\View\View.php(220): include('C:\\xampp\\htdocs...')
#8 C:\xampp\htdocs\togel\vendor\codeigniter4\framework\system\View\View.php(222): CodeIgniter\View\View->CodeIgniter\View\{closure}()
#9 C:\xampp\htdocs\togel\vendor\codeigniter4\framework\system\Common.php(1217): CodeIgniter\View\View->render('layout/v_wrappe...', Array, true)
#10 C:\xampp\htdocs\togel\app\Controllers\Rekapan.php(58): view('layout/v_wrappe...', Array)
#11 C:\xampp\htdocs\togel\vendor\codeigniter4\framework\system\CodeIgniter.php(935): App\Controllers\Rekapan->index()
#12 C:\xampp\htdocs\togel\vendor\codeigniter4\framework\system\CodeIgniter.php(431): CodeIgniter\CodeIgniter->runController(Object(App\Controllers\Rekapan))
#13 C:\xampp\htdocs\togel\vendor\codeigniter4\framework\system\CodeIgniter.php(332): CodeIgniter\CodeIgniter->handleRequest(NULL, Object(Config\Cache), false)
#14 C:\xampp\htdocs\togel\public\index.php(44): CodeIgniter\CodeIgniter->run()
#15 {main}
CRITICAL - 2022-03-01 06:52:58 --> syntax error, unexpected '?'
#0 C:\xampp\htdocs\togel\vendor\codeigniter4\framework\system\View\View.php(222): CodeIgniter\View\View->CodeIgniter\View\{closure}()
#1 C:\xampp\htdocs\togel\vendor\codeigniter4\framework\system\Common.php(1217): CodeIgniter\View\View->render('home/rekapan_no...', Array, true)
#2 C:\xampp\htdocs\togel\app\Views\layout\v_content.php(3): view('home/rekapan_no...')
#3 C:\xampp\htdocs\togel\vendor\codeigniter4\framework\system\View\View.php(220): include('C:\\xampp\\htdocs...')
#4 C:\xampp\htdocs\togel\vendor\codeigniter4\framework\system\View\View.php(222): CodeIgniter\View\View->CodeIgniter\View\{closure}()
#5 C:\xampp\htdocs\togel\vendor\codeigniter4\framework\system\Common.php(1217): CodeIgniter\View\View->render('layout/v_conten...', Array, true)
#6 C:\xampp\htdocs\togel\app\Views\layout\v_wrapper.php(7): view('layout/v_conten...')
#7 C:\xampp\htdocs\togel\vendor\codeigniter4\framework\system\View\View.php(220): include('C:\\xampp\\htdocs...')
#8 C:\xampp\htdocs\togel\vendor\codeigniter4\framework\system\View\View.php(222): CodeIgniter\View\View->CodeIgniter\View\{closure}()
#9 C:\xampp\htdocs\togel\vendor\codeigniter4\framework\system\Common.php(1217): CodeIgniter\View\View->render('layout/v_wrappe...', Array, true)
#10 C:\xampp\htdocs\togel\app\Controllers\Rekapan.php(58): view('layout/v_wrappe...', Array)
#11 C:\xampp\htdocs\togel\vendor\codeigniter4\framework\system\CodeIgniter.php(935): App\Controllers\Rekapan->index()
#12 C:\xampp\htdocs\togel\vendor\codeigniter4\framework\system\CodeIgniter.php(431): CodeIgniter\CodeIgniter->runController(Object(App\Controllers\Rekapan))
#13 C:\xampp\htdocs\togel\vendor\codeigniter4\framework\system\CodeIgniter.php(332): CodeIgniter\CodeIgniter->handleRequest(NULL, Object(Config\Cache), false)
#14 C:\xampp\htdocs\togel\public\index.php(44): CodeIgniter\CodeIgniter->run()
#15 {main}
CRITICAL - 2022-03-01 22:33:31 --> Undefined variable: rekap_nomor
#0 C:\xampp\htdocs\togel\app\Views\home\laporan_keuangan.php(21): CodeIgniter\Debug\Exceptions->errorHandler(8, 'Undefined varia...', 'C:\\xampp\\htdocs...', 21, Array)
#1 C:\xampp\htdocs\togel\vendor\codeigniter4\framework\system\View\View.php(220): include('C:\\xampp\\htdocs...')
#2 C:\xampp\htdocs\togel\vendor\codeigniter4\framework\system\View\View.php(222): CodeIgniter\View\View->CodeIgniter\View\{closure}()
#3 C:\xampp\htdocs\togel\vendor\codeigniter4\framework\system\Common.php(1217): CodeIgniter\View\View->render('home/laporan_ke...', Array, true)
#4 C:\xampp\htdocs\togel\app\Views\layout\v_content.php(3): view('home/laporan_ke...')
#5 C:\xampp\htdocs\togel\vendor\codeigniter4\framework\system\View\View.php(220): include('C:\\xampp\\htdocs...')
#6 C:\xampp\htdocs\togel\vendor\codeigniter4\framework\system\View\View.php(222): CodeIgniter\View\View->CodeIgniter\View\{closure}()
#7 C:\xampp\htdocs\togel\vendor\codeigniter4\framework\system\Common.php(1217): CodeIgniter\View\View->render('layout/v_conten...', Array, true)
#8 C:\xampp\htdocs\togel\app\Views\layout\v_wrapper.php(7): view('layout/v_conten...')
#9 C:\xampp\htdocs\togel\vendor\codeigniter4\framework\system\View\View.php(220): include('C:\\xampp\\htdocs...')
#10 C:\xampp\htdocs\togel\vendor\codeigniter4\framework\system\View\View.php(222): CodeIgniter\View\View->CodeIgniter\View\{closure}()
#11 C:\xampp\htdocs\togel\vendor\codeigniter4\framework\system\Common.php(1217): CodeIgniter\View\View->render('layout/v_wrappe...', Array, true)
#12 C:\xampp\htdocs\togel\app\Controllers\Keuangan.php(26): view('layout/v_wrappe...', Array)
#13 C:\xampp\htdocs\togel\vendor\codeigniter4\framework\system\CodeIgniter.php(935): App\Controllers\Keuangan->index()
#14 C:\xampp\htdocs\togel\vendor\codeigniter4\framework\system\CodeIgniter.php(431): CodeIgniter\CodeIgniter->runController(Object(App\Controllers\Keuangan))
#15 C:\xampp\htdocs\togel\vendor\codeigniter4\framework\system\CodeIgniter.php(332): CodeIgniter\CodeIgniter->handleRequest(NULL, Object(Config\Cache), false)
#16 C:\xampp\htdocs\togel\public\index.php(44): CodeIgniter\CodeIgniter->run()
#17 {main}
CRITICAL - 2022-03-01 22:33:55 --> Undefined variable: jumlah_pembelian
#0 C:\xampp\htdocs\togel\app\Views\home\laporan_keuangan.php(28): CodeIgniter\Debug\Exceptions->errorHandler(8, 'Undefined varia...', 'C:\\xampp\\htdocs...', 28, Array)
#1 C:\xampp\htdocs\togel\vendor\codeigniter4\framework\system\View\View.php(220): include('C:\\xampp\\htdocs...')
#2 C:\xampp\htdocs\togel\vendor\codeigniter4\framework\system\View\View.php(222): CodeIgniter\View\View->CodeIgniter\View\{closure}()
#3 C:\xampp\htdocs\togel\vendor\codeigniter4\framework\system\Common.php(1217): CodeIgniter\View\View->render('home/laporan_ke...', Array, true)
#4 C:\xampp\htdocs\togel\app\Views\layout\v_content.php(3): view('home/laporan_ke...')
#5 C:\xampp\htdocs\togel\vendor\codeigniter4\framework\system\View\View.php(220): include('C:\\xampp\\htdocs...')
#6 C:\xampp\htdocs\togel\vendor\codeigniter4\framework\system\View\View.php(222): CodeIgniter\View\View->CodeIgniter\View\{closure}()
#7 C:\xampp\htdocs\togel\vendor\codeigniter4\framework\system\Common.php(1217): CodeIgniter\View\View->render('layout/v_conten...', Array, true)
#8 C:\xampp\htdocs\togel\app\Views\layout\v_wrapper.php(7): view('layout/v_conten...')
#9 C:\xampp\htdocs\togel\vendor\codeigniter4\framework\system\View\View.php(220): include('C:\\xampp\\htdocs...')
#10 C:\xampp\htdocs\togel\vendor\codeigniter4\framework\system\View\View.php(222): CodeIgniter\View\View->CodeIgniter\View\{closure}()
#11 C:\xampp\htdocs\togel\vendor\codeigniter4\framework\system\Common.php(1217): CodeIgniter\View\View->render('layout/v_wrappe...', Array, true)
#12 C:\xampp\htdocs\togel\app\Controllers\Keuangan.php(26): view('layout/v_wrappe...', Array)
#13 C:\xampp\htdocs\togel\vendor\codeigniter4\framework\system\CodeIgniter.php(935): App\Controllers\Keuangan->index()
#14 C:\xampp\htdocs\togel\vendor\codeigniter4\framework\system\CodeIgniter.php(431): CodeIgniter\CodeIgniter->runController(Object(App\Controllers\Keuangan))
#15 C:\xampp\htdocs\togel\vendor\codeigniter4\framework\system\CodeIgniter.php(332): CodeIgniter\CodeIgniter->handleRequest(NULL, Object(Config\Cache), false)
#16 C:\xampp\htdocs\togel\public\index.php(44): CodeIgniter\CodeIgniter->run()
#17 {main}
