CRITICAL - 2021-07-18 00:00:26 --> Class "App\Models\registeruserModel" not found
#0 C:\xampp\htdocs\klinikpratama\vendor\codeigniter4\framework\system\CodeIgniter.php(935): App\Controllers\Login->registrasi()
#1 C:\xampp\htdocs\klinikpratama\vendor\codeigniter4\framework\system\CodeIgniter.php(431): CodeIgniter\CodeIgniter->runController(Object(App\Controllers\Login))
#2 C:\xampp\htdocs\klinikpratama\vendor\codeigniter4\framework\system\CodeIgniter.php(332): CodeIgniter\CodeIgniter->handleRequest(NULL, Object(Config\Cache), false)
#3 C:\xampp\htdocs\klinikpratama\public\index.php(44): CodeIgniter\CodeIgniter->run()
#4 {main}
CRITICAL - 2021-07-18 00:02:00 --> Cannot declare class App\Models\register_user, because the name is already in use
#0 [internal function]: CodeIgniter\Debug\Exceptions->shutdownHandler()
#1 {main}
CRITICAL - 2021-07-18 00:02:48 --> Cannot declare class App\Models\registeruser, because the name is already in use
#0 [internal function]: CodeIgniter\Debug\Exceptions->shutdownHandler()
#1 {main}
CRITICAL - 2021-07-18 00:07:45 --> Call to undefined method CodeIgniter\Session\Session::getError()
#0 C:\xampp\htdocs\klinikpratama\vendor\codeigniter4\framework\system\View\View.php(220): include()
#1 C:\xampp\htdocs\klinikpratama\vendor\codeigniter4\framework\system\View\View.php(222): CodeIgniter\View\View->CodeIgniter\View\{closure}()
#2 C:\xampp\htdocs\klinikpratama\vendor\codeigniter4\framework\system\Common.php(1217): CodeIgniter\View\View->render('login/login_for...', Array, true)
#3 C:\xampp\htdocs\klinikpratama\app\Controllers\Login.php(19): view('login/login_for...', Array)
#4 C:\xampp\htdocs\klinikpratama\vendor\codeigniter4\framework\system\CodeIgniter.php(935): App\Controllers\Login->index()
#5 C:\xampp\htdocs\klinikpratama\vendor\codeigniter4\framework\system\CodeIgniter.php(431): CodeIgniter\CodeIgniter->runController(Object(App\Controllers\Login))
#6 C:\xampp\htdocs\klinikpratama\vendor\codeigniter4\framework\system\CodeIgniter.php(332): CodeIgniter\CodeIgniter->handleRequest(NULL, Object(Config\Cache), false)
#7 C:\xampp\htdocs\klinikpratama\public\index.php(44): CodeIgniter\CodeIgniter->run()
#8 {main}
CRITICAL - 2021-07-18 00:31:01 --> syntax error, unexpected token ";", expecting ")"
#0 C:\xampp\htdocs\klinikpratama\vendor\codeigniter4\framework\system\View\View.php(222): CodeIgniter\View\View->CodeIgniter\View\{closure}()
#1 C:\xampp\htdocs\klinikpratama\vendor\codeigniter4\framework\system\Common.php(1217): CodeIgniter\View\View->render('login/login_for...', Array, true)
#2 C:\xampp\htdocs\klinikpratama\app\Controllers\Login.php(19): view('login/login_for...', Array)
#3 C:\xampp\htdocs\klinikpratama\vendor\codeigniter4\framework\system\CodeIgniter.php(935): App\Controllers\Login->index()
#4 C:\xampp\htdocs\klinikpratama\vendor\codeigniter4\framework\system\CodeIgniter.php(431): CodeIgniter\CodeIgniter->runController(Object(App\Controllers\Login))
#5 C:\xampp\htdocs\klinikpratama\vendor\codeigniter4\framework\system\CodeIgniter.php(332): CodeIgniter\CodeIgniter->handleRequest(NULL, Object(Config\Cache), false)
#6 C:\xampp\htdocs\klinikpratama\public\index.php(44): CodeIgniter\CodeIgniter->run()
#7 {main}
CRITICAL - 2021-07-18 00:31:22 --> syntax error, unexpected token ";", expecting ")"
#0 C:\xampp\htdocs\klinikpratama\vendor\codeigniter4\framework\system\View\View.php(222): CodeIgniter\View\View->CodeIgniter\View\{closure}()
#1 C:\xampp\htdocs\klinikpratama\vendor\codeigniter4\framework\system\Common.php(1217): CodeIgniter\View\View->render('login/login_for...', Array, true)
#2 C:\xampp\htdocs\klinikpratama\app\Controllers\Login.php(19): view('login/login_for...', Array)
#3 C:\xampp\htdocs\klinikpratama\vendor\codeigniter4\framework\system\CodeIgniter.php(935): App\Controllers\Login->index()
#4 C:\xampp\htdocs\klinikpratama\vendor\codeigniter4\framework\system\CodeIgniter.php(431): CodeIgniter\CodeIgniter->runController(Object(App\Controllers\Login))
#5 C:\xampp\htdocs\klinikpratama\vendor\codeigniter4\framework\system\CodeIgniter.php(332): CodeIgniter\CodeIgniter->handleRequest(NULL, Object(Config\Cache), false)
#6 C:\xampp\htdocs\klinikpratama\public\index.php(44): CodeIgniter\CodeIgniter->run()
#7 {main}
CRITICAL - 2021-07-18 00:33:09 --> syntax error, unexpected token "foreach"
#0 C:\xampp\htdocs\klinikpratama\vendor\codeigniter4\framework\system\View\View.php(222): CodeIgniter\View\View->CodeIgniter\View\{closure}()
#1 C:\xampp\htdocs\klinikpratama\vendor\codeigniter4\framework\system\Common.php(1217): CodeIgniter\View\View->render('login/login_for...', Array, true)
#2 C:\xampp\htdocs\klinikpratama\app\Controllers\Login.php(19): view('login/login_for...', Array)
#3 C:\xampp\htdocs\klinikpratama\vendor\codeigniter4\framework\system\CodeIgniter.php(935): App\Controllers\Login->index()
#4 C:\xampp\htdocs\klinikpratama\vendor\codeigniter4\framework\system\CodeIgniter.php(431): CodeIgniter\CodeIgniter->runController(Object(App\Controllers\Login))
#5 C:\xampp\htdocs\klinikpratama\vendor\codeigniter4\framework\system\CodeIgniter.php(332): CodeIgniter\CodeIgniter->handleRequest(NULL, Object(Config\Cache), false)
#6 C:\xampp\htdocs\klinikpratama\public\index.php(44): CodeIgniter\CodeIgniter->run()
#7 {main}
CRITICAL - 2021-07-18 01:05:39 --> foreach() argument must be of type array|object, string given
#0 C:\xampp\htdocs\klinikpratama\app\Views\login\login_form.php(127): CodeIgniter\Debug\Exceptions->errorHandler(2, 'foreach() argum...', 'C:\\xampp\\htdocs...', 127)
#1 C:\xampp\htdocs\klinikpratama\vendor\codeigniter4\framework\system\View\View.php(220): include('C:\\xampp\\htdocs...')
#2 C:\xampp\htdocs\klinikpratama\vendor\codeigniter4\framework\system\View\View.php(222): CodeIgniter\View\View->CodeIgniter\View\{closure}()
#3 C:\xampp\htdocs\klinikpratama\vendor\codeigniter4\framework\system\Common.php(1217): CodeIgniter\View\View->render('login/login_for...', Array, true)
#4 C:\xampp\htdocs\klinikpratama\app\Controllers\Login.php(19): view('login/login_for...', Array)
#5 C:\xampp\htdocs\klinikpratama\vendor\codeigniter4\framework\system\CodeIgniter.php(935): App\Controllers\Login->index()
#6 C:\xampp\htdocs\klinikpratama\vendor\codeigniter4\framework\system\CodeIgniter.php(431): CodeIgniter\CodeIgniter->runController(Object(App\Controllers\Login))
#7 C:\xampp\htdocs\klinikpratama\vendor\codeigniter4\framework\system\CodeIgniter.php(332): CodeIgniter\CodeIgniter->handleRequest(NULL, Object(Config\Cache), false)
#8 C:\xampp\htdocs\klinikpratama\public\index.php(44): CodeIgniter\CodeIgniter->run()
#9 {main}
CRITICAL - 2021-07-18 01:08:39 --> Array to string conversion
#0 C:\xampp\htdocs\klinikpratama\app\Views\login\login_form.php(127): CodeIgniter\Debug\Exceptions->errorHandler(2, 'Array to string...', 'C:\\xampp\\htdocs...', 127)
#1 C:\xampp\htdocs\klinikpratama\vendor\codeigniter4\framework\system\View\View.php(220): include('C:\\xampp\\htdocs...')
#2 C:\xampp\htdocs\klinikpratama\vendor\codeigniter4\framework\system\View\View.php(222): CodeIgniter\View\View->CodeIgniter\View\{closure}()
#3 C:\xampp\htdocs\klinikpratama\vendor\codeigniter4\framework\system\Common.php(1217): CodeIgniter\View\View->render('login/login_for...', Array, true)
#4 C:\xampp\htdocs\klinikpratama\app\Controllers\Login.php(19): view('login/login_for...', Array)
#5 C:\xampp\htdocs\klinikpratama\vendor\codeigniter4\framework\system\CodeIgniter.php(935): App\Controllers\Login->index()
#6 C:\xampp\htdocs\klinikpratama\vendor\codeigniter4\framework\system\CodeIgniter.php(431): CodeIgniter\CodeIgniter->runController(Object(App\Controllers\Login))
#7 C:\xampp\htdocs\klinikpratama\vendor\codeigniter4\framework\system\CodeIgniter.php(332): CodeIgniter\CodeIgniter->handleRequest(NULL, Object(Config\Cache), false)
#8 C:\xampp\htdocs\klinikpratama\public\index.php(44): CodeIgniter\CodeIgniter->run()
#9 {main}
CRITICAL - 2021-07-18 01:13:01 --> syntax error, unexpected token "!="
#0 C:\xampp\htdocs\klinikpratama\vendor\codeigniter4\framework\system\View\View.php(222): CodeIgniter\View\View->CodeIgniter\View\{closure}()
#1 C:\xampp\htdocs\klinikpratama\vendor\codeigniter4\framework\system\Common.php(1217): CodeIgniter\View\View->render('login/login_for...', Array, true)
#2 C:\xampp\htdocs\klinikpratama\app\Controllers\Login.php(19): view('login/login_for...', Array)
#3 C:\xampp\htdocs\klinikpratama\vendor\codeigniter4\framework\system\CodeIgniter.php(935): App\Controllers\Login->index()
#4 C:\xampp\htdocs\klinikpratama\vendor\codeigniter4\framework\system\CodeIgniter.php(431): CodeIgniter\CodeIgniter->runController(Object(App\Controllers\Login))
#5 C:\xampp\htdocs\klinikpratama\vendor\codeigniter4\framework\system\CodeIgniter.php(332): CodeIgniter\CodeIgniter->handleRequest(NULL, Object(Config\Cache), false)
#6 C:\xampp\htdocs\klinikpratama\public\index.php(44): CodeIgniter\CodeIgniter->run()
#7 {main}
CRITICAL - 2021-07-18 06:20:59 --> syntax error, unexpected token "echo"
#0 C:\xampp\htdocs\klinikpratama\vendor\codeigniter4\framework\system\View\View.php(222): CodeIgniter\View\View->CodeIgniter\View\{closure}()
#1 C:\xampp\htdocs\klinikpratama\vendor\codeigniter4\framework\system\Common.php(1217): CodeIgniter\View\View->render('login/login_for...', Array, true)
#2 C:\xampp\htdocs\klinikpratama\app\Controllers\Login.php(19): view('login/login_for...', Array)
#3 C:\xampp\htdocs\klinikpratama\vendor\codeigniter4\framework\system\CodeIgniter.php(935): App\Controllers\Login->index()
#4 C:\xampp\htdocs\klinikpratama\vendor\codeigniter4\framework\system\CodeIgniter.php(431): CodeIgniter\CodeIgniter->runController(Object(App\Controllers\Login))
#5 C:\xampp\htdocs\klinikpratama\vendor\codeigniter4\framework\system\CodeIgniter.php(332): CodeIgniter\CodeIgniter->handleRequest(NULL, Object(Config\Cache), false)
#6 C:\xampp\htdocs\klinikpratama\public\index.php(44): CodeIgniter\CodeIgniter->run()
#7 {main}
CRITICAL - 2021-07-18 06:21:11 --> syntax error, unexpected token "echo"
#0 C:\xampp\htdocs\klinikpratama\vendor\codeigniter4\framework\system\View\View.php(222): CodeIgniter\View\View->CodeIgniter\View\{closure}()
#1 C:\xampp\htdocs\klinikpratama\vendor\codeigniter4\framework\system\Common.php(1217): CodeIgniter\View\View->render('login/login_for...', Array, true)
#2 C:\xampp\htdocs\klinikpratama\app\Controllers\Login.php(19): view('login/login_for...', Array)
#3 C:\xampp\htdocs\klinikpratama\vendor\codeigniter4\framework\system\CodeIgniter.php(935): App\Controllers\Login->index()
#4 C:\xampp\htdocs\klinikpratama\vendor\codeigniter4\framework\system\CodeIgniter.php(431): CodeIgniter\CodeIgniter->runController(Object(App\Controllers\Login))
#5 C:\xampp\htdocs\klinikpratama\vendor\codeigniter4\framework\system\CodeIgniter.php(332): CodeIgniter\CodeIgniter->handleRequest(NULL, Object(Config\Cache), false)
#6 C:\xampp\htdocs\klinikpratama\public\index.php(44): CodeIgniter\CodeIgniter->run()
#7 {main}
CRITICAL - 2021-07-18 06:35:09 --> Undefined variable $status
#0 C:\xampp\htdocs\klinikpratama\app\Views\login\login_form.php(110): CodeIgniter\Debug\Exceptions->errorHandler(2, 'Undefined varia...', 'C:\\xampp\\htdocs...', 110)
#1 C:\xampp\htdocs\klinikpratama\vendor\codeigniter4\framework\system\View\View.php(220): include('C:\\xampp\\htdocs...')
#2 C:\xampp\htdocs\klinikpratama\vendor\codeigniter4\framework\system\View\View.php(222): CodeIgniter\View\View->CodeIgniter\View\{closure}()
#3 C:\xampp\htdocs\klinikpratama\vendor\codeigniter4\framework\system\Common.php(1217): CodeIgniter\View\View->render('login/login_for...', Array, true)
#4 C:\xampp\htdocs\klinikpratama\app\Controllers\Login.php(19): view('login/login_for...', Array)
#5 C:\xampp\htdocs\klinikpratama\vendor\codeigniter4\framework\system\CodeIgniter.php(935): App\Controllers\Login->index()
#6 C:\xampp\htdocs\klinikpratama\vendor\codeigniter4\framework\system\CodeIgniter.php(431): CodeIgniter\CodeIgniter->runController(Object(App\Controllers\Login))
#7 C:\xampp\htdocs\klinikpratama\vendor\codeigniter4\framework\system\CodeIgniter.php(332): CodeIgniter\CodeIgniter->handleRequest(NULL, Object(Config\Cache), false)
#8 C:\xampp\htdocs\klinikpratama\public\index.php(44): CodeIgniter\CodeIgniter->run()
#9 {main}
CRITICAL - 2021-07-18 06:36:47 --> Undefined variable $status
#0 C:\xampp\htdocs\klinikpratama\app\Views\login\login_form.php(110): CodeIgniter\Debug\Exceptions->errorHandler(2, 'Undefined varia...', 'C:\\xampp\\htdocs...', 110)
#1 C:\xampp\htdocs\klinikpratama\vendor\codeigniter4\framework\system\View\View.php(220): include('C:\\xampp\\htdocs...')
#2 C:\xampp\htdocs\klinikpratama\vendor\codeigniter4\framework\system\View\View.php(222): CodeIgniter\View\View->CodeIgniter\View\{closure}()
#3 C:\xampp\htdocs\klinikpratama\vendor\codeigniter4\framework\system\Common.php(1217): CodeIgniter\View\View->render('login/login_for...', Array, true)
#4 C:\xampp\htdocs\klinikpratama\app\Controllers\Login.php(19): view('login/login_for...', Array)
#5 C:\xampp\htdocs\klinikpratama\vendor\codeigniter4\framework\system\CodeIgniter.php(935): App\Controllers\Login->index()
#6 C:\xampp\htdocs\klinikpratama\vendor\codeigniter4\framework\system\CodeIgniter.php(431): CodeIgniter\CodeIgniter->runController(Object(App\Controllers\Login))
#7 C:\xampp\htdocs\klinikpratama\vendor\codeigniter4\framework\system\CodeIgniter.php(332): CodeIgniter\CodeIgniter->handleRequest(NULL, Object(Config\Cache), false)
#8 C:\xampp\htdocs\klinikpratama\public\index.php(44): CodeIgniter\CodeIgniter->run()
#9 {main}
CRITICAL - 2021-07-18 06:38:02 --> Undefined variable $status
#0 C:\xampp\htdocs\klinikpratama\app\Views\login\login_form.php(110): CodeIgniter\Debug\Exceptions->errorHandler(2, 'Undefined varia...', 'C:\\xampp\\htdocs...', 110)
#1 C:\xampp\htdocs\klinikpratama\vendor\codeigniter4\framework\system\View\View.php(220): include('C:\\xampp\\htdocs...')
#2 C:\xampp\htdocs\klinikpratama\vendor\codeigniter4\framework\system\View\View.php(222): CodeIgniter\View\View->CodeIgniter\View\{closure}()
#3 C:\xampp\htdocs\klinikpratama\vendor\codeigniter4\framework\system\Common.php(1217): CodeIgniter\View\View->render('login/login_for...', Array, true)
#4 C:\xampp\htdocs\klinikpratama\app\Controllers\Login.php(19): view('login/login_for...', Array)
#5 C:\xampp\htdocs\klinikpratama\vendor\codeigniter4\framework\system\CodeIgniter.php(935): App\Controllers\Login->index()
#6 C:\xampp\htdocs\klinikpratama\vendor\codeigniter4\framework\system\CodeIgniter.php(431): CodeIgniter\CodeIgniter->runController(Object(App\Controllers\Login))
#7 C:\xampp\htdocs\klinikpratama\vendor\codeigniter4\framework\system\CodeIgniter.php(332): CodeIgniter\CodeIgniter->handleRequest(NULL, Object(Config\Cache), false)
#8 C:\xampp\htdocs\klinikpratama\public\index.php(44): CodeIgniter\CodeIgniter->run()
#9 {main}
CRITICAL - 2021-07-18 06:50:15 --> syntax error, unexpected token "="
#0 C:\xampp\htdocs\klinikpratama\vendor\codeigniter4\framework\system\View\View.php(222): CodeIgniter\View\View->CodeIgniter\View\{closure}()
#1 C:\xampp\htdocs\klinikpratama\vendor\codeigniter4\framework\system\Common.php(1217): CodeIgniter\View\View->render('login/login_for...', Array, true)
#2 C:\xampp\htdocs\klinikpratama\app\Controllers\Login.php(19): view('login/login_for...', Array)
#3 C:\xampp\htdocs\klinikpratama\vendor\codeigniter4\framework\system\CodeIgniter.php(935): App\Controllers\Login->index()
#4 C:\xampp\htdocs\klinikpratama\vendor\codeigniter4\framework\system\CodeIgniter.php(431): CodeIgniter\CodeIgniter->runController(Object(App\Controllers\Login))
#5 C:\xampp\htdocs\klinikpratama\vendor\codeigniter4\framework\system\CodeIgniter.php(332): CodeIgniter\CodeIgniter->handleRequest(NULL, Object(Config\Cache), false)
#6 C:\xampp\htdocs\klinikpratama\public\index.php(44): CodeIgniter\CodeIgniter->run()
#7 {main}
CRITICAL - 2021-07-18 06:53:52 --> Undefined array key "password_signin"
#0 C:\xampp\htdocs\klinikpratama\app\Controllers\Login.php(34): CodeIgniter\Debug\Exceptions->errorHandler(2, 'Undefined array...', 'C:\\xampp\\htdocs...', 34)
#1 C:\xampp\htdocs\klinikpratama\vendor\codeigniter4\framework\system\CodeIgniter.php(935): App\Controllers\Login->auth()
#2 C:\xampp\htdocs\klinikpratama\vendor\codeigniter4\framework\system\CodeIgniter.php(431): CodeIgniter\CodeIgniter->runController(Object(App\Controllers\Login))
#3 C:\xampp\htdocs\klinikpratama\vendor\codeigniter4\framework\system\CodeIgniter.php(332): CodeIgniter\CodeIgniter->handleRequest(NULL, Object(Config\Cache), false)
#4 C:\xampp\htdocs\klinikpratama\public\index.php(44): CodeIgniter\CodeIgniter->run()
#5 {main}
CRITICAL - 2021-07-18 06:54:43 --> Undefined array key "password_signin"
#0 C:\xampp\htdocs\klinikpratama\app\Controllers\Login.php(34): CodeIgniter\Debug\Exceptions->errorHandler(2, 'Undefined array...', 'C:\\xampp\\htdocs...', 34)
#1 C:\xampp\htdocs\klinikpratama\vendor\codeigniter4\framework\system\CodeIgniter.php(935): App\Controllers\Login->auth()
#2 C:\xampp\htdocs\klinikpratama\vendor\codeigniter4\framework\system\CodeIgniter.php(431): CodeIgniter\CodeIgniter->runController(Object(App\Controllers\Login))
#3 C:\xampp\htdocs\klinikpratama\vendor\codeigniter4\framework\system\CodeIgniter.php(332): CodeIgniter\CodeIgniter->handleRequest(NULL, Object(Config\Cache), false)
#4 C:\xampp\htdocs\klinikpratama\public\index.php(44): CodeIgniter\CodeIgniter->run()
#5 {main}
CRITICAL - 2021-07-18 06:55:00 --> Undefined array key "pass_signin"
#0 C:\xampp\htdocs\klinikpratama\app\Controllers\Login.php(34): CodeIgniter\Debug\Exceptions->errorHandler(2, 'Undefined array...', 'C:\\xampp\\htdocs...', 34)
#1 C:\xampp\htdocs\klinikpratama\vendor\codeigniter4\framework\system\CodeIgniter.php(935): App\Controllers\Login->auth()
#2 C:\xampp\htdocs\klinikpratama\vendor\codeigniter4\framework\system\CodeIgniter.php(431): CodeIgniter\CodeIgniter->runController(Object(App\Controllers\Login))
#3 C:\xampp\htdocs\klinikpratama\vendor\codeigniter4\framework\system\CodeIgniter.php(332): CodeIgniter\CodeIgniter->handleRequest(NULL, Object(Config\Cache), false)
#4 C:\xampp\htdocs\klinikpratama\public\index.php(44): CodeIgniter\CodeIgniter->run()
#5 {main}
