CRITICAL - 2021-07-20 07:48:10 --> Namespace declaration statement has to be the very first statement or after any declare call in the script
#0 [internal function]: CodeIgniter\Debug\Exceptions->shutdownHandler()
#1 {main}
CRITICAL - 2021-07-20 07:48:37 --> Invalid file: layout/sidebar.php
#0 C:\xampp\htdocs\klinikpratama\vendor\codeigniter4\framework\system\View\View.php(203): CodeIgniter\Exceptions\FrameworkException::forInvalidFile('layout/sidebar....')
#1 C:\xampp\htdocs\klinikpratama\vendor\codeigniter4\framework\system\Common.php(1217): CodeIgniter\View\View->render('layout/sidebar....', Array, true)
#2 C:\xampp\htdocs\klinikpratama\app\Views\layout\v_wrapper.php(4): view('layout/sidebar....')
#3 C:\xampp\htdocs\klinikpratama\vendor\codeigniter4\framework\system\View\View.php(220): include('C:\\xampp\\htdocs...')
#4 C:\xampp\htdocs\klinikpratama\vendor\codeigniter4\framework\system\View\View.php(222): CodeIgniter\View\View->CodeIgniter\View\{closure}()
#5 C:\xampp\htdocs\klinikpratama\vendor\codeigniter4\framework\system\Common.php(1217): CodeIgniter\View\View->render('layout/v_wrappe...', Array, true)
#6 C:\xampp\htdocs\klinikpratama\app\Controllers\Home.php(17): view('layout/v_wrappe...', Array)
#7 C:\xampp\htdocs\klinikpratama\vendor\codeigniter4\framework\system\CodeIgniter.php(935): App\Controllers\Home->index()
#8 C:\xampp\htdocs\klinikpratama\vendor\codeigniter4\framework\system\CodeIgniter.php(431): CodeIgniter\CodeIgniter->runController(Object(App\Controllers\Home))
#9 C:\xampp\htdocs\klinikpratama\vendor\codeigniter4\framework\system\CodeIgniter.php(332): CodeIgniter\CodeIgniter->handleRequest(NULL, Object(Config\Cache), false)
#10 C:\xampp\htdocs\klinikpratama\public\index.php(44): CodeIgniter\CodeIgniter->run()
#11 {main}
CRITICAL - 2021-07-20 08:00:20 --> Invalid file: layout/v_main.php
#0 C:\xampp\htdocs\klinikpratama\vendor\codeigniter4\framework\system\View\View.php(203): CodeIgniter\Exceptions\FrameworkException::forInvalidFile('layout/v_main.p...')
#1 C:\xampp\htdocs\klinikpratama\vendor\codeigniter4\framework\system\Common.php(1217): CodeIgniter\View\View->render('layout/v_main.p...', Array, true)
#2 C:\xampp\htdocs\klinikpratama\app\Views\layout\v_wrapper.php(3): view('layout/v_main.p...')
#3 C:\xampp\htdocs\klinikpratama\vendor\codeigniter4\framework\system\View\View.php(220): include('C:\\xampp\\htdocs...')
#4 C:\xampp\htdocs\klinikpratama\vendor\codeigniter4\framework\system\View\View.php(222): CodeIgniter\View\View->CodeIgniter\View\{closure}()
#5 C:\xampp\htdocs\klinikpratama\vendor\codeigniter4\framework\system\Common.php(1217): CodeIgniter\View\View->render('layout/v_wrappe...', Array, true)
#6 C:\xampp\htdocs\klinikpratama\app\Controllers\Home.php(17): view('layout/v_wrappe...', Array)
#7 C:\xampp\htdocs\klinikpratama\vendor\codeigniter4\framework\system\CodeIgniter.php(935): App\Controllers\Home->index()
#8 C:\xampp\htdocs\klinikpratama\vendor\codeigniter4\framework\system\CodeIgniter.php(431): CodeIgniter\CodeIgniter->runController(Object(App\Controllers\Home))
#9 C:\xampp\htdocs\klinikpratama\vendor\codeigniter4\framework\system\CodeIgniter.php(332): CodeIgniter\CodeIgniter->handleRequest(NULL, Object(Config\Cache), false)
#10 C:\xampp\htdocs\klinikpratama\public\index.php(44): CodeIgniter\CodeIgniter->run()
#11 {main}
CRITICAL - 2021-07-20 08:52:20 --> Invalid file: layout/content.php
#0 C:\xampp\htdocs\klinikpratama\vendor\codeigniter4\framework\system\View\View.php(203): CodeIgniter\Exceptions\FrameworkException::forInvalidFile('layout/content....')
#1 C:\xampp\htdocs\klinikpratama\vendor\codeigniter4\framework\system\Common.php(1217): CodeIgniter\View\View->render('layout/content....', Array, true)
#2 C:\xampp\htdocs\klinikpratama\app\Views\layout\v_wrapper.php(7): view('layout/content....')
#3 C:\xampp\htdocs\klinikpratama\vendor\codeigniter4\framework\system\View\View.php(220): include('C:\\xampp\\htdocs...')
#4 C:\xampp\htdocs\klinikpratama\vendor\codeigniter4\framework\system\View\View.php(222): CodeIgniter\View\View->CodeIgniter\View\{closure}()
#5 C:\xampp\htdocs\klinikpratama\vendor\codeigniter4\framework\system\Common.php(1217): CodeIgniter\View\View->render('layout/v_wrappe...', Array, true)
#6 C:\xampp\htdocs\klinikpratama\app\Controllers\Home.php(17): view('layout/v_wrappe...', Array)
#7 C:\xampp\htdocs\klinikpratama\vendor\codeigniter4\framework\system\CodeIgniter.php(935): App\Controllers\Home->index()
#8 C:\xampp\htdocs\klinikpratama\vendor\codeigniter4\framework\system\CodeIgniter.php(431): CodeIgniter\CodeIgniter->runController(Object(App\Controllers\Home))
#9 C:\xampp\htdocs\klinikpratama\vendor\codeigniter4\framework\system\CodeIgniter.php(332): CodeIgniter\CodeIgniter->handleRequest(NULL, Object(Config\Cache), false)
#10 C:\xampp\htdocs\klinikpratama\public\index.php(44): CodeIgniter\CodeIgniter->run()
#11 {main}
CRITICAL - 2021-07-20 08:58:20 --> Undefined variable $Judul
#0 C:\xampp\htdocs\klinikpratama\app\Views\layout\v_main.php(8): CodeIgniter\Debug\Exceptions->errorHandler(2, 'Undefined varia...', 'C:\\xampp\\htdocs...', 8)
#1 C:\xampp\htdocs\klinikpratama\vendor\codeigniter4\framework\system\View\View.php(220): include('C:\\xampp\\htdocs...')
#2 C:\xampp\htdocs\klinikpratama\vendor\codeigniter4\framework\system\View\View.php(222): CodeIgniter\View\View->CodeIgniter\View\{closure}()
#3 C:\xampp\htdocs\klinikpratama\vendor\codeigniter4\framework\system\Common.php(1217): CodeIgniter\View\View->render('layout/v_main.p...', Array, true)
#4 C:\xampp\htdocs\klinikpratama\app\Views\layout\v_wrapper.php(6): view('layout/v_main.p...')
#5 C:\xampp\htdocs\klinikpratama\vendor\codeigniter4\framework\system\View\View.php(220): include('C:\\xampp\\htdocs...')
#6 C:\xampp\htdocs\klinikpratama\vendor\codeigniter4\framework\system\View\View.php(222): CodeIgniter\View\View->CodeIgniter\View\{closure}()
#7 C:\xampp\htdocs\klinikpratama\vendor\codeigniter4\framework\system\Common.php(1217): CodeIgniter\View\View->render('layout/v_wrappe...', Array, true)
#8 C:\xampp\htdocs\klinikpratama\app\Controllers\Home.php(17): view('layout/v_wrappe...', Array)
#9 C:\xampp\htdocs\klinikpratama\vendor\codeigniter4\framework\system\CodeIgniter.php(935): App\Controllers\Home->index()
#10 C:\xampp\htdocs\klinikpratama\vendor\codeigniter4\framework\system\CodeIgniter.php(431): CodeIgniter\CodeIgniter->runController(Object(App\Controllers\Home))
#11 C:\xampp\htdocs\klinikpratama\vendor\codeigniter4\framework\system\CodeIgniter.php(332): CodeIgniter\CodeIgniter->handleRequest(NULL, Object(Config\Cache), false)
#12 C:\xampp\htdocs\klinikpratama\public\index.php(44): CodeIgniter\CodeIgniter->run()
#13 {main}
CRITICAL - 2021-07-20 22:00:41 --> Undefined variable: nama_lengkap
#0 C:\xampp\htdocs\klinikpratama\app\Views\layout\v_desktopheader.php(32): CodeIgniter\Debug\Exceptions->errorHandler(8, 'Undefined varia...', 'C:\\xampp\\htdocs...', 32, Array)
#1 C:\xampp\htdocs\klinikpratama\vendor\codeigniter4\framework\system\View\View.php(220): include('C:\\xampp\\htdocs...')
#2 C:\xampp\htdocs\klinikpratama\vendor\codeigniter4\framework\system\View\View.php(222): CodeIgniter\View\View->CodeIgniter\View\{closure}()
#3 C:\xampp\htdocs\klinikpratama\vendor\codeigniter4\framework\system\Common.php(1217): CodeIgniter\View\View->render('layout/v_deskto...', Array, true)
#4 C:\xampp\htdocs\klinikpratama\app\Views\layout\v_wrapper.php(5): view('layout/v_deskto...')
#5 C:\xampp\htdocs\klinikpratama\vendor\codeigniter4\framework\system\View\View.php(220): include('C:\\xampp\\htdocs...')
#6 C:\xampp\htdocs\klinikpratama\vendor\codeigniter4\framework\system\View\View.php(222): CodeIgniter\View\View->CodeIgniter\View\{closure}()
#7 C:\xampp\htdocs\klinikpratama\vendor\codeigniter4\framework\system\Common.php(1217): CodeIgniter\View\View->render('layout/v_wrappe...', Array, true)
#8 C:\xampp\htdocs\klinikpratama\app\Controllers\Home.php(17): view('layout/v_wrappe...', Array)
#9 C:\xampp\htdocs\klinikpratama\vendor\codeigniter4\framework\system\CodeIgniter.php(935): App\Controllers\Home->index()
#10 C:\xampp\htdocs\klinikpratama\vendor\codeigniter4\framework\system\CodeIgniter.php(431): CodeIgniter\CodeIgniter->runController(Object(App\Controllers\Home))
#11 C:\xampp\htdocs\klinikpratama\vendor\codeigniter4\framework\system\CodeIgniter.php(332): CodeIgniter\CodeIgniter->handleRequest(NULL, Object(Config\Cache), false)
#12 C:\xampp\htdocs\klinikpratama\public\index.php(44): CodeIgniter\CodeIgniter->run()
#13 {main}
CRITICAL - 2021-07-20 22:00:51 --> Undefined variable: nama_lengkap
#0 C:\xampp\htdocs\klinikpratama\app\Views\layout\v_desktopheader.php(32): CodeIgniter\Debug\Exceptions->errorHandler(8, 'Undefined varia...', 'C:\\xampp\\htdocs...', 32, Array)
#1 C:\xampp\htdocs\klinikpratama\vendor\codeigniter4\framework\system\View\View.php(220): include('C:\\xampp\\htdocs...')
#2 C:\xampp\htdocs\klinikpratama\vendor\codeigniter4\framework\system\View\View.php(222): CodeIgniter\View\View->CodeIgniter\View\{closure}()
#3 C:\xampp\htdocs\klinikpratama\vendor\codeigniter4\framework\system\Common.php(1217): CodeIgniter\View\View->render('layout/v_deskto...', Array, true)
#4 C:\xampp\htdocs\klinikpratama\app\Views\layout\v_wrapper.php(5): view('layout/v_deskto...')
#5 C:\xampp\htdocs\klinikpratama\vendor\codeigniter4\framework\system\View\View.php(220): include('C:\\xampp\\htdocs...')
#6 C:\xampp\htdocs\klinikpratama\vendor\codeigniter4\framework\system\View\View.php(222): CodeIgniter\View\View->CodeIgniter\View\{closure}()
#7 C:\xampp\htdocs\klinikpratama\vendor\codeigniter4\framework\system\Common.php(1217): CodeIgniter\View\View->render('layout/v_wrappe...', Array, true)
#8 C:\xampp\htdocs\klinikpratama\app\Controllers\Home.php(17): view('layout/v_wrappe...', Array)
#9 C:\xampp\htdocs\klinikpratama\vendor\codeigniter4\framework\system\CodeIgniter.php(935): App\Controllers\Home->index()
#10 C:\xampp\htdocs\klinikpratama\vendor\codeigniter4\framework\system\CodeIgniter.php(431): CodeIgniter\CodeIgniter->runController(Object(App\Controllers\Home))
#11 C:\xampp\htdocs\klinikpratama\vendor\codeigniter4\framework\system\CodeIgniter.php(332): CodeIgniter\CodeIgniter->handleRequest(NULL, Object(Config\Cache), false)
#12 C:\xampp\htdocs\klinikpratama\public\index.php(44): CodeIgniter\CodeIgniter->run()
#13 {main}
CRITICAL - 2021-07-20 22:00:51 --> Undefined variable: nama_lengkap
#0 C:\xampp\htdocs\klinikpratama\app\Views\layout\v_desktopheader.php(32): CodeIgniter\Debug\Exceptions->errorHandler(8, 'Undefined varia...', 'C:\\xampp\\htdocs...', 32, Array)
#1 C:\xampp\htdocs\klinikpratama\vendor\codeigniter4\framework\system\View\View.php(220): include('C:\\xampp\\htdocs...')
#2 C:\xampp\htdocs\klinikpratama\vendor\codeigniter4\framework\system\View\View.php(222): CodeIgniter\View\View->CodeIgniter\View\{closure}()
#3 C:\xampp\htdocs\klinikpratama\vendor\codeigniter4\framework\system\Common.php(1217): CodeIgniter\View\View->render('layout/v_deskto...', Array, true)
#4 C:\xampp\htdocs\klinikpratama\app\Views\layout\v_wrapper.php(5): view('layout/v_deskto...')
#5 C:\xampp\htdocs\klinikpratama\vendor\codeigniter4\framework\system\View\View.php(220): include('C:\\xampp\\htdocs...')
#6 C:\xampp\htdocs\klinikpratama\vendor\codeigniter4\framework\system\View\View.php(222): CodeIgniter\View\View->CodeIgniter\View\{closure}()
#7 C:\xampp\htdocs\klinikpratama\vendor\codeigniter4\framework\system\Common.php(1217): CodeIgniter\View\View->render('layout/v_wrappe...', Array, true)
#8 C:\xampp\htdocs\klinikpratama\app\Controllers\Home.php(17): view('layout/v_wrappe...', Array)
#9 C:\xampp\htdocs\klinikpratama\vendor\codeigniter4\framework\system\CodeIgniter.php(935): App\Controllers\Home->index()
#10 C:\xampp\htdocs\klinikpratama\vendor\codeigniter4\framework\system\CodeIgniter.php(431): CodeIgniter\CodeIgniter->runController(Object(App\Controllers\Home))
#11 C:\xampp\htdocs\klinikpratama\vendor\codeigniter4\framework\system\CodeIgniter.php(332): CodeIgniter\CodeIgniter->handleRequest(NULL, Object(Config\Cache), false)
#12 C:\xampp\htdocs\klinikpratama\public\index.php(44): CodeIgniter\CodeIgniter->run()
#13 {main}
CRITICAL - 2021-07-20 22:01:09 --> Undefined variable: nama_lengkap
#0 C:\xampp\htdocs\klinikpratama\app\Views\layout\v_desktopheader.php(32): CodeIgniter\Debug\Exceptions->errorHandler(8, 'Undefined varia...', 'C:\\xampp\\htdocs...', 32, Array)
#1 C:\xampp\htdocs\klinikpratama\vendor\codeigniter4\framework\system\View\View.php(220): include('C:\\xampp\\htdocs...')
#2 C:\xampp\htdocs\klinikpratama\vendor\codeigniter4\framework\system\View\View.php(222): CodeIgniter\View\View->CodeIgniter\View\{closure}()
#3 C:\xampp\htdocs\klinikpratama\vendor\codeigniter4\framework\system\Common.php(1217): CodeIgniter\View\View->render('layout/v_deskto...', Array, true)
#4 C:\xampp\htdocs\klinikpratama\app\Views\layout\v_wrapper.php(5): view('layout/v_deskto...')
#5 C:\xampp\htdocs\klinikpratama\vendor\codeigniter4\framework\system\View\View.php(220): include('C:\\xampp\\htdocs...')
#6 C:\xampp\htdocs\klinikpratama\vendor\codeigniter4\framework\system\View\View.php(222): CodeIgniter\View\View->CodeIgniter\View\{closure}()
#7 C:\xampp\htdocs\klinikpratama\vendor\codeigniter4\framework\system\Common.php(1217): CodeIgniter\View\View->render('layout/v_wrappe...', Array, true)
#8 C:\xampp\htdocs\klinikpratama\app\Controllers\Home.php(17): view('layout/v_wrappe...', Array)
#9 C:\xampp\htdocs\klinikpratama\vendor\codeigniter4\framework\system\CodeIgniter.php(935): App\Controllers\Home->index()
#10 C:\xampp\htdocs\klinikpratama\vendor\codeigniter4\framework\system\CodeIgniter.php(431): CodeIgniter\CodeIgniter->runController(Object(App\Controllers\Home))
#11 C:\xampp\htdocs\klinikpratama\vendor\codeigniter4\framework\system\CodeIgniter.php(332): CodeIgniter\CodeIgniter->handleRequest(NULL, Object(Config\Cache), false)
#12 C:\xampp\htdocs\klinikpratama\public\index.php(44): CodeIgniter\CodeIgniter->run()
#13 {main}
CRITICAL - 2021-07-20 22:23:38 --> Argument 2 passed to view() must be of the type array, object given, called in C:\xampp\htdocs\klinikpratama\app\Controllers\Home.php on line 19
#0 C:\xampp\htdocs\klinikpratama\app\Controllers\Home.php(19): view('home/biodata.ph...', Object(CodeIgniter\Session\Session))
#1 C:\xampp\htdocs\klinikpratama\vendor\codeigniter4\framework\system\CodeIgniter.php(935): App\Controllers\Home->index()
#2 C:\xampp\htdocs\klinikpratama\vendor\codeigniter4\framework\system\CodeIgniter.php(431): CodeIgniter\CodeIgniter->runController(Object(App\Controllers\Home))
#3 C:\xampp\htdocs\klinikpratama\vendor\codeigniter4\framework\system\CodeIgniter.php(332): CodeIgniter\CodeIgniter->handleRequest(NULL, Object(Config\Cache), false)
#4 C:\xampp\htdocs\klinikpratama\public\index.php(44): CodeIgniter\CodeIgniter->run()
#5 {main}
CRITICAL - 2021-07-20 22:23:44 --> Argument 2 passed to view() must be of the type array, object given, called in C:\xampp\htdocs\klinikpratama\app\Controllers\Home.php on line 19
#0 C:\xampp\htdocs\klinikpratama\app\Controllers\Home.php(19): view('home/biodata', Object(CodeIgniter\Session\Session))
#1 C:\xampp\htdocs\klinikpratama\vendor\codeigniter4\framework\system\CodeIgniter.php(935): App\Controllers\Home->index()
#2 C:\xampp\htdocs\klinikpratama\vendor\codeigniter4\framework\system\CodeIgniter.php(431): CodeIgniter\CodeIgniter->runController(Object(App\Controllers\Home))
#3 C:\xampp\htdocs\klinikpratama\vendor\codeigniter4\framework\system\CodeIgniter.php(332): CodeIgniter\CodeIgniter->handleRequest(NULL, Object(Config\Cache), false)
#4 C:\xampp\htdocs\klinikpratama\public\index.php(44): CodeIgniter\CodeIgniter->run()
#5 {main}
CRITICAL - 2021-07-20 22:24:14 --> Argument 2 passed to view() must be of the type array, object given, called in C:\xampp\htdocs\klinikpratama\app\Controllers\Home.php on line 19
#0 C:\xampp\htdocs\klinikpratama\app\Controllers\Home.php(19): view('home/biodata', Object(CodeIgniter\Session\Session))
#1 C:\xampp\htdocs\klinikpratama\vendor\codeigniter4\framework\system\CodeIgniter.php(935): App\Controllers\Home->index()
#2 C:\xampp\htdocs\klinikpratama\vendor\codeigniter4\framework\system\CodeIgniter.php(431): CodeIgniter\CodeIgniter->runController(Object(App\Controllers\Home))
#3 C:\xampp\htdocs\klinikpratama\vendor\codeigniter4\framework\system\CodeIgniter.php(332): CodeIgniter\CodeIgniter->handleRequest(NULL, Object(Config\Cache), false)
#4 C:\xampp\htdocs\klinikpratama\public\index.php(44): CodeIgniter\CodeIgniter->run()
#5 {main}
