CRITICAL - 2022-04-02 20:46:33 --> syntax error, unexpected 'dd' (T_STRING), expecting function (T_FUNCTION) or const (T_CONST)
#0 C:\xampp\htdocs\RekapData\vendor\codeigniter4\framework\system\Autoloader\Autoloader.php(274): CodeIgniter\Autoloader\Autoloader->includeFile('C:\\xampp\\htdocs...')
#1 C:\xampp\htdocs\RekapData\vendor\codeigniter4\framework\system\Autoloader\Autoloader.php(228): CodeIgniter\Autoloader\Autoloader->loadInNamespace('App\\validation\\...')
#2 [internal function]: CodeIgniter\Autoloader\Autoloader->loadClass('App\\validation\\...')
#3 C:\xampp\htdocs\RekapData\vendor\codeigniter4\framework\system\Validation\Validation.php(580): spl_autoload_call('App\\validation\\...')
#4 C:\xampp\htdocs\RekapData\vendor\codeigniter4\framework\system\Validation\Validation.php(122): CodeIgniter\Validation\Validation->loadRuleSets()
#5 C:\xampp\htdocs\RekapData\vendor\codeigniter4\framework\system\Controller.php(181): CodeIgniter\Validation\Validation->run()
#6 C:\xampp\htdocs\RekapData\app\Controllers\Rekapan.php(69): CodeIgniter\Controller->validate(Array)
#7 C:\xampp\htdocs\RekapData\vendor\codeigniter4\framework\system\CodeIgniter.php(935): App\Controllers\Rekapan->rekap_data()
#8 C:\xampp\htdocs\RekapData\vendor\codeigniter4\framework\system\CodeIgniter.php(431): CodeIgniter\CodeIgniter->runController(Object(App\Controllers\Rekapan))
#9 C:\xampp\htdocs\RekapData\vendor\codeigniter4\framework\system\CodeIgniter.php(332): CodeIgniter\CodeIgniter->handleRequest(NULL, Object(Config\Cache), false)
#10 C:\xampp\htdocs\RekapData\public\index.php(44): CodeIgniter\CodeIgniter->run()
#11 {main}
CRITICAL - 2022-04-02 21:40:03 --> implode(): Invalid arguments passed
#0 [internal function]: CodeIgniter\Debug\Exceptions->errorHandler(2, 'implode(): Inva...', 'C:\\xampp\\htdocs...', 62, Array)
#1 C:\xampp\htdocs\RekapData\app\validation\CekNomor.php(62): implode('+', '2000')
#2 [internal function]: App\validation\CekNomor->filter_pembelian('2000')
#3 C:\xampp\htdocs\RekapData\app\validation\CekNomor.php(37): array_map(Array, Array)
#4 C:\xampp\htdocs\RekapData\app\validation\CekNomor.php(16): App\validation\CekNomor->cek_pembelian_dulu('550*607*255*742...')
#5 C:\xampp\htdocs\RekapData\vendor\codeigniter4\framework\system\Validation\Validation.php(306): App\validation\CekNomor->CekPembelian('550*607*255*742...', 'data_angka', Array, NULL)
#6 C:\xampp\htdocs\RekapData\vendor\codeigniter4\framework\system\Validation\Validation.php(164): CodeIgniter\Validation\Validation->processRules('data_angka', 'data_angka', '550*607*255*742...', Array, Array)
#7 C:\xampp\htdocs\RekapData\vendor\codeigniter4\framework\system\Controller.php(181): CodeIgniter\Validation\Validation->run()
#8 C:\xampp\htdocs\RekapData\app\Controllers\Rekapan.php(69): CodeIgniter\Controller->validate(Array)
#9 C:\xampp\htdocs\RekapData\vendor\codeigniter4\framework\system\CodeIgniter.php(935): App\Controllers\Rekapan->rekap_data()
#10 C:\xampp\htdocs\RekapData\vendor\codeigniter4\framework\system\CodeIgniter.php(431): CodeIgniter\CodeIgniter->runController(Object(App\Controllers\Rekapan))
#11 C:\xampp\htdocs\RekapData\vendor\codeigniter4\framework\system\CodeIgniter.php(332): CodeIgniter\CodeIgniter->handleRequest(NULL, Object(Config\Cache), false)
#12 C:\xampp\htdocs\RekapData\public\index.php(44): CodeIgniter\CodeIgniter->run()
#13 {main}
