CRITICAL - 2022-03-10 01:28:25 --> Can't use function return value in write context
#0 [internal function]: CodeIgniter\Debug\Exceptions->shutdownHandler()
#1 {main}
CRITICAL - 2022-03-10 01:28:49 --> Can't use function return value in write context
#0 [internal function]: CodeIgniter\Debug\Exceptions->shutdownHandler()
#1 {main}
CRITICAL - 2022-03-10 01:56:29 --> Can't use function return value in write context
#0 [internal function]: CodeIgniter\Debug\Exceptions->shutdownHandler()
#1 {main}
CRITICAL - 2022-03-10 01:56:31 --> Can't use function return value in write context
#0 [internal function]: CodeIgniter\Debug\Exceptions->shutdownHandler()
#1 {main}
CRITICAL - 2022-03-10 02:03:09 --> Undefined variable: sd_select
#0 C:\xampp\htdocs\RekapData\app\Views\home\beranda.php(32): CodeIgniter\Debug\Exceptions->errorHandler(8, 'Undefined varia...', 'C:\\xampp\\htdocs...', 32, Array)
#1 C:\xampp\htdocs\RekapData\vendor\codeigniter4\framework\system\View\View.php(220): include('C:\\xampp\\htdocs...')
#2 C:\xampp\htdocs\RekapData\vendor\codeigniter4\framework\system\View\View.php(222): CodeIgniter\View\View->CodeIgniter\View\{closure}()
#3 C:\xampp\htdocs\RekapData\vendor\codeigniter4\framework\system\Common.php(1217): CodeIgniter\View\View->render('home/beranda.ph...', Array, true)
#4 C:\xampp\htdocs\RekapData\app\Views\layout\v_content.php(3): view('home/beranda.ph...')
#5 C:\xampp\htdocs\RekapData\vendor\codeigniter4\framework\system\View\View.php(220): include('C:\\xampp\\htdocs...')
#6 C:\xampp\htdocs\RekapData\vendor\codeigniter4\framework\system\View\View.php(222): CodeIgniter\View\View->CodeIgniter\View\{closure}()
#7 C:\xampp\htdocs\RekapData\vendor\codeigniter4\framework\system\Common.php(1217): CodeIgniter\View\View->render('layout/v_conten...', Array, true)
#8 C:\xampp\htdocs\RekapData\app\Views\layout\v_wrapper.php(7): view('layout/v_conten...')
#9 C:\xampp\htdocs\RekapData\vendor\codeigniter4\framework\system\View\View.php(220): include('C:\\xampp\\htdocs...')
#10 C:\xampp\htdocs\RekapData\vendor\codeigniter4\framework\system\View\View.php(222): CodeIgniter\View\View->CodeIgniter\View\{closure}()
#11 C:\xampp\htdocs\RekapData\vendor\codeigniter4\framework\system\Common.php(1217): CodeIgniter\View\View->render('layout/v_wrappe...', Array, true)
#12 C:\xampp\htdocs\RekapData\app\Controllers\Home.php(38): view('layout/v_wrappe...', Array)
#13 C:\xampp\htdocs\RekapData\vendor\codeigniter4\framework\system\CodeIgniter.php(935): App\Controllers\Home->index()
#14 C:\xampp\htdocs\RekapData\vendor\codeigniter4\framework\system\CodeIgniter.php(431): CodeIgniter\CodeIgniter->runController(Object(App\Controllers\Home))
#15 C:\xampp\htdocs\RekapData\vendor\codeigniter4\framework\system\CodeIgniter.php(332): CodeIgniter\CodeIgniter->handleRequest(NULL, Object(Config\Cache), false)
#16 C:\xampp\htdocs\RekapData\public\index.php(44): CodeIgniter\CodeIgniter->run()
#17 {main}
CRITICAL - 2022-03-10 06:16:55 --> syntax error, unexpected end of file
#0 C:\xampp\htdocs\RekapData\vendor\codeigniter4\framework\system\View\View.php(222): CodeIgniter\View\View->CodeIgniter\View\{closure}()
#1 C:\xampp\htdocs\RekapData\vendor\codeigniter4\framework\system\Common.php(1217): CodeIgniter\View\View->render('home/beranda.ph...', Array, true)
#2 C:\xampp\htdocs\RekapData\app\Views\layout\v_content.php(3): view('home/beranda.ph...')
#3 C:\xampp\htdocs\RekapData\vendor\codeigniter4\framework\system\View\View.php(220): include('C:\\xampp\\htdocs...')
#4 C:\xampp\htdocs\RekapData\vendor\codeigniter4\framework\system\View\View.php(222): CodeIgniter\View\View->CodeIgniter\View\{closure}()
#5 C:\xampp\htdocs\RekapData\vendor\codeigniter4\framework\system\Common.php(1217): CodeIgniter\View\View->render('layout/v_conten...', Array, true)
#6 C:\xampp\htdocs\RekapData\app\Views\layout\v_wrapper.php(7): view('layout/v_conten...')
#7 C:\xampp\htdocs\RekapData\vendor\codeigniter4\framework\system\View\View.php(220): include('C:\\xampp\\htdocs...')
#8 C:\xampp\htdocs\RekapData\vendor\codeigniter4\framework\system\View\View.php(222): CodeIgniter\View\View->CodeIgniter\View\{closure}()
#9 C:\xampp\htdocs\RekapData\vendor\codeigniter4\framework\system\Common.php(1217): CodeIgniter\View\View->render('layout/v_wrappe...', Array, true)
#10 C:\xampp\htdocs\RekapData\app\Controllers\Home.php(38): view('layout/v_wrappe...', Array)
#11 C:\xampp\htdocs\RekapData\vendor\codeigniter4\framework\system\CodeIgniter.php(935): App\Controllers\Home->index()
#12 C:\xampp\htdocs\RekapData\vendor\codeigniter4\framework\system\CodeIgniter.php(431): CodeIgniter\CodeIgniter->runController(Object(App\Controllers\Home))
#13 C:\xampp\htdocs\RekapData\vendor\codeigniter4\framework\system\CodeIgniter.php(332): CodeIgniter\CodeIgniter->handleRequest(NULL, Object(Config\Cache), false)
#14 C:\xampp\htdocs\RekapData\public\index.php(44): CodeIgniter\CodeIgniter->run()
#15 {main}
CRITICAL - 2022-03-10 06:17:21 --> Undefined variable: sd_select
#0 C:\xampp\htdocs\RekapData\app\Views\home\beranda.php(21): CodeIgniter\Debug\Exceptions->errorHandler(8, 'Undefined varia...', 'C:\\xampp\\htdocs...', 21, Array)
#1 C:\xampp\htdocs\RekapData\vendor\codeigniter4\framework\system\View\View.php(220): include('C:\\xampp\\htdocs...')
#2 C:\xampp\htdocs\RekapData\vendor\codeigniter4\framework\system\View\View.php(222): CodeIgniter\View\View->CodeIgniter\View\{closure}()
#3 C:\xampp\htdocs\RekapData\vendor\codeigniter4\framework\system\Common.php(1217): CodeIgniter\View\View->render('home/beranda.ph...', Array, true)
#4 C:\xampp\htdocs\RekapData\app\Views\layout\v_content.php(3): view('home/beranda.ph...')
#5 C:\xampp\htdocs\RekapData\vendor\codeigniter4\framework\system\View\View.php(220): include('C:\\xampp\\htdocs...')
#6 C:\xampp\htdocs\RekapData\vendor\codeigniter4\framework\system\View\View.php(222): CodeIgniter\View\View->CodeIgniter\View\{closure}()
#7 C:\xampp\htdocs\RekapData\vendor\codeigniter4\framework\system\Common.php(1217): CodeIgniter\View\View->render('layout/v_conten...', Array, true)
#8 C:\xampp\htdocs\RekapData\app\Views\layout\v_wrapper.php(7): view('layout/v_conten...')
#9 C:\xampp\htdocs\RekapData\vendor\codeigniter4\framework\system\View\View.php(220): include('C:\\xampp\\htdocs...')
#10 C:\xampp\htdocs\RekapData\vendor\codeigniter4\framework\system\View\View.php(222): CodeIgniter\View\View->CodeIgniter\View\{closure}()
#11 C:\xampp\htdocs\RekapData\vendor\codeigniter4\framework\system\Common.php(1217): CodeIgniter\View\View->render('layout/v_wrappe...', Array, true)
#12 C:\xampp\htdocs\RekapData\app\Controllers\Home.php(38): view('layout/v_wrappe...', Array)
#13 C:\xampp\htdocs\RekapData\vendor\codeigniter4\framework\system\CodeIgniter.php(935): App\Controllers\Home->index()
#14 C:\xampp\htdocs\RekapData\vendor\codeigniter4\framework\system\CodeIgniter.php(431): CodeIgniter\CodeIgniter->runController(Object(App\Controllers\Home))
#15 C:\xampp\htdocs\RekapData\vendor\codeigniter4\framework\system\CodeIgniter.php(332): CodeIgniter\CodeIgniter->handleRequest(NULL, Object(Config\Cache), false)
#16 C:\xampp\htdocs\RekapData\public\index.php(44): CodeIgniter\CodeIgniter->run()
#17 {main}
CRITICAL - 2022-03-10 06:17:39 --> Undefined variable: sd_select
#0 C:\xampp\htdocs\RekapData\app\Views\home\beranda.php(21): CodeIgniter\Debug\Exceptions->errorHandler(8, 'Undefined varia...', 'C:\\xampp\\htdocs...', 21, Array)
#1 C:\xampp\htdocs\RekapData\vendor\codeigniter4\framework\system\View\View.php(220): include('C:\\xampp\\htdocs...')
#2 C:\xampp\htdocs\RekapData\vendor\codeigniter4\framework\system\View\View.php(222): CodeIgniter\View\View->CodeIgniter\View\{closure}()
#3 C:\xampp\htdocs\RekapData\vendor\codeigniter4\framework\system\Common.php(1217): CodeIgniter\View\View->render('home/beranda.ph...', Array, true)
#4 C:\xampp\htdocs\RekapData\app\Views\layout\v_content.php(3): view('home/beranda.ph...')
#5 C:\xampp\htdocs\RekapData\vendor\codeigniter4\framework\system\View\View.php(220): include('C:\\xampp\\htdocs...')
#6 C:\xampp\htdocs\RekapData\vendor\codeigniter4\framework\system\View\View.php(222): CodeIgniter\View\View->CodeIgniter\View\{closure}()
#7 C:\xampp\htdocs\RekapData\vendor\codeigniter4\framework\system\Common.php(1217): CodeIgniter\View\View->render('layout/v_conten...', Array, true)
#8 C:\xampp\htdocs\RekapData\app\Views\layout\v_wrapper.php(7): view('layout/v_conten...')
#9 C:\xampp\htdocs\RekapData\vendor\codeigniter4\framework\system\View\View.php(220): include('C:\\xampp\\htdocs...')
#10 C:\xampp\htdocs\RekapData\vendor\codeigniter4\framework\system\View\View.php(222): CodeIgniter\View\View->CodeIgniter\View\{closure}()
#11 C:\xampp\htdocs\RekapData\vendor\codeigniter4\framework\system\Common.php(1217): CodeIgniter\View\View->render('layout/v_wrappe...', Array, true)
#12 C:\xampp\htdocs\RekapData\app\Controllers\Home.php(38): view('layout/v_wrappe...', Array)
#13 C:\xampp\htdocs\RekapData\vendor\codeigniter4\framework\system\CodeIgniter.php(935): App\Controllers\Home->index()
#14 C:\xampp\htdocs\RekapData\vendor\codeigniter4\framework\system\CodeIgniter.php(431): CodeIgniter\CodeIgniter->runController(Object(App\Controllers\Home))
#15 C:\xampp\htdocs\RekapData\vendor\codeigniter4\framework\system\CodeIgniter.php(332): CodeIgniter\CodeIgniter->handleRequest(NULL, Object(Config\Cache), false)
#16 C:\xampp\htdocs\RekapData\public\index.php(44): CodeIgniter\CodeIgniter->run()
#17 {main}
CRITICAL - 2022-03-10 06:18:13 --> Undefined variable: sd_select
#0 C:\xampp\htdocs\RekapData\app\Views\home\beranda.php(21): CodeIgniter\Debug\Exceptions->errorHandler(8, 'Undefined varia...', 'C:\\xampp\\htdocs...', 21, Array)
#1 C:\xampp\htdocs\RekapData\vendor\codeigniter4\framework\system\View\View.php(220): include('C:\\xampp\\htdocs...')
#2 C:\xampp\htdocs\RekapData\vendor\codeigniter4\framework\system\View\View.php(222): CodeIgniter\View\View->CodeIgniter\View\{closure}()
#3 C:\xampp\htdocs\RekapData\vendor\codeigniter4\framework\system\Common.php(1217): CodeIgniter\View\View->render('home/beranda.ph...', Array, true)
#4 C:\xampp\htdocs\RekapData\app\Views\layout\v_content.php(3): view('home/beranda.ph...')
#5 C:\xampp\htdocs\RekapData\vendor\codeigniter4\framework\system\View\View.php(220): include('C:\\xampp\\htdocs...')
#6 C:\xampp\htdocs\RekapData\vendor\codeigniter4\framework\system\View\View.php(222): CodeIgniter\View\View->CodeIgniter\View\{closure}()
#7 C:\xampp\htdocs\RekapData\vendor\codeigniter4\framework\system\Common.php(1217): CodeIgniter\View\View->render('layout/v_conten...', Array, true)
#8 C:\xampp\htdocs\RekapData\app\Views\layout\v_wrapper.php(7): view('layout/v_conten...')
#9 C:\xampp\htdocs\RekapData\vendor\codeigniter4\framework\system\View\View.php(220): include('C:\\xampp\\htdocs...')
#10 C:\xampp\htdocs\RekapData\vendor\codeigniter4\framework\system\View\View.php(222): CodeIgniter\View\View->CodeIgniter\View\{closure}()
#11 C:\xampp\htdocs\RekapData\vendor\codeigniter4\framework\system\Common.php(1217): CodeIgniter\View\View->render('layout/v_wrappe...', Array, true)
#12 C:\xampp\htdocs\RekapData\app\Controllers\Home.php(38): view('layout/v_wrappe...', Array)
#13 C:\xampp\htdocs\RekapData\vendor\codeigniter4\framework\system\CodeIgniter.php(935): App\Controllers\Home->index()
#14 C:\xampp\htdocs\RekapData\vendor\codeigniter4\framework\system\CodeIgniter.php(431): CodeIgniter\CodeIgniter->runController(Object(App\Controllers\Home))
#15 C:\xampp\htdocs\RekapData\vendor\codeigniter4\framework\system\CodeIgniter.php(332): CodeIgniter\CodeIgniter->handleRequest(NULL, Object(Config\Cache), false)
#16 C:\xampp\htdocs\RekapData\public\index.php(44): CodeIgniter\CodeIgniter->run()
#17 {main}
CRITICAL - 2022-03-10 06:18:15 --> Undefined variable: sd_select
#0 C:\xampp\htdocs\RekapData\app\Views\home\beranda.php(21): CodeIgniter\Debug\Exceptions->errorHandler(8, 'Undefined varia...', 'C:\\xampp\\htdocs...', 21, Array)
#1 C:\xampp\htdocs\RekapData\vendor\codeigniter4\framework\system\View\View.php(220): include('C:\\xampp\\htdocs...')
#2 C:\xampp\htdocs\RekapData\vendor\codeigniter4\framework\system\View\View.php(222): CodeIgniter\View\View->CodeIgniter\View\{closure}()
#3 C:\xampp\htdocs\RekapData\vendor\codeigniter4\framework\system\Common.php(1217): CodeIgniter\View\View->render('home/beranda.ph...', Array, true)
#4 C:\xampp\htdocs\RekapData\app\Views\layout\v_content.php(3): view('home/beranda.ph...')
#5 C:\xampp\htdocs\RekapData\vendor\codeigniter4\framework\system\View\View.php(220): include('C:\\xampp\\htdocs...')
#6 C:\xampp\htdocs\RekapData\vendor\codeigniter4\framework\system\View\View.php(222): CodeIgniter\View\View->CodeIgniter\View\{closure}()
#7 C:\xampp\htdocs\RekapData\vendor\codeigniter4\framework\system\Common.php(1217): CodeIgniter\View\View->render('layout/v_conten...', Array, true)
#8 C:\xampp\htdocs\RekapData\app\Views\layout\v_wrapper.php(7): view('layout/v_conten...')
#9 C:\xampp\htdocs\RekapData\vendor\codeigniter4\framework\system\View\View.php(220): include('C:\\xampp\\htdocs...')
#10 C:\xampp\htdocs\RekapData\vendor\codeigniter4\framework\system\View\View.php(222): CodeIgniter\View\View->CodeIgniter\View\{closure}()
#11 C:\xampp\htdocs\RekapData\vendor\codeigniter4\framework\system\Common.php(1217): CodeIgniter\View\View->render('layout/v_wrappe...', Array, true)
#12 C:\xampp\htdocs\RekapData\app\Controllers\Home.php(38): view('layout/v_wrappe...', Array)
#13 C:\xampp\htdocs\RekapData\vendor\codeigniter4\framework\system\CodeIgniter.php(935): App\Controllers\Home->index()
#14 C:\xampp\htdocs\RekapData\vendor\codeigniter4\framework\system\CodeIgniter.php(431): CodeIgniter\CodeIgniter->runController(Object(App\Controllers\Home))
#15 C:\xampp\htdocs\RekapData\vendor\codeigniter4\framework\system\CodeIgniter.php(332): CodeIgniter\CodeIgniter->handleRequest(NULL, Object(Config\Cache), false)
#16 C:\xampp\htdocs\RekapData\public\index.php(44): CodeIgniter\CodeIgniter->run()
#17 {main}
CRITICAL - 2022-03-10 06:18:29 --> Undefined variable: sd_select
#0 C:\xampp\htdocs\RekapData\app\Views\home\beranda.php(13): CodeIgniter\Debug\Exceptions->errorHandler(8, 'Undefined varia...', 'C:\\xampp\\htdocs...', 13, Array)
#1 C:\xampp\htdocs\RekapData\vendor\codeigniter4\framework\system\View\View.php(220): include('C:\\xampp\\htdocs...')
#2 C:\xampp\htdocs\RekapData\vendor\codeigniter4\framework\system\View\View.php(222): CodeIgniter\View\View->CodeIgniter\View\{closure}()
#3 C:\xampp\htdocs\RekapData\vendor\codeigniter4\framework\system\Common.php(1217): CodeIgniter\View\View->render('home/beranda.ph...', Array, true)
#4 C:\xampp\htdocs\RekapData\app\Views\layout\v_content.php(3): view('home/beranda.ph...')
#5 C:\xampp\htdocs\RekapData\vendor\codeigniter4\framework\system\View\View.php(220): include('C:\\xampp\\htdocs...')
#6 C:\xampp\htdocs\RekapData\vendor\codeigniter4\framework\system\View\View.php(222): CodeIgniter\View\View->CodeIgniter\View\{closure}()
#7 C:\xampp\htdocs\RekapData\vendor\codeigniter4\framework\system\Common.php(1217): CodeIgniter\View\View->render('layout/v_conten...', Array, true)
#8 C:\xampp\htdocs\RekapData\app\Views\layout\v_wrapper.php(7): view('layout/v_conten...')
#9 C:\xampp\htdocs\RekapData\vendor\codeigniter4\framework\system\View\View.php(220): include('C:\\xampp\\htdocs...')
#10 C:\xampp\htdocs\RekapData\vendor\codeigniter4\framework\system\View\View.php(222): CodeIgniter\View\View->CodeIgniter\View\{closure}()
#11 C:\xampp\htdocs\RekapData\vendor\codeigniter4\framework\system\Common.php(1217): CodeIgniter\View\View->render('layout/v_wrappe...', Array, true)
#12 C:\xampp\htdocs\RekapData\app\Controllers\Home.php(38): view('layout/v_wrappe...', Array)
#13 C:\xampp\htdocs\RekapData\vendor\codeigniter4\framework\system\CodeIgniter.php(935): App\Controllers\Home->index()
#14 C:\xampp\htdocs\RekapData\vendor\codeigniter4\framework\system\CodeIgniter.php(431): CodeIgniter\CodeIgniter->runController(Object(App\Controllers\Home))
#15 C:\xampp\htdocs\RekapData\vendor\codeigniter4\framework\system\CodeIgniter.php(332): CodeIgniter\CodeIgniter->handleRequest(NULL, Object(Config\Cache), false)
#16 C:\xampp\htdocs\RekapData\public\index.php(44): CodeIgniter\CodeIgniter->run()
#17 {main}
CRITICAL - 2022-03-10 06:18:30 --> Undefined variable: sd_select
#0 C:\xampp\htdocs\RekapData\app\Views\home\beranda.php(13): CodeIgniter\Debug\Exceptions->errorHandler(8, 'Undefined varia...', 'C:\\xampp\\htdocs...', 13, Array)
#1 C:\xampp\htdocs\RekapData\vendor\codeigniter4\framework\system\View\View.php(220): include('C:\\xampp\\htdocs...')
#2 C:\xampp\htdocs\RekapData\vendor\codeigniter4\framework\system\View\View.php(222): CodeIgniter\View\View->CodeIgniter\View\{closure}()
#3 C:\xampp\htdocs\RekapData\vendor\codeigniter4\framework\system\Common.php(1217): CodeIgniter\View\View->render('home/beranda.ph...', Array, true)
#4 C:\xampp\htdocs\RekapData\app\Views\layout\v_content.php(3): view('home/beranda.ph...')
#5 C:\xampp\htdocs\RekapData\vendor\codeigniter4\framework\system\View\View.php(220): include('C:\\xampp\\htdocs...')
#6 C:\xampp\htdocs\RekapData\vendor\codeigniter4\framework\system\View\View.php(222): CodeIgniter\View\View->CodeIgniter\View\{closure}()
#7 C:\xampp\htdocs\RekapData\vendor\codeigniter4\framework\system\Common.php(1217): CodeIgniter\View\View->render('layout/v_conten...', Array, true)
#8 C:\xampp\htdocs\RekapData\app\Views\layout\v_wrapper.php(7): view('layout/v_conten...')
#9 C:\xampp\htdocs\RekapData\vendor\codeigniter4\framework\system\View\View.php(220): include('C:\\xampp\\htdocs...')
#10 C:\xampp\htdocs\RekapData\vendor\codeigniter4\framework\system\View\View.php(222): CodeIgniter\View\View->CodeIgniter\View\{closure}()
#11 C:\xampp\htdocs\RekapData\vendor\codeigniter4\framework\system\Common.php(1217): CodeIgniter\View\View->render('layout/v_wrappe...', Array, true)
#12 C:\xampp\htdocs\RekapData\app\Controllers\Home.php(38): view('layout/v_wrappe...', Array)
#13 C:\xampp\htdocs\RekapData\vendor\codeigniter4\framework\system\CodeIgniter.php(935): App\Controllers\Home->index()
#14 C:\xampp\htdocs\RekapData\vendor\codeigniter4\framework\system\CodeIgniter.php(431): CodeIgniter\CodeIgniter->runController(Object(App\Controllers\Home))
#15 C:\xampp\htdocs\RekapData\vendor\codeigniter4\framework\system\CodeIgniter.php(332): CodeIgniter\CodeIgniter->handleRequest(NULL, Object(Config\Cache), false)
#16 C:\xampp\htdocs\RekapData\public\index.php(44): CodeIgniter\CodeIgniter->run()
#17 {main}
CRITICAL - 2022-03-10 06:18:39 --> Undefined variable: sd_select
#0 C:\xampp\htdocs\RekapData\app\Views\home\beranda.php(13): CodeIgniter\Debug\Exceptions->errorHandler(8, 'Undefined varia...', 'C:\\xampp\\htdocs...', 13, Array)
#1 C:\xampp\htdocs\RekapData\vendor\codeigniter4\framework\system\View\View.php(220): include('C:\\xampp\\htdocs...')
#2 C:\xampp\htdocs\RekapData\vendor\codeigniter4\framework\system\View\View.php(222): CodeIgniter\View\View->CodeIgniter\View\{closure}()
#3 C:\xampp\htdocs\RekapData\vendor\codeigniter4\framework\system\Common.php(1217): CodeIgniter\View\View->render('home/beranda.ph...', Array, true)
#4 C:\xampp\htdocs\RekapData\app\Views\layout\v_content.php(3): view('home/beranda.ph...')
#5 C:\xampp\htdocs\RekapData\vendor\codeigniter4\framework\system\View\View.php(220): include('C:\\xampp\\htdocs...')
#6 C:\xampp\htdocs\RekapData\vendor\codeigniter4\framework\system\View\View.php(222): CodeIgniter\View\View->CodeIgniter\View\{closure}()
#7 C:\xampp\htdocs\RekapData\vendor\codeigniter4\framework\system\Common.php(1217): CodeIgniter\View\View->render('layout/v_conten...', Array, true)
#8 C:\xampp\htdocs\RekapData\app\Views\layout\v_wrapper.php(7): view('layout/v_conten...')
#9 C:\xampp\htdocs\RekapData\vendor\codeigniter4\framework\system\View\View.php(220): include('C:\\xampp\\htdocs...')
#10 C:\xampp\htdocs\RekapData\vendor\codeigniter4\framework\system\View\View.php(222): CodeIgniter\View\View->CodeIgniter\View\{closure}()
#11 C:\xampp\htdocs\RekapData\vendor\codeigniter4\framework\system\Common.php(1217): CodeIgniter\View\View->render('layout/v_wrappe...', Array, true)
#12 C:\xampp\htdocs\RekapData\app\Controllers\Home.php(38): view('layout/v_wrappe...', Array)
#13 C:\xampp\htdocs\RekapData\vendor\codeigniter4\framework\system\CodeIgniter.php(935): App\Controllers\Home->index()
#14 C:\xampp\htdocs\RekapData\vendor\codeigniter4\framework\system\CodeIgniter.php(431): CodeIgniter\CodeIgniter->runController(Object(App\Controllers\Home))
#15 C:\xampp\htdocs\RekapData\vendor\codeigniter4\framework\system\CodeIgniter.php(332): CodeIgniter\CodeIgniter->handleRequest(NULL, Object(Config\Cache), false)
#16 C:\xampp\htdocs\RekapData\public\index.php(44): CodeIgniter\CodeIgniter->run()
#17 {main}
CRITICAL - 2022-03-10 06:18:57 --> Undefined variable: sd_select
#0 C:\xampp\htdocs\RekapData\app\Views\home\beranda.php(13): CodeIgniter\Debug\Exceptions->errorHandler(8, 'Undefined varia...', 'C:\\xampp\\htdocs...', 13, Array)
#1 C:\xampp\htdocs\RekapData\vendor\codeigniter4\framework\system\View\View.php(220): include('C:\\xampp\\htdocs...')
#2 C:\xampp\htdocs\RekapData\vendor\codeigniter4\framework\system\View\View.php(222): CodeIgniter\View\View->CodeIgniter\View\{closure}()
#3 C:\xampp\htdocs\RekapData\vendor\codeigniter4\framework\system\Common.php(1217): CodeIgniter\View\View->render('home/beranda.ph...', Array, true)
#4 C:\xampp\htdocs\RekapData\app\Views\layout\v_content.php(3): view('home/beranda.ph...')
#5 C:\xampp\htdocs\RekapData\vendor\codeigniter4\framework\system\View\View.php(220): include('C:\\xampp\\htdocs...')
#6 C:\xampp\htdocs\RekapData\vendor\codeigniter4\framework\system\View\View.php(222): CodeIgniter\View\View->CodeIgniter\View\{closure}()
#7 C:\xampp\htdocs\RekapData\vendor\codeigniter4\framework\system\Common.php(1217): CodeIgniter\View\View->render('layout/v_conten...', Array, true)
#8 C:\xampp\htdocs\RekapData\app\Views\layout\v_wrapper.php(7): view('layout/v_conten...')
#9 C:\xampp\htdocs\RekapData\vendor\codeigniter4\framework\system\View\View.php(220): include('C:\\xampp\\htdocs...')
#10 C:\xampp\htdocs\RekapData\vendor\codeigniter4\framework\system\View\View.php(222): CodeIgniter\View\View->CodeIgniter\View\{closure}()
#11 C:\xampp\htdocs\RekapData\vendor\codeigniter4\framework\system\Common.php(1217): CodeIgniter\View\View->render('layout/v_wrappe...', Array, true)
#12 C:\xampp\htdocs\RekapData\app\Controllers\Home.php(38): view('layout/v_wrappe...', Array)
#13 C:\xampp\htdocs\RekapData\vendor\codeigniter4\framework\system\CodeIgniter.php(935): App\Controllers\Home->index()
#14 C:\xampp\htdocs\RekapData\vendor\codeigniter4\framework\system\CodeIgniter.php(431): CodeIgniter\CodeIgniter->runController(Object(App\Controllers\Home))
#15 C:\xampp\htdocs\RekapData\vendor\codeigniter4\framework\system\CodeIgniter.php(332): CodeIgniter\CodeIgniter->handleRequest(NULL, Object(Config\Cache), false)
#16 C:\xampp\htdocs\RekapData\public\index.php(44): CodeIgniter\CodeIgniter->run()
#17 {main}
CRITICAL - 2022-03-10 06:19:03 --> Undefined variable: sd_select
#0 C:\xampp\htdocs\RekapData\app\Views\home\beranda.php(13): CodeIgniter\Debug\Exceptions->errorHandler(8, 'Undefined varia...', 'C:\\xampp\\htdocs...', 13, Array)
#1 C:\xampp\htdocs\RekapData\vendor\codeigniter4\framework\system\View\View.php(220): include('C:\\xampp\\htdocs...')
#2 C:\xampp\htdocs\RekapData\vendor\codeigniter4\framework\system\View\View.php(222): CodeIgniter\View\View->CodeIgniter\View\{closure}()
#3 C:\xampp\htdocs\RekapData\vendor\codeigniter4\framework\system\Common.php(1217): CodeIgniter\View\View->render('home/beranda.ph...', Array, true)
#4 C:\xampp\htdocs\RekapData\app\Views\layout\v_content.php(3): view('home/beranda.ph...')
#5 C:\xampp\htdocs\RekapData\vendor\codeigniter4\framework\system\View\View.php(220): include('C:\\xampp\\htdocs...')
#6 C:\xampp\htdocs\RekapData\vendor\codeigniter4\framework\system\View\View.php(222): CodeIgniter\View\View->CodeIgniter\View\{closure}()
#7 C:\xampp\htdocs\RekapData\vendor\codeigniter4\framework\system\Common.php(1217): CodeIgniter\View\View->render('layout/v_conten...', Array, true)
#8 C:\xampp\htdocs\RekapData\app\Views\layout\v_wrapper.php(7): view('layout/v_conten...')
#9 C:\xampp\htdocs\RekapData\vendor\codeigniter4\framework\system\View\View.php(220): include('C:\\xampp\\htdocs...')
#10 C:\xampp\htdocs\RekapData\vendor\codeigniter4\framework\system\View\View.php(222): CodeIgniter\View\View->CodeIgniter\View\{closure}()
#11 C:\xampp\htdocs\RekapData\vendor\codeigniter4\framework\system\Common.php(1217): CodeIgniter\View\View->render('layout/v_wrappe...', Array, true)
#12 C:\xampp\htdocs\RekapData\app\Controllers\Home.php(38): view('layout/v_wrappe...', Array)
#13 C:\xampp\htdocs\RekapData\vendor\codeigniter4\framework\system\CodeIgniter.php(935): App\Controllers\Home->index()
#14 C:\xampp\htdocs\RekapData\vendor\codeigniter4\framework\system\CodeIgniter.php(431): CodeIgniter\CodeIgniter->runController(Object(App\Controllers\Home))
#15 C:\xampp\htdocs\RekapData\vendor\codeigniter4\framework\system\CodeIgniter.php(332): CodeIgniter\CodeIgniter->handleRequest(NULL, Object(Config\Cache), false)
#16 C:\xampp\htdocs\RekapData\public\index.php(44): CodeIgniter\CodeIgniter->run()
#17 {main}
CRITICAL - 2022-03-10 06:19:04 --> Undefined variable: sd_select
#0 C:\xampp\htdocs\RekapData\app\Views\home\beranda.php(13): CodeIgniter\Debug\Exceptions->errorHandler(8, 'Undefined varia...', 'C:\\xampp\\htdocs...', 13, Array)
#1 C:\xampp\htdocs\RekapData\vendor\codeigniter4\framework\system\View\View.php(220): include('C:\\xampp\\htdocs...')
#2 C:\xampp\htdocs\RekapData\vendor\codeigniter4\framework\system\View\View.php(222): CodeIgniter\View\View->CodeIgniter\View\{closure}()
#3 C:\xampp\htdocs\RekapData\vendor\codeigniter4\framework\system\Common.php(1217): CodeIgniter\View\View->render('home/beranda.ph...', Array, true)
#4 C:\xampp\htdocs\RekapData\app\Views\layout\v_content.php(3): view('home/beranda.ph...')
#5 C:\xampp\htdocs\RekapData\vendor\codeigniter4\framework\system\View\View.php(220): include('C:\\xampp\\htdocs...')
#6 C:\xampp\htdocs\RekapData\vendor\codeigniter4\framework\system\View\View.php(222): CodeIgniter\View\View->CodeIgniter\View\{closure}()
#7 C:\xampp\htdocs\RekapData\vendor\codeigniter4\framework\system\Common.php(1217): CodeIgniter\View\View->render('layout/v_conten...', Array, true)
#8 C:\xampp\htdocs\RekapData\app\Views\layout\v_wrapper.php(7): view('layout/v_conten...')
#9 C:\xampp\htdocs\RekapData\vendor\codeigniter4\framework\system\View\View.php(220): include('C:\\xampp\\htdocs...')
#10 C:\xampp\htdocs\RekapData\vendor\codeigniter4\framework\system\View\View.php(222): CodeIgniter\View\View->CodeIgniter\View\{closure}()
#11 C:\xampp\htdocs\RekapData\vendor\codeigniter4\framework\system\Common.php(1217): CodeIgniter\View\View->render('layout/v_wrappe...', Array, true)
#12 C:\xampp\htdocs\RekapData\app\Controllers\Home.php(38): view('layout/v_wrappe...', Array)
#13 C:\xampp\htdocs\RekapData\vendor\codeigniter4\framework\system\CodeIgniter.php(935): App\Controllers\Home->index()
#14 C:\xampp\htdocs\RekapData\vendor\codeigniter4\framework\system\CodeIgniter.php(431): CodeIgniter\CodeIgniter->runController(Object(App\Controllers\Home))
#15 C:\xampp\htdocs\RekapData\vendor\codeigniter4\framework\system\CodeIgniter.php(332): CodeIgniter\CodeIgniter->handleRequest(NULL, Object(Config\Cache), false)
#16 C:\xampp\htdocs\RekapData\public\index.php(44): CodeIgniter\CodeIgniter->run()
#17 {main}
CRITICAL - 2022-03-10 06:30:56 --> Undefined variable: waktu
#0 C:\xampp\htdocs\RekapData\app\Views\home\rekapan_nomor.php(2): CodeIgniter\Debug\Exceptions->errorHandler(8, 'Undefined varia...', 'C:\\xampp\\htdocs...', 2, Array)
#1 C:\xampp\htdocs\RekapData\vendor\codeigniter4\framework\system\View\View.php(220): include('C:\\xampp\\htdocs...')
#2 C:\xampp\htdocs\RekapData\vendor\codeigniter4\framework\system\View\View.php(222): CodeIgniter\View\View->CodeIgniter\View\{closure}()
#3 C:\xampp\htdocs\RekapData\vendor\codeigniter4\framework\system\Common.php(1217): CodeIgniter\View\View->render('home/rekapan_no...', Array, true)
#4 C:\xampp\htdocs\RekapData\app\Views\layout\v_content.php(3): view('home/rekapan_no...')
#5 C:\xampp\htdocs\RekapData\vendor\codeigniter4\framework\system\View\View.php(220): include('C:\\xampp\\htdocs...')
#6 C:\xampp\htdocs\RekapData\vendor\codeigniter4\framework\system\View\View.php(222): CodeIgniter\View\View->CodeIgniter\View\{closure}()
#7 C:\xampp\htdocs\RekapData\vendor\codeigniter4\framework\system\Common.php(1217): CodeIgniter\View\View->render('layout/v_conten...', Array, true)
#8 C:\xampp\htdocs\RekapData\app\Views\layout\v_wrapper.php(7): view('layout/v_conten...')
#9 C:\xampp\htdocs\RekapData\vendor\codeigniter4\framework\system\View\View.php(220): include('C:\\xampp\\htdocs...')
#10 C:\xampp\htdocs\RekapData\vendor\codeigniter4\framework\system\View\View.php(222): CodeIgniter\View\View->CodeIgniter\View\{closure}()
#11 C:\xampp\htdocs\RekapData\vendor\codeigniter4\framework\system\Common.php(1217): CodeIgniter\View\View->render('layout/v_wrappe...', Array, true)
#12 C:\xampp\htdocs\RekapData\app\Controllers\Rekapan.php(58): view('layout/v_wrappe...', Array)
#13 C:\xampp\htdocs\RekapData\vendor\codeigniter4\framework\system\CodeIgniter.php(935): App\Controllers\Rekapan->index()
#14 C:\xampp\htdocs\RekapData\vendor\codeigniter4\framework\system\CodeIgniter.php(431): CodeIgniter\CodeIgniter->runController(Object(App\Controllers\Rekapan))
#15 C:\xampp\htdocs\RekapData\vendor\codeigniter4\framework\system\CodeIgniter.php(332): CodeIgniter\CodeIgniter->handleRequest(NULL, Object(Config\Cache), false)
#16 C:\xampp\htdocs\RekapData\public\index.php(44): CodeIgniter\CodeIgniter->run()
#17 {main}
CRITICAL - 2022-03-10 06:31:28 --> Undefined variable: waktu
#0 C:\xampp\htdocs\RekapData\app\Views\home\rekapan_nomor.php(2): CodeIgniter\Debug\Exceptions->errorHandler(8, 'Undefined varia...', 'C:\\xampp\\htdocs...', 2, Array)
#1 C:\xampp\htdocs\RekapData\vendor\codeigniter4\framework\system\View\View.php(220): include('C:\\xampp\\htdocs...')
#2 C:\xampp\htdocs\RekapData\vendor\codeigniter4\framework\system\View\View.php(222): CodeIgniter\View\View->CodeIgniter\View\{closure}()
#3 C:\xampp\htdocs\RekapData\vendor\codeigniter4\framework\system\Common.php(1217): CodeIgniter\View\View->render('home/rekapan_no...', Array, true)
#4 C:\xampp\htdocs\RekapData\app\Views\layout\v_content.php(3): view('home/rekapan_no...')
#5 C:\xampp\htdocs\RekapData\vendor\codeigniter4\framework\system\View\View.php(220): include('C:\\xampp\\htdocs...')
#6 C:\xampp\htdocs\RekapData\vendor\codeigniter4\framework\system\View\View.php(222): CodeIgniter\View\View->CodeIgniter\View\{closure}()
#7 C:\xampp\htdocs\RekapData\vendor\codeigniter4\framework\system\Common.php(1217): CodeIgniter\View\View->render('layout/v_conten...', Array, true)
#8 C:\xampp\htdocs\RekapData\app\Views\layout\v_wrapper.php(7): view('layout/v_conten...')
#9 C:\xampp\htdocs\RekapData\vendor\codeigniter4\framework\system\View\View.php(220): include('C:\\xampp\\htdocs...')
#10 C:\xampp\htdocs\RekapData\vendor\codeigniter4\framework\system\View\View.php(222): CodeIgniter\View\View->CodeIgniter\View\{closure}()
#11 C:\xampp\htdocs\RekapData\vendor\codeigniter4\framework\system\Common.php(1217): CodeIgniter\View\View->render('layout/v_wrappe...', Array, true)
#12 C:\xampp\htdocs\RekapData\app\Controllers\Rekapan.php(58): view('layout/v_wrappe...', Array)
#13 C:\xampp\htdocs\RekapData\vendor\codeigniter4\framework\system\CodeIgniter.php(935): App\Controllers\Rekapan->index()
#14 C:\xampp\htdocs\RekapData\vendor\codeigniter4\framework\system\CodeIgniter.php(431): CodeIgniter\CodeIgniter->runController(Object(App\Controllers\Rekapan))
#15 C:\xampp\htdocs\RekapData\vendor\codeigniter4\framework\system\CodeIgniter.php(332): CodeIgniter\CodeIgniter->handleRequest(NULL, Object(Config\Cache), false)
#16 C:\xampp\htdocs\RekapData\public\index.php(44): CodeIgniter\CodeIgniter->run()
#17 {main}
CRITICAL - 2022-03-10 06:31:57 --> Undefined variable: waktu
#0 C:\xampp\htdocs\RekapData\app\Views\home\rekapan_nomor.php(7): CodeIgniter\Debug\Exceptions->errorHandler(8, 'Undefined varia...', 'C:\\xampp\\htdocs...', 7, Array)
#1 C:\xampp\htdocs\RekapData\vendor\codeigniter4\framework\system\View\View.php(220): include('C:\\xampp\\htdocs...')
#2 C:\xampp\htdocs\RekapData\vendor\codeigniter4\framework\system\View\View.php(222): CodeIgniter\View\View->CodeIgniter\View\{closure}()
#3 C:\xampp\htdocs\RekapData\vendor\codeigniter4\framework\system\Common.php(1217): CodeIgniter\View\View->render('home/rekapan_no...', Array, true)
#4 C:\xampp\htdocs\RekapData\app\Views\layout\v_content.php(3): view('home/rekapan_no...')
#5 C:\xampp\htdocs\RekapData\vendor\codeigniter4\framework\system\View\View.php(220): include('C:\\xampp\\htdocs...')
#6 C:\xampp\htdocs\RekapData\vendor\codeigniter4\framework\system\View\View.php(222): CodeIgniter\View\View->CodeIgniter\View\{closure}()
#7 C:\xampp\htdocs\RekapData\vendor\codeigniter4\framework\system\Common.php(1217): CodeIgniter\View\View->render('layout/v_conten...', Array, true)
#8 C:\xampp\htdocs\RekapData\app\Views\layout\v_wrapper.php(7): view('layout/v_conten...')
#9 C:\xampp\htdocs\RekapData\vendor\codeigniter4\framework\system\View\View.php(220): include('C:\\xampp\\htdocs...')
#10 C:\xampp\htdocs\RekapData\vendor\codeigniter4\framework\system\View\View.php(222): CodeIgniter\View\View->CodeIgniter\View\{closure}()
#11 C:\xampp\htdocs\RekapData\vendor\codeigniter4\framework\system\Common.php(1217): CodeIgniter\View\View->render('layout/v_wrappe...', Array, true)
#12 C:\xampp\htdocs\RekapData\app\Controllers\Rekapan.php(58): view('layout/v_wrappe...', Array)
#13 C:\xampp\htdocs\RekapData\vendor\codeigniter4\framework\system\CodeIgniter.php(935): App\Controllers\Rekapan->index()
#14 C:\xampp\htdocs\RekapData\vendor\codeigniter4\framework\system\CodeIgniter.php(431): CodeIgniter\CodeIgniter->runController(Object(App\Controllers\Rekapan))
#15 C:\xampp\htdocs\RekapData\vendor\codeigniter4\framework\system\CodeIgniter.php(332): CodeIgniter\CodeIgniter->handleRequest(NULL, Object(Config\Cache), false)
#16 C:\xampp\htdocs\RekapData\public\index.php(44): CodeIgniter\CodeIgniter->run()
#17 {main}
