CRITICAL - 2022-05-22 23:37:54 --> Call to undefined method App\Controllers\Keuangan::tanggal_indo()
#0 C:\xampp\htdocs\RekapData\vendor\codeigniter4\framework\system\CodeIgniter.php(935): App\Controllers\Keuangan->index()
#1 C:\xampp\htdocs\RekapData\vendor\codeigniter4\framework\system\CodeIgniter.php(431): CodeIgniter\CodeIgniter->runController(Object(App\Controllers\Keuangan))
#2 C:\xampp\htdocs\RekapData\vendor\codeigniter4\framework\system\CodeIgniter.php(332): CodeIgniter\CodeIgniter->handleRequest(NULL, Object(Config\Cache), false)
#3 C:\xampp\htdocs\RekapData\public\index.php(44): CodeIgniter\CodeIgniter->run()
#4 {main}
CRITICAL - 2022-05-22 23:38:17 --> Undefined offset: 2
#0 C:\xampp\htdocs\RekapData\app\Controllers\Keuangan.php(300): CodeIgniter\Debug\Exceptions->errorHandler(8, 'Undefined offse...', 'C:\\xampp\\htdocs...', 300, Array)
#1 C:\xampp\htdocs\RekapData\app\Controllers\Keuangan.php(105): App\Controllers\Keuangan->tanggal_indo(NULL, true)
#2 C:\xampp\htdocs\RekapData\vendor\codeigniter4\framework\system\CodeIgniter.php(935): App\Controllers\Keuangan->index()
#3 C:\xampp\htdocs\RekapData\vendor\codeigniter4\framework\system\CodeIgniter.php(431): CodeIgniter\CodeIgniter->runController(Object(App\Controllers\Keuangan))
#4 C:\xampp\htdocs\RekapData\vendor\codeigniter4\framework\system\CodeIgniter.php(332): CodeIgniter\CodeIgniter->handleRequest(NULL, Object(Config\Cache), false)
#5 C:\xampp\htdocs\RekapData\public\index.php(44): CodeIgniter\CodeIgniter->run()
#6 {main}
CRITICAL - 2022-05-22 23:38:55 --> Undefined offset: 2
#0 C:\xampp\htdocs\RekapData\app\Controllers\Keuangan.php(300): CodeIgniter\Debug\Exceptions->errorHandler(8, 'Undefined offse...', 'C:\\xampp\\htdocs...', 300, Array)
#1 C:\xampp\htdocs\RekapData\app\Controllers\Keuangan.php(105): App\Controllers\Keuangan->tanggal_indo(NULL, true)
#2 C:\xampp\htdocs\RekapData\vendor\codeigniter4\framework\system\CodeIgniter.php(935): App\Controllers\Keuangan->index()
#3 C:\xampp\htdocs\RekapData\vendor\codeigniter4\framework\system\CodeIgniter.php(431): CodeIgniter\CodeIgniter->runController(Object(App\Controllers\Keuangan))
#4 C:\xampp\htdocs\RekapData\vendor\codeigniter4\framework\system\CodeIgniter.php(332): CodeIgniter\CodeIgniter->handleRequest(NULL, Object(Config\Cache), false)
#5 C:\xampp\htdocs\RekapData\public\index.php(44): CodeIgniter\CodeIgniter->run()
#6 {main}
CRITICAL - 2022-05-22 23:38:57 --> Undefined offset: 2
#0 C:\xampp\htdocs\RekapData\app\Controllers\Keuangan.php(300): CodeIgniter\Debug\Exceptions->errorHandler(8, 'Undefined offse...', 'C:\\xampp\\htdocs...', 300, Array)
#1 C:\xampp\htdocs\RekapData\app\Controllers\Keuangan.php(105): App\Controllers\Keuangan->tanggal_indo(NULL, true)
#2 C:\xampp\htdocs\RekapData\vendor\codeigniter4\framework\system\CodeIgniter.php(935): App\Controllers\Keuangan->index()
#3 C:\xampp\htdocs\RekapData\vendor\codeigniter4\framework\system\CodeIgniter.php(431): CodeIgniter\CodeIgniter->runController(Object(App\Controllers\Keuangan))
#4 C:\xampp\htdocs\RekapData\vendor\codeigniter4\framework\system\CodeIgniter.php(332): CodeIgniter\CodeIgniter->handleRequest(NULL, Object(Config\Cache), false)
#5 C:\xampp\htdocs\RekapData\public\index.php(44): CodeIgniter\CodeIgniter->run()
#6 {main}
CRITICAL - 2022-05-22 23:40:05 --> Call to undefined method App\Controllers\Keuangan::tanggal_indo()
#0 C:\xampp\htdocs\RekapData\vendor\codeigniter4\framework\system\CodeIgniter.php(935): App\Controllers\Keuangan->index()
#1 C:\xampp\htdocs\RekapData\vendor\codeigniter4\framework\system\CodeIgniter.php(431): CodeIgniter\CodeIgniter->runController(Object(App\Controllers\Keuangan))
#2 C:\xampp\htdocs\RekapData\vendor\codeigniter4\framework\system\CodeIgniter.php(332): CodeIgniter\CodeIgniter->handleRequest(NULL, Object(Config\Cache), false)
#3 C:\xampp\htdocs\RekapData\public\index.php(44): CodeIgniter\CodeIgniter->run()
#4 {main}
CRITICAL - 2022-05-22 23:42:16 --> syntax error, unexpected ';', expecting ']'
#0 C:\xampp\htdocs\RekapData\vendor\codeigniter4\framework\system\Router\Router.php(170): CodeIgniter\Router\Router->autoRoute('Keuangan')
#1 C:\xampp\htdocs\RekapData\vendor\codeigniter4\framework\system\CodeIgniter.php(815): CodeIgniter\Router\Router->handle('Keuangan')
#2 C:\xampp\htdocs\RekapData\vendor\codeigniter4\framework\system\CodeIgniter.php(384): CodeIgniter\CodeIgniter->tryToRouteIt(Object(CodeIgniter\Router\RouteCollection))
#3 C:\xampp\htdocs\RekapData\vendor\codeigniter4\framework\system\CodeIgniter.php(332): CodeIgniter\CodeIgniter->handleRequest(NULL, Object(Config\Cache), false)
#4 C:\xampp\htdocs\RekapData\public\index.php(44): CodeIgniter\CodeIgniter->run()
#5 {main}
CRITICAL - 2022-05-22 23:42:29 --> Argument 2 passed to CodeIgniter\I18n\Time::createFromDate() must be of the type int or null, string given, called in C:\xampp\htdocs\RekapData\app\Controllers\Keuangan.php on line 105
#0 C:\xampp\htdocs\RekapData\app\Controllers\Keuangan.php(105): CodeIgniter\I18n\Time::createFromDate(NULL, 'Asia/Makassar', 'en_US')
#1 C:\xampp\htdocs\RekapData\vendor\codeigniter4\framework\system\CodeIgniter.php(935): App\Controllers\Keuangan->index()
#2 C:\xampp\htdocs\RekapData\vendor\codeigniter4\framework\system\CodeIgniter.php(431): CodeIgniter\CodeIgniter->runController(Object(App\Controllers\Keuangan))
#3 C:\xampp\htdocs\RekapData\vendor\codeigniter4\framework\system\CodeIgniter.php(332): CodeIgniter\CodeIgniter->handleRequest(NULL, Object(Config\Cache), false)
#4 C:\xampp\htdocs\RekapData\public\index.php(44): CodeIgniter\CodeIgniter->run()
#5 {main}
CRITICAL - 2022-05-22 23:44:06 --> "j-M-Y" is not a valid datetime format
#0 C:\xampp\htdocs\RekapData\vendor\codeigniter4\framework\system\I18n\Time.php(282): CodeIgniter\I18n\Exceptions\I18nException::forInvalidFormat('j-M-Y')
#1 C:\xampp\htdocs\RekapData\app\Controllers\Keuangan.php(105): CodeIgniter\I18n\Time::createFromFormat('j-M-Y', NULL, 'Asia/Makassar')
#2 C:\xampp\htdocs\RekapData\vendor\codeigniter4\framework\system\CodeIgniter.php(935): App\Controllers\Keuangan->index()
#3 C:\xampp\htdocs\RekapData\vendor\codeigniter4\framework\system\CodeIgniter.php(431): CodeIgniter\CodeIgniter->runController(Object(App\Controllers\Keuangan))
#4 C:\xampp\htdocs\RekapData\vendor\codeigniter4\framework\system\CodeIgniter.php(332): CodeIgniter\CodeIgniter->handleRequest(NULL, Object(Config\Cache), false)
#5 C:\xampp\htdocs\RekapData\public\index.php(44): CodeIgniter\CodeIgniter->run()
#6 {main}
CRITICAL - 2022-05-22 23:44:22 --> "d-M-Y" is not a valid datetime format
#0 C:\xampp\htdocs\RekapData\vendor\codeigniter4\framework\system\I18n\Time.php(282): CodeIgniter\I18n\Exceptions\I18nException::forInvalidFormat('d-M-Y')
#1 C:\xampp\htdocs\RekapData\app\Controllers\Keuangan.php(105): CodeIgniter\I18n\Time::createFromFormat('d-M-Y', NULL, 'Asia/Makassar')
#2 C:\xampp\htdocs\RekapData\vendor\codeigniter4\framework\system\CodeIgniter.php(935): App\Controllers\Keuangan->index()
#3 C:\xampp\htdocs\RekapData\vendor\codeigniter4\framework\system\CodeIgniter.php(431): CodeIgniter\CodeIgniter->runController(Object(App\Controllers\Keuangan))
#4 C:\xampp\htdocs\RekapData\vendor\codeigniter4\framework\system\CodeIgniter.php(332): CodeIgniter\CodeIgniter->handleRequest(NULL, Object(Config\Cache), false)
#5 C:\xampp\htdocs\RekapData\public\index.php(44): CodeIgniter\CodeIgniter->run()
#6 {main}
CRITICAL - 2022-05-22 23:44:34 --> "dd-MM-yyy" is not a valid datetime format
#0 C:\xampp\htdocs\RekapData\vendor\codeigniter4\framework\system\I18n\Time.php(282): CodeIgniter\I18n\Exceptions\I18nException::forInvalidFormat('dd-MM-yyy')
#1 C:\xampp\htdocs\RekapData\app\Controllers\Keuangan.php(105): CodeIgniter\I18n\Time::createFromFormat('dd-MM-yyy', NULL, 'Asia/Makassar')
#2 C:\xampp\htdocs\RekapData\vendor\codeigniter4\framework\system\CodeIgniter.php(935): App\Controllers\Keuangan->index()
#3 C:\xampp\htdocs\RekapData\vendor\codeigniter4\framework\system\CodeIgniter.php(431): CodeIgniter\CodeIgniter->runController(Object(App\Controllers\Keuangan))
#4 C:\xampp\htdocs\RekapData\vendor\codeigniter4\framework\system\CodeIgniter.php(332): CodeIgniter\CodeIgniter->handleRequest(NULL, Object(Config\Cache), false)
#5 C:\xampp\htdocs\RekapData\public\index.php(44): CodeIgniter\CodeIgniter->run()
#6 {main}
CRITICAL - 2022-05-22 23:44:44 --> "yyyy-MM-dd" is not a valid datetime format
#0 C:\xampp\htdocs\RekapData\vendor\codeigniter4\framework\system\I18n\Time.php(282): CodeIgniter\I18n\Exceptions\I18nException::forInvalidFormat('yyyy-MM-dd')
#1 C:\xampp\htdocs\RekapData\app\Controllers\Keuangan.php(105): CodeIgniter\I18n\Time::createFromFormat('yyyy-MM-dd', NULL, 'Asia/Makassar')
#2 C:\xampp\htdocs\RekapData\vendor\codeigniter4\framework\system\CodeIgniter.php(935): App\Controllers\Keuangan->index()
#3 C:\xampp\htdocs\RekapData\vendor\codeigniter4\framework\system\CodeIgniter.php(431): CodeIgniter\CodeIgniter->runController(Object(App\Controllers\Keuangan))
#4 C:\xampp\htdocs\RekapData\vendor\codeigniter4\framework\system\CodeIgniter.php(332): CodeIgniter\CodeIgniter->handleRequest(NULL, Object(Config\Cache), false)
#5 C:\xampp\htdocs\RekapData\public\index.php(44): CodeIgniter\CodeIgniter->run()
#6 {main}
CRITICAL - 2022-05-22 23:45:43 --> Call to undefined method CodeIgniter\I18n\Time::createFromInstance()
#0 C:\xampp\htdocs\RekapData\vendor\codeigniter4\framework\system\CodeIgniter.php(935): App\Controllers\Keuangan->index()
#1 C:\xampp\htdocs\RekapData\vendor\codeigniter4\framework\system\CodeIgniter.php(431): CodeIgniter\CodeIgniter->runController(Object(App\Controllers\Keuangan))
#2 C:\xampp\htdocs\RekapData\vendor\codeigniter4\framework\system\CodeIgniter.php(332): CodeIgniter\CodeIgniter->handleRequest(NULL, Object(Config\Cache), false)
#3 C:\xampp\htdocs\RekapData\public\index.php(44): CodeIgniter\CodeIgniter->run()
#4 {main}
CRITICAL - 2022-05-22 23:46:07 --> Argument 1 passed to CodeIgniter\I18n\Time::parse() must be of the type string, null given, called in C:\xampp\htdocs\RekapData\app\Controllers\Keuangan.php on line 105
#0 C:\xampp\htdocs\RekapData\app\Controllers\Keuangan.php(105): CodeIgniter\I18n\Time::parse(NULL, 'en_US')
#1 C:\xampp\htdocs\RekapData\vendor\codeigniter4\framework\system\CodeIgniter.php(935): App\Controllers\Keuangan->index()
#2 C:\xampp\htdocs\RekapData\vendor\codeigniter4\framework\system\CodeIgniter.php(431): CodeIgniter\CodeIgniter->runController(Object(App\Controllers\Keuangan))
#3 C:\xampp\htdocs\RekapData\vendor\codeigniter4\framework\system\CodeIgniter.php(332): CodeIgniter\CodeIgniter->handleRequest(NULL, Object(Config\Cache), false)
#4 C:\xampp\htdocs\RekapData\public\index.php(44): CodeIgniter\CodeIgniter->run()
#5 {main}
CRITICAL - 2022-05-22 23:50:20 --> Undefined offset: 2
#0 C:\xampp\htdocs\RekapData\app\Controllers\Keuangan.php(309): CodeIgniter\Debug\Exceptions->errorHandler(8, 'Undefined offse...', 'C:\\xampp\\htdocs...', 309, Array)
#1 C:\xampp\htdocs\RekapData\app\Controllers\Keuangan.php(32): App\Controllers\Keuangan->tanggal_indo(NULL, true)
#2 C:\xampp\htdocs\RekapData\vendor\codeigniter4\framework\system\CodeIgniter.php(935): App\Controllers\Keuangan->index()
#3 C:\xampp\htdocs\RekapData\vendor\codeigniter4\framework\system\CodeIgniter.php(431): CodeIgniter\CodeIgniter->runController(Object(App\Controllers\Keuangan))
#4 C:\xampp\htdocs\RekapData\vendor\codeigniter4\framework\system\CodeIgniter.php(332): CodeIgniter\CodeIgniter->handleRequest(NULL, Object(Config\Cache), false)
#5 C:\xampp\htdocs\RekapData\public\index.php(44): CodeIgniter\CodeIgniter->run()
#6 {main}
CRITICAL - 2022-05-22 23:54:35 --> Undefined variable: sembunyi
#0 C:\xampp\htdocs\RekapData\app\Views\home\laporan_keuangan.php(54): CodeIgniter\Debug\Exceptions->errorHandler(8, 'Undefined varia...', 'C:\\xampp\\htdocs...', 54, Array)
#1 C:\xampp\htdocs\RekapData\vendor\codeigniter4\framework\system\View\View.php(220): include('C:\\xampp\\htdocs...')
#2 C:\xampp\htdocs\RekapData\vendor\codeigniter4\framework\system\View\View.php(222): CodeIgniter\View\View->CodeIgniter\View\{closure}()
#3 C:\xampp\htdocs\RekapData\vendor\codeigniter4\framework\system\Common.php(1217): CodeIgniter\View\View->render('home/laporan_ke...', Array, true)
#4 C:\xampp\htdocs\RekapData\app\Views\layout\v_content.php(3): view('home/laporan_ke...')
#5 C:\xampp\htdocs\RekapData\vendor\codeigniter4\framework\system\View\View.php(220): include('C:\\xampp\\htdocs...')
#6 C:\xampp\htdocs\RekapData\vendor\codeigniter4\framework\system\View\View.php(222): CodeIgniter\View\View->CodeIgniter\View\{closure}()
#7 C:\xampp\htdocs\RekapData\vendor\codeigniter4\framework\system\Common.php(1217): CodeIgniter\View\View->render('layout/v_conten...', Array, true)
#8 C:\xampp\htdocs\RekapData\app\Views\layout\v_wrapper.php(7): view('layout/v_conten...')
#9 C:\xampp\htdocs\RekapData\vendor\codeigniter4\framework\system\View\View.php(220): include('C:\\xampp\\htdocs...')
#10 C:\xampp\htdocs\RekapData\vendor\codeigniter4\framework\system\View\View.php(222): CodeIgniter\View\View->CodeIgniter\View\{closure}()
#11 C:\xampp\htdocs\RekapData\vendor\codeigniter4\framework\system\Common.php(1217): CodeIgniter\View\View->render('layout/v_wrappe...', Array, true)
#12 C:\xampp\htdocs\RekapData\app\Controllers\Keuangan.php(117): view('layout/v_wrappe...', Array)
#13 C:\xampp\htdocs\RekapData\vendor\codeigniter4\framework\system\CodeIgniter.php(935): App\Controllers\Keuangan->index()
#14 C:\xampp\htdocs\RekapData\vendor\codeigniter4\framework\system\CodeIgniter.php(431): CodeIgniter\CodeIgniter->runController(Object(App\Controllers\Keuangan))
#15 C:\xampp\htdocs\RekapData\vendor\codeigniter4\framework\system\CodeIgniter.php(332): CodeIgniter\CodeIgniter->handleRequest(NULL, Object(Config\Cache), false)
#16 C:\xampp\htdocs\RekapData\public\index.php(44): CodeIgniter\CodeIgniter->run()
#17 {main}
CRITICAL - 2022-05-22 23:55:11 --> Undefined variable: sembunyi
#0 C:\xampp\htdocs\RekapData\app\Views\home\laporan_keuangan.php(54): CodeIgniter\Debug\Exceptions->errorHandler(8, 'Undefined varia...', 'C:\\xampp\\htdocs...', 54, Array)
#1 C:\xampp\htdocs\RekapData\vendor\codeigniter4\framework\system\View\View.php(220): include('C:\\xampp\\htdocs...')
#2 C:\xampp\htdocs\RekapData\vendor\codeigniter4\framework\system\View\View.php(222): CodeIgniter\View\View->CodeIgniter\View\{closure}()
#3 C:\xampp\htdocs\RekapData\vendor\codeigniter4\framework\system\Common.php(1217): CodeIgniter\View\View->render('home/laporan_ke...', Array, true)
#4 C:\xampp\htdocs\RekapData\app\Views\layout\v_content.php(3): view('home/laporan_ke...')
#5 C:\xampp\htdocs\RekapData\vendor\codeigniter4\framework\system\View\View.php(220): include('C:\\xampp\\htdocs...')
#6 C:\xampp\htdocs\RekapData\vendor\codeigniter4\framework\system\View\View.php(222): CodeIgniter\View\View->CodeIgniter\View\{closure}()
#7 C:\xampp\htdocs\RekapData\vendor\codeigniter4\framework\system\Common.php(1217): CodeIgniter\View\View->render('layout/v_conten...', Array, true)
#8 C:\xampp\htdocs\RekapData\app\Views\layout\v_wrapper.php(7): view('layout/v_conten...')
#9 C:\xampp\htdocs\RekapData\vendor\codeigniter4\framework\system\View\View.php(220): include('C:\\xampp\\htdocs...')
#10 C:\xampp\htdocs\RekapData\vendor\codeigniter4\framework\system\View\View.php(222): CodeIgniter\View\View->CodeIgniter\View\{closure}()
#11 C:\xampp\htdocs\RekapData\vendor\codeigniter4\framework\system\Common.php(1217): CodeIgniter\View\View->render('layout/v_wrappe...', Array, true)
#12 C:\xampp\htdocs\RekapData\app\Controllers\Keuangan.php(117): view('layout/v_wrappe...', Array)
#13 C:\xampp\htdocs\RekapData\vendor\codeigniter4\framework\system\CodeIgniter.php(935): App\Controllers\Keuangan->index()
#14 C:\xampp\htdocs\RekapData\vendor\codeigniter4\framework\system\CodeIgniter.php(431): CodeIgniter\CodeIgniter->runController(Object(App\Controllers\Keuangan))
#15 C:\xampp\htdocs\RekapData\vendor\codeigniter4\framework\system\CodeIgniter.php(332): CodeIgniter\CodeIgniter->handleRequest(NULL, Object(Config\Cache), false)
#16 C:\xampp\htdocs\RekapData\public\index.php(44): CodeIgniter\CodeIgniter->run()
#17 {main}
