CRITICAL - 2022-05-14 03:17:48 --> Call to undefined method CodeIgniter\Database\MySQLi\Builder::query()
#0 C:\xampp\htdocs\RekapData\vendor\codeigniter4\framework\system\Validation\Validation.php(306): App\validation\CekNomor->CekDatabase('25#10000', 'data_angka', Array, NULL)
#1 C:\xampp\htdocs\RekapData\vendor\codeigniter4\framework\system\Validation\Validation.php(164): CodeIgniter\Validation\Validation->processRules('data_angka', 'data_angka', '25#10000', Array, Array)
#2 C:\xampp\htdocs\RekapData\vendor\codeigniter4\framework\system\Controller.php(181): CodeIgniter\Validation\Validation->run()
#3 C:\xampp\htdocs\RekapData\app\Controllers\Rekapan.php(69): CodeIgniter\Controller->validate(Array)
#4 C:\xampp\htdocs\RekapData\vendor\codeigniter4\framework\system\CodeIgniter.php(935): App\Controllers\Rekapan->rekap_data()
#5 C:\xampp\htdocs\RekapData\vendor\codeigniter4\framework\system\CodeIgniter.php(431): CodeIgniter\CodeIgniter->runController(Object(App\Controllers\Rekapan))
#6 C:\xampp\htdocs\RekapData\vendor\codeigniter4\framework\system\CodeIgniter.php(332): CodeIgniter\CodeIgniter->handleRequest(NULL, Object(Config\Cache), false)
#7 C:\xampp\htdocs\RekapData\public\index.php(44): CodeIgniter\CodeIgniter->run()
#8 {main}
CRITICAL - 2022-05-14 03:18:37 --> Call to undefined method CodeIgniter\Database\MySQLi\Builder::query()
#0 C:\xampp\htdocs\RekapData\vendor\codeigniter4\framework\system\Validation\Validation.php(306): App\validation\CekNomor->CekDatabase('25#10000', 'data_angka', Array, NULL)
#1 C:\xampp\htdocs\RekapData\vendor\codeigniter4\framework\system\Validation\Validation.php(164): CodeIgniter\Validation\Validation->processRules('data_angka', 'data_angka', '25#10000', Array, Array)
#2 C:\xampp\htdocs\RekapData\vendor\codeigniter4\framework\system\Controller.php(181): CodeIgniter\Validation\Validation->run()
#3 C:\xampp\htdocs\RekapData\app\Controllers\Rekapan.php(69): CodeIgniter\Controller->validate(Array)
#4 C:\xampp\htdocs\RekapData\vendor\codeigniter4\framework\system\CodeIgniter.php(935): App\Controllers\Rekapan->rekap_data()
#5 C:\xampp\htdocs\RekapData\vendor\codeigniter4\framework\system\CodeIgniter.php(431): CodeIgniter\CodeIgniter->runController(Object(App\Controllers\Rekapan))
#6 C:\xampp\htdocs\RekapData\vendor\codeigniter4\framework\system\CodeIgniter.php(332): CodeIgniter\CodeIgniter->handleRequest(NULL, Object(Config\Cache), false)
#7 C:\xampp\htdocs\RekapData\public\index.php(44): CodeIgniter\CodeIgniter->run()
#8 {main}
CRITICAL - 2022-05-14 03:21:26 --> syntax error, unexpected 'selectMax' (T_STRING)
#0 C:\xampp\htdocs\RekapData\vendor\codeigniter4\framework\system\Autoloader\Autoloader.php(274): CodeIgniter\Autoloader\Autoloader->includeFile('C:\\xampp\\htdocs...')
#1 C:\xampp\htdocs\RekapData\vendor\codeigniter4\framework\system\Autoloader\Autoloader.php(228): CodeIgniter\Autoloader\Autoloader->loadInNamespace('App\\validation\\...')
#2 [internal function]: CodeIgniter\Autoloader\Autoloader->loadClass('App\\validation\\...')
#3 C:\xampp\htdocs\RekapData\vendor\codeigniter4\framework\system\Validation\Validation.php(580): spl_autoload_call('App\\validation\\...')
#4 C:\xampp\htdocs\RekapData\vendor\codeigniter4\framework\system\Validation\Validation.php(122): CodeIgniter\Validation\Validation->loadRuleSets()
#5 C:\xampp\htdocs\RekapData\vendor\codeigniter4\framework\system\Controller.php(181): CodeIgniter\Validation\Validation->run()
#6 C:\xampp\htdocs\RekapData\app\Controllers\Rekapan.php(69): CodeIgniter\Controller->validate(Array)
#7 C:\xampp\htdocs\RekapData\vendor\codeigniter4\framework\system\CodeIgniter.php(935): App\Controllers\Rekapan->rekap_data()
#8 C:\xampp\htdocs\RekapData\vendor\codeigniter4\framework\system\CodeIgniter.php(431): CodeIgniter\CodeIgniter->runController(Object(App\Controllers\Rekapan))
#9 C:\xampp\htdocs\RekapData\vendor\codeigniter4\framework\system\CodeIgniter.php(332): CodeIgniter\CodeIgniter->handleRequest(NULL, Object(Config\Cache), false)
#10 C:\xampp\htdocs\RekapData\public\index.php(44): CodeIgniter\CodeIgniter->run()
#11 {main}
CRITICAL - 2022-05-14 03:21:35 --> mysqli_fetch_array() expects parameter 1 to be mysqli_result, object given
#0 [internal function]: CodeIgniter\Debug\Exceptions->errorHandler(2, 'mysqli_fetch_ar...', 'C:\\xampp\\htdocs...', 14, Array)
#1 C:\xampp\htdocs\RekapData\app\validation\CekNomor.php(14): mysqli_fetch_array(Object(CodeIgniter\Database\MySQLi\Builder))
#2 C:\xampp\htdocs\RekapData\vendor\codeigniter4\framework\system\Validation\Validation.php(306): App\validation\CekNomor->CekDatabase('25#10000', 'data_angka', Array, NULL)
#3 C:\xampp\htdocs\RekapData\vendor\codeigniter4\framework\system\Validation\Validation.php(164): CodeIgniter\Validation\Validation->processRules('data_angka', 'data_angka', '25#10000', Array, Array)
#4 C:\xampp\htdocs\RekapData\vendor\codeigniter4\framework\system\Controller.php(181): CodeIgniter\Validation\Validation->run()
#5 C:\xampp\htdocs\RekapData\app\Controllers\Rekapan.php(69): CodeIgniter\Controller->validate(Array)
#6 C:\xampp\htdocs\RekapData\vendor\codeigniter4\framework\system\CodeIgniter.php(935): App\Controllers\Rekapan->rekap_data()
#7 C:\xampp\htdocs\RekapData\vendor\codeigniter4\framework\system\CodeIgniter.php(431): CodeIgniter\CodeIgniter->runController(Object(App\Controllers\Rekapan))
#8 C:\xampp\htdocs\RekapData\vendor\codeigniter4\framework\system\CodeIgniter.php(332): CodeIgniter\CodeIgniter->handleRequest(NULL, Object(Config\Cache), false)
#9 C:\xampp\htdocs\RekapData\public\index.php(44): CodeIgniter\CodeIgniter->run()
#10 {main}
ERROR - 2022-05-14 03:26:17 --> mysqli_sql_exception: Unknown column 'data_angka' in 'field list' in C:\xampp\htdocs\RekapData\vendor\codeigniter4\framework\system\Database\MySQLi\Connection.php:314
Stack trace:
#0 C:\xampp\htdocs\RekapData\vendor\codeigniter4\framework\system\Database\MySQLi\Connection.php(314): mysqli->query('SELECT COUNT(`d...')
#1 C:\xampp\htdocs\RekapData\vendor\codeigniter4\framework\system\Database\BaseConnection.php(715): CodeIgniter\Database\MySQLi\Connection->execute('SELECT COUNT(`d...')
#2 C:\xampp\htdocs\RekapData\vendor\codeigniter4\framework\system\Database\BaseConnection.php(643): CodeIgniter\Database\BaseConnection->simpleQuery('SELECT COUNT(`d...')
#3 C:\xampp\htdocs\RekapData\vendor\codeigniter4\framework\system\Database\BaseBuilder.php(1866): CodeIgniter\Database\BaseConnection->query('SELECT COUNT(`d...', Array, false)
#4 C:\xampp\htdocs\RekapData\app\validation\CekNomor.php(14): CodeIgniter\Database\BaseBuilder->get()
#5 C:\xampp\htdocs\RekapData\vendor\codeigniter4\framework\system\Validation\Validation.php(306): App\validation\CekNomor->CekDatabase('25#10000', 'data_angka', Array, NULL)
#6 C:\xampp\htdocs\RekapData\vendor\codeigniter4\framework\system\Validation\Validation.php(164): CodeIgniter\Validation\Validation->processRules('data_angka', 'data_angka', '25#10000', Array, Array)
#7 C:\xampp\htdocs\RekapData\vendor\codeigniter4\framework\system\Controller.php(181): CodeIgniter\Validation\Validation->run()
#8 C:\xampp\htdocs\RekapData\app\Controllers\Rekapan.php(69): CodeIgniter\Controller->validate(Array)
#9 C:\xampp\htdocs\RekapData\vendor\codeigniter4\framework\system\CodeIgniter.php(935): App\Controllers\Rekapan->rekap_data()
#10 C:\xampp\htdocs\RekapData\vendor\codeigniter4\framework\system\CodeIgniter.php(431): CodeIgniter\CodeIgniter->runController(Object(App\Controllers\Rekapan))
#11 C:\xampp\htdocs\RekapData\vendor\codeigniter4\framework\system\CodeIgniter.php(332): CodeIgniter\CodeIgniter->handleRequest(NULL, Object(Config\Cache), false)
#12 C:\xampp\htdocs\RekapData\public\index.php(44): CodeIgniter\CodeIgniter->run()
#13 {main}
CRITICAL - 2022-05-14 03:26:17 --> Unknown column 'data_angka' in 'field list'
#0 C:\xampp\htdocs\RekapData\vendor\codeigniter4\framework\system\Database\MySQLi\Connection.php(314): mysqli->query('SELECT COUNT(`d...')
#1 C:\xampp\htdocs\RekapData\vendor\codeigniter4\framework\system\Database\BaseConnection.php(715): CodeIgniter\Database\MySQLi\Connection->execute('SELECT COUNT(`d...')
#2 C:\xampp\htdocs\RekapData\vendor\codeigniter4\framework\system\Database\BaseConnection.php(643): CodeIgniter\Database\BaseConnection->simpleQuery('SELECT COUNT(`d...')
#3 C:\xampp\htdocs\RekapData\vendor\codeigniter4\framework\system\Database\BaseBuilder.php(1866): CodeIgniter\Database\BaseConnection->query('SELECT COUNT(`d...', Array, false)
#4 C:\xampp\htdocs\RekapData\app\validation\CekNomor.php(14): CodeIgniter\Database\BaseBuilder->get()
#5 C:\xampp\htdocs\RekapData\vendor\codeigniter4\framework\system\Validation\Validation.php(306): App\validation\CekNomor->CekDatabase('25#10000', 'data_angka', Array, NULL)
#6 C:\xampp\htdocs\RekapData\vendor\codeigniter4\framework\system\Validation\Validation.php(164): CodeIgniter\Validation\Validation->processRules('data_angka', 'data_angka', '25#10000', Array, Array)
#7 C:\xampp\htdocs\RekapData\vendor\codeigniter4\framework\system\Controller.php(181): CodeIgniter\Validation\Validation->run()
#8 C:\xampp\htdocs\RekapData\app\Controllers\Rekapan.php(69): CodeIgniter\Controller->validate(Array)
#9 C:\xampp\htdocs\RekapData\vendor\codeigniter4\framework\system\CodeIgniter.php(935): App\Controllers\Rekapan->rekap_data()
#10 C:\xampp\htdocs\RekapData\vendor\codeigniter4\framework\system\CodeIgniter.php(431): CodeIgniter\CodeIgniter->runController(Object(App\Controllers\Rekapan))
#11 C:\xampp\htdocs\RekapData\vendor\codeigniter4\framework\system\CodeIgniter.php(332): CodeIgniter\CodeIgniter->handleRequest(NULL, Object(Config\Cache), false)
#12 C:\xampp\htdocs\RekapData\public\index.php(44): CodeIgniter\CodeIgniter->run()
#13 {main}
CRITICAL - 2022-05-14 03:45:29 --> Call to undefined function App\validation\int()
#0 C:\xampp\htdocs\RekapData\vendor\codeigniter4\framework\system\Validation\Validation.php(306): App\validation\CekNomor->CekDatabase('215#10000', 'data_angka', Array, NULL)
#1 C:\xampp\htdocs\RekapData\vendor\codeigniter4\framework\system\Validation\Validation.php(164): CodeIgniter\Validation\Validation->processRules('data_angka', 'data_angka', '215#10000', Array, Array)
#2 C:\xampp\htdocs\RekapData\vendor\codeigniter4\framework\system\Controller.php(181): CodeIgniter\Validation\Validation->run()
#3 C:\xampp\htdocs\RekapData\app\Controllers\Rekapan.php(69): CodeIgniter\Controller->validate(Array)
#4 C:\xampp\htdocs\RekapData\vendor\codeigniter4\framework\system\CodeIgniter.php(935): App\Controllers\Rekapan->rekap_data()
#5 C:\xampp\htdocs\RekapData\vendor\codeigniter4\framework\system\CodeIgniter.php(431): CodeIgniter\CodeIgniter->runController(Object(App\Controllers\Rekapan))
#6 C:\xampp\htdocs\RekapData\vendor\codeigniter4\framework\system\CodeIgniter.php(332): CodeIgniter\CodeIgniter->handleRequest(NULL, Object(Config\Cache), false)
#7 C:\xampp\htdocs\RekapData\public\index.php(44): CodeIgniter\CodeIgniter->run()
#8 {main}
CRITICAL - 2022-05-14 03:46:22 --> syntax error, unexpected '(int)' (int) (T_INT_CAST)
#0 C:\xampp\htdocs\RekapData\vendor\codeigniter4\framework\system\Autoloader\Autoloader.php(274): CodeIgniter\Autoloader\Autoloader->includeFile('C:\\xampp\\htdocs...')
#1 C:\xampp\htdocs\RekapData\vendor\codeigniter4\framework\system\Autoloader\Autoloader.php(228): CodeIgniter\Autoloader\Autoloader->loadInNamespace('App\\validation\\...')
#2 [internal function]: CodeIgniter\Autoloader\Autoloader->loadClass('App\\validation\\...')
#3 C:\xampp\htdocs\RekapData\vendor\codeigniter4\framework\system\Validation\Validation.php(580): spl_autoload_call('App\\validation\\...')
#4 C:\xampp\htdocs\RekapData\vendor\codeigniter4\framework\system\Validation\Validation.php(122): CodeIgniter\Validation\Validation->loadRuleSets()
#5 C:\xampp\htdocs\RekapData\vendor\codeigniter4\framework\system\Controller.php(181): CodeIgniter\Validation\Validation->run()
#6 C:\xampp\htdocs\RekapData\app\Controllers\Rekapan.php(69): CodeIgniter\Controller->validate(Array)
#7 C:\xampp\htdocs\RekapData\vendor\codeigniter4\framework\system\CodeIgniter.php(935): App\Controllers\Rekapan->rekap_data()
#8 C:\xampp\htdocs\RekapData\vendor\codeigniter4\framework\system\CodeIgniter.php(431): CodeIgniter\CodeIgniter->runController(Object(App\Controllers\Rekapan))
#9 C:\xampp\htdocs\RekapData\vendor\codeigniter4\framework\system\CodeIgniter.php(332): CodeIgniter\CodeIgniter->handleRequest(NULL, Object(Config\Cache), false)
#10 C:\xampp\htdocs\RekapData\public\index.php(44): CodeIgniter\CodeIgniter->run()
#11 {main}
ERROR - 2022-05-14 03:52:25 --> mysqli_sql_exception: You have an error in your SQL syntax; check the manual that corresponds to your MariaDB server version for the right syntax to use near 'as `hasil`) AS `nomor_data as hasil`
FROM `data_angka`' at line 1 in C:\xampp\htdocs\RekapData\vendor\codeigniter4\framework\system\Database\MySQLi\Connection.php:314
Stack trace:
#0 C:\xampp\htdocs\RekapData\vendor\codeigniter4\framework\system\Database\MySQLi\Connection.php(314): mysqli->query('SELECT COUNT(`n...')
#1 C:\xampp\htdocs\RekapData\vendor\codeigniter4\framework\system\Database\BaseConnection.php(715): CodeIgniter\Database\MySQLi\Connection->execute('SELECT COUNT(`n...')
#2 C:\xampp\htdocs\RekapData\vendor\codeigniter4\framework\system\Database\BaseConnection.php(643): CodeIgniter\Database\BaseConnection->simpleQuery('SELECT COUNT(`n...')
#3 C:\xampp\htdocs\RekapData\vendor\codeigniter4\framework\system\Database\BaseBuilder.php(1866): CodeIgniter\Database\BaseConnection->query('SELECT COUNT(`n...', Array, false)
#4 C:\xampp\htdocs\RekapData\app\validation\CekNomor.php(13): CodeIgniter\Database\BaseBuilder->get()
#5 C:\xampp\htdocs\RekapData\vendor\codeigniter4\framework\system\Validation\Validation.php(306): App\validation\CekNomor->CekDatabase('25#10000', 'data_angka', Array, NULL)
#6 C:\xampp\htdocs\RekapData\vendor\codeigniter4\framework\system\Validation\Validation.php(164): CodeIgniter\Validation\Validation->processRules('data_angka', 'data_angka', '25#10000', Array, Array)
#7 C:\xampp\htdocs\RekapData\vendor\codeigniter4\framework\system\Controller.php(181): CodeIgniter\Validation\Validation->run()
#8 C:\xampp\htdocs\RekapData\app\Controllers\Rekapan.php(69): CodeIgniter\Controller->validate(Array)
#9 C:\xampp\htdocs\RekapData\vendor\codeigniter4\framework\system\CodeIgniter.php(935): App\Controllers\Rekapan->rekap_data()
#10 C:\xampp\htdocs\RekapData\vendor\codeigniter4\framework\system\CodeIgniter.php(431): CodeIgniter\CodeIgniter->runController(Object(App\Controllers\Rekapan))
#11 C:\xampp\htdocs\RekapData\vendor\codeigniter4\framework\system\CodeIgniter.php(332): CodeIgniter\CodeIgniter->handleRequest(NULL, Object(Config\Cache), false)
#12 C:\xampp\htdocs\RekapData\public\index.php(44): CodeIgniter\CodeIgniter->run()
#13 {main}
CRITICAL - 2022-05-14 03:52:25 --> You have an error in your SQL syntax; check the manual that corresponds to your MariaDB server version for the right syntax to use near 'as `hasil`) AS `nomor_data as hasil`
FROM `data_angka`' at line 1
#0 C:\xampp\htdocs\RekapData\vendor\codeigniter4\framework\system\Database\MySQLi\Connection.php(314): mysqli->query('SELECT COUNT(`n...')
#1 C:\xampp\htdocs\RekapData\vendor\codeigniter4\framework\system\Database\BaseConnection.php(715): CodeIgniter\Database\MySQLi\Connection->execute('SELECT COUNT(`n...')
#2 C:\xampp\htdocs\RekapData\vendor\codeigniter4\framework\system\Database\BaseConnection.php(643): CodeIgniter\Database\BaseConnection->simpleQuery('SELECT COUNT(`n...')
#3 C:\xampp\htdocs\RekapData\vendor\codeigniter4\framework\system\Database\BaseBuilder.php(1866): CodeIgniter\Database\BaseConnection->query('SELECT COUNT(`n...', Array, false)
#4 C:\xampp\htdocs\RekapData\app\validation\CekNomor.php(13): CodeIgniter\Database\BaseBuilder->get()
#5 C:\xampp\htdocs\RekapData\vendor\codeigniter4\framework\system\Validation\Validation.php(306): App\validation\CekNomor->CekDatabase('25#10000', 'data_angka', Array, NULL)
#6 C:\xampp\htdocs\RekapData\vendor\codeigniter4\framework\system\Validation\Validation.php(164): CodeIgniter\Validation\Validation->processRules('data_angka', 'data_angka', '25#10000', Array, Array)
#7 C:\xampp\htdocs\RekapData\vendor\codeigniter4\framework\system\Controller.php(181): CodeIgniter\Validation\Validation->run()
#8 C:\xampp\htdocs\RekapData\app\Controllers\Rekapan.php(69): CodeIgniter\Controller->validate(Array)
#9 C:\xampp\htdocs\RekapData\vendor\codeigniter4\framework\system\CodeIgniter.php(935): App\Controllers\Rekapan->rekap_data()
#10 C:\xampp\htdocs\RekapData\vendor\codeigniter4\framework\system\CodeIgniter.php(431): CodeIgniter\CodeIgniter->runController(Object(App\Controllers\Rekapan))
#11 C:\xampp\htdocs\RekapData\vendor\codeigniter4\framework\system\CodeIgniter.php(332): CodeIgniter\CodeIgniter->handleRequest(NULL, Object(Config\Cache), false)
#12 C:\xampp\htdocs\RekapData\public\index.php(44): CodeIgniter\CodeIgniter->run()
#13 {main}
CRITICAL - 2022-05-14 03:52:56 --> Call to undefined method CodeIgniter\Database\MySQLi\Builder::first()
#0 C:\xampp\htdocs\RekapData\vendor\codeigniter4\framework\system\Validation\Validation.php(306): App\validation\CekNomor->CekDatabase('25#10000', 'data_angka', Array, NULL)
#1 C:\xampp\htdocs\RekapData\vendor\codeigniter4\framework\system\Validation\Validation.php(164): CodeIgniter\Validation\Validation->processRules('data_angka', 'data_angka', '25#10000', Array, Array)
#2 C:\xampp\htdocs\RekapData\vendor\codeigniter4\framework\system\Controller.php(181): CodeIgniter\Validation\Validation->run()
#3 C:\xampp\htdocs\RekapData\app\Controllers\Rekapan.php(69): CodeIgniter\Controller->validate(Array)
#4 C:\xampp\htdocs\RekapData\vendor\codeigniter4\framework\system\CodeIgniter.php(935): App\Controllers\Rekapan->rekap_data()
#5 C:\xampp\htdocs\RekapData\vendor\codeigniter4\framework\system\CodeIgniter.php(431): CodeIgniter\CodeIgniter->runController(Object(App\Controllers\Rekapan))
#6 C:\xampp\htdocs\RekapData\vendor\codeigniter4\framework\system\CodeIgniter.php(332): CodeIgniter\CodeIgniter->handleRequest(NULL, Object(Config\Cache), false)
#7 C:\xampp\htdocs\RekapData\public\index.php(44): CodeIgniter\CodeIgniter->run()
#8 {main}
CRITICAL - 2022-05-14 03:53:45 --> Call to undefined method CodeIgniter\Database\MySQLi\Builder::first()
#0 C:\xampp\htdocs\RekapData\vendor\codeigniter4\framework\system\Validation\Validation.php(306): App\validation\CekNomor->CekDatabase('25#10000', 'data_angka', Array, NULL)
#1 C:\xampp\htdocs\RekapData\vendor\codeigniter4\framework\system\Validation\Validation.php(164): CodeIgniter\Validation\Validation->processRules('data_angka', 'data_angka', '25#10000', Array, Array)
#2 C:\xampp\htdocs\RekapData\vendor\codeigniter4\framework\system\Controller.php(181): CodeIgniter\Validation\Validation->run()
#3 C:\xampp\htdocs\RekapData\app\Controllers\Rekapan.php(69): CodeIgniter\Controller->validate(Array)
#4 C:\xampp\htdocs\RekapData\vendor\codeigniter4\framework\system\CodeIgniter.php(935): App\Controllers\Rekapan->rekap_data()
#5 C:\xampp\htdocs\RekapData\vendor\codeigniter4\framework\system\CodeIgniter.php(431): CodeIgniter\CodeIgniter->runController(Object(App\Controllers\Rekapan))
#6 C:\xampp\htdocs\RekapData\vendor\codeigniter4\framework\system\CodeIgniter.php(332): CodeIgniter\CodeIgniter->handleRequest(NULL, Object(Config\Cache), false)
#7 C:\xampp\htdocs\RekapData\public\index.php(44): CodeIgniter\CodeIgniter->run()
#8 {main}
CRITICAL - 2022-05-14 03:58:51 --> Undefined index: nomor_data
#0 C:\xampp\htdocs\RekapData\app\validation\CekNomor.php(16): CodeIgniter\Debug\Exceptions->errorHandler(8, 'Undefined index...', 'C:\\xampp\\htdocs...', 16, Array)
#1 C:\xampp\htdocs\RekapData\vendor\codeigniter4\framework\system\Validation\Validation.php(306): App\validation\CekNomor->CekDatabase('87*89*89*89*25#...', 'data_angka', Array, NULL)
#2 C:\xampp\htdocs\RekapData\vendor\codeigniter4\framework\system\Validation\Validation.php(164): CodeIgniter\Validation\Validation->processRules('data_angka', 'data_angka', '87*89*89*89*25#...', Array, Array)
#3 C:\xampp\htdocs\RekapData\vendor\codeigniter4\framework\system\Controller.php(181): CodeIgniter\Validation\Validation->run()
#4 C:\xampp\htdocs\RekapData\app\Controllers\Rekapan.php(69): CodeIgniter\Controller->validate(Array)
#5 C:\xampp\htdocs\RekapData\vendor\codeigniter4\framework\system\CodeIgniter.php(935): App\Controllers\Rekapan->rekap_data()
#6 C:\xampp\htdocs\RekapData\vendor\codeigniter4\framework\system\CodeIgniter.php(431): CodeIgniter\CodeIgniter->runController(Object(App\Controllers\Rekapan))
#7 C:\xampp\htdocs\RekapData\vendor\codeigniter4\framework\system\CodeIgniter.php(332): CodeIgniter\CodeIgniter->handleRequest(NULL, Object(Config\Cache), false)
#8 C:\xampp\htdocs\RekapData\public\index.php(44): CodeIgniter\CodeIgniter->run()
#9 {main}
